[2025-12-02T08:56:11.122+0000] {local_task_job_runner.py:120} INFO - ::group::Pre task execution logs
[2025-12-02T08:56:11.140+0000] {taskinstance.py:2076} INFO - Dependencies all met for dep_context=non-requeueable deps ti=<TaskInstance: crypto_cold_path_gcs_1am.run_daily_gcs_etl manual__2025-12-02T08:46:07.617138+00:00 [queued]>
[2025-12-02T08:56:11.145+0000] {taskinstance.py:2076} INFO - Dependencies all met for dep_context=requeueable deps ti=<TaskInstance: crypto_cold_path_gcs_1am.run_daily_gcs_etl manual__2025-12-02T08:46:07.617138+00:00 [queued]>
[2025-12-02T08:56:11.146+0000] {taskinstance.py:2306} INFO - Starting attempt 2 of 3
[2025-12-02T08:56:11.157+0000] {taskinstance.py:2330} INFO - Executing <Task(PythonOperator): run_daily_gcs_etl> on 2025-12-02 08:46:07.617138+00:00
[2025-12-02T08:56:11.163+0000] {warnings.py:112} WARNING - /home/***/.local/lib/python3.12/site-packages/***/task/task_runner/standard_task_runner.py:61: DeprecationWarning: This process (pid=78) is multi-threaded, use of fork() may lead to deadlocks in the child.
  pid = os.fork()

[2025-12-02T08:56:11.165+0000] {standard_task_runner.py:63} INFO - Started process 80 to run task
[2025-12-02T08:56:11.164+0000] {standard_task_runner.py:90} INFO - Running: ['***', 'tasks', 'run', 'crypto_cold_path_gcs_1am', 'run_daily_gcs_etl', 'manual__2025-12-02T08:46:07.617138+00:00', '--job-id', '113', '--raw', '--subdir', 'DAGS_FOLDER/etl_dag.py', '--cfg-path', '/tmp/tmp407h5p3y']
[2025-12-02T08:56:11.165+0000] {standard_task_runner.py:91} INFO - Job 113: Subtask run_daily_gcs_etl
[2025-12-02T08:56:11.233+0000] {task_command.py:426} INFO - Running <TaskInstance: crypto_cold_path_gcs_1am.run_daily_gcs_etl manual__2025-12-02T08:46:07.617138+00:00 [running]> on host 2aa532f4eb24
[2025-12-02T08:56:11.292+0000] {taskinstance.py:2648} INFO - Exporting env vars: AIRFLOW_CTX_DAG_OWNER='***' AIRFLOW_CTX_DAG_ID='crypto_cold_path_gcs_1am' AIRFLOW_CTX_TASK_ID='run_daily_gcs_etl' AIRFLOW_CTX_EXECUTION_DATE='2025-12-02T08:46:07.617138+00:00' AIRFLOW_CTX_TRY_NUMBER='2' AIRFLOW_CTX_DAG_RUN_ID='manual__2025-12-02T08:46:07.617138+00:00'
[2025-12-02T08:56:11.293+0000] {taskinstance.py:430} INFO - ::endgroup::
[2025-12-02T08:56:21.293+0000] {logging_mixin.py:188} INFO - --- BẮT ĐẦU ETL (GCS) CHO NGÀY: 2025-12-02 ---
[2025-12-02T08:56:21.299+0000] {logging_mixin.py:188} INFO - LỖI: Không thể kết nối GCS. [Errno 21] Is a directory: '/opt/***/gcs_key.json'
[2025-12-02T08:56:21.299+0000] {python.py:237} INFO - Done. Returned value was: None
[2025-12-02T08:56:21.300+0000] {taskinstance.py:441} INFO - ::group::Post task execution logs
[2025-12-02T08:56:21.305+0000] {taskinstance.py:1206} INFO - Marking task as SUCCESS. dag_id=crypto_cold_path_gcs_1am, task_id=run_daily_gcs_etl, run_id=manual__2025-12-02T08:46:07.617138+00:00, execution_date=20251202T084607, start_date=20251202T085611, end_date=20251202T085621
[2025-12-02T08:56:21.355+0000] {local_task_job_runner.py:240} INFO - Task exited with return code 0
[2025-12-02T08:56:21.364+0000] {taskinstance.py:3503} INFO - 0 downstream tasks scheduled from follow-on schedule check
[2025-12-02T08:56:21.366+0000] {local_task_job_runner.py:222} INFO - ::endgroup::
