[2025-12-02T09:18:58.356+0000] {local_task_job_runner.py:120} INFO - ::group::Pre task execution logs
[2025-12-02T09:18:58.381+0000] {taskinstance.py:2076} INFO - Dependencies all met for dep_context=non-requeueable deps ti=<TaskInstance: crypto_cold_path_gcs_1am.run_daily_gcs_etl backfill__2025-11-23T01:00:00+00:00 [queued]>
[2025-12-02T09:18:58.391+0000] {taskinstance.py:2076} INFO - Dependencies all met for dep_context=requeueable deps ti=<TaskInstance: crypto_cold_path_gcs_1am.run_daily_gcs_etl backfill__2025-11-23T01:00:00+00:00 [queued]>
[2025-12-02T09:18:58.391+0000] {taskinstance.py:2306} INFO - Starting attempt 1 of 3
[2025-12-02T09:18:58.408+0000] {taskinstance.py:2330} INFO - Executing <Task(PythonOperator): run_daily_gcs_etl> on 2025-11-23 01:00:00+00:00
[2025-12-02T09:18:58.421+0000] {warnings.py:112} WARNING - /home/***/.local/lib/python3.12/site-packages/***/task/task_runner/standard_task_runner.py:61: DeprecationWarning: This process (pid=375) is multi-threaded, use of fork() may lead to deadlocks in the child.
  pid = os.fork()

[2025-12-02T09:18:58.422+0000] {standard_task_runner.py:90} INFO - Running: ['***', 'tasks', 'run', 'crypto_cold_path_gcs_1am', 'run_daily_gcs_etl', 'backfill__2025-11-23T01:00:00+00:00', '--job-id', '136', '--pool', 'default_pool', '--raw', '--subdir', 'DAGS_FOLDER/etl_dag.py', '--cfg-path', '/tmp/tmp416ez5va']
[2025-12-02T09:18:58.424+0000] {standard_task_runner.py:63} INFO - Started process 386 to run task
[2025-12-02T09:18:58.424+0000] {standard_task_runner.py:91} INFO - Job 136: Subtask run_daily_gcs_etl
[2025-12-02T09:18:58.524+0000] {task_command.py:426} INFO - Running <TaskInstance: crypto_cold_path_gcs_1am.run_daily_gcs_etl backfill__2025-11-23T01:00:00+00:00 [running]> on host ee2c3d4edd33
[2025-12-02T09:18:58.639+0000] {taskinstance.py:2648} INFO - Exporting env vars: AIRFLOW_CTX_DAG_OWNER='***' AIRFLOW_CTX_DAG_ID='crypto_cold_path_gcs_1am' AIRFLOW_CTX_TASK_ID='run_daily_gcs_etl' AIRFLOW_CTX_EXECUTION_DATE='2025-11-23T01:00:00+00:00' AIRFLOW_CTX_TRY_NUMBER='1' AIRFLOW_CTX_DAG_RUN_ID='backfill__2025-11-23T01:00:00+00:00'
[2025-12-02T09:18:58.642+0000] {taskinstance.py:430} INFO - ::endgroup::
[2025-12-02T09:19:08.645+0000] {logging_mixin.py:188} INFO - --- BẮT ĐẦU ETL (GCS) CHO NGÀY: 2025-11-23 ---
[2025-12-02T09:19:08.649+0000] {logging_mixin.py:188} INFO - Đã kết nối GCS thành công.
[2025-12-02T09:19:08.649+0000] {logging_mixin.py:188} INFO - [Processing Coin: BTCUSDT]
[2025-12-02T09:19:08.999+0000] {logging_mixin.py:188} INFO - [Processing Coin: ETHUSDT]
[2025-12-02T09:19:09.352+0000] {logging_mixin.py:188} INFO - [Processing Coin: SOLUSDT]
[2025-12-02T09:19:09.653+0000] {logging_mixin.py:188} INFO - [Processing Coin: BNBUSDT]
[2025-12-02T09:19:10.005+0000] {logging_mixin.py:188} INFO - [Processing Coin: DOGEUSDT]
[2025-12-02T09:19:10.284+0000] {logging_mixin.py:188} INFO - [Processing Coin: XRPUSDT]
[2025-12-02T09:19:10.558+0000] {logging_mixin.py:188} INFO - [Processing Coin: PEPEUSDT]
[2025-12-02T09:19:10.842+0000] {logging_mixin.py:188} INFO - [Processing Coin: TONUSDT]
[2025-12-02T09:19:11.198+0000] {logging_mixin.py:188} INFO - [Processing Coin: SHIBUSDT]
[2025-12-02T09:19:11.502+0000] {logging_mixin.py:188} INFO - [Processing Coin: DOTUSDT]
[2025-12-02T09:19:11.794+0000] {logging_mixin.py:188} INFO - [Processing Coin: ADAUSDT]
[2025-12-02T09:19:12.148+0000] {logging_mixin.py:188} INFO - [Processing Coin: AVAXUSDT]
[2025-12-02T09:19:12.435+0000] {logging_mixin.py:188} INFO - [Processing Coin: LINKUSDT]
[2025-12-02T09:19:12.725+0000] {logging_mixin.py:188} INFO - [Processing Coin: TRXUSDT]
[2025-12-02T09:19:13.005+0000] {logging_mixin.py:188} INFO - [Processing Coin: MATICUSDT]
[2025-12-02T09:19:13.257+0000] {logging_mixin.py:188} INFO -   -> Không lấy đủ 1440 nến cho MATICUSDT. Bỏ qua.
[2025-12-02T09:19:13.257+0000] {logging_mixin.py:188} INFO - [Processing Coin: BCHUSDT]
[2025-12-02T09:19:13.536+0000] {logging_mixin.py:188} INFO - [Processing Coin: ICPUSDT]
[2025-12-02T09:19:13.811+0000] {logging_mixin.py:188} INFO - [Processing Coin: NEARUSDT]
[2025-12-02T09:19:14.095+0000] {logging_mixin.py:188} INFO - [Processing Coin: LTCUSDT]
[2025-12-02T09:19:14.370+0000] {logging_mixin.py:188} INFO - [Processing Coin: LEOUSD]
[2025-12-02T09:19:14.493+0000] {logging_mixin.py:188} INFO - Lỗi khi gọi API Binance cho LEOUSD: 400 Client Error: Bad Request for url: https://api.binance.com/api/v3/klines?symbol=LEOUSD&interval=1m&startTime=1763856000000&endTime=1763899199999&limit=1000
[2025-12-02T09:19:14.495+0000] {logging_mixin.py:188} INFO -   -> Không lấy đủ 1440 nến cho LEOUSD. Bỏ qua.
[2025-12-02T09:19:14.495+0000] {logging_mixin.py:188} INFO - [Processing Coin: UNIUSDT]
[2025-12-02T09:19:14.773+0000] {logging_mixin.py:188} INFO - [Processing Coin: FETUSDT]
[2025-12-02T09:19:15.050+0000] {logging_mixin.py:188} INFO - [Processing Coin: RNDRUSDT]
[2025-12-02T09:19:15.303+0000] {logging_mixin.py:188} INFO -   -> Không lấy đủ 1440 nến cho RNDRUSDT. Bỏ qua.
[2025-12-02T09:19:15.304+0000] {logging_mixin.py:188} INFO - [Processing Coin: ATOMUSDT]
[2025-12-02T09:19:15.592+0000] {logging_mixin.py:188} INFO - [Processing Coin: INJUSDT]
[2025-12-02T09:19:15.876+0000] {logging_mixin.py:188} INFO - [Processing Coin: WIFUSDT]
[2025-12-02T09:19:16.151+0000] {logging_mixin.py:188} INFO - [Processing Coin: OPUSDT]
[2025-12-02T09:19:16.423+0000] {logging_mixin.py:188} INFO - [Processing Coin: ARBUSDT]
[2025-12-02T09:19:16.702+0000] {logging_mixin.py:188} INFO - [Processing Coin: ETCUSDT]
[2025-12-02T09:19:16.985+0000] {logging_mixin.py:188} INFO - [Processing Coin: FILUSDT]
[2025-12-02T09:19:17.276+0000] {logging_mixin.py:188} INFO - Đã tải về 38880 dòng. Đang xử lý...
[2025-12-02T09:19:17.447+0000] {logging_mixin.py:188} INFO - Đang ghi 38880 dòng vào GCS (Parquet)...
[2025-12-02T09:19:17.649+0000] {retry.py:157} ERROR - _request non-retriable exception: Invalid Credentials, 401
Traceback (most recent call last):
  File "/home/airflow/.local/lib/python3.12/site-packages/gcsfs/retry.py", line 123, in retry_request
    return await func(*args, **kwargs)
           ^^^^^^^^^^^^^^^^^^^^^^^^^^^
  File "/home/airflow/.local/lib/python3.12/site-packages/gcsfs/core.py", line 430, in _request
    validate_response(status, contents, path, args)
  File "/home/airflow/.local/lib/python3.12/site-packages/gcsfs/retry.py", line 110, in validate_response
    raise HttpError(error)
gcsfs.retry.HttpError: Invalid Credentials, 401
[2025-12-02T09:19:17.654+0000] {retry.py:157} ERROR - _request non-retriable exception: Invalid Credentials, 401
Traceback (most recent call last):
  File "/home/airflow/.local/lib/python3.12/site-packages/gcsfs/retry.py", line 123, in retry_request
    return await func(*args, **kwargs)
           ^^^^^^^^^^^^^^^^^^^^^^^^^^^
  File "/home/airflow/.local/lib/python3.12/site-packages/gcsfs/core.py", line 430, in _request
    validate_response(status, contents, path, args)
  File "/home/airflow/.local/lib/python3.12/site-packages/gcsfs/retry.py", line 110, in validate_response
    raise HttpError(error)
gcsfs.retry.HttpError: Invalid Credentials, 401
[2025-12-02T09:19:17.656+0000] {retry.py:157} ERROR - _request non-retriable exception: Invalid Credentials, 401
Traceback (most recent call last):
  File "/home/airflow/.local/lib/python3.12/site-packages/gcsfs/retry.py", line 123, in retry_request
    return await func(*args, **kwargs)
           ^^^^^^^^^^^^^^^^^^^^^^^^^^^
  File "/home/airflow/.local/lib/python3.12/site-packages/gcsfs/core.py", line 430, in _request
    validate_response(status, contents, path, args)
  File "/home/airflow/.local/lib/python3.12/site-packages/gcsfs/retry.py", line 110, in validate_response
    raise HttpError(error)
gcsfs.retry.HttpError: Invalid Credentials, 401
[2025-12-02T09:19:17.657+0000] {retry.py:157} ERROR - _request non-retriable exception: Invalid Credentials, 401
Traceback (most recent call last):
  File "/home/airflow/.local/lib/python3.12/site-packages/gcsfs/retry.py", line 123, in retry_request
    return await func(*args, **kwargs)
           ^^^^^^^^^^^^^^^^^^^^^^^^^^^
  File "/home/airflow/.local/lib/python3.12/site-packages/gcsfs/core.py", line 430, in _request
    validate_response(status, contents, path, args)
  File "/home/airflow/.local/lib/python3.12/site-packages/gcsfs/retry.py", line 110, in validate_response
    raise HttpError(error)
gcsfs.retry.HttpError: Invalid Credentials, 401
[2025-12-02T09:19:17.658+0000] {retry.py:157} ERROR - _request non-retriable exception: Invalid Credentials, 401
Traceback (most recent call last):
  File "/home/airflow/.local/lib/python3.12/site-packages/gcsfs/retry.py", line 123, in retry_request
    return await func(*args, **kwargs)
           ^^^^^^^^^^^^^^^^^^^^^^^^^^^
  File "/home/airflow/.local/lib/python3.12/site-packages/gcsfs/core.py", line 430, in _request
    validate_response(status, contents, path, args)
  File "/home/airflow/.local/lib/python3.12/site-packages/gcsfs/retry.py", line 110, in validate_response
    raise HttpError(error)
gcsfs.retry.HttpError: Invalid Credentials, 401
[2025-12-02T09:19:17.661+0000] {retry.py:157} ERROR - _request non-retriable exception: Invalid Credentials, 401
Traceback (most recent call last):
  File "/home/airflow/.local/lib/python3.12/site-packages/gcsfs/retry.py", line 123, in retry_request
    return await func(*args, **kwargs)
           ^^^^^^^^^^^^^^^^^^^^^^^^^^^
  File "/home/airflow/.local/lib/python3.12/site-packages/gcsfs/core.py", line 430, in _request
    validate_response(status, contents, path, args)
  File "/home/airflow/.local/lib/python3.12/site-packages/gcsfs/retry.py", line 110, in validate_response
    raise HttpError(error)
gcsfs.retry.HttpError: Invalid Credentials, 401
[2025-12-02T09:19:17.663+0000] {retry.py:157} ERROR - _request non-retriable exception: Invalid Credentials, 401
Traceback (most recent call last):
  File "/home/airflow/.local/lib/python3.12/site-packages/gcsfs/retry.py", line 123, in retry_request
    return await func(*args, **kwargs)
           ^^^^^^^^^^^^^^^^^^^^^^^^^^^
  File "/home/airflow/.local/lib/python3.12/site-packages/gcsfs/core.py", line 430, in _request
    validate_response(status, contents, path, args)
  File "/home/airflow/.local/lib/python3.12/site-packages/gcsfs/retry.py", line 110, in validate_response
    raise HttpError(error)
gcsfs.retry.HttpError: Invalid Credentials, 401
[2025-12-02T09:19:17.665+0000] {retry.py:157} ERROR - _request non-retriable exception: Invalid Credentials, 401
Traceback (most recent call last):
  File "/home/airflow/.local/lib/python3.12/site-packages/gcsfs/retry.py", line 123, in retry_request
    return await func(*args, **kwargs)
           ^^^^^^^^^^^^^^^^^^^^^^^^^^^
  File "/home/airflow/.local/lib/python3.12/site-packages/gcsfs/core.py", line 430, in _request
    validate_response(status, contents, path, args)
  File "/home/airflow/.local/lib/python3.12/site-packages/gcsfs/retry.py", line 110, in validate_response
    raise HttpError(error)
gcsfs.retry.HttpError: Invalid Credentials, 401
[2025-12-02T09:19:17.756+0000] {retry.py:157} ERROR - _request non-retriable exception: Invalid Credentials, 401
Traceback (most recent call last):
  File "/home/airflow/.local/lib/python3.12/site-packages/gcsfs/retry.py", line 123, in retry_request
    return await func(*args, **kwargs)
           ^^^^^^^^^^^^^^^^^^^^^^^^^^^
  File "/home/airflow/.local/lib/python3.12/site-packages/gcsfs/core.py", line 430, in _request
    validate_response(status, contents, path, args)
  File "/home/airflow/.local/lib/python3.12/site-packages/gcsfs/retry.py", line 110, in validate_response
    raise HttpError(error)
gcsfs.retry.HttpError: Invalid Credentials, 401
[2025-12-02T09:19:17.835+0000] {retry.py:157} ERROR - _request non-retriable exception: Invalid Credentials, 401
Traceback (most recent call last):
  File "/home/airflow/.local/lib/python3.12/site-packages/gcsfs/retry.py", line 123, in retry_request
    return await func(*args, **kwargs)
           ^^^^^^^^^^^^^^^^^^^^^^^^^^^
  File "/home/airflow/.local/lib/python3.12/site-packages/gcsfs/core.py", line 430, in _request
    validate_response(status, contents, path, args)
  File "/home/airflow/.local/lib/python3.12/site-packages/gcsfs/retry.py", line 110, in validate_response
    raise HttpError(error)
gcsfs.retry.HttpError: Invalid Credentials, 401
[2025-12-02T09:19:17.838+0000] {retry.py:157} ERROR - _request non-retriable exception: Invalid Credentials, 401
Traceback (most recent call last):
  File "/home/airflow/.local/lib/python3.12/site-packages/gcsfs/retry.py", line 123, in retry_request
    return await func(*args, **kwargs)
           ^^^^^^^^^^^^^^^^^^^^^^^^^^^
  File "/home/airflow/.local/lib/python3.12/site-packages/gcsfs/core.py", line 430, in _request
    validate_response(status, contents, path, args)
  File "/home/airflow/.local/lib/python3.12/site-packages/gcsfs/retry.py", line 110, in validate_response
    raise HttpError(error)
gcsfs.retry.HttpError: Invalid Credentials, 401
[2025-12-02T09:19:17.839+0000] {retry.py:157} ERROR - _request non-retriable exception: Invalid Credentials, 401
Traceback (most recent call last):
  File "/home/airflow/.local/lib/python3.12/site-packages/gcsfs/retry.py", line 123, in retry_request
    return await func(*args, **kwargs)
           ^^^^^^^^^^^^^^^^^^^^^^^^^^^
  File "/home/airflow/.local/lib/python3.12/site-packages/gcsfs/core.py", line 430, in _request
    validate_response(status, contents, path, args)
  File "/home/airflow/.local/lib/python3.12/site-packages/gcsfs/retry.py", line 110, in validate_response
    raise HttpError(error)
gcsfs.retry.HttpError: Invalid Credentials, 401
[2025-12-02T09:19:17.840+0000] {retry.py:157} ERROR - _request non-retriable exception: Invalid Credentials, 401
Traceback (most recent call last):
  File "/home/airflow/.local/lib/python3.12/site-packages/gcsfs/retry.py", line 123, in retry_request
    return await func(*args, **kwargs)
           ^^^^^^^^^^^^^^^^^^^^^^^^^^^
  File "/home/airflow/.local/lib/python3.12/site-packages/gcsfs/core.py", line 430, in _request
    validate_response(status, contents, path, args)
  File "/home/airflow/.local/lib/python3.12/site-packages/gcsfs/retry.py", line 110, in validate_response
    raise HttpError(error)
gcsfs.retry.HttpError: Invalid Credentials, 401
[2025-12-02T09:19:17.841+0000] {retry.py:157} ERROR - _request non-retriable exception: Invalid Credentials, 401
Traceback (most recent call last):
  File "/home/airflow/.local/lib/python3.12/site-packages/gcsfs/retry.py", line 123, in retry_request
    return await func(*args, **kwargs)
           ^^^^^^^^^^^^^^^^^^^^^^^^^^^
  File "/home/airflow/.local/lib/python3.12/site-packages/gcsfs/core.py", line 430, in _request
    validate_response(status, contents, path, args)
  File "/home/airflow/.local/lib/python3.12/site-packages/gcsfs/retry.py", line 110, in validate_response
    raise HttpError(error)
gcsfs.retry.HttpError: Invalid Credentials, 401
[2025-12-02T09:19:17.843+0000] {retry.py:157} ERROR - _request non-retriable exception: Invalid Credentials, 401
Traceback (most recent call last):
  File "/home/airflow/.local/lib/python3.12/site-packages/gcsfs/retry.py", line 123, in retry_request
    return await func(*args, **kwargs)
           ^^^^^^^^^^^^^^^^^^^^^^^^^^^
  File "/home/airflow/.local/lib/python3.12/site-packages/gcsfs/core.py", line 430, in _request
    validate_response(status, contents, path, args)
  File "/home/airflow/.local/lib/python3.12/site-packages/gcsfs/retry.py", line 110, in validate_response
    raise HttpError(error)
gcsfs.retry.HttpError: Invalid Credentials, 401
[2025-12-02T09:19:17.848+0000] {retry.py:157} ERROR - _request non-retriable exception: Invalid Credentials, 401
Traceback (most recent call last):
  File "/home/airflow/.local/lib/python3.12/site-packages/gcsfs/retry.py", line 123, in retry_request
    return await func(*args, **kwargs)
           ^^^^^^^^^^^^^^^^^^^^^^^^^^^
  File "/home/airflow/.local/lib/python3.12/site-packages/gcsfs/core.py", line 430, in _request
    validate_response(status, contents, path, args)
  File "/home/airflow/.local/lib/python3.12/site-packages/gcsfs/retry.py", line 110, in validate_response
    raise HttpError(error)
gcsfs.retry.HttpError: Invalid Credentials, 401
[2025-12-02T09:19:17.852+0000] {retry.py:157} ERROR - _request non-retriable exception: Invalid Credentials, 401
Traceback (most recent call last):
  File "/home/airflow/.local/lib/python3.12/site-packages/gcsfs/retry.py", line 123, in retry_request
    return await func(*args, **kwargs)
           ^^^^^^^^^^^^^^^^^^^^^^^^^^^
  File "/home/airflow/.local/lib/python3.12/site-packages/gcsfs/core.py", line 430, in _request
    validate_response(status, contents, path, args)
  File "/home/airflow/.local/lib/python3.12/site-packages/gcsfs/retry.py", line 110, in validate_response
    raise HttpError(error)
gcsfs.retry.HttpError: Invalid Credentials, 401
[2025-12-02T09:19:17.910+0000] {retry.py:157} ERROR - _request non-retriable exception: Invalid Credentials, 401
Traceback (most recent call last):
  File "/home/airflow/.local/lib/python3.12/site-packages/gcsfs/retry.py", line 123, in retry_request
    return await func(*args, **kwargs)
           ^^^^^^^^^^^^^^^^^^^^^^^^^^^
  File "/home/airflow/.local/lib/python3.12/site-packages/gcsfs/core.py", line 430, in _request
    validate_response(status, contents, path, args)
  File "/home/airflow/.local/lib/python3.12/site-packages/gcsfs/retry.py", line 110, in validate_response
    raise HttpError(error)
gcsfs.retry.HttpError: Invalid Credentials, 401
[2025-12-02T09:19:17.912+0000] {retry.py:157} ERROR - _request non-retriable exception: Invalid Credentials, 401
Traceback (most recent call last):
  File "/home/airflow/.local/lib/python3.12/site-packages/gcsfs/retry.py", line 123, in retry_request
    return await func(*args, **kwargs)
           ^^^^^^^^^^^^^^^^^^^^^^^^^^^
  File "/home/airflow/.local/lib/python3.12/site-packages/gcsfs/core.py", line 430, in _request
    validate_response(status, contents, path, args)
  File "/home/airflow/.local/lib/python3.12/site-packages/gcsfs/retry.py", line 110, in validate_response
    raise HttpError(error)
gcsfs.retry.HttpError: Invalid Credentials, 401
[2025-12-02T09:19:17.914+0000] {retry.py:157} ERROR - _request non-retriable exception: Invalid Credentials, 401
Traceback (most recent call last):
  File "/home/airflow/.local/lib/python3.12/site-packages/gcsfs/retry.py", line 123, in retry_request
    return await func(*args, **kwargs)
           ^^^^^^^^^^^^^^^^^^^^^^^^^^^
  File "/home/airflow/.local/lib/python3.12/site-packages/gcsfs/core.py", line 430, in _request
    validate_response(status, contents, path, args)
  File "/home/airflow/.local/lib/python3.12/site-packages/gcsfs/retry.py", line 110, in validate_response
    raise HttpError(error)
gcsfs.retry.HttpError: Invalid Credentials, 401
[2025-12-02T09:19:17.915+0000] {retry.py:157} ERROR - _request non-retriable exception: Invalid Credentials, 401
Traceback (most recent call last):
  File "/home/airflow/.local/lib/python3.12/site-packages/gcsfs/retry.py", line 123, in retry_request
    return await func(*args, **kwargs)
           ^^^^^^^^^^^^^^^^^^^^^^^^^^^
  File "/home/airflow/.local/lib/python3.12/site-packages/gcsfs/core.py", line 430, in _request
    validate_response(status, contents, path, args)
  File "/home/airflow/.local/lib/python3.12/site-packages/gcsfs/retry.py", line 110, in validate_response
    raise HttpError(error)
gcsfs.retry.HttpError: Invalid Credentials, 401
[2025-12-02T09:19:17.917+0000] {retry.py:157} ERROR - _request non-retriable exception: Invalid Credentials, 401
Traceback (most recent call last):
  File "/home/airflow/.local/lib/python3.12/site-packages/gcsfs/retry.py", line 123, in retry_request
    return await func(*args, **kwargs)
           ^^^^^^^^^^^^^^^^^^^^^^^^^^^
  File "/home/airflow/.local/lib/python3.12/site-packages/gcsfs/core.py", line 430, in _request
    validate_response(status, contents, path, args)
  File "/home/airflow/.local/lib/python3.12/site-packages/gcsfs/retry.py", line 110, in validate_response
    raise HttpError(error)
gcsfs.retry.HttpError: Invalid Credentials, 401
[2025-12-02T09:19:17.924+0000] {retry.py:157} ERROR - _request non-retriable exception: Invalid Credentials, 401
Traceback (most recent call last):
  File "/home/airflow/.local/lib/python3.12/site-packages/gcsfs/retry.py", line 123, in retry_request
    return await func(*args, **kwargs)
           ^^^^^^^^^^^^^^^^^^^^^^^^^^^
  File "/home/airflow/.local/lib/python3.12/site-packages/gcsfs/core.py", line 430, in _request
    validate_response(status, contents, path, args)
  File "/home/airflow/.local/lib/python3.12/site-packages/gcsfs/retry.py", line 110, in validate_response
    raise HttpError(error)
gcsfs.retry.HttpError: Invalid Credentials, 401
[2025-12-02T09:19:17.925+0000] {retry.py:157} ERROR - _request non-retriable exception: Invalid Credentials, 401
Traceback (most recent call last):
  File "/home/airflow/.local/lib/python3.12/site-packages/gcsfs/retry.py", line 123, in retry_request
    return await func(*args, **kwargs)
           ^^^^^^^^^^^^^^^^^^^^^^^^^^^
  File "/home/airflow/.local/lib/python3.12/site-packages/gcsfs/core.py", line 430, in _request
    validate_response(status, contents, path, args)
  File "/home/airflow/.local/lib/python3.12/site-packages/gcsfs/retry.py", line 110, in validate_response
    raise HttpError(error)
gcsfs.retry.HttpError: Invalid Credentials, 401
[2025-12-02T09:19:18.006+0000] {retry.py:157} ERROR - _request non-retriable exception: Invalid Credentials, 401
Traceback (most recent call last):
  File "/home/airflow/.local/lib/python3.12/site-packages/gcsfs/retry.py", line 123, in retry_request
    return await func(*args, **kwargs)
           ^^^^^^^^^^^^^^^^^^^^^^^^^^^
  File "/home/airflow/.local/lib/python3.12/site-packages/gcsfs/core.py", line 430, in _request
    validate_response(status, contents, path, args)
  File "/home/airflow/.local/lib/python3.12/site-packages/gcsfs/retry.py", line 110, in validate_response
    raise HttpError(error)
gcsfs.retry.HttpError: Invalid Credentials, 401
[2025-12-02T09:19:18.095+0000] {retry.py:157} ERROR - _request non-retriable exception: Invalid Credentials, 401
Traceback (most recent call last):
  File "/home/airflow/.local/lib/python3.12/site-packages/gcsfs/retry.py", line 123, in retry_request
    return await func(*args, **kwargs)
           ^^^^^^^^^^^^^^^^^^^^^^^^^^^
  File "/home/airflow/.local/lib/python3.12/site-packages/gcsfs/core.py", line 430, in _request
    validate_response(status, contents, path, args)
  File "/home/airflow/.local/lib/python3.12/site-packages/gcsfs/retry.py", line 110, in validate_response
    raise HttpError(error)
gcsfs.retry.HttpError: Invalid Credentials, 401
[2025-12-02T09:19:18.096+0000] {retry.py:157} ERROR - _request non-retriable exception: Invalid Credentials, 401
Traceback (most recent call last):
  File "/home/airflow/.local/lib/python3.12/site-packages/gcsfs/retry.py", line 123, in retry_request
    return await func(*args, **kwargs)
           ^^^^^^^^^^^^^^^^^^^^^^^^^^^
  File "/home/airflow/.local/lib/python3.12/site-packages/gcsfs/core.py", line 430, in _request
    validate_response(status, contents, path, args)
  File "/home/airflow/.local/lib/python3.12/site-packages/gcsfs/retry.py", line 110, in validate_response
    raise HttpError(error)
gcsfs.retry.HttpError: Invalid Credentials, 401
[2025-12-02T09:19:18.098+0000] {logging_mixin.py:188} INFO - LỖI khi ghi vào GCS: Invalid Credentials, 401
[2025-12-02T09:19:18.098+0000] {python.py:237} INFO - Done. Returned value was: None
[2025-12-02T09:19:18.099+0000] {taskinstance.py:441} INFO - ::group::Post task execution logs
[2025-12-02T09:19:18.107+0000] {taskinstance.py:1206} INFO - Marking task as SUCCESS. dag_id=crypto_cold_path_gcs_1am, task_id=run_daily_gcs_etl, run_id=backfill__2025-11-23T01:00:00+00:00, execution_date=20251123T010000, start_date=20251202T091858, end_date=20251202T091918
[2025-12-02T09:19:18.159+0000] {local_task_job_runner.py:240} INFO - Task exited with return code 0
[2025-12-02T09:19:18.170+0000] {taskinstance.py:3503} INFO - 0 downstream tasks scheduled from follow-on schedule check
[2025-12-02T09:19:18.173+0000] {local_task_job_runner.py:222} INFO - ::endgroup::
[2025-12-02T09:26:15.149+0000] {local_task_job_runner.py:120} INFO - ::group::Pre task execution logs
[2025-12-02T09:26:15.185+0000] {taskinstance.py:2076} INFO - Dependencies all met for dep_context=non-requeueable deps ti=<TaskInstance: crypto_cold_path_gcs_1am.run_daily_gcs_etl backfill__2025-11-23T01:00:00+00:00 [queued]>
[2025-12-02T09:26:15.199+0000] {taskinstance.py:2076} INFO - Dependencies all met for dep_context=requeueable deps ti=<TaskInstance: crypto_cold_path_gcs_1am.run_daily_gcs_etl backfill__2025-11-23T01:00:00+00:00 [queued]>
[2025-12-02T09:26:15.200+0000] {taskinstance.py:2306} INFO - Starting attempt 1 of 3
[2025-12-02T09:26:15.222+0000] {taskinstance.py:2330} INFO - Executing <Task(PythonOperator): run_daily_gcs_etl> on 2025-11-23 01:00:00+00:00
[2025-12-02T09:26:15.238+0000] {warnings.py:112} WARNING - /home/***/.local/lib/python3.12/site-packages/***/task/task_runner/standard_task_runner.py:61: DeprecationWarning: This process (pid=93) is multi-threaded, use of fork() may lead to deadlocks in the child.
  pid = os.fork()

[2025-12-02T09:26:15.243+0000] {standard_task_runner.py:63} INFO - Started process 122 to run task
[2025-12-02T09:26:15.245+0000] {standard_task_runner.py:90} INFO - Running: ['***', 'tasks', 'run', 'crypto_cold_path_gcs_1am', 'run_daily_gcs_etl', 'backfill__2025-11-23T01:00:00+00:00', '--job-id', '153', '--pool', 'default_pool', '--raw', '--subdir', 'DAGS_FOLDER/etl_dag.py', '--cfg-path', '/tmp/tmpr2fv2jw_']
[2025-12-02T09:26:15.248+0000] {standard_task_runner.py:91} INFO - Job 153: Subtask run_daily_gcs_etl
[2025-12-02T09:26:15.386+0000] {task_command.py:426} INFO - Running <TaskInstance: crypto_cold_path_gcs_1am.run_daily_gcs_etl backfill__2025-11-23T01:00:00+00:00 [running]> on host bfb7cfd18f31
[2025-12-02T09:26:15.490+0000] {taskinstance.py:2648} INFO - Exporting env vars: AIRFLOW_CTX_DAG_OWNER='***' AIRFLOW_CTX_DAG_ID='crypto_cold_path_gcs_1am' AIRFLOW_CTX_TASK_ID='run_daily_gcs_etl' AIRFLOW_CTX_EXECUTION_DATE='2025-11-23T01:00:00+00:00' AIRFLOW_CTX_TRY_NUMBER='1' AIRFLOW_CTX_DAG_RUN_ID='backfill__2025-11-23T01:00:00+00:00'
[2025-12-02T09:26:15.492+0000] {taskinstance.py:430} INFO - ::endgroup::
[2025-12-02T09:26:25.494+0000] {logging_mixin.py:188} INFO - --- BẮT ĐẦU ETL (GCS) CHO NGÀY: 2025-11-23 ---
[2025-12-02T09:26:25.498+0000] {logging_mixin.py:188} INFO - Đã kết nối GCS thành công.
[2025-12-02T09:26:25.499+0000] {logging_mixin.py:188} INFO - [Processing Coin: BTCUSDT]
[2025-12-02T09:26:26.034+0000] {logging_mixin.py:188} INFO - [Processing Coin: ETHUSDT]
[2025-12-02T09:26:26.471+0000] {logging_mixin.py:188} INFO - [Processing Coin: SOLUSDT]
[2025-12-02T09:26:26.940+0000] {logging_mixin.py:188} INFO - [Processing Coin: BNBUSDT]
[2025-12-02T09:26:27.339+0000] {logging_mixin.py:188} INFO - [Processing Coin: DOGEUSDT]
[2025-12-02T09:26:27.777+0000] {logging_mixin.py:188} INFO - [Processing Coin: XRPUSDT]
[2025-12-02T09:26:28.183+0000] {logging_mixin.py:188} INFO - [Processing Coin: PEPEUSDT]
[2025-12-02T09:26:28.609+0000] {logging_mixin.py:188} INFO - [Processing Coin: TONUSDT]
[2025-12-02T09:26:28.994+0000] {logging_mixin.py:188} INFO - [Processing Coin: SHIBUSDT]
[2025-12-02T09:26:29.398+0000] {logging_mixin.py:188} INFO - [Processing Coin: DOTUSDT]
[2025-12-02T09:26:29.779+0000] {logging_mixin.py:188} INFO - [Processing Coin: ADAUSDT]
[2025-12-02T09:26:30.149+0000] {logging_mixin.py:188} INFO - [Processing Coin: AVAXUSDT]
[2025-12-02T09:26:30.490+0000] {logging_mixin.py:188} INFO - [Processing Coin: LINKUSDT]
[2025-12-02T09:26:30.867+0000] {logging_mixin.py:188} INFO - [Processing Coin: TRXUSDT]
[2025-12-02T09:26:31.193+0000] {logging_mixin.py:188} INFO - [Processing Coin: MATICUSDT]
[2025-12-02T09:26:31.531+0000] {logging_mixin.py:188} INFO -   -> Không lấy đủ 1440 nến cho MATICUSDT. Bỏ qua.
[2025-12-02T09:26:31.533+0000] {logging_mixin.py:188} INFO - [Processing Coin: BCHUSDT]
[2025-12-02T09:26:31.922+0000] {logging_mixin.py:188} INFO - [Processing Coin: ICPUSDT]
[2025-12-02T09:26:32.295+0000] {logging_mixin.py:188} INFO - [Processing Coin: NEARUSDT]
[2025-12-02T09:26:32.656+0000] {logging_mixin.py:188} INFO - [Processing Coin: LTCUSDT]
[2025-12-02T09:26:33.035+0000] {logging_mixin.py:188} INFO - [Processing Coin: LEOUSD]
[2025-12-02T09:26:33.185+0000] {logging_mixin.py:188} INFO - Lỗi khi gọi API Binance cho LEOUSD: 400 Client Error: Bad Request for url: https://api.binance.com/api/v3/klines?symbol=LEOUSD&interval=1m&startTime=1763856000000&endTime=1763899199999&limit=1000
[2025-12-02T09:26:33.187+0000] {logging_mixin.py:188} INFO -   -> Không lấy đủ 1440 nến cho LEOUSD. Bỏ qua.
[2025-12-02T09:26:33.188+0000] {logging_mixin.py:188} INFO - [Processing Coin: UNIUSDT]
[2025-12-02T09:26:34.199+0000] {logging_mixin.py:188} INFO - [Processing Coin: FETUSDT]
[2025-12-02T09:26:34.578+0000] {logging_mixin.py:188} INFO - [Processing Coin: RNDRUSDT]
[2025-12-02T09:26:34.886+0000] {logging_mixin.py:188} INFO -   -> Không lấy đủ 1440 nến cho RNDRUSDT. Bỏ qua.
[2025-12-02T09:26:34.887+0000] {logging_mixin.py:188} INFO - [Processing Coin: ATOMUSDT]
[2025-12-02T09:26:35.288+0000] {logging_mixin.py:188} INFO - [Processing Coin: INJUSDT]
[2025-12-02T09:26:35.636+0000] {logging_mixin.py:188} INFO - [Processing Coin: WIFUSDT]
[2025-12-02T09:26:36.076+0000] {logging_mixin.py:188} INFO - [Processing Coin: OPUSDT]
[2025-12-02T09:26:36.470+0000] {logging_mixin.py:188} INFO - [Processing Coin: ARBUSDT]
[2025-12-02T09:26:36.897+0000] {logging_mixin.py:188} INFO - [Processing Coin: ETCUSDT]
[2025-12-02T09:26:37.294+0000] {logging_mixin.py:188} INFO - [Processing Coin: FILUSDT]
[2025-12-02T09:26:37.727+0000] {logging_mixin.py:188} INFO - Đã tải về 38880 dòng. Đang xử lý...
[2025-12-02T09:26:37.890+0000] {logging_mixin.py:188} INFO - Đang ghi 38880 dòng vào GCS (Parquet)...
[2025-12-02T09:26:38.091+0000] {retry.py:157} ERROR - _request non-retriable exception: Invalid Credentials, 401
Traceback (most recent call last):
  File "/home/airflow/.local/lib/python3.12/site-packages/gcsfs/retry.py", line 123, in retry_request
    return await func(*args, **kwargs)
           ^^^^^^^^^^^^^^^^^^^^^^^^^^^
  File "/home/airflow/.local/lib/python3.12/site-packages/gcsfs/core.py", line 430, in _request
    validate_response(status, contents, path, args)
  File "/home/airflow/.local/lib/python3.12/site-packages/gcsfs/retry.py", line 110, in validate_response
    raise HttpError(error)
gcsfs.retry.HttpError: Invalid Credentials, 401
[2025-12-02T09:26:38.095+0000] {retry.py:157} ERROR - _request non-retriable exception: Invalid Credentials, 401
Traceback (most recent call last):
  File "/home/airflow/.local/lib/python3.12/site-packages/gcsfs/retry.py", line 123, in retry_request
    return await func(*args, **kwargs)
           ^^^^^^^^^^^^^^^^^^^^^^^^^^^
  File "/home/airflow/.local/lib/python3.12/site-packages/gcsfs/core.py", line 430, in _request
    validate_response(status, contents, path, args)
  File "/home/airflow/.local/lib/python3.12/site-packages/gcsfs/retry.py", line 110, in validate_response
    raise HttpError(error)
gcsfs.retry.HttpError: Invalid Credentials, 401
[2025-12-02T09:26:38.099+0000] {retry.py:157} ERROR - _request non-retriable exception: Invalid Credentials, 401
Traceback (most recent call last):
  File "/home/airflow/.local/lib/python3.12/site-packages/gcsfs/retry.py", line 123, in retry_request
    return await func(*args, **kwargs)
           ^^^^^^^^^^^^^^^^^^^^^^^^^^^
  File "/home/airflow/.local/lib/python3.12/site-packages/gcsfs/core.py", line 430, in _request
    validate_response(status, contents, path, args)
  File "/home/airflow/.local/lib/python3.12/site-packages/gcsfs/retry.py", line 110, in validate_response
    raise HttpError(error)
gcsfs.retry.HttpError: Invalid Credentials, 401
[2025-12-02T09:26:38.106+0000] {retry.py:157} ERROR - _request non-retriable exception: Invalid Credentials, 401
Traceback (most recent call last):
  File "/home/airflow/.local/lib/python3.12/site-packages/gcsfs/retry.py", line 123, in retry_request
    return await func(*args, **kwargs)
           ^^^^^^^^^^^^^^^^^^^^^^^^^^^
  File "/home/airflow/.local/lib/python3.12/site-packages/gcsfs/core.py", line 430, in _request
    validate_response(status, contents, path, args)
  File "/home/airflow/.local/lib/python3.12/site-packages/gcsfs/retry.py", line 110, in validate_response
    raise HttpError(error)
gcsfs.retry.HttpError: Invalid Credentials, 401
[2025-12-02T09:26:38.108+0000] {retry.py:157} ERROR - _request non-retriable exception: Invalid Credentials, 401
Traceback (most recent call last):
  File "/home/airflow/.local/lib/python3.12/site-packages/gcsfs/retry.py", line 123, in retry_request
    return await func(*args, **kwargs)
           ^^^^^^^^^^^^^^^^^^^^^^^^^^^
  File "/home/airflow/.local/lib/python3.12/site-packages/gcsfs/core.py", line 430, in _request
    validate_response(status, contents, path, args)
  File "/home/airflow/.local/lib/python3.12/site-packages/gcsfs/retry.py", line 110, in validate_response
    raise HttpError(error)
gcsfs.retry.HttpError: Invalid Credentials, 401
[2025-12-02T09:26:38.110+0000] {retry.py:157} ERROR - _request non-retriable exception: Invalid Credentials, 401
Traceback (most recent call last):
  File "/home/airflow/.local/lib/python3.12/site-packages/gcsfs/retry.py", line 123, in retry_request
    return await func(*args, **kwargs)
           ^^^^^^^^^^^^^^^^^^^^^^^^^^^
  File "/home/airflow/.local/lib/python3.12/site-packages/gcsfs/core.py", line 430, in _request
    validate_response(status, contents, path, args)
  File "/home/airflow/.local/lib/python3.12/site-packages/gcsfs/retry.py", line 110, in validate_response
    raise HttpError(error)
gcsfs.retry.HttpError: Invalid Credentials, 401
[2025-12-02T09:26:38.113+0000] {retry.py:157} ERROR - _request non-retriable exception: Invalid Credentials, 401
Traceback (most recent call last):
  File "/home/airflow/.local/lib/python3.12/site-packages/gcsfs/retry.py", line 123, in retry_request
    return await func(*args, **kwargs)
           ^^^^^^^^^^^^^^^^^^^^^^^^^^^
  File "/home/airflow/.local/lib/python3.12/site-packages/gcsfs/core.py", line 430, in _request
    validate_response(status, contents, path, args)
  File "/home/airflow/.local/lib/python3.12/site-packages/gcsfs/retry.py", line 110, in validate_response
    raise HttpError(error)
gcsfs.retry.HttpError: Invalid Credentials, 401
[2025-12-02T09:26:38.114+0000] {retry.py:157} ERROR - _request non-retriable exception: Invalid Credentials, 401
Traceback (most recent call last):
  File "/home/airflow/.local/lib/python3.12/site-packages/gcsfs/retry.py", line 123, in retry_request
    return await func(*args, **kwargs)
           ^^^^^^^^^^^^^^^^^^^^^^^^^^^
  File "/home/airflow/.local/lib/python3.12/site-packages/gcsfs/core.py", line 430, in _request
    validate_response(status, contents, path, args)
  File "/home/airflow/.local/lib/python3.12/site-packages/gcsfs/retry.py", line 110, in validate_response
    raise HttpError(error)
gcsfs.retry.HttpError: Invalid Credentials, 401
[2025-12-02T09:26:38.270+0000] {retry.py:157} ERROR - _request non-retriable exception: Invalid Credentials, 401
Traceback (most recent call last):
  File "/home/airflow/.local/lib/python3.12/site-packages/gcsfs/retry.py", line 123, in retry_request
    return await func(*args, **kwargs)
           ^^^^^^^^^^^^^^^^^^^^^^^^^^^
  File "/home/airflow/.local/lib/python3.12/site-packages/gcsfs/core.py", line 430, in _request
    validate_response(status, contents, path, args)
  File "/home/airflow/.local/lib/python3.12/site-packages/gcsfs/retry.py", line 110, in validate_response
    raise HttpError(error)
gcsfs.retry.HttpError: Invalid Credentials, 401
[2025-12-02T09:26:38.278+0000] {retry.py:157} ERROR - _request non-retriable exception: Invalid Credentials, 401
Traceback (most recent call last):
  File "/home/airflow/.local/lib/python3.12/site-packages/gcsfs/retry.py", line 123, in retry_request
    return await func(*args, **kwargs)
           ^^^^^^^^^^^^^^^^^^^^^^^^^^^
  File "/home/airflow/.local/lib/python3.12/site-packages/gcsfs/core.py", line 430, in _request
    validate_response(status, contents, path, args)
  File "/home/airflow/.local/lib/python3.12/site-packages/gcsfs/retry.py", line 110, in validate_response
    raise HttpError(error)
gcsfs.retry.HttpError: Invalid Credentials, 401
[2025-12-02T09:26:38.279+0000] {retry.py:157} ERROR - _request non-retriable exception: Invalid Credentials, 401
Traceback (most recent call last):
  File "/home/airflow/.local/lib/python3.12/site-packages/gcsfs/retry.py", line 123, in retry_request
    return await func(*args, **kwargs)
           ^^^^^^^^^^^^^^^^^^^^^^^^^^^
  File "/home/airflow/.local/lib/python3.12/site-packages/gcsfs/core.py", line 430, in _request
    validate_response(status, contents, path, args)
  File "/home/airflow/.local/lib/python3.12/site-packages/gcsfs/retry.py", line 110, in validate_response
    raise HttpError(error)
gcsfs.retry.HttpError: Invalid Credentials, 401
[2025-12-02T09:26:38.289+0000] {retry.py:157} ERROR - _request non-retriable exception: Invalid Credentials, 401
Traceback (most recent call last):
  File "/home/airflow/.local/lib/python3.12/site-packages/gcsfs/retry.py", line 123, in retry_request
    return await func(*args, **kwargs)
           ^^^^^^^^^^^^^^^^^^^^^^^^^^^
  File "/home/airflow/.local/lib/python3.12/site-packages/gcsfs/core.py", line 430, in _request
    validate_response(status, contents, path, args)
  File "/home/airflow/.local/lib/python3.12/site-packages/gcsfs/retry.py", line 110, in validate_response
    raise HttpError(error)
gcsfs.retry.HttpError: Invalid Credentials, 401
[2025-12-02T09:26:38.290+0000] {retry.py:157} ERROR - _request non-retriable exception: Invalid Credentials, 401
Traceback (most recent call last):
  File "/home/airflow/.local/lib/python3.12/site-packages/gcsfs/retry.py", line 123, in retry_request
    return await func(*args, **kwargs)
           ^^^^^^^^^^^^^^^^^^^^^^^^^^^
  File "/home/airflow/.local/lib/python3.12/site-packages/gcsfs/core.py", line 430, in _request
    validate_response(status, contents, path, args)
  File "/home/airflow/.local/lib/python3.12/site-packages/gcsfs/retry.py", line 110, in validate_response
    raise HttpError(error)
gcsfs.retry.HttpError: Invalid Credentials, 401
[2025-12-02T09:26:38.292+0000] {retry.py:157} ERROR - _request non-retriable exception: Invalid Credentials, 401
Traceback (most recent call last):
  File "/home/airflow/.local/lib/python3.12/site-packages/gcsfs/retry.py", line 123, in retry_request
    return await func(*args, **kwargs)
           ^^^^^^^^^^^^^^^^^^^^^^^^^^^
  File "/home/airflow/.local/lib/python3.12/site-packages/gcsfs/core.py", line 430, in _request
    validate_response(status, contents, path, args)
  File "/home/airflow/.local/lib/python3.12/site-packages/gcsfs/retry.py", line 110, in validate_response
    raise HttpError(error)
gcsfs.retry.HttpError: Invalid Credentials, 401
[2025-12-02T09:26:38.292+0000] {retry.py:157} ERROR - _request non-retriable exception: Invalid Credentials, 401
Traceback (most recent call last):
  File "/home/airflow/.local/lib/python3.12/site-packages/gcsfs/retry.py", line 123, in retry_request
    return await func(*args, **kwargs)
           ^^^^^^^^^^^^^^^^^^^^^^^^^^^
  File "/home/airflow/.local/lib/python3.12/site-packages/gcsfs/core.py", line 430, in _request
    validate_response(status, contents, path, args)
  File "/home/airflow/.local/lib/python3.12/site-packages/gcsfs/retry.py", line 110, in validate_response
    raise HttpError(error)
gcsfs.retry.HttpError: Invalid Credentials, 401
[2025-12-02T09:26:38.295+0000] {retry.py:157} ERROR - _request non-retriable exception: Invalid Credentials, 401
Traceback (most recent call last):
  File "/home/airflow/.local/lib/python3.12/site-packages/gcsfs/retry.py", line 123, in retry_request
    return await func(*args, **kwargs)
           ^^^^^^^^^^^^^^^^^^^^^^^^^^^
  File "/home/airflow/.local/lib/python3.12/site-packages/gcsfs/core.py", line 430, in _request
    validate_response(status, contents, path, args)
  File "/home/airflow/.local/lib/python3.12/site-packages/gcsfs/retry.py", line 110, in validate_response
    raise HttpError(error)
gcsfs.retry.HttpError: Invalid Credentials, 401
[2025-12-02T09:26:38.341+0000] {retry.py:157} ERROR - _request non-retriable exception: Invalid Credentials, 401
Traceback (most recent call last):
  File "/home/airflow/.local/lib/python3.12/site-packages/gcsfs/retry.py", line 123, in retry_request
    return await func(*args, **kwargs)
           ^^^^^^^^^^^^^^^^^^^^^^^^^^^
  File "/home/airflow/.local/lib/python3.12/site-packages/gcsfs/core.py", line 430, in _request
    validate_response(status, contents, path, args)
  File "/home/airflow/.local/lib/python3.12/site-packages/gcsfs/retry.py", line 110, in validate_response
    raise HttpError(error)
gcsfs.retry.HttpError: Invalid Credentials, 401
[2025-12-02T09:26:38.346+0000] {retry.py:157} ERROR - _request non-retriable exception: Invalid Credentials, 401
Traceback (most recent call last):
  File "/home/airflow/.local/lib/python3.12/site-packages/gcsfs/retry.py", line 123, in retry_request
    return await func(*args, **kwargs)
           ^^^^^^^^^^^^^^^^^^^^^^^^^^^
  File "/home/airflow/.local/lib/python3.12/site-packages/gcsfs/core.py", line 430, in _request
    validate_response(status, contents, path, args)
  File "/home/airflow/.local/lib/python3.12/site-packages/gcsfs/retry.py", line 110, in validate_response
    raise HttpError(error)
gcsfs.retry.HttpError: Invalid Credentials, 401
[2025-12-02T09:26:38.351+0000] {retry.py:157} ERROR - _request non-retriable exception: Invalid Credentials, 401
Traceback (most recent call last):
  File "/home/airflow/.local/lib/python3.12/site-packages/gcsfs/retry.py", line 123, in retry_request
    return await func(*args, **kwargs)
           ^^^^^^^^^^^^^^^^^^^^^^^^^^^
  File "/home/airflow/.local/lib/python3.12/site-packages/gcsfs/core.py", line 430, in _request
    validate_response(status, contents, path, args)
  File "/home/airflow/.local/lib/python3.12/site-packages/gcsfs/retry.py", line 110, in validate_response
    raise HttpError(error)
gcsfs.retry.HttpError: Invalid Credentials, 401
[2025-12-02T09:26:38.358+0000] {retry.py:157} ERROR - _request non-retriable exception: Invalid Credentials, 401
Traceback (most recent call last):
  File "/home/airflow/.local/lib/python3.12/site-packages/gcsfs/retry.py", line 123, in retry_request
    return await func(*args, **kwargs)
           ^^^^^^^^^^^^^^^^^^^^^^^^^^^
  File "/home/airflow/.local/lib/python3.12/site-packages/gcsfs/core.py", line 430, in _request
    validate_response(status, contents, path, args)
  File "/home/airflow/.local/lib/python3.12/site-packages/gcsfs/retry.py", line 110, in validate_response
    raise HttpError(error)
gcsfs.retry.HttpError: Invalid Credentials, 401
[2025-12-02T09:26:38.361+0000] {retry.py:157} ERROR - _request non-retriable exception: Invalid Credentials, 401
Traceback (most recent call last):
  File "/home/airflow/.local/lib/python3.12/site-packages/gcsfs/retry.py", line 123, in retry_request
    return await func(*args, **kwargs)
           ^^^^^^^^^^^^^^^^^^^^^^^^^^^
  File "/home/airflow/.local/lib/python3.12/site-packages/gcsfs/core.py", line 430, in _request
    validate_response(status, contents, path, args)
  File "/home/airflow/.local/lib/python3.12/site-packages/gcsfs/retry.py", line 110, in validate_response
    raise HttpError(error)
gcsfs.retry.HttpError: Invalid Credentials, 401
[2025-12-02T09:26:38.364+0000] {retry.py:157} ERROR - _request non-retriable exception: Invalid Credentials, 401
Traceback (most recent call last):
  File "/home/airflow/.local/lib/python3.12/site-packages/gcsfs/retry.py", line 123, in retry_request
    return await func(*args, **kwargs)
           ^^^^^^^^^^^^^^^^^^^^^^^^^^^
  File "/home/airflow/.local/lib/python3.12/site-packages/gcsfs/core.py", line 430, in _request
    validate_response(status, contents, path, args)
  File "/home/airflow/.local/lib/python3.12/site-packages/gcsfs/retry.py", line 110, in validate_response
    raise HttpError(error)
gcsfs.retry.HttpError: Invalid Credentials, 401
[2025-12-02T09:26:38.370+0000] {retry.py:157} ERROR - _request non-retriable exception: Invalid Credentials, 401
Traceback (most recent call last):
  File "/home/airflow/.local/lib/python3.12/site-packages/gcsfs/retry.py", line 123, in retry_request
    return await func(*args, **kwargs)
           ^^^^^^^^^^^^^^^^^^^^^^^^^^^
  File "/home/airflow/.local/lib/python3.12/site-packages/gcsfs/core.py", line 430, in _request
    validate_response(status, contents, path, args)
  File "/home/airflow/.local/lib/python3.12/site-packages/gcsfs/retry.py", line 110, in validate_response
    raise HttpError(error)
gcsfs.retry.HttpError: Invalid Credentials, 401
[2025-12-02T09:26:38.372+0000] {retry.py:157} ERROR - _request non-retriable exception: Invalid Credentials, 401
Traceback (most recent call last):
  File "/home/airflow/.local/lib/python3.12/site-packages/gcsfs/retry.py", line 123, in retry_request
    return await func(*args, **kwargs)
           ^^^^^^^^^^^^^^^^^^^^^^^^^^^
  File "/home/airflow/.local/lib/python3.12/site-packages/gcsfs/core.py", line 430, in _request
    validate_response(status, contents, path, args)
  File "/home/airflow/.local/lib/python3.12/site-packages/gcsfs/retry.py", line 110, in validate_response
    raise HttpError(error)
gcsfs.retry.HttpError: Invalid Credentials, 401
[2025-12-02T09:26:38.522+0000] {retry.py:157} ERROR - _request non-retriable exception: Invalid Credentials, 401
Traceback (most recent call last):
  File "/home/airflow/.local/lib/python3.12/site-packages/gcsfs/retry.py", line 123, in retry_request
    return await func(*args, **kwargs)
           ^^^^^^^^^^^^^^^^^^^^^^^^^^^
  File "/home/airflow/.local/lib/python3.12/site-packages/gcsfs/core.py", line 430, in _request
    validate_response(status, contents, path, args)
  File "/home/airflow/.local/lib/python3.12/site-packages/gcsfs/retry.py", line 110, in validate_response
    raise HttpError(error)
gcsfs.retry.HttpError: Invalid Credentials, 401
[2025-12-02T09:26:38.528+0000] {retry.py:157} ERROR - _request non-retriable exception: Invalid Credentials, 401
Traceback (most recent call last):
  File "/home/airflow/.local/lib/python3.12/site-packages/gcsfs/retry.py", line 123, in retry_request
    return await func(*args, **kwargs)
           ^^^^^^^^^^^^^^^^^^^^^^^^^^^
  File "/home/airflow/.local/lib/python3.12/site-packages/gcsfs/core.py", line 430, in _request
    validate_response(status, contents, path, args)
  File "/home/airflow/.local/lib/python3.12/site-packages/gcsfs/retry.py", line 110, in validate_response
    raise HttpError(error)
gcsfs.retry.HttpError: Invalid Credentials, 401
[2025-12-02T09:26:38.529+0000] {retry.py:157} ERROR - _request non-retriable exception: Invalid Credentials, 401
Traceback (most recent call last):
  File "/home/airflow/.local/lib/python3.12/site-packages/gcsfs/retry.py", line 123, in retry_request
    return await func(*args, **kwargs)
           ^^^^^^^^^^^^^^^^^^^^^^^^^^^
  File "/home/airflow/.local/lib/python3.12/site-packages/gcsfs/core.py", line 430, in _request
    validate_response(status, contents, path, args)
  File "/home/airflow/.local/lib/python3.12/site-packages/gcsfs/retry.py", line 110, in validate_response
    raise HttpError(error)
gcsfs.retry.HttpError: Invalid Credentials, 401
[2025-12-02T09:26:38.530+0000] {logging_mixin.py:188} INFO - LỖI khi ghi vào GCS: Invalid Credentials, 401
[2025-12-02T09:26:38.531+0000] {python.py:237} INFO - Done. Returned value was: None
[2025-12-02T09:26:38.531+0000] {taskinstance.py:441} INFO - ::group::Post task execution logs
[2025-12-02T09:26:38.538+0000] {taskinstance.py:1206} INFO - Marking task as SUCCESS. dag_id=crypto_cold_path_gcs_1am, task_id=run_daily_gcs_etl, run_id=backfill__2025-11-23T01:00:00+00:00, execution_date=20251123T010000, start_date=20251202T092615, end_date=20251202T092638
[2025-12-02T09:26:38.560+0000] {local_task_job_runner.py:240} INFO - Task exited with return code 0
[2025-12-02T09:26:38.569+0000] {taskinstance.py:3503} INFO - 0 downstream tasks scheduled from follow-on schedule check
[2025-12-02T09:26:38.572+0000] {local_task_job_runner.py:222} INFO - ::endgroup::
[2025-12-02T09:29:29.903+0000] {local_task_job_runner.py:120} INFO - ::group::Pre task execution logs
[2025-12-02T09:29:29.931+0000] {taskinstance.py:2076} INFO - Dependencies all met for dep_context=non-requeueable deps ti=<TaskInstance: crypto_cold_path_gcs_1am.run_daily_gcs_etl backfill__2025-11-23T01:00:00+00:00 [queued]>
[2025-12-02T09:29:29.943+0000] {taskinstance.py:2076} INFO - Dependencies all met for dep_context=requeueable deps ti=<TaskInstance: crypto_cold_path_gcs_1am.run_daily_gcs_etl backfill__2025-11-23T01:00:00+00:00 [queued]>
[2025-12-02T09:29:29.943+0000] {taskinstance.py:2306} INFO - Starting attempt 1 of 3
[2025-12-02T09:29:29.960+0000] {taskinstance.py:2330} INFO - Executing <Task(PythonOperator): run_daily_gcs_etl> on 2025-11-23 01:00:00+00:00
[2025-12-02T09:29:29.970+0000] {warnings.py:112} WARNING - /home/***/.local/lib/python3.12/site-packages/***/task/task_runner/standard_task_runner.py:61: DeprecationWarning: This process (pid=77) is multi-threaded, use of fork() may lead to deadlocks in the child.
  pid = os.fork()

[2025-12-02T09:29:29.974+0000] {standard_task_runner.py:63} INFO - Started process 99 to run task
[2025-12-02T09:29:29.974+0000] {standard_task_runner.py:90} INFO - Running: ['***', 'tasks', 'run', 'crypto_cold_path_gcs_1am', 'run_daily_gcs_etl', 'backfill__2025-11-23T01:00:00+00:00', '--job-id', '161', '--pool', 'default_pool', '--raw', '--subdir', 'DAGS_FOLDER/etl_dag.py', '--cfg-path', '/tmp/tmpaf8pj_ja']
[2025-12-02T09:29:29.976+0000] {standard_task_runner.py:91} INFO - Job 161: Subtask run_daily_gcs_etl
[2025-12-02T09:29:30.112+0000] {task_command.py:426} INFO - Running <TaskInstance: crypto_cold_path_gcs_1am.run_daily_gcs_etl backfill__2025-11-23T01:00:00+00:00 [running]> on host bfb7cfd18f31
[2025-12-02T09:29:30.210+0000] {taskinstance.py:2648} INFO - Exporting env vars: AIRFLOW_CTX_DAG_OWNER='***' AIRFLOW_CTX_DAG_ID='crypto_cold_path_gcs_1am' AIRFLOW_CTX_TASK_ID='run_daily_gcs_etl' AIRFLOW_CTX_EXECUTION_DATE='2025-11-23T01:00:00+00:00' AIRFLOW_CTX_TRY_NUMBER='1' AIRFLOW_CTX_DAG_RUN_ID='backfill__2025-11-23T01:00:00+00:00'
[2025-12-02T09:29:30.212+0000] {taskinstance.py:430} INFO - ::endgroup::
[2025-12-02T09:29:40.217+0000] {logging_mixin.py:188} INFO - --- BẮT ĐẦU ETL (GCS) CHO NGÀY: 2025-11-23 ---
[2025-12-02T09:29:40.221+0000] {logging_mixin.py:188} INFO - Đã kết nối GCS thành công.
[2025-12-02T09:29:40.222+0000] {logging_mixin.py:188} INFO - [Processing Coin: BTCUSDT]
[2025-12-02T09:29:40.613+0000] {logging_mixin.py:188} INFO - [Processing Coin: ETHUSDT]
[2025-12-02T09:29:41.969+0000] {logging_mixin.py:188} INFO - [Processing Coin: SOLUSDT]
[2025-12-02T09:29:42.951+0000] {logging_mixin.py:188} INFO - [Processing Coin: BNBUSDT]
[2025-12-02T09:29:43.575+0000] {logging_mixin.py:188} INFO - [Processing Coin: DOGEUSDT]
[2025-12-02T09:29:43.882+0000] {logging_mixin.py:188} INFO - [Processing Coin: XRPUSDT]
[2025-12-02T09:29:44.206+0000] {logging_mixin.py:188} INFO - [Processing Coin: PEPEUSDT]
[2025-12-02T09:29:44.499+0000] {logging_mixin.py:188} INFO - [Processing Coin: TONUSDT]
[2025-12-02T09:29:44.788+0000] {logging_mixin.py:188} INFO - [Processing Coin: SHIBUSDT]
[2025-12-02T09:29:45.073+0000] {logging_mixin.py:188} INFO - [Processing Coin: DOTUSDT]
[2025-12-02T09:29:45.385+0000] {logging_mixin.py:188} INFO - [Processing Coin: ADAUSDT]
[2025-12-02T09:29:45.668+0000] {logging_mixin.py:188} INFO - [Processing Coin: AVAXUSDT]
[2025-12-02T09:29:46.059+0000] {logging_mixin.py:188} INFO - [Processing Coin: LINKUSDT]
[2025-12-02T09:29:46.345+0000] {logging_mixin.py:188} INFO - [Processing Coin: TRXUSDT]
[2025-12-02T09:29:46.655+0000] {logging_mixin.py:188} INFO - [Processing Coin: MATICUSDT]
[2025-12-02T09:29:46.962+0000] {logging_mixin.py:188} INFO -   -> Không lấy đủ 1440 nến cho MATICUSDT. Bỏ qua.
[2025-12-02T09:29:46.963+0000] {logging_mixin.py:188} INFO - [Processing Coin: BCHUSDT]
[2025-12-02T09:29:47.285+0000] {logging_mixin.py:188} INFO - [Processing Coin: ICPUSDT]
[2025-12-02T09:29:47.572+0000] {logging_mixin.py:188} INFO - [Processing Coin: NEARUSDT]
[2025-12-02T09:29:47.896+0000] {logging_mixin.py:188} INFO - [Processing Coin: LTCUSDT]
[2025-12-02T09:29:48.207+0000] {logging_mixin.py:188} INFO - [Processing Coin: LEOUSD]
[2025-12-02T09:29:48.344+0000] {logging_mixin.py:188} INFO - Lỗi khi gọi API Binance cho LEOUSD: 400 Client Error: Bad Request for url: https://api.binance.com/api/v3/klines?symbol=LEOUSD&interval=1m&startTime=1763856000000&endTime=1763899199999&limit=1000
[2025-12-02T09:29:48.347+0000] {logging_mixin.py:188} INFO -   -> Không lấy đủ 1440 nến cho LEOUSD. Bỏ qua.
[2025-12-02T09:29:48.348+0000] {logging_mixin.py:188} INFO - [Processing Coin: UNIUSDT]
[2025-12-02T09:29:48.716+0000] {logging_mixin.py:188} INFO - [Processing Coin: FETUSDT]
[2025-12-02T09:29:49.050+0000] {logging_mixin.py:188} INFO - [Processing Coin: RNDRUSDT]
[2025-12-02T09:29:49.349+0000] {logging_mixin.py:188} INFO -   -> Không lấy đủ 1440 nến cho RNDRUSDT. Bỏ qua.
[2025-12-02T09:29:49.350+0000] {logging_mixin.py:188} INFO - [Processing Coin: ATOMUSDT]
[2025-12-02T09:29:49.674+0000] {logging_mixin.py:188} INFO - [Processing Coin: INJUSDT]
[2025-12-02T09:29:49.977+0000] {logging_mixin.py:188} INFO - [Processing Coin: WIFUSDT]
[2025-12-02T09:29:50.266+0000] {logging_mixin.py:188} INFO - [Processing Coin: OPUSDT]
[2025-12-02T09:29:50.565+0000] {logging_mixin.py:188} INFO - [Processing Coin: ARBUSDT]
[2025-12-02T09:29:50.856+0000] {logging_mixin.py:188} INFO - [Processing Coin: ETCUSDT]
[2025-12-02T09:29:51.168+0000] {logging_mixin.py:188} INFO - [Processing Coin: FILUSDT]
[2025-12-02T09:29:51.501+0000] {logging_mixin.py:188} INFO - Đã tải về 38880 dòng. Đang xử lý...
[2025-12-02T09:29:51.701+0000] {logging_mixin.py:188} INFO - Đang ghi 38880 dòng vào GCS (Parquet)...
[2025-12-02T09:29:51.934+0000] {retry.py:157} ERROR - _request non-retriable exception: Invalid Credentials, 401
Traceback (most recent call last):
  File "/home/airflow/.local/lib/python3.12/site-packages/gcsfs/retry.py", line 123, in retry_request
    return await func(*args, **kwargs)
           ^^^^^^^^^^^^^^^^^^^^^^^^^^^
  File "/home/airflow/.local/lib/python3.12/site-packages/gcsfs/core.py", line 430, in _request
    validate_response(status, contents, path, args)
  File "/home/airflow/.local/lib/python3.12/site-packages/gcsfs/retry.py", line 110, in validate_response
    raise HttpError(error)
gcsfs.retry.HttpError: Invalid Credentials, 401
[2025-12-02T09:29:51.937+0000] {retry.py:157} ERROR - _request non-retriable exception: Invalid Credentials, 401
Traceback (most recent call last):
  File "/home/airflow/.local/lib/python3.12/site-packages/gcsfs/retry.py", line 123, in retry_request
    return await func(*args, **kwargs)
           ^^^^^^^^^^^^^^^^^^^^^^^^^^^
  File "/home/airflow/.local/lib/python3.12/site-packages/gcsfs/core.py", line 430, in _request
    validate_response(status, contents, path, args)
  File "/home/airflow/.local/lib/python3.12/site-packages/gcsfs/retry.py", line 110, in validate_response
    raise HttpError(error)
gcsfs.retry.HttpError: Invalid Credentials, 401
[2025-12-02T09:29:51.938+0000] {retry.py:157} ERROR - _request non-retriable exception: Invalid Credentials, 401
Traceback (most recent call last):
  File "/home/airflow/.local/lib/python3.12/site-packages/gcsfs/retry.py", line 123, in retry_request
    return await func(*args, **kwargs)
           ^^^^^^^^^^^^^^^^^^^^^^^^^^^
  File "/home/airflow/.local/lib/python3.12/site-packages/gcsfs/core.py", line 430, in _request
    validate_response(status, contents, path, args)
  File "/home/airflow/.local/lib/python3.12/site-packages/gcsfs/retry.py", line 110, in validate_response
    raise HttpError(error)
gcsfs.retry.HttpError: Invalid Credentials, 401
[2025-12-02T09:29:51.939+0000] {retry.py:157} ERROR - _request non-retriable exception: Invalid Credentials, 401
Traceback (most recent call last):
  File "/home/airflow/.local/lib/python3.12/site-packages/gcsfs/retry.py", line 123, in retry_request
    return await func(*args, **kwargs)
           ^^^^^^^^^^^^^^^^^^^^^^^^^^^
  File "/home/airflow/.local/lib/python3.12/site-packages/gcsfs/core.py", line 430, in _request
    validate_response(status, contents, path, args)
  File "/home/airflow/.local/lib/python3.12/site-packages/gcsfs/retry.py", line 110, in validate_response
    raise HttpError(error)
gcsfs.retry.HttpError: Invalid Credentials, 401
[2025-12-02T09:29:51.944+0000] {retry.py:157} ERROR - _request non-retriable exception: Invalid Credentials, 401
Traceback (most recent call last):
  File "/home/airflow/.local/lib/python3.12/site-packages/gcsfs/retry.py", line 123, in retry_request
    return await func(*args, **kwargs)
           ^^^^^^^^^^^^^^^^^^^^^^^^^^^
  File "/home/airflow/.local/lib/python3.12/site-packages/gcsfs/core.py", line 430, in _request
    validate_response(status, contents, path, args)
  File "/home/airflow/.local/lib/python3.12/site-packages/gcsfs/retry.py", line 110, in validate_response
    raise HttpError(error)
gcsfs.retry.HttpError: Invalid Credentials, 401
[2025-12-02T09:29:51.948+0000] {retry.py:157} ERROR - _request non-retriable exception: Invalid Credentials, 401
Traceback (most recent call last):
  File "/home/airflow/.local/lib/python3.12/site-packages/gcsfs/retry.py", line 123, in retry_request
    return await func(*args, **kwargs)
           ^^^^^^^^^^^^^^^^^^^^^^^^^^^
  File "/home/airflow/.local/lib/python3.12/site-packages/gcsfs/core.py", line 430, in _request
    validate_response(status, contents, path, args)
  File "/home/airflow/.local/lib/python3.12/site-packages/gcsfs/retry.py", line 110, in validate_response
    raise HttpError(error)
gcsfs.retry.HttpError: Invalid Credentials, 401
[2025-12-02T09:29:51.951+0000] {retry.py:157} ERROR - _request non-retriable exception: Invalid Credentials, 401
Traceback (most recent call last):
  File "/home/airflow/.local/lib/python3.12/site-packages/gcsfs/retry.py", line 123, in retry_request
    return await func(*args, **kwargs)
           ^^^^^^^^^^^^^^^^^^^^^^^^^^^
  File "/home/airflow/.local/lib/python3.12/site-packages/gcsfs/core.py", line 430, in _request
    validate_response(status, contents, path, args)
  File "/home/airflow/.local/lib/python3.12/site-packages/gcsfs/retry.py", line 110, in validate_response
    raise HttpError(error)
gcsfs.retry.HttpError: Invalid Credentials, 401
[2025-12-02T09:29:51.954+0000] {retry.py:157} ERROR - _request non-retriable exception: Invalid Credentials, 401
Traceback (most recent call last):
  File "/home/airflow/.local/lib/python3.12/site-packages/gcsfs/retry.py", line 123, in retry_request
    return await func(*args, **kwargs)
           ^^^^^^^^^^^^^^^^^^^^^^^^^^^
  File "/home/airflow/.local/lib/python3.12/site-packages/gcsfs/core.py", line 430, in _request
    validate_response(status, contents, path, args)
  File "/home/airflow/.local/lib/python3.12/site-packages/gcsfs/retry.py", line 110, in validate_response
    raise HttpError(error)
gcsfs.retry.HttpError: Invalid Credentials, 401
[2025-12-02T09:29:52.013+0000] {retry.py:157} ERROR - _request non-retriable exception: Invalid Credentials, 401
Traceback (most recent call last):
  File "/home/airflow/.local/lib/python3.12/site-packages/gcsfs/retry.py", line 123, in retry_request
    return await func(*args, **kwargs)
           ^^^^^^^^^^^^^^^^^^^^^^^^^^^
  File "/home/airflow/.local/lib/python3.12/site-packages/gcsfs/core.py", line 430, in _request
    validate_response(status, contents, path, args)
  File "/home/airflow/.local/lib/python3.12/site-packages/gcsfs/retry.py", line 110, in validate_response
    raise HttpError(error)
gcsfs.retry.HttpError: Invalid Credentials, 401
[2025-12-02T09:29:52.051+0000] {retry.py:157} ERROR - _request non-retriable exception: Invalid Credentials, 401
Traceback (most recent call last):
  File "/home/airflow/.local/lib/python3.12/site-packages/gcsfs/retry.py", line 123, in retry_request
    return await func(*args, **kwargs)
           ^^^^^^^^^^^^^^^^^^^^^^^^^^^
  File "/home/airflow/.local/lib/python3.12/site-packages/gcsfs/core.py", line 430, in _request
    validate_response(status, contents, path, args)
  File "/home/airflow/.local/lib/python3.12/site-packages/gcsfs/retry.py", line 110, in validate_response
    raise HttpError(error)
gcsfs.retry.HttpError: Invalid Credentials, 401
[2025-12-02T09:29:52.096+0000] {retry.py:157} ERROR - _request non-retriable exception: Invalid Credentials, 401
Traceback (most recent call last):
  File "/home/airflow/.local/lib/python3.12/site-packages/gcsfs/retry.py", line 123, in retry_request
    return await func(*args, **kwargs)
           ^^^^^^^^^^^^^^^^^^^^^^^^^^^
  File "/home/airflow/.local/lib/python3.12/site-packages/gcsfs/core.py", line 430, in _request
    validate_response(status, contents, path, args)
  File "/home/airflow/.local/lib/python3.12/site-packages/gcsfs/retry.py", line 110, in validate_response
    raise HttpError(error)
gcsfs.retry.HttpError: Invalid Credentials, 401
[2025-12-02T09:29:52.116+0000] {retry.py:157} ERROR - _request non-retriable exception: Invalid Credentials, 401
Traceback (most recent call last):
  File "/home/airflow/.local/lib/python3.12/site-packages/gcsfs/retry.py", line 123, in retry_request
    return await func(*args, **kwargs)
           ^^^^^^^^^^^^^^^^^^^^^^^^^^^
  File "/home/airflow/.local/lib/python3.12/site-packages/gcsfs/core.py", line 430, in _request
    validate_response(status, contents, path, args)
  File "/home/airflow/.local/lib/python3.12/site-packages/gcsfs/retry.py", line 110, in validate_response
    raise HttpError(error)
gcsfs.retry.HttpError: Invalid Credentials, 401
[2025-12-02T09:29:52.121+0000] {retry.py:157} ERROR - _request non-retriable exception: Invalid Credentials, 401
Traceback (most recent call last):
  File "/home/airflow/.local/lib/python3.12/site-packages/gcsfs/retry.py", line 123, in retry_request
    return await func(*args, **kwargs)
           ^^^^^^^^^^^^^^^^^^^^^^^^^^^
  File "/home/airflow/.local/lib/python3.12/site-packages/gcsfs/core.py", line 430, in _request
    validate_response(status, contents, path, args)
  File "/home/airflow/.local/lib/python3.12/site-packages/gcsfs/retry.py", line 110, in validate_response
    raise HttpError(error)
gcsfs.retry.HttpError: Invalid Credentials, 401
[2025-12-02T09:29:52.133+0000] {retry.py:157} ERROR - _request non-retriable exception: Invalid Credentials, 401
Traceback (most recent call last):
  File "/home/airflow/.local/lib/python3.12/site-packages/gcsfs/retry.py", line 123, in retry_request
    return await func(*args, **kwargs)
           ^^^^^^^^^^^^^^^^^^^^^^^^^^^
  File "/home/airflow/.local/lib/python3.12/site-packages/gcsfs/core.py", line 430, in _request
    validate_response(status, contents, path, args)
  File "/home/airflow/.local/lib/python3.12/site-packages/gcsfs/retry.py", line 110, in validate_response
    raise HttpError(error)
gcsfs.retry.HttpError: Invalid Credentials, 401
[2025-12-02T09:29:52.137+0000] {retry.py:157} ERROR - _request non-retriable exception: Invalid Credentials, 401
Traceback (most recent call last):
  File "/home/airflow/.local/lib/python3.12/site-packages/gcsfs/retry.py", line 123, in retry_request
    return await func(*args, **kwargs)
           ^^^^^^^^^^^^^^^^^^^^^^^^^^^
  File "/home/airflow/.local/lib/python3.12/site-packages/gcsfs/core.py", line 430, in _request
    validate_response(status, contents, path, args)
  File "/home/airflow/.local/lib/python3.12/site-packages/gcsfs/retry.py", line 110, in validate_response
    raise HttpError(error)
gcsfs.retry.HttpError: Invalid Credentials, 401
[2025-12-02T09:29:52.141+0000] {retry.py:157} ERROR - _request non-retriable exception: Invalid Credentials, 401
Traceback (most recent call last):
  File "/home/airflow/.local/lib/python3.12/site-packages/gcsfs/retry.py", line 123, in retry_request
    return await func(*args, **kwargs)
           ^^^^^^^^^^^^^^^^^^^^^^^^^^^
  File "/home/airflow/.local/lib/python3.12/site-packages/gcsfs/core.py", line 430, in _request
    validate_response(status, contents, path, args)
  File "/home/airflow/.local/lib/python3.12/site-packages/gcsfs/retry.py", line 110, in validate_response
    raise HttpError(error)
gcsfs.retry.HttpError: Invalid Credentials, 401
[2025-12-02T09:29:52.146+0000] {retry.py:157} ERROR - _request non-retriable exception: Invalid Credentials, 401
Traceback (most recent call last):
  File "/home/airflow/.local/lib/python3.12/site-packages/gcsfs/retry.py", line 123, in retry_request
    return await func(*args, **kwargs)
           ^^^^^^^^^^^^^^^^^^^^^^^^^^^
  File "/home/airflow/.local/lib/python3.12/site-packages/gcsfs/core.py", line 430, in _request
    validate_response(status, contents, path, args)
  File "/home/airflow/.local/lib/python3.12/site-packages/gcsfs/retry.py", line 110, in validate_response
    raise HttpError(error)
gcsfs.retry.HttpError: Invalid Credentials, 401
[2025-12-02T09:29:52.148+0000] {retry.py:157} ERROR - _request non-retriable exception: Invalid Credentials, 401
Traceback (most recent call last):
  File "/home/airflow/.local/lib/python3.12/site-packages/gcsfs/retry.py", line 123, in retry_request
    return await func(*args, **kwargs)
           ^^^^^^^^^^^^^^^^^^^^^^^^^^^
  File "/home/airflow/.local/lib/python3.12/site-packages/gcsfs/core.py", line 430, in _request
    validate_response(status, contents, path, args)
  File "/home/airflow/.local/lib/python3.12/site-packages/gcsfs/retry.py", line 110, in validate_response
    raise HttpError(error)
gcsfs.retry.HttpError: Invalid Credentials, 401
[2025-12-02T09:29:52.172+0000] {retry.py:157} ERROR - _request non-retriable exception: Invalid Credentials, 401
Traceback (most recent call last):
  File "/home/airflow/.local/lib/python3.12/site-packages/gcsfs/retry.py", line 123, in retry_request
    return await func(*args, **kwargs)
           ^^^^^^^^^^^^^^^^^^^^^^^^^^^
  File "/home/airflow/.local/lib/python3.12/site-packages/gcsfs/core.py", line 430, in _request
    validate_response(status, contents, path, args)
  File "/home/airflow/.local/lib/python3.12/site-packages/gcsfs/retry.py", line 110, in validate_response
    raise HttpError(error)
gcsfs.retry.HttpError: Invalid Credentials, 401
[2025-12-02T09:29:52.194+0000] {retry.py:157} ERROR - _request non-retriable exception: Invalid Credentials, 401
Traceback (most recent call last):
  File "/home/airflow/.local/lib/python3.12/site-packages/gcsfs/retry.py", line 123, in retry_request
    return await func(*args, **kwargs)
           ^^^^^^^^^^^^^^^^^^^^^^^^^^^
  File "/home/airflow/.local/lib/python3.12/site-packages/gcsfs/core.py", line 430, in _request
    validate_response(status, contents, path, args)
  File "/home/airflow/.local/lib/python3.12/site-packages/gcsfs/retry.py", line 110, in validate_response
    raise HttpError(error)
gcsfs.retry.HttpError: Invalid Credentials, 401
[2025-12-02T09:29:52.204+0000] {retry.py:157} ERROR - _request non-retriable exception: Invalid Credentials, 401
Traceback (most recent call last):
  File "/home/airflow/.local/lib/python3.12/site-packages/gcsfs/retry.py", line 123, in retry_request
    return await func(*args, **kwargs)
           ^^^^^^^^^^^^^^^^^^^^^^^^^^^
  File "/home/airflow/.local/lib/python3.12/site-packages/gcsfs/core.py", line 430, in _request
    validate_response(status, contents, path, args)
  File "/home/airflow/.local/lib/python3.12/site-packages/gcsfs/retry.py", line 110, in validate_response
    raise HttpError(error)
gcsfs.retry.HttpError: Invalid Credentials, 401
[2025-12-02T09:29:52.232+0000] {retry.py:157} ERROR - _request non-retriable exception: Invalid Credentials, 401
Traceback (most recent call last):
  File "/home/airflow/.local/lib/python3.12/site-packages/gcsfs/retry.py", line 123, in retry_request
    return await func(*args, **kwargs)
           ^^^^^^^^^^^^^^^^^^^^^^^^^^^
  File "/home/airflow/.local/lib/python3.12/site-packages/gcsfs/core.py", line 430, in _request
    validate_response(status, contents, path, args)
  File "/home/airflow/.local/lib/python3.12/site-packages/gcsfs/retry.py", line 110, in validate_response
    raise HttpError(error)
gcsfs.retry.HttpError: Invalid Credentials, 401
[2025-12-02T09:29:52.234+0000] {retry.py:157} ERROR - _request non-retriable exception: Invalid Credentials, 401
Traceback (most recent call last):
  File "/home/airflow/.local/lib/python3.12/site-packages/gcsfs/retry.py", line 123, in retry_request
    return await func(*args, **kwargs)
           ^^^^^^^^^^^^^^^^^^^^^^^^^^^
  File "/home/airflow/.local/lib/python3.12/site-packages/gcsfs/core.py", line 430, in _request
    validate_response(status, contents, path, args)
  File "/home/airflow/.local/lib/python3.12/site-packages/gcsfs/retry.py", line 110, in validate_response
    raise HttpError(error)
gcsfs.retry.HttpError: Invalid Credentials, 401
[2025-12-02T09:29:52.237+0000] {retry.py:157} ERROR - _request non-retriable exception: Invalid Credentials, 401
Traceback (most recent call last):
  File "/home/airflow/.local/lib/python3.12/site-packages/gcsfs/retry.py", line 123, in retry_request
    return await func(*args, **kwargs)
           ^^^^^^^^^^^^^^^^^^^^^^^^^^^
  File "/home/airflow/.local/lib/python3.12/site-packages/gcsfs/core.py", line 430, in _request
    validate_response(status, contents, path, args)
  File "/home/airflow/.local/lib/python3.12/site-packages/gcsfs/retry.py", line 110, in validate_response
    raise HttpError(error)
gcsfs.retry.HttpError: Invalid Credentials, 401
[2025-12-02T09:29:52.240+0000] {retry.py:157} ERROR - _request non-retriable exception: Invalid Credentials, 401
Traceback (most recent call last):
  File "/home/airflow/.local/lib/python3.12/site-packages/gcsfs/retry.py", line 123, in retry_request
    return await func(*args, **kwargs)
           ^^^^^^^^^^^^^^^^^^^^^^^^^^^
  File "/home/airflow/.local/lib/python3.12/site-packages/gcsfs/core.py", line 430, in _request
    validate_response(status, contents, path, args)
  File "/home/airflow/.local/lib/python3.12/site-packages/gcsfs/retry.py", line 110, in validate_response
    raise HttpError(error)
gcsfs.retry.HttpError: Invalid Credentials, 401
[2025-12-02T09:29:52.244+0000] {retry.py:157} ERROR - _request non-retriable exception: Invalid Credentials, 401
Traceback (most recent call last):
  File "/home/airflow/.local/lib/python3.12/site-packages/gcsfs/retry.py", line 123, in retry_request
    return await func(*args, **kwargs)
           ^^^^^^^^^^^^^^^^^^^^^^^^^^^
  File "/home/airflow/.local/lib/python3.12/site-packages/gcsfs/core.py", line 430, in _request
    validate_response(status, contents, path, args)
  File "/home/airflow/.local/lib/python3.12/site-packages/gcsfs/retry.py", line 110, in validate_response
    raise HttpError(error)
gcsfs.retry.HttpError: Invalid Credentials, 401
[2025-12-02T09:29:52.315+0000] {retry.py:157} ERROR - _request non-retriable exception: Invalid Credentials, 401
Traceback (most recent call last):
  File "/home/airflow/.local/lib/python3.12/site-packages/gcsfs/retry.py", line 123, in retry_request
    return await func(*args, **kwargs)
           ^^^^^^^^^^^^^^^^^^^^^^^^^^^
  File "/home/airflow/.local/lib/python3.12/site-packages/gcsfs/core.py", line 430, in _request
    validate_response(status, contents, path, args)
  File "/home/airflow/.local/lib/python3.12/site-packages/gcsfs/retry.py", line 110, in validate_response
    raise HttpError(error)
gcsfs.retry.HttpError: Invalid Credentials, 401
[2025-12-02T09:29:52.317+0000] {logging_mixin.py:188} INFO - LỖI khi ghi vào GCS: Invalid Credentials, 401
[2025-12-02T09:29:52.318+0000] {python.py:237} INFO - Done. Returned value was: None
[2025-12-02T09:29:52.318+0000] {taskinstance.py:441} INFO - ::group::Post task execution logs
[2025-12-02T09:29:52.334+0000] {taskinstance.py:1206} INFO - Marking task as SUCCESS. dag_id=crypto_cold_path_gcs_1am, task_id=run_daily_gcs_etl, run_id=backfill__2025-11-23T01:00:00+00:00, execution_date=20251123T010000, start_date=20251202T092929, end_date=20251202T092952
[2025-12-02T09:29:52.410+0000] {local_task_job_runner.py:240} INFO - Task exited with return code 0
[2025-12-02T09:29:52.427+0000] {taskinstance.py:3503} INFO - 0 downstream tasks scheduled from follow-on schedule check
[2025-12-02T09:29:52.432+0000] {local_task_job_runner.py:222} INFO - ::endgroup::
[2025-12-02T09:39:28.285+0000] {local_task_job_runner.py:120} INFO - ::group::Pre task execution logs
[2025-12-02T09:39:28.319+0000] {taskinstance.py:2076} INFO - Dependencies all met for dep_context=non-requeueable deps ti=<TaskInstance: crypto_cold_path_gcs_1am.run_daily_gcs_etl backfill__2025-11-23T01:00:00+00:00 [queued]>
[2025-12-02T09:39:28.331+0000] {taskinstance.py:2076} INFO - Dependencies all met for dep_context=requeueable deps ti=<TaskInstance: crypto_cold_path_gcs_1am.run_daily_gcs_etl backfill__2025-11-23T01:00:00+00:00 [queued]>
[2025-12-02T09:39:28.332+0000] {taskinstance.py:2306} INFO - Starting attempt 1 of 3
[2025-12-02T09:39:28.355+0000] {taskinstance.py:2330} INFO - Executing <Task(PythonOperator): run_daily_gcs_etl> on 2025-11-23 01:00:00+00:00
[2025-12-02T09:39:28.365+0000] {warnings.py:112} WARNING - /home/***/.local/lib/python3.12/site-packages/***/task/task_runner/standard_task_runner.py:61: DeprecationWarning: This process (pid=89) is multi-threaded, use of fork() may lead to deadlocks in the child.
  pid = os.fork()

[2025-12-02T09:39:28.368+0000] {standard_task_runner.py:63} INFO - Started process 110 to run task
[2025-12-02T09:39:28.370+0000] {standard_task_runner.py:90} INFO - Running: ['***', 'tasks', 'run', 'crypto_cold_path_gcs_1am', 'run_daily_gcs_etl', 'backfill__2025-11-23T01:00:00+00:00', '--job-id', '182', '--pool', 'default_pool', '--raw', '--subdir', 'DAGS_FOLDER/etl_dag.py', '--cfg-path', '/tmp/tmppesc4huf']
[2025-12-02T09:39:28.373+0000] {standard_task_runner.py:91} INFO - Job 182: Subtask run_daily_gcs_etl
[2025-12-02T09:39:28.546+0000] {task_command.py:426} INFO - Running <TaskInstance: crypto_cold_path_gcs_1am.run_daily_gcs_etl backfill__2025-11-23T01:00:00+00:00 [running]> on host 33ce2b249896
[2025-12-02T09:39:28.678+0000] {taskinstance.py:2648} INFO - Exporting env vars: AIRFLOW_CTX_DAG_OWNER='***' AIRFLOW_CTX_DAG_ID='crypto_cold_path_gcs_1am' AIRFLOW_CTX_TASK_ID='run_daily_gcs_etl' AIRFLOW_CTX_EXECUTION_DATE='2025-11-23T01:00:00+00:00' AIRFLOW_CTX_TRY_NUMBER='1' AIRFLOW_CTX_DAG_RUN_ID='backfill__2025-11-23T01:00:00+00:00'
[2025-12-02T09:39:28.681+0000] {taskinstance.py:430} INFO - ::endgroup::
[2025-12-02T09:39:38.684+0000] {logging_mixin.py:188} INFO - --- BẮT ĐẦU ETL (GCS) CHO NGÀY: 2025-11-23 ---
[2025-12-02T09:39:38.738+0000] {logging_mixin.py:188} INFO - Đã kết nối GCS thành công.
[2025-12-02T09:39:38.738+0000] {logging_mixin.py:188} INFO - [Processing Coin: BTCUSDT]
[2025-12-02T09:39:39.148+0000] {logging_mixin.py:188} INFO - [Processing Coin: ETHUSDT]
[2025-12-02T09:39:39.544+0000] {logging_mixin.py:188} INFO - [Processing Coin: SOLUSDT]
[2025-12-02T09:39:39.830+0000] {logging_mixin.py:188} INFO - [Processing Coin: BNBUSDT]
[2025-12-02T09:39:40.136+0000] {logging_mixin.py:188} INFO - [Processing Coin: DOGEUSDT]
[2025-12-02T09:39:40.486+0000] {logging_mixin.py:188} INFO - [Processing Coin: XRPUSDT]
[2025-12-02T09:39:40.831+0000] {logging_mixin.py:188} INFO - [Processing Coin: PEPEUSDT]
[2025-12-02T09:39:41.155+0000] {logging_mixin.py:188} INFO - [Processing Coin: TONUSDT]
[2025-12-02T09:39:41.510+0000] {logging_mixin.py:188} INFO - [Processing Coin: SHIBUSDT]
[2025-12-02T09:39:41.816+0000] {logging_mixin.py:188} INFO - [Processing Coin: DOTUSDT]
[2025-12-02T09:39:42.118+0000] {logging_mixin.py:188} INFO - [Processing Coin: ADAUSDT]
[2025-12-02T09:39:42.455+0000] {logging_mixin.py:188} INFO - [Processing Coin: AVAXUSDT]
[2025-12-02T09:39:42.752+0000] {logging_mixin.py:188} INFO - [Processing Coin: LINKUSDT]
[2025-12-02T09:39:43.037+0000] {logging_mixin.py:188} INFO - [Processing Coin: TRXUSDT]
[2025-12-02T09:39:43.366+0000] {logging_mixin.py:188} INFO - [Processing Coin: MATICUSDT]
[2025-12-02T09:39:43.629+0000] {logging_mixin.py:188} INFO -   -> Không lấy đủ 1440 nến cho MATICUSDT. Bỏ qua.
[2025-12-02T09:39:43.630+0000] {logging_mixin.py:188} INFO - [Processing Coin: BCHUSDT]
[2025-12-02T09:39:43.909+0000] {logging_mixin.py:188} INFO - [Processing Coin: ICPUSDT]
[2025-12-02T09:39:44.244+0000] {logging_mixin.py:188} INFO - [Processing Coin: NEARUSDT]
[2025-12-02T09:39:45.580+0000] {logging_mixin.py:188} INFO - [Processing Coin: LTCUSDT]
[2025-12-02T09:39:45.876+0000] {logging_mixin.py:188} INFO - [Processing Coin: LEOUSD]
[2025-12-02T09:39:46.009+0000] {logging_mixin.py:188} INFO - Lỗi khi gọi API Binance cho LEOUSD: 400 Client Error: Bad Request for url: https://api.binance.com/api/v3/klines?symbol=LEOUSD&interval=1m&startTime=1763856000000&endTime=1763899199999&limit=1000
[2025-12-02T09:39:46.013+0000] {logging_mixin.py:188} INFO -   -> Không lấy đủ 1440 nến cho LEOUSD. Bỏ qua.
[2025-12-02T09:39:46.013+0000] {logging_mixin.py:188} INFO - [Processing Coin: UNIUSDT]
[2025-12-02T09:39:46.537+0000] {logging_mixin.py:188} INFO - [Processing Coin: FETUSDT]
[2025-12-02T09:39:46.839+0000] {logging_mixin.py:188} INFO - [Processing Coin: RNDRUSDT]
[2025-12-02T09:39:47.094+0000] {logging_mixin.py:188} INFO -   -> Không lấy đủ 1440 nến cho RNDRUSDT. Bỏ qua.
[2025-12-02T09:39:47.095+0000] {logging_mixin.py:188} INFO - [Processing Coin: ATOMUSDT]
[2025-12-02T09:39:47.430+0000] {logging_mixin.py:188} INFO - [Processing Coin: INJUSDT]
[2025-12-02T09:39:47.699+0000] {logging_mixin.py:188} INFO - [Processing Coin: WIFUSDT]
[2025-12-02T09:39:47.993+0000] {logging_mixin.py:188} INFO - [Processing Coin: OPUSDT]
[2025-12-02T09:39:48.290+0000] {logging_mixin.py:188} INFO - [Processing Coin: ARBUSDT]
[2025-12-02T09:39:48.635+0000] {logging_mixin.py:188} INFO - [Processing Coin: ETCUSDT]
[2025-12-02T09:39:48.944+0000] {logging_mixin.py:188} INFO - [Processing Coin: FILUSDT]
[2025-12-02T09:39:49.473+0000] {logging_mixin.py:188} INFO - Đã tải về 38880 dòng. Đang xử lý...
[2025-12-02T09:39:49.641+0000] {logging_mixin.py:188} INFO - Đang ghi 38880 dòng vào GCS (Parquet)...
[2025-12-02T09:39:52.468+0000] {logging_mixin.py:188} INFO - LỖI khi ghi vào GCS: 'str' object has no attribute 'strftime'
[2025-12-02T09:39:52.479+0000] {python.py:237} INFO - Done. Returned value was: None
[2025-12-02T09:39:52.480+0000] {taskinstance.py:441} INFO - ::group::Post task execution logs
[2025-12-02T09:39:52.488+0000] {taskinstance.py:1206} INFO - Marking task as SUCCESS. dag_id=crypto_cold_path_gcs_1am, task_id=run_daily_gcs_etl, run_id=backfill__2025-11-23T01:00:00+00:00, execution_date=20251123T010000, start_date=20251202T093928, end_date=20251202T093952
[2025-12-02T09:39:52.516+0000] {local_task_job_runner.py:240} INFO - Task exited with return code 0
[2025-12-02T09:39:52.528+0000] {taskinstance.py:3503} INFO - 0 downstream tasks scheduled from follow-on schedule check
[2025-12-02T09:39:52.531+0000] {local_task_job_runner.py:222} INFO - ::endgroup::
