[2025-12-02T09:02:20.770+0000] {local_task_job_runner.py:120} INFO - ::group::Pre task execution logs
[2025-12-02T09:02:20.786+0000] {taskinstance.py:2076} INFO - Dependencies all met for dep_context=non-requeueable deps ti=<TaskInstance: crypto_cold_path_gcs_1am.run_daily_gcs_etl manual__2025-12-02T08:52:06.647234+00:00 [queued]>
[2025-12-02T09:02:20.791+0000] {taskinstance.py:2076} INFO - Dependencies all met for dep_context=requeueable deps ti=<TaskInstance: crypto_cold_path_gcs_1am.run_daily_gcs_etl manual__2025-12-02T08:52:06.647234+00:00 [queued]>
[2025-12-02T09:02:20.793+0000] {taskinstance.py:2306} INFO - Starting attempt 2 of 3
[2025-12-02T09:02:20.801+0000] {taskinstance.py:2330} INFO - Executing <Task(PythonOperator): run_daily_gcs_etl> on 2025-12-02 08:52:06.647234+00:00
[2025-12-02T09:02:20.807+0000] {warnings.py:112} WARNING - /home/***/.local/lib/python3.12/site-packages/***/task/task_runner/standard_task_runner.py:61: DeprecationWarning: This process (pid=75) is multi-threaded, use of fork() may lead to deadlocks in the child.
  pid = os.fork()

[2025-12-02T09:02:20.808+0000] {standard_task_runner.py:90} INFO - Running: ['***', 'tasks', 'run', 'crypto_cold_path_gcs_1am', 'run_daily_gcs_etl', 'manual__2025-12-02T08:52:06.647234+00:00', '--job-id', '117', '--raw', '--subdir', 'DAGS_FOLDER/etl_dag.py', '--cfg-path', '/tmp/tmpsne1dmul']
[2025-12-02T09:02:20.808+0000] {standard_task_runner.py:63} INFO - Started process 77 to run task
[2025-12-02T09:02:20.809+0000] {standard_task_runner.py:91} INFO - Job 117: Subtask run_daily_gcs_etl
[2025-12-02T09:02:20.876+0000] {task_command.py:426} INFO - Running <TaskInstance: crypto_cold_path_gcs_1am.run_daily_gcs_etl manual__2025-12-02T08:52:06.647234+00:00 [running]> on host 1ee5465b27af
[2025-12-02T09:02:20.940+0000] {taskinstance.py:2648} INFO - Exporting env vars: AIRFLOW_CTX_DAG_OWNER='***' AIRFLOW_CTX_DAG_ID='crypto_cold_path_gcs_1am' AIRFLOW_CTX_TASK_ID='run_daily_gcs_etl' AIRFLOW_CTX_EXECUTION_DATE='2025-12-02T08:52:06.647234+00:00' AIRFLOW_CTX_TRY_NUMBER='2' AIRFLOW_CTX_DAG_RUN_ID='manual__2025-12-02T08:52:06.647234+00:00'
[2025-12-02T09:02:20.941+0000] {taskinstance.py:430} INFO - ::endgroup::
[2025-12-02T09:02:30.944+0000] {logging_mixin.py:188} INFO - --- BẮT ĐẦU ETL (GCS) CHO NGÀY: 2025-12-02 ---
[2025-12-02T09:02:30.985+0000] {logging_mixin.py:188} INFO - Đã kết nối GCS thành công.
[2025-12-02T09:02:30.986+0000] {logging_mixin.py:188} INFO - [Processing Coin: BTCUSDT]
[2025-12-02T09:02:31.313+0000] {logging_mixin.py:188} INFO -   -> Không lấy đủ 1440 nến cho BTCUSDT. Bỏ qua.
[2025-12-02T09:02:31.314+0000] {logging_mixin.py:188} INFO - [Processing Coin: ETHUSDT]
[2025-12-02T09:02:31.590+0000] {logging_mixin.py:188} INFO -   -> Không lấy đủ 1440 nến cho ETHUSDT. Bỏ qua.
[2025-12-02T09:02:31.590+0000] {logging_mixin.py:188} INFO - [Processing Coin: SOLUSDT]
[2025-12-02T09:02:31.846+0000] {logging_mixin.py:188} INFO -   -> Không lấy đủ 1440 nến cho SOLUSDT. Bỏ qua.
[2025-12-02T09:02:31.847+0000] {logging_mixin.py:188} INFO - [Processing Coin: BNBUSDT]
[2025-12-02T09:02:32.113+0000] {logging_mixin.py:188} INFO -   -> Không lấy đủ 1440 nến cho BNBUSDT. Bỏ qua.
[2025-12-02T09:02:32.114+0000] {logging_mixin.py:188} INFO - [Processing Coin: DOGEUSDT]
[2025-12-02T09:02:32.367+0000] {logging_mixin.py:188} INFO -   -> Không lấy đủ 1440 nến cho DOGEUSDT. Bỏ qua.
[2025-12-02T09:02:32.368+0000] {logging_mixin.py:188} INFO - [Processing Coin: XRPUSDT]
[2025-12-02T09:02:32.632+0000] {logging_mixin.py:188} INFO -   -> Không lấy đủ 1440 nến cho XRPUSDT. Bỏ qua.
[2025-12-02T09:02:32.633+0000] {logging_mixin.py:188} INFO - [Processing Coin: PEPEUSDT]
[2025-12-02T09:02:32.890+0000] {logging_mixin.py:188} INFO -   -> Không lấy đủ 1440 nến cho PEPEUSDT. Bỏ qua.
[2025-12-02T09:02:32.891+0000] {logging_mixin.py:188} INFO - [Processing Coin: TONUSDT]
[2025-12-02T09:02:33.154+0000] {logging_mixin.py:188} INFO -   -> Không lấy đủ 1440 nến cho TONUSDT. Bỏ qua.
[2025-12-02T09:02:33.155+0000] {logging_mixin.py:188} INFO - [Processing Coin: SHIBUSDT]
[2025-12-02T09:02:33.406+0000] {logging_mixin.py:188} INFO -   -> Không lấy đủ 1440 nến cho SHIBUSDT. Bỏ qua.
[2025-12-02T09:02:33.407+0000] {logging_mixin.py:188} INFO - [Processing Coin: DOTUSDT]
[2025-12-02T09:02:33.669+0000] {logging_mixin.py:188} INFO -   -> Không lấy đủ 1440 nến cho DOTUSDT. Bỏ qua.
[2025-12-02T09:02:33.670+0000] {logging_mixin.py:188} INFO - [Processing Coin: ADAUSDT]
[2025-12-02T09:02:33.921+0000] {logging_mixin.py:188} INFO -   -> Không lấy đủ 1440 nến cho ADAUSDT. Bỏ qua.
[2025-12-02T09:02:33.922+0000] {logging_mixin.py:188} INFO - [Processing Coin: AVAXUSDT]
[2025-12-02T09:02:34.178+0000] {logging_mixin.py:188} INFO -   -> Không lấy đủ 1440 nến cho AVAXUSDT. Bỏ qua.
[2025-12-02T09:02:34.179+0000] {logging_mixin.py:188} INFO - [Processing Coin: LINKUSDT]
[2025-12-02T09:02:34.436+0000] {logging_mixin.py:188} INFO -   -> Không lấy đủ 1440 nến cho LINKUSDT. Bỏ qua.
[2025-12-02T09:02:34.437+0000] {logging_mixin.py:188} INFO - [Processing Coin: TRXUSDT]
[2025-12-02T09:02:34.687+0000] {logging_mixin.py:188} INFO -   -> Không lấy đủ 1440 nến cho TRXUSDT. Bỏ qua.
[2025-12-02T09:02:34.688+0000] {logging_mixin.py:188} INFO - [Processing Coin: MATICUSDT]
[2025-12-02T09:02:34.932+0000] {logging_mixin.py:188} INFO -   -> Không lấy đủ 1440 nến cho MATICUSDT. Bỏ qua.
[2025-12-02T09:02:34.933+0000] {logging_mixin.py:188} INFO - [Processing Coin: BCHUSDT]
[2025-12-02T09:02:35.171+0000] {logging_mixin.py:188} INFO -   -> Không lấy đủ 1440 nến cho BCHUSDT. Bỏ qua.
[2025-12-02T09:02:35.172+0000] {logging_mixin.py:188} INFO - [Processing Coin: ICPUSDT]
[2025-12-02T09:02:35.436+0000] {logging_mixin.py:188} INFO -   -> Không lấy đủ 1440 nến cho ICPUSDT. Bỏ qua.
[2025-12-02T09:02:35.438+0000] {logging_mixin.py:188} INFO - [Processing Coin: NEARUSDT]
[2025-12-02T09:02:35.705+0000] {logging_mixin.py:188} INFO -   -> Không lấy đủ 1440 nến cho NEARUSDT. Bỏ qua.
[2025-12-02T09:02:35.706+0000] {logging_mixin.py:188} INFO - [Processing Coin: LTCUSDT]
[2025-12-02T09:02:35.960+0000] {logging_mixin.py:188} INFO -   -> Không lấy đủ 1440 nến cho LTCUSDT. Bỏ qua.
[2025-12-02T09:02:35.961+0000] {logging_mixin.py:188} INFO - [Processing Coin: LEOUSD]
[2025-12-02T09:02:36.087+0000] {logging_mixin.py:188} INFO - Lỗi khi gọi API Binance cho LEOUSD: 400 Client Error: Bad Request for url: https://api.binance.com/api/v3/klines?symbol=LEOUSD&interval=1m&startTime=1764633600000&endTime=1764676799999&limit=1000
[2025-12-02T09:02:36.089+0000] {logging_mixin.py:188} INFO -   -> Không lấy đủ 1440 nến cho LEOUSD. Bỏ qua.
[2025-12-02T09:02:36.090+0000] {logging_mixin.py:188} INFO - [Processing Coin: UNIUSDT]
[2025-12-02T09:02:36.339+0000] {logging_mixin.py:188} INFO -   -> Không lấy đủ 1440 nến cho UNIUSDT. Bỏ qua.
[2025-12-02T09:02:36.340+0000] {logging_mixin.py:188} INFO - [Processing Coin: FETUSDT]
[2025-12-02T09:02:36.593+0000] {logging_mixin.py:188} INFO -   -> Không lấy đủ 1440 nến cho FETUSDT. Bỏ qua.
[2025-12-02T09:02:36.594+0000] {logging_mixin.py:188} INFO - [Processing Coin: RNDRUSDT]
[2025-12-02T09:02:36.847+0000] {logging_mixin.py:188} INFO -   -> Không lấy đủ 1440 nến cho RNDRUSDT. Bỏ qua.
[2025-12-02T09:02:36.848+0000] {logging_mixin.py:188} INFO - [Processing Coin: ATOMUSDT]
[2025-12-02T09:02:37.101+0000] {logging_mixin.py:188} INFO -   -> Không lấy đủ 1440 nến cho ATOMUSDT. Bỏ qua.
[2025-12-02T09:02:37.101+0000] {logging_mixin.py:188} INFO - [Processing Coin: INJUSDT]
[2025-12-02T09:02:37.339+0000] {logging_mixin.py:188} INFO -   -> Không lấy đủ 1440 nến cho INJUSDT. Bỏ qua.
[2025-12-02T09:02:37.340+0000] {logging_mixin.py:188} INFO - [Processing Coin: WIFUSDT]
[2025-12-02T09:02:37.597+0000] {logging_mixin.py:188} INFO -   -> Không lấy đủ 1440 nến cho WIFUSDT. Bỏ qua.
[2025-12-02T09:02:37.598+0000] {logging_mixin.py:188} INFO - [Processing Coin: OPUSDT]
[2025-12-02T09:02:37.849+0000] {logging_mixin.py:188} INFO -   -> Không lấy đủ 1440 nến cho OPUSDT. Bỏ qua.
[2025-12-02T09:02:37.850+0000] {logging_mixin.py:188} INFO - [Processing Coin: ARBUSDT]
[2025-12-02T09:02:38.090+0000] {logging_mixin.py:188} INFO -   -> Không lấy đủ 1440 nến cho ARBUSDT. Bỏ qua.
[2025-12-02T09:02:38.091+0000] {logging_mixin.py:188} INFO - [Processing Coin: ETCUSDT]
[2025-12-02T09:02:38.355+0000] {logging_mixin.py:188} INFO -   -> Không lấy đủ 1440 nến cho ETCUSDT. Bỏ qua.
[2025-12-02T09:02:38.356+0000] {logging_mixin.py:188} INFO - [Processing Coin: FILUSDT]
[2025-12-02T09:02:38.605+0000] {logging_mixin.py:188} INFO -   -> Không lấy đủ 1440 nến cho FILUSDT. Bỏ qua.
[2025-12-02T09:02:38.606+0000] {logging_mixin.py:188} INFO - Không có dữ liệu nào được tải về. Kết thúc.
[2025-12-02T09:02:38.606+0000] {python.py:237} INFO - Done. Returned value was: None
[2025-12-02T09:02:38.607+0000] {taskinstance.py:441} INFO - ::group::Post task execution logs
[2025-12-02T09:02:38.614+0000] {taskinstance.py:1206} INFO - Marking task as SUCCESS. dag_id=crypto_cold_path_gcs_1am, task_id=run_daily_gcs_etl, run_id=manual__2025-12-02T08:52:06.647234+00:00, execution_date=20251202T085206, start_date=20251202T090220, end_date=20251202T090238
[2025-12-02T09:02:38.672+0000] {local_task_job_runner.py:240} INFO - Task exited with return code 0
[2025-12-02T09:02:38.684+0000] {taskinstance.py:3503} INFO - 0 downstream tasks scheduled from follow-on schedule check
[2025-12-02T09:02:38.687+0000] {local_task_job_runner.py:222} INFO - ::endgroup::
