[2025-12-02T08:52:08.081+0000] {local_task_job_runner.py:120} INFO - ::group::Pre task execution logs
[2025-12-02T08:52:08.096+0000] {taskinstance.py:2076} INFO - Dependencies all met for dep_context=non-requeueable deps ti=<TaskInstance: crypto_cold_path_gcs_1am.run_daily_gcs_etl manual__2025-12-02T08:52:06.647234+00:00 [queued]>
[2025-12-02T08:52:08.100+0000] {taskinstance.py:2076} INFO - Dependencies all met for dep_context=requeueable deps ti=<TaskInstance: crypto_cold_path_gcs_1am.run_daily_gcs_etl manual__2025-12-02T08:52:06.647234+00:00 [queued]>
[2025-12-02T08:52:08.102+0000] {taskinstance.py:2306} INFO - Starting attempt 1 of 3
[2025-12-02T08:52:08.110+0000] {taskinstance.py:2330} INFO - Executing <Task(PythonOperator): run_daily_gcs_etl> on 2025-12-02 08:52:06.647234+00:00
[2025-12-02T08:52:08.115+0000] {warnings.py:112} WARNING - /home/***/.local/lib/python3.12/site-packages/***/task/task_runner/standard_task_runner.py:61: DeprecationWarning: This process (pid=75) is multi-threaded, use of fork() may lead to deadlocks in the child.
  pid = os.fork()

[2025-12-02T08:52:08.116+0000] {standard_task_runner.py:63} INFO - Started process 77 to run task
[2025-12-02T08:52:08.116+0000] {standard_task_runner.py:90} INFO - Running: ['***', 'tasks', 'run', 'crypto_cold_path_gcs_1am', 'run_daily_gcs_etl', 'manual__2025-12-02T08:52:06.647234+00:00', '--job-id', '109', '--raw', '--subdir', 'DAGS_FOLDER/etl_dag.py', '--cfg-path', '/tmp/tmpqeaimntv']
[2025-12-02T08:52:08.118+0000] {standard_task_runner.py:91} INFO - Job 109: Subtask run_daily_gcs_etl
[2025-12-02T08:52:08.183+0000] {task_command.py:426} INFO - Running <TaskInstance: crypto_cold_path_gcs_1am.run_daily_gcs_etl manual__2025-12-02T08:52:06.647234+00:00 [running]> on host 2aa532f4eb24
[2025-12-02T08:52:08.241+0000] {taskinstance.py:2648} INFO - Exporting env vars: AIRFLOW_CTX_DAG_OWNER='***' AIRFLOW_CTX_DAG_ID='crypto_cold_path_gcs_1am' AIRFLOW_CTX_TASK_ID='run_daily_gcs_etl' AIRFLOW_CTX_EXECUTION_DATE='2025-12-02T08:52:06.647234+00:00' AIRFLOW_CTX_TRY_NUMBER='1' AIRFLOW_CTX_DAG_RUN_ID='manual__2025-12-02T08:52:06.647234+00:00'
[2025-12-02T08:52:08.242+0000] {taskinstance.py:430} INFO - ::endgroup::
[2025-12-02T08:52:18.241+0000] {taskinstance.py:441} INFO - ::group::Post task execution logs
[2025-12-02T08:52:18.242+0000] {taskinstance.py:2905} ERROR - Task failed with exception
Traceback (most recent call last):
  File "/home/airflow/.local/lib/python3.12/site-packages/airflow/models/taskinstance.py", line 465, in _execute_task
    result = _execute_callable(context=context, **execute_callable_kwargs)
             ^^^^^^^^^^^^^^^^^^^^^^^^^^^^^^^^^^^^^^^^^^^^^^^^^^^^^^^^^^^^^
  File "/home/airflow/.local/lib/python3.12/site-packages/airflow/models/taskinstance.py", line 432, in _execute_callable
    return execute_callable(context=context, **execute_callable_kwargs)
           ^^^^^^^^^^^^^^^^^^^^^^^^^^^^^^^^^^^^^^^^^^^^^^^^^^^^^^^^^^^^
  File "/home/airflow/.local/lib/python3.12/site-packages/airflow/models/baseoperator.py", line 401, in wrapper
    return func(self, *args, **kwargs)
           ^^^^^^^^^^^^^^^^^^^^^^^^^^^
  File "/home/airflow/.local/lib/python3.12/site-packages/airflow/operators/python.py", line 235, in execute
    return_value = self.execute_callable()
                   ^^^^^^^^^^^^^^^^^^^^^^^
  File "/home/airflow/.local/lib/python3.12/site-packages/airflow/operators/python.py", line 252, in execute_callable
    return self.python_callable(*self.op_args, **self.op_kwargs)
           ^^^^^^^^^^^^^^^^^^^^^^^^^^^^^^^^^^^^^^^^^^^^^^^^^^^^^
  File "/opt/airflow/dags/etl_binance_to_gcs.py", line 51, in run_etl
    print(f"--- BẮT ĐẦU ETL (GCS) CHO NGÀY: {date_to_process.strftime('%Y-%m-%d')} ---")
                                             ^^^^^^^^^^^^^^^^^^^^^^^^
AttributeError: 'str' object has no attribute 'strftime'
[2025-12-02T08:52:18.256+0000] {taskinstance.py:1206} INFO - Marking task as UP_FOR_RETRY. dag_id=crypto_cold_path_gcs_1am, task_id=run_daily_gcs_etl, run_id=manual__2025-12-02T08:52:06.647234+00:00, execution_date=20251202T085206, start_date=20251202T085208, end_date=20251202T085218
[2025-12-02T08:52:18.266+0000] {standard_task_runner.py:110} ERROR - Failed to execute job 109 for task run_daily_gcs_etl ('str' object has no attribute 'strftime'; 77)
[2025-12-02T08:52:18.307+0000] {local_task_job_runner.py:240} INFO - Task exited with return code 1
[2025-12-02T08:52:18.317+0000] {taskinstance.py:3503} INFO - 0 downstream tasks scheduled from follow-on schedule check
[2025-12-02T08:52:18.320+0000] {local_task_job_runner.py:222} INFO - ::endgroup::
