[2025-12-02T09:00:42.644+0000] {local_task_job_runner.py:120} INFO - ::group::Pre task execution logs
[2025-12-02T09:00:42.658+0000] {taskinstance.py:2076} INFO - Dependencies all met for dep_context=non-requeueable deps ti=<TaskInstance: crypto_cold_path_gcs_1am.run_daily_gcs_etl manual__2025-12-02T08:40:27.978714+00:00 [queued]>
[2025-12-02T09:00:42.663+0000] {taskinstance.py:2076} INFO - Dependencies all met for dep_context=requeueable deps ti=<TaskInstance: crypto_cold_path_gcs_1am.run_daily_gcs_etl manual__2025-12-02T08:40:27.978714+00:00 [queued]>
[2025-12-02T09:00:42.665+0000] {taskinstance.py:2306} INFO - Starting attempt 3 of 3
[2025-12-02T09:00:42.673+0000] {taskinstance.py:2330} INFO - Executing <Task(PythonOperator): run_daily_gcs_etl> on 2025-12-02 08:40:27.978714+00:00
[2025-12-02T09:00:42.678+0000] {warnings.py:112} WARNING - /home/***/.local/lib/python3.12/site-packages/***/task/task_runner/standard_task_runner.py:61: DeprecationWarning: This process (pid=146) is multi-threaded, use of fork() may lead to deadlocks in the child.
  pid = os.fork()

[2025-12-02T09:00:42.679+0000] {standard_task_runner.py:63} INFO - Started process 148 to run task
[2025-12-02T09:00:42.680+0000] {standard_task_runner.py:90} INFO - Running: ['***', 'tasks', 'run', 'crypto_cold_path_gcs_1am', 'run_daily_gcs_etl', 'manual__2025-12-02T08:40:27.978714+00:00', '--job-id', '114', '--raw', '--subdir', 'DAGS_FOLDER/etl_dag.py', '--cfg-path', '/tmp/tmpmqwm4dc1']
[2025-12-02T09:00:42.680+0000] {standard_task_runner.py:91} INFO - Job 114: Subtask run_daily_gcs_etl
[2025-12-02T09:00:42.756+0000] {task_command.py:426} INFO - Running <TaskInstance: crypto_cold_path_gcs_1am.run_daily_gcs_etl manual__2025-12-02T08:40:27.978714+00:00 [running]> on host 2aa532f4eb24
[2025-12-02T09:00:42.823+0000] {taskinstance.py:2648} INFO - Exporting env vars: AIRFLOW_CTX_DAG_OWNER='***' AIRFLOW_CTX_DAG_ID='crypto_cold_path_gcs_1am' AIRFLOW_CTX_TASK_ID='run_daily_gcs_etl' AIRFLOW_CTX_EXECUTION_DATE='2025-12-02T08:40:27.978714+00:00' AIRFLOW_CTX_TRY_NUMBER='3' AIRFLOW_CTX_DAG_RUN_ID='manual__2025-12-02T08:40:27.978714+00:00'
[2025-12-02T09:00:42.825+0000] {taskinstance.py:430} INFO - ::endgroup::
[2025-12-02T09:00:52.826+0000] {logging_mixin.py:188} INFO - --- BẮT ĐẦU ETL (GCS) CHO NGÀY: 2025-12-02 ---
[2025-12-02T09:00:52.832+0000] {logging_mixin.py:188} INFO - LỖI: Không thể kết nối GCS. [Errno 21] Is a directory: '/opt/***/gcs_key.json'
[2025-12-02T09:00:52.833+0000] {python.py:237} INFO - Done. Returned value was: None
[2025-12-02T09:00:52.833+0000] {taskinstance.py:441} INFO - ::group::Post task execution logs
[2025-12-02T09:00:52.841+0000] {taskinstance.py:1206} INFO - Marking task as SUCCESS. dag_id=crypto_cold_path_gcs_1am, task_id=run_daily_gcs_etl, run_id=manual__2025-12-02T08:40:27.978714+00:00, execution_date=20251202T084027, start_date=20251202T090042, end_date=20251202T090052
[2025-12-02T09:00:52.878+0000] {local_task_job_runner.py:240} INFO - Task exited with return code 0
[2025-12-02T09:00:52.891+0000] {taskinstance.py:3503} INFO - 0 downstream tasks scheduled from follow-on schedule check
[2025-12-02T09:00:52.895+0000] {local_task_job_runner.py:222} INFO - ::endgroup::
