[2025-12-02T09:05:23.961+0000] {processor.py:161} INFO - Started process (PID=54) to work on /opt/airflow/dags/etl_binance_to_gcs.py
[2025-12-02T09:05:23.963+0000] {processor.py:830} INFO - Processing file /opt/airflow/dags/etl_binance_to_gcs.py for tasks to queue
[2025-12-02T09:05:23.965+0000] {logging_mixin.py:188} INFO - [2025-12-02T09:05:23.965+0000] {dagbag.py:545} INFO - Filling up the DagBag from /opt/airflow/dags/etl_binance_to_gcs.py
[2025-12-02T09:05:25.361+0000] {processor.py:842} WARNING - No viable dags retrieved from /opt/airflow/dags/etl_binance_to_gcs.py
[2025-12-02T09:05:25.374+0000] {processor.py:183} INFO - Processing /opt/airflow/dags/etl_binance_to_gcs.py took 1.418 seconds
[2025-12-02T09:05:55.978+0000] {processor.py:161} INFO - Started process (PID=122) to work on /opt/airflow/dags/etl_binance_to_gcs.py
[2025-12-02T09:05:55.979+0000] {processor.py:830} INFO - Processing file /opt/airflow/dags/etl_binance_to_gcs.py for tasks to queue
[2025-12-02T09:05:55.981+0000] {logging_mixin.py:188} INFO - [2025-12-02T09:05:55.981+0000] {dagbag.py:545} INFO - Filling up the DagBag from /opt/airflow/dags/etl_binance_to_gcs.py
[2025-12-02T09:05:56.463+0000] {processor.py:842} WARNING - No viable dags retrieved from /opt/airflow/dags/etl_binance_to_gcs.py
[2025-12-02T09:05:56.476+0000] {processor.py:183} INFO - Processing /opt/airflow/dags/etl_binance_to_gcs.py took 0.503 seconds
[2025-12-02T09:06:27.028+0000] {processor.py:161} INFO - Started process (PID=184) to work on /opt/airflow/dags/etl_binance_to_gcs.py
[2025-12-02T09:06:27.029+0000] {processor.py:830} INFO - Processing file /opt/airflow/dags/etl_binance_to_gcs.py for tasks to queue
[2025-12-02T09:06:27.032+0000] {logging_mixin.py:188} INFO - [2025-12-02T09:06:27.032+0000] {dagbag.py:545} INFO - Filling up the DagBag from /opt/airflow/dags/etl_binance_to_gcs.py
[2025-12-02T09:06:27.476+0000] {processor.py:842} WARNING - No viable dags retrieved from /opt/airflow/dags/etl_binance_to_gcs.py
[2025-12-02T09:06:27.487+0000] {processor.py:183} INFO - Processing /opt/airflow/dags/etl_binance_to_gcs.py took 0.465 seconds
[2025-12-02T09:06:57.766+0000] {processor.py:161} INFO - Started process (PID=246) to work on /opt/airflow/dags/etl_binance_to_gcs.py
[2025-12-02T09:06:57.767+0000] {processor.py:830} INFO - Processing file /opt/airflow/dags/etl_binance_to_gcs.py for tasks to queue
[2025-12-02T09:06:57.769+0000] {logging_mixin.py:188} INFO - [2025-12-02T09:06:57.769+0000] {dagbag.py:545} INFO - Filling up the DagBag from /opt/airflow/dags/etl_binance_to_gcs.py
[2025-12-02T09:06:58.134+0000] {processor.py:842} WARNING - No viable dags retrieved from /opt/airflow/dags/etl_binance_to_gcs.py
[2025-12-02T09:06:58.144+0000] {processor.py:183} INFO - Processing /opt/airflow/dags/etl_binance_to_gcs.py took 0.382 seconds
[2025-12-02T09:07:28.837+0000] {processor.py:161} INFO - Started process (PID=308) to work on /opt/airflow/dags/etl_binance_to_gcs.py
[2025-12-02T09:07:28.838+0000] {processor.py:830} INFO - Processing file /opt/airflow/dags/etl_binance_to_gcs.py for tasks to queue
[2025-12-02T09:07:28.840+0000] {logging_mixin.py:188} INFO - [2025-12-02T09:07:28.839+0000] {dagbag.py:545} INFO - Filling up the DagBag from /opt/airflow/dags/etl_binance_to_gcs.py
[2025-12-02T09:07:29.325+0000] {processor.py:842} WARNING - No viable dags retrieved from /opt/airflow/dags/etl_binance_to_gcs.py
[2025-12-02T09:07:29.335+0000] {processor.py:183} INFO - Processing /opt/airflow/dags/etl_binance_to_gcs.py took 0.503 seconds
[2025-12-02T09:07:59.755+0000] {processor.py:161} INFO - Started process (PID=371) to work on /opt/airflow/dags/etl_binance_to_gcs.py
[2025-12-02T09:07:59.756+0000] {processor.py:830} INFO - Processing file /opt/airflow/dags/etl_binance_to_gcs.py for tasks to queue
[2025-12-02T09:07:59.758+0000] {logging_mixin.py:188} INFO - [2025-12-02T09:07:59.758+0000] {dagbag.py:545} INFO - Filling up the DagBag from /opt/airflow/dags/etl_binance_to_gcs.py
[2025-12-02T09:08:00.174+0000] {processor.py:842} WARNING - No viable dags retrieved from /opt/airflow/dags/etl_binance_to_gcs.py
[2025-12-02T09:08:00.186+0000] {processor.py:183} INFO - Processing /opt/airflow/dags/etl_binance_to_gcs.py took 0.435 seconds
[2025-12-02T09:08:30.576+0000] {processor.py:161} INFO - Started process (PID=433) to work on /opt/airflow/dags/etl_binance_to_gcs.py
[2025-12-02T09:08:30.577+0000] {processor.py:830} INFO - Processing file /opt/airflow/dags/etl_binance_to_gcs.py for tasks to queue
[2025-12-02T09:08:30.579+0000] {logging_mixin.py:188} INFO - [2025-12-02T09:08:30.578+0000] {dagbag.py:545} INFO - Filling up the DagBag from /opt/airflow/dags/etl_binance_to_gcs.py
[2025-12-02T09:08:31.006+0000] {processor.py:842} WARNING - No viable dags retrieved from /opt/airflow/dags/etl_binance_to_gcs.py
[2025-12-02T09:08:31.016+0000] {processor.py:183} INFO - Processing /opt/airflow/dags/etl_binance_to_gcs.py took 0.445 seconds
[2025-12-02T09:09:01.243+0000] {processor.py:161} INFO - Started process (PID=495) to work on /opt/airflow/dags/etl_binance_to_gcs.py
[2025-12-02T09:09:01.244+0000] {processor.py:830} INFO - Processing file /opt/airflow/dags/etl_binance_to_gcs.py for tasks to queue
[2025-12-02T09:09:01.245+0000] {logging_mixin.py:188} INFO - [2025-12-02T09:09:01.245+0000] {dagbag.py:545} INFO - Filling up the DagBag from /opt/airflow/dags/etl_binance_to_gcs.py
[2025-12-02T09:09:01.657+0000] {processor.py:842} WARNING - No viable dags retrieved from /opt/airflow/dags/etl_binance_to_gcs.py
[2025-12-02T09:09:01.669+0000] {processor.py:183} INFO - Processing /opt/airflow/dags/etl_binance_to_gcs.py took 0.430 seconds
[2025-12-02T09:09:31.971+0000] {processor.py:161} INFO - Started process (PID=557) to work on /opt/airflow/dags/etl_binance_to_gcs.py
[2025-12-02T09:09:31.972+0000] {processor.py:830} INFO - Processing file /opt/airflow/dags/etl_binance_to_gcs.py for tasks to queue
[2025-12-02T09:09:31.974+0000] {logging_mixin.py:188} INFO - [2025-12-02T09:09:31.973+0000] {dagbag.py:545} INFO - Filling up the DagBag from /opt/airflow/dags/etl_binance_to_gcs.py
[2025-12-02T09:09:32.354+0000] {processor.py:842} WARNING - No viable dags retrieved from /opt/airflow/dags/etl_binance_to_gcs.py
[2025-12-02T09:09:32.363+0000] {processor.py:183} INFO - Processing /opt/airflow/dags/etl_binance_to_gcs.py took 0.396 seconds
[2025-12-02T09:10:02.466+0000] {processor.py:161} INFO - Started process (PID=619) to work on /opt/airflow/dags/etl_binance_to_gcs.py
[2025-12-02T09:10:02.467+0000] {processor.py:830} INFO - Processing file /opt/airflow/dags/etl_binance_to_gcs.py for tasks to queue
[2025-12-02T09:10:02.469+0000] {logging_mixin.py:188} INFO - [2025-12-02T09:10:02.469+0000] {dagbag.py:545} INFO - Filling up the DagBag from /opt/airflow/dags/etl_binance_to_gcs.py
[2025-12-02T09:10:02.904+0000] {processor.py:842} WARNING - No viable dags retrieved from /opt/airflow/dags/etl_binance_to_gcs.py
[2025-12-02T09:10:02.916+0000] {processor.py:183} INFO - Processing /opt/airflow/dags/etl_binance_to_gcs.py took 0.457 seconds
[2025-12-02T09:10:33.117+0000] {processor.py:161} INFO - Started process (PID=681) to work on /opt/airflow/dags/etl_binance_to_gcs.py
[2025-12-02T09:10:33.118+0000] {processor.py:830} INFO - Processing file /opt/airflow/dags/etl_binance_to_gcs.py for tasks to queue
[2025-12-02T09:10:33.119+0000] {logging_mixin.py:188} INFO - [2025-12-02T09:10:33.119+0000] {dagbag.py:545} INFO - Filling up the DagBag from /opt/airflow/dags/etl_binance_to_gcs.py
[2025-12-02T09:10:33.465+0000] {processor.py:842} WARNING - No viable dags retrieved from /opt/airflow/dags/etl_binance_to_gcs.py
[2025-12-02T09:10:33.474+0000] {processor.py:183} INFO - Processing /opt/airflow/dags/etl_binance_to_gcs.py took 0.362 seconds
[2025-12-02T09:11:03.547+0000] {processor.py:161} INFO - Started process (PID=743) to work on /opt/airflow/dags/etl_binance_to_gcs.py
[2025-12-02T09:11:03.548+0000] {processor.py:830} INFO - Processing file /opt/airflow/dags/etl_binance_to_gcs.py for tasks to queue
[2025-12-02T09:11:03.550+0000] {logging_mixin.py:188} INFO - [2025-12-02T09:11:03.549+0000] {dagbag.py:545} INFO - Filling up the DagBag from /opt/airflow/dags/etl_binance_to_gcs.py
[2025-12-02T09:11:03.950+0000] {processor.py:842} WARNING - No viable dags retrieved from /opt/airflow/dags/etl_binance_to_gcs.py
[2025-12-02T09:11:03.959+0000] {processor.py:183} INFO - Processing /opt/airflow/dags/etl_binance_to_gcs.py took 0.416 seconds
[2025-12-02T09:11:34.038+0000] {processor.py:161} INFO - Started process (PID=808) to work on /opt/airflow/dags/etl_binance_to_gcs.py
[2025-12-02T09:11:34.039+0000] {processor.py:830} INFO - Processing file /opt/airflow/dags/etl_binance_to_gcs.py for tasks to queue
[2025-12-02T09:11:34.041+0000] {logging_mixin.py:188} INFO - [2025-12-02T09:11:34.040+0000] {dagbag.py:545} INFO - Filling up the DagBag from /opt/airflow/dags/etl_binance_to_gcs.py
[2025-12-02T09:11:34.415+0000] {processor.py:842} WARNING - No viable dags retrieved from /opt/airflow/dags/etl_binance_to_gcs.py
[2025-12-02T09:11:34.423+0000] {processor.py:183} INFO - Processing /opt/airflow/dags/etl_binance_to_gcs.py took 0.390 seconds
[2025-12-02T09:12:04.703+0000] {processor.py:161} INFO - Started process (PID=873) to work on /opt/airflow/dags/etl_binance_to_gcs.py
[2025-12-02T09:12:04.704+0000] {processor.py:830} INFO - Processing file /opt/airflow/dags/etl_binance_to_gcs.py for tasks to queue
[2025-12-02T09:12:04.706+0000] {logging_mixin.py:188} INFO - [2025-12-02T09:12:04.706+0000] {dagbag.py:545} INFO - Filling up the DagBag from /opt/airflow/dags/etl_binance_to_gcs.py
[2025-12-02T09:12:05.157+0000] {processor.py:842} WARNING - No viable dags retrieved from /opt/airflow/dags/etl_binance_to_gcs.py
[2025-12-02T09:12:05.168+0000] {processor.py:183} INFO - Processing /opt/airflow/dags/etl_binance_to_gcs.py took 0.469 seconds
[2025-12-02T09:12:35.272+0000] {processor.py:161} INFO - Started process (PID=938) to work on /opt/airflow/dags/etl_binance_to_gcs.py
[2025-12-02T09:12:35.273+0000] {processor.py:830} INFO - Processing file /opt/airflow/dags/etl_binance_to_gcs.py for tasks to queue
[2025-12-02T09:12:35.276+0000] {logging_mixin.py:188} INFO - [2025-12-02T09:12:35.275+0000] {dagbag.py:545} INFO - Filling up the DagBag from /opt/airflow/dags/etl_binance_to_gcs.py
[2025-12-02T09:12:35.731+0000] {processor.py:842} WARNING - No viable dags retrieved from /opt/airflow/dags/etl_binance_to_gcs.py
[2025-12-02T09:12:35.740+0000] {processor.py:183} INFO - Processing /opt/airflow/dags/etl_binance_to_gcs.py took 0.474 seconds
[2025-12-02T09:13:06.511+0000] {processor.py:161} INFO - Started process (PID=1000) to work on /opt/airflow/dags/etl_binance_to_gcs.py
[2025-12-02T09:13:06.512+0000] {processor.py:830} INFO - Processing file /opt/airflow/dags/etl_binance_to_gcs.py for tasks to queue
[2025-12-02T09:13:06.513+0000] {logging_mixin.py:188} INFO - [2025-12-02T09:13:06.513+0000] {dagbag.py:545} INFO - Filling up the DagBag from /opt/airflow/dags/etl_binance_to_gcs.py
[2025-12-02T09:13:06.887+0000] {processor.py:842} WARNING - No viable dags retrieved from /opt/airflow/dags/etl_binance_to_gcs.py
[2025-12-02T09:13:06.896+0000] {processor.py:183} INFO - Processing /opt/airflow/dags/etl_binance_to_gcs.py took 0.390 seconds
[2025-12-02T09:13:37.645+0000] {processor.py:161} INFO - Started process (PID=1063) to work on /opt/airflow/dags/etl_binance_to_gcs.py
[2025-12-02T09:13:37.646+0000] {processor.py:830} INFO - Processing file /opt/airflow/dags/etl_binance_to_gcs.py for tasks to queue
[2025-12-02T09:13:37.648+0000] {logging_mixin.py:188} INFO - [2025-12-02T09:13:37.648+0000] {dagbag.py:545} INFO - Filling up the DagBag from /opt/airflow/dags/etl_binance_to_gcs.py
[2025-12-02T09:13:38.000+0000] {processor.py:842} WARNING - No viable dags retrieved from /opt/airflow/dags/etl_binance_to_gcs.py
[2025-12-02T09:13:38.009+0000] {processor.py:183} INFO - Processing /opt/airflow/dags/etl_binance_to_gcs.py took 0.369 seconds
[2025-12-02T09:14:08.963+0000] {processor.py:161} INFO - Started process (PID=1125) to work on /opt/airflow/dags/etl_binance_to_gcs.py
[2025-12-02T09:14:08.964+0000] {processor.py:830} INFO - Processing file /opt/airflow/dags/etl_binance_to_gcs.py for tasks to queue
[2025-12-02T09:14:08.965+0000] {logging_mixin.py:188} INFO - [2025-12-02T09:14:08.965+0000] {dagbag.py:545} INFO - Filling up the DagBag from /opt/airflow/dags/etl_binance_to_gcs.py
[2025-12-02T09:14:09.344+0000] {processor.py:842} WARNING - No viable dags retrieved from /opt/airflow/dags/etl_binance_to_gcs.py
[2025-12-02T09:14:09.353+0000] {processor.py:183} INFO - Processing /opt/airflow/dags/etl_binance_to_gcs.py took 0.394 seconds
[2025-12-02T09:14:39.456+0000] {processor.py:161} INFO - Started process (PID=1220) to work on /opt/airflow/dags/etl_binance_to_gcs.py
[2025-12-02T09:14:39.457+0000] {processor.py:830} INFO - Processing file /opt/airflow/dags/etl_binance_to_gcs.py for tasks to queue
[2025-12-02T09:14:39.459+0000] {logging_mixin.py:188} INFO - [2025-12-02T09:14:39.459+0000] {dagbag.py:545} INFO - Filling up the DagBag from /opt/airflow/dags/etl_binance_to_gcs.py
[2025-12-02T09:14:39.862+0000] {processor.py:842} WARNING - No viable dags retrieved from /opt/airflow/dags/etl_binance_to_gcs.py
[2025-12-02T09:14:39.877+0000] {processor.py:183} INFO - Processing /opt/airflow/dags/etl_binance_to_gcs.py took 0.426 seconds
[2025-12-02T09:15:10.630+0000] {processor.py:161} INFO - Started process (PID=1282) to work on /opt/airflow/dags/etl_binance_to_gcs.py
[2025-12-02T09:15:10.631+0000] {processor.py:830} INFO - Processing file /opt/airflow/dags/etl_binance_to_gcs.py for tasks to queue
[2025-12-02T09:15:10.633+0000] {logging_mixin.py:188} INFO - [2025-12-02T09:15:10.633+0000] {dagbag.py:545} INFO - Filling up the DagBag from /opt/airflow/dags/etl_binance_to_gcs.py
[2025-12-02T09:15:11.024+0000] {processor.py:842} WARNING - No viable dags retrieved from /opt/airflow/dags/etl_binance_to_gcs.py
[2025-12-02T09:15:11.035+0000] {processor.py:183} INFO - Processing /opt/airflow/dags/etl_binance_to_gcs.py took 0.410 seconds
[2025-12-02T09:15:41.085+0000] {processor.py:161} INFO - Started process (PID=1350) to work on /opt/airflow/dags/etl_binance_to_gcs.py
[2025-12-02T09:15:41.086+0000] {processor.py:830} INFO - Processing file /opt/airflow/dags/etl_binance_to_gcs.py for tasks to queue
[2025-12-02T09:15:41.088+0000] {logging_mixin.py:188} INFO - [2025-12-02T09:15:41.088+0000] {dagbag.py:545} INFO - Filling up the DagBag from /opt/airflow/dags/etl_binance_to_gcs.py
[2025-12-02T09:15:41.540+0000] {processor.py:842} WARNING - No viable dags retrieved from /opt/airflow/dags/etl_binance_to_gcs.py
[2025-12-02T09:15:41.551+0000] {processor.py:183} INFO - Processing /opt/airflow/dags/etl_binance_to_gcs.py took 0.472 seconds
[2025-12-02T09:16:12.292+0000] {processor.py:161} INFO - Started process (PID=1412) to work on /opt/airflow/dags/etl_binance_to_gcs.py
[2025-12-02T09:16:12.293+0000] {processor.py:830} INFO - Processing file /opt/airflow/dags/etl_binance_to_gcs.py for tasks to queue
[2025-12-02T09:16:12.294+0000] {logging_mixin.py:188} INFO - [2025-12-02T09:16:12.294+0000] {dagbag.py:545} INFO - Filling up the DagBag from /opt/airflow/dags/etl_binance_to_gcs.py
[2025-12-02T09:16:12.714+0000] {processor.py:842} WARNING - No viable dags retrieved from /opt/airflow/dags/etl_binance_to_gcs.py
[2025-12-02T09:16:12.724+0000] {processor.py:183} INFO - Processing /opt/airflow/dags/etl_binance_to_gcs.py took 0.440 seconds
[2025-12-02T09:16:43.552+0000] {processor.py:161} INFO - Started process (PID=1474) to work on /opt/airflow/dags/etl_binance_to_gcs.py
[2025-12-02T09:16:43.553+0000] {processor.py:830} INFO - Processing file /opt/airflow/dags/etl_binance_to_gcs.py for tasks to queue
[2025-12-02T09:16:43.555+0000] {logging_mixin.py:188} INFO - [2025-12-02T09:16:43.555+0000] {dagbag.py:545} INFO - Filling up the DagBag from /opt/airflow/dags/etl_binance_to_gcs.py
[2025-12-02T09:16:44.030+0000] {processor.py:842} WARNING - No viable dags retrieved from /opt/airflow/dags/etl_binance_to_gcs.py
[2025-12-02T09:16:44.040+0000] {processor.py:183} INFO - Processing /opt/airflow/dags/etl_binance_to_gcs.py took 0.493 seconds
[2025-12-02T09:17:14.985+0000] {processor.py:161} INFO - Started process (PID=1536) to work on /opt/airflow/dags/etl_binance_to_gcs.py
[2025-12-02T09:17:14.986+0000] {processor.py:830} INFO - Processing file /opt/airflow/dags/etl_binance_to_gcs.py for tasks to queue
[2025-12-02T09:17:14.988+0000] {logging_mixin.py:188} INFO - [2025-12-02T09:17:14.988+0000] {dagbag.py:545} INFO - Filling up the DagBag from /opt/airflow/dags/etl_binance_to_gcs.py
[2025-12-02T09:17:15.373+0000] {processor.py:842} WARNING - No viable dags retrieved from /opt/airflow/dags/etl_binance_to_gcs.py
[2025-12-02T09:17:15.382+0000] {processor.py:183} INFO - Processing /opt/airflow/dags/etl_binance_to_gcs.py took 0.401 seconds
[2025-12-02T09:17:45.536+0000] {processor.py:161} INFO - Started process (PID=1636) to work on /opt/airflow/dags/etl_binance_to_gcs.py
[2025-12-02T09:17:45.537+0000] {processor.py:830} INFO - Processing file /opt/airflow/dags/etl_binance_to_gcs.py for tasks to queue
[2025-12-02T09:17:45.539+0000] {logging_mixin.py:188} INFO - [2025-12-02T09:17:45.539+0000] {dagbag.py:545} INFO - Filling up the DagBag from /opt/airflow/dags/etl_binance_to_gcs.py
[2025-12-02T09:17:45.896+0000] {processor.py:842} WARNING - No viable dags retrieved from /opt/airflow/dags/etl_binance_to_gcs.py
[2025-12-02T09:17:45.906+0000] {processor.py:183} INFO - Processing /opt/airflow/dags/etl_binance_to_gcs.py took 0.376 seconds
[2025-12-02T09:18:16.892+0000] {processor.py:161} INFO - Started process (PID=1698) to work on /opt/airflow/dags/etl_binance_to_gcs.py
[2025-12-02T09:18:16.893+0000] {processor.py:830} INFO - Processing file /opt/airflow/dags/etl_binance_to_gcs.py for tasks to queue
[2025-12-02T09:18:16.895+0000] {logging_mixin.py:188} INFO - [2025-12-02T09:18:16.894+0000] {dagbag.py:545} INFO - Filling up the DagBag from /opt/airflow/dags/etl_binance_to_gcs.py
[2025-12-02T09:18:17.283+0000] {processor.py:842} WARNING - No viable dags retrieved from /opt/airflow/dags/etl_binance_to_gcs.py
[2025-12-02T09:18:17.295+0000] {processor.py:183} INFO - Processing /opt/airflow/dags/etl_binance_to_gcs.py took 0.407 seconds
[2025-12-02T09:18:48.319+0000] {processor.py:161} INFO - Started process (PID=1760) to work on /opt/airflow/dags/etl_binance_to_gcs.py
[2025-12-02T09:18:48.320+0000] {processor.py:830} INFO - Processing file /opt/airflow/dags/etl_binance_to_gcs.py for tasks to queue
[2025-12-02T09:18:48.322+0000] {logging_mixin.py:188} INFO - [2025-12-02T09:18:48.321+0000] {dagbag.py:545} INFO - Filling up the DagBag from /opt/airflow/dags/etl_binance_to_gcs.py
[2025-12-02T09:18:48.651+0000] {processor.py:842} WARNING - No viable dags retrieved from /opt/airflow/dags/etl_binance_to_gcs.py
[2025-12-02T09:18:48.660+0000] {processor.py:183} INFO - Processing /opt/airflow/dags/etl_binance_to_gcs.py took 0.345 seconds
[2025-12-02T09:19:19.187+0000] {processor.py:161} INFO - Started process (PID=1856) to work on /opt/airflow/dags/etl_binance_to_gcs.py
[2025-12-02T09:19:19.188+0000] {processor.py:830} INFO - Processing file /opt/airflow/dags/etl_binance_to_gcs.py for tasks to queue
[2025-12-02T09:19:19.190+0000] {logging_mixin.py:188} INFO - [2025-12-02T09:19:19.189+0000] {dagbag.py:545} INFO - Filling up the DagBag from /opt/airflow/dags/etl_binance_to_gcs.py
[2025-12-02T09:19:19.654+0000] {processor.py:842} WARNING - No viable dags retrieved from /opt/airflow/dags/etl_binance_to_gcs.py
[2025-12-02T09:19:19.663+0000] {processor.py:183} INFO - Processing /opt/airflow/dags/etl_binance_to_gcs.py took 0.481 seconds
[2025-12-02T09:19:50.677+0000] {processor.py:161} INFO - Started process (PID=1918) to work on /opt/airflow/dags/etl_binance_to_gcs.py
[2025-12-02T09:19:50.678+0000] {processor.py:830} INFO - Processing file /opt/airflow/dags/etl_binance_to_gcs.py for tasks to queue
[2025-12-02T09:19:50.680+0000] {logging_mixin.py:188} INFO - [2025-12-02T09:19:50.680+0000] {dagbag.py:545} INFO - Filling up the DagBag from /opt/airflow/dags/etl_binance_to_gcs.py
[2025-12-02T09:19:51.182+0000] {processor.py:842} WARNING - No viable dags retrieved from /opt/airflow/dags/etl_binance_to_gcs.py
[2025-12-02T09:19:51.194+0000] {processor.py:183} INFO - Processing /opt/airflow/dags/etl_binance_to_gcs.py took 0.524 seconds
[2025-12-02T09:20:21.512+0000] {processor.py:161} INFO - Started process (PID=1980) to work on /opt/airflow/dags/etl_binance_to_gcs.py
[2025-12-02T09:20:21.514+0000] {processor.py:830} INFO - Processing file /opt/airflow/dags/etl_binance_to_gcs.py for tasks to queue
[2025-12-02T09:20:21.517+0000] {logging_mixin.py:188} INFO - [2025-12-02T09:20:21.517+0000] {dagbag.py:545} INFO - Filling up the DagBag from /opt/airflow/dags/etl_binance_to_gcs.py
[2025-12-02T09:20:21.999+0000] {processor.py:842} WARNING - No viable dags retrieved from /opt/airflow/dags/etl_binance_to_gcs.py
[2025-12-02T09:20:22.011+0000] {processor.py:183} INFO - Processing /opt/airflow/dags/etl_binance_to_gcs.py took 0.506 seconds
[2025-12-02T09:20:52.796+0000] {processor.py:161} INFO - Started process (PID=2042) to work on /opt/airflow/dags/etl_binance_to_gcs.py
[2025-12-02T09:20:52.797+0000] {processor.py:830} INFO - Processing file /opt/airflow/dags/etl_binance_to_gcs.py for tasks to queue
[2025-12-02T09:20:52.800+0000] {logging_mixin.py:188} INFO - [2025-12-02T09:20:52.799+0000] {dagbag.py:545} INFO - Filling up the DagBag from /opt/airflow/dags/etl_binance_to_gcs.py
[2025-12-02T09:20:53.302+0000] {processor.py:842} WARNING - No viable dags retrieved from /opt/airflow/dags/etl_binance_to_gcs.py
[2025-12-02T09:20:53.315+0000] {processor.py:183} INFO - Processing /opt/airflow/dags/etl_binance_to_gcs.py took 0.524 seconds
[2025-12-02T09:21:23.719+0000] {processor.py:161} INFO - Started process (PID=2104) to work on /opt/airflow/dags/etl_binance_to_gcs.py
[2025-12-02T09:21:23.720+0000] {processor.py:830} INFO - Processing file /opt/airflow/dags/etl_binance_to_gcs.py for tasks to queue
[2025-12-02T09:21:23.722+0000] {logging_mixin.py:188} INFO - [2025-12-02T09:21:23.722+0000] {dagbag.py:545} INFO - Filling up the DagBag from /opt/airflow/dags/etl_binance_to_gcs.py
[2025-12-02T09:21:23.963+0000] {processor.py:842} WARNING - No viable dags retrieved from /opt/airflow/dags/etl_binance_to_gcs.py
[2025-12-02T09:21:23.975+0000] {processor.py:183} INFO - Processing /opt/airflow/dags/etl_binance_to_gcs.py took 0.260 seconds
[2025-12-02T09:21:54.861+0000] {processor.py:161} INFO - Started process (PID=2167) to work on /opt/airflow/dags/etl_binance_to_gcs.py
[2025-12-02T09:21:54.861+0000] {processor.py:830} INFO - Processing file /opt/airflow/dags/etl_binance_to_gcs.py for tasks to queue
[2025-12-02T09:21:54.863+0000] {logging_mixin.py:188} INFO - [2025-12-02T09:21:54.863+0000] {dagbag.py:545} INFO - Filling up the DagBag from /opt/airflow/dags/etl_binance_to_gcs.py
[2025-12-02T09:21:55.140+0000] {processor.py:842} WARNING - No viable dags retrieved from /opt/airflow/dags/etl_binance_to_gcs.py
[2025-12-02T09:21:55.153+0000] {processor.py:183} INFO - Processing /opt/airflow/dags/etl_binance_to_gcs.py took 0.297 seconds
[2025-12-02T09:22:26.140+0000] {processor.py:161} INFO - Started process (PID=2229) to work on /opt/airflow/dags/etl_binance_to_gcs.py
[2025-12-02T09:22:26.142+0000] {processor.py:830} INFO - Processing file /opt/airflow/dags/etl_binance_to_gcs.py for tasks to queue
[2025-12-02T09:22:26.146+0000] {logging_mixin.py:188} INFO - [2025-12-02T09:22:26.145+0000] {dagbag.py:545} INFO - Filling up the DagBag from /opt/airflow/dags/etl_binance_to_gcs.py
[2025-12-02T09:22:26.420+0000] {processor.py:842} WARNING - No viable dags retrieved from /opt/airflow/dags/etl_binance_to_gcs.py
[2025-12-02T09:22:26.432+0000] {processor.py:183} INFO - Processing /opt/airflow/dags/etl_binance_to_gcs.py took 0.297 seconds
[2025-12-02T09:22:57.318+0000] {processor.py:161} INFO - Started process (PID=2297) to work on /opt/airflow/dags/etl_binance_to_gcs.py
[2025-12-02T09:22:57.319+0000] {processor.py:830} INFO - Processing file /opt/airflow/dags/etl_binance_to_gcs.py for tasks to queue
[2025-12-02T09:22:57.320+0000] {logging_mixin.py:188} INFO - [2025-12-02T09:22:57.320+0000] {dagbag.py:545} INFO - Filling up the DagBag from /opt/airflow/dags/etl_binance_to_gcs.py
[2025-12-02T09:22:57.545+0000] {processor.py:842} WARNING - No viable dags retrieved from /opt/airflow/dags/etl_binance_to_gcs.py
[2025-12-02T09:22:57.557+0000] {processor.py:183} INFO - Processing /opt/airflow/dags/etl_binance_to_gcs.py took 0.244 seconds
[2025-12-02T09:23:27.629+0000] {processor.py:161} INFO - Started process (PID=2359) to work on /opt/airflow/dags/etl_binance_to_gcs.py
[2025-12-02T09:23:27.630+0000] {processor.py:830} INFO - Processing file /opt/airflow/dags/etl_binance_to_gcs.py for tasks to queue
[2025-12-02T09:23:27.631+0000] {logging_mixin.py:188} INFO - [2025-12-02T09:23:27.631+0000] {dagbag.py:545} INFO - Filling up the DagBag from /opt/airflow/dags/etl_binance_to_gcs.py
[2025-12-02T09:23:27.841+0000] {processor.py:842} WARNING - No viable dags retrieved from /opt/airflow/dags/etl_binance_to_gcs.py
[2025-12-02T09:23:27.852+0000] {processor.py:183} INFO - Processing /opt/airflow/dags/etl_binance_to_gcs.py took 0.227 seconds
[2025-12-02T09:23:58.880+0000] {processor.py:161} INFO - Started process (PID=2421) to work on /opt/airflow/dags/etl_binance_to_gcs.py
[2025-12-02T09:23:58.882+0000] {processor.py:830} INFO - Processing file /opt/airflow/dags/etl_binance_to_gcs.py for tasks to queue
[2025-12-02T09:23:58.885+0000] {logging_mixin.py:188} INFO - [2025-12-02T09:23:58.884+0000] {dagbag.py:545} INFO - Filling up the DagBag from /opt/airflow/dags/etl_binance_to_gcs.py
[2025-12-02T09:23:59.146+0000] {processor.py:842} WARNING - No viable dags retrieved from /opt/airflow/dags/etl_binance_to_gcs.py
[2025-12-02T09:23:59.160+0000] {processor.py:183} INFO - Processing /opt/airflow/dags/etl_binance_to_gcs.py took 0.287 seconds
[2025-12-02T09:24:51.521+0000] {processor.py:161} INFO - Started process (PID=54) to work on /opt/airflow/dags/etl_binance_to_gcs.py
[2025-12-02T09:24:51.523+0000] {processor.py:830} INFO - Processing file /opt/airflow/dags/etl_binance_to_gcs.py for tasks to queue
[2025-12-02T09:24:51.526+0000] {logging_mixin.py:188} INFO - [2025-12-02T09:24:51.526+0000] {dagbag.py:545} INFO - Filling up the DagBag from /opt/airflow/dags/etl_binance_to_gcs.py
[2025-12-02T09:24:53.002+0000] {processor.py:842} WARNING - No viable dags retrieved from /opt/airflow/dags/etl_binance_to_gcs.py
[2025-12-02T09:24:53.016+0000] {processor.py:183} INFO - Processing /opt/airflow/dags/etl_binance_to_gcs.py took 1.504 seconds
[2025-12-02T09:25:23.613+0000] {processor.py:161} INFO - Started process (PID=148) to work on /opt/airflow/dags/etl_binance_to_gcs.py
[2025-12-02T09:25:23.614+0000] {processor.py:830} INFO - Processing file /opt/airflow/dags/etl_binance_to_gcs.py for tasks to queue
[2025-12-02T09:25:23.616+0000] {logging_mixin.py:188} INFO - [2025-12-02T09:25:23.615+0000] {dagbag.py:545} INFO - Filling up the DagBag from /opt/airflow/dags/etl_binance_to_gcs.py
[2025-12-02T09:25:24.034+0000] {processor.py:842} WARNING - No viable dags retrieved from /opt/airflow/dags/etl_binance_to_gcs.py
[2025-12-02T09:25:24.045+0000] {processor.py:183} INFO - Processing /opt/airflow/dags/etl_binance_to_gcs.py took 0.437 seconds
[2025-12-02T09:25:54.346+0000] {processor.py:161} INFO - Started process (PID=210) to work on /opt/airflow/dags/etl_binance_to_gcs.py
[2025-12-02T09:25:54.347+0000] {processor.py:830} INFO - Processing file /opt/airflow/dags/etl_binance_to_gcs.py for tasks to queue
[2025-12-02T09:25:54.349+0000] {logging_mixin.py:188} INFO - [2025-12-02T09:25:54.349+0000] {dagbag.py:545} INFO - Filling up the DagBag from /opt/airflow/dags/etl_binance_to_gcs.py
[2025-12-02T09:25:54.889+0000] {processor.py:842} WARNING - No viable dags retrieved from /opt/airflow/dags/etl_binance_to_gcs.py
[2025-12-02T09:25:54.900+0000] {processor.py:183} INFO - Processing /opt/airflow/dags/etl_binance_to_gcs.py took 0.561 seconds
[2025-12-02T09:26:25.302+0000] {processor.py:161} INFO - Started process (PID=311) to work on /opt/airflow/dags/etl_binance_to_gcs.py
[2025-12-02T09:26:25.303+0000] {processor.py:830} INFO - Processing file /opt/airflow/dags/etl_binance_to_gcs.py for tasks to queue
[2025-12-02T09:26:25.305+0000] {logging_mixin.py:188} INFO - [2025-12-02T09:26:25.305+0000] {dagbag.py:545} INFO - Filling up the DagBag from /opt/airflow/dags/etl_binance_to_gcs.py
[2025-12-02T09:26:25.778+0000] {processor.py:842} WARNING - No viable dags retrieved from /opt/airflow/dags/etl_binance_to_gcs.py
[2025-12-02T09:26:25.793+0000] {processor.py:183} INFO - Processing /opt/airflow/dags/etl_binance_to_gcs.py took 0.496 seconds
[2025-12-02T09:26:55.886+0000] {processor.py:161} INFO - Started process (PID=373) to work on /opt/airflow/dags/etl_binance_to_gcs.py
[2025-12-02T09:26:55.887+0000] {processor.py:830} INFO - Processing file /opt/airflow/dags/etl_binance_to_gcs.py for tasks to queue
[2025-12-02T09:26:55.889+0000] {logging_mixin.py:188} INFO - [2025-12-02T09:26:55.889+0000] {dagbag.py:545} INFO - Filling up the DagBag from /opt/airflow/dags/etl_binance_to_gcs.py
[2025-12-02T09:26:56.278+0000] {processor.py:842} WARNING - No viable dags retrieved from /opt/airflow/dags/etl_binance_to_gcs.py
[2025-12-02T09:26:56.287+0000] {processor.py:183} INFO - Processing /opt/airflow/dags/etl_binance_to_gcs.py took 0.406 seconds
[2025-12-02T09:27:26.739+0000] {processor.py:161} INFO - Started process (PID=435) to work on /opt/airflow/dags/etl_binance_to_gcs.py
[2025-12-02T09:27:26.740+0000] {processor.py:830} INFO - Processing file /opt/airflow/dags/etl_binance_to_gcs.py for tasks to queue
[2025-12-02T09:27:26.742+0000] {logging_mixin.py:188} INFO - [2025-12-02T09:27:26.742+0000] {dagbag.py:545} INFO - Filling up the DagBag from /opt/airflow/dags/etl_binance_to_gcs.py
[2025-12-02T09:27:27.164+0000] {processor.py:842} WARNING - No viable dags retrieved from /opt/airflow/dags/etl_binance_to_gcs.py
[2025-12-02T09:27:27.174+0000] {processor.py:183} INFO - Processing /opt/airflow/dags/etl_binance_to_gcs.py took 0.440 seconds
[2025-12-02T09:27:57.306+0000] {processor.py:161} INFO - Started process (PID=500) to work on /opt/airflow/dags/etl_binance_to_gcs.py
[2025-12-02T09:27:57.307+0000] {processor.py:830} INFO - Processing file /opt/airflow/dags/etl_binance_to_gcs.py for tasks to queue
[2025-12-02T09:27:57.309+0000] {logging_mixin.py:188} INFO - [2025-12-02T09:27:57.308+0000] {dagbag.py:545} INFO - Filling up the DagBag from /opt/airflow/dags/etl_binance_to_gcs.py
[2025-12-02T09:27:57.670+0000] {processor.py:842} WARNING - No viable dags retrieved from /opt/airflow/dags/etl_binance_to_gcs.py
[2025-12-02T09:27:57.682+0000] {processor.py:183} INFO - Processing /opt/airflow/dags/etl_binance_to_gcs.py took 0.381 seconds
[2025-12-02T09:28:28.603+0000] {processor.py:161} INFO - Started process (PID=562) to work on /opt/airflow/dags/etl_binance_to_gcs.py
[2025-12-02T09:28:28.604+0000] {processor.py:830} INFO - Processing file /opt/airflow/dags/etl_binance_to_gcs.py for tasks to queue
[2025-12-02T09:28:28.606+0000] {logging_mixin.py:188} INFO - [2025-12-02T09:28:28.606+0000] {dagbag.py:545} INFO - Filling up the DagBag from /opt/airflow/dags/etl_binance_to_gcs.py
[2025-12-02T09:28:29.061+0000] {processor.py:842} WARNING - No viable dags retrieved from /opt/airflow/dags/etl_binance_to_gcs.py
[2025-12-02T09:28:29.072+0000] {processor.py:183} INFO - Processing /opt/airflow/dags/etl_binance_to_gcs.py took 0.474 seconds
[2025-12-02T09:28:59.156+0000] {processor.py:161} INFO - Started process (PID=624) to work on /opt/airflow/dags/etl_binance_to_gcs.py
[2025-12-02T09:28:59.157+0000] {processor.py:830} INFO - Processing file /opt/airflow/dags/etl_binance_to_gcs.py for tasks to queue
[2025-12-02T09:28:59.159+0000] {logging_mixin.py:188} INFO - [2025-12-02T09:28:59.159+0000] {dagbag.py:545} INFO - Filling up the DagBag from /opt/airflow/dags/etl_binance_to_gcs.py
[2025-12-02T09:28:59.613+0000] {processor.py:842} WARNING - No viable dags retrieved from /opt/airflow/dags/etl_binance_to_gcs.py
[2025-12-02T09:28:59.628+0000] {processor.py:183} INFO - Processing /opt/airflow/dags/etl_binance_to_gcs.py took 0.480 seconds
[2025-12-02T09:29:30.494+0000] {processor.py:161} INFO - Started process (PID=725) to work on /opt/airflow/dags/etl_binance_to_gcs.py
[2025-12-02T09:29:30.495+0000] {processor.py:830} INFO - Processing file /opt/airflow/dags/etl_binance_to_gcs.py for tasks to queue
[2025-12-02T09:29:30.497+0000] {logging_mixin.py:188} INFO - [2025-12-02T09:29:30.497+0000] {dagbag.py:545} INFO - Filling up the DagBag from /opt/airflow/dags/etl_binance_to_gcs.py
[2025-12-02T09:29:30.904+0000] {processor.py:842} WARNING - No viable dags retrieved from /opt/airflow/dags/etl_binance_to_gcs.py
[2025-12-02T09:29:30.914+0000] {processor.py:183} INFO - Processing /opt/airflow/dags/etl_binance_to_gcs.py took 0.425 seconds
[2025-12-02T09:30:01.003+0000] {processor.py:161} INFO - Started process (PID=787) to work on /opt/airflow/dags/etl_binance_to_gcs.py
[2025-12-02T09:30:01.004+0000] {processor.py:830} INFO - Processing file /opt/airflow/dags/etl_binance_to_gcs.py for tasks to queue
[2025-12-02T09:30:01.005+0000] {logging_mixin.py:188} INFO - [2025-12-02T09:30:01.005+0000] {dagbag.py:545} INFO - Filling up the DagBag from /opt/airflow/dags/etl_binance_to_gcs.py
[2025-12-02T09:30:01.422+0000] {processor.py:842} WARNING - No viable dags retrieved from /opt/airflow/dags/etl_binance_to_gcs.py
[2025-12-02T09:30:01.433+0000] {processor.py:183} INFO - Processing /opt/airflow/dags/etl_binance_to_gcs.py took 0.434 seconds
[2025-12-02T09:30:31.509+0000] {processor.py:161} INFO - Started process (PID=849) to work on /opt/airflow/dags/etl_binance_to_gcs.py
[2025-12-02T09:30:31.510+0000] {processor.py:830} INFO - Processing file /opt/airflow/dags/etl_binance_to_gcs.py for tasks to queue
[2025-12-02T09:30:31.512+0000] {logging_mixin.py:188} INFO - [2025-12-02T09:30:31.511+0000] {dagbag.py:545} INFO - Filling up the DagBag from /opt/airflow/dags/etl_binance_to_gcs.py
[2025-12-02T09:30:31.881+0000] {processor.py:842} WARNING - No viable dags retrieved from /opt/airflow/dags/etl_binance_to_gcs.py
[2025-12-02T09:30:31.891+0000] {processor.py:183} INFO - Processing /opt/airflow/dags/etl_binance_to_gcs.py took 0.386 seconds
[2025-12-02T09:31:01.943+0000] {processor.py:161} INFO - Started process (PID=911) to work on /opt/airflow/dags/etl_binance_to_gcs.py
[2025-12-02T09:31:01.944+0000] {processor.py:830} INFO - Processing file /opt/airflow/dags/etl_binance_to_gcs.py for tasks to queue
[2025-12-02T09:31:01.946+0000] {logging_mixin.py:188} INFO - [2025-12-02T09:31:01.946+0000] {dagbag.py:545} INFO - Filling up the DagBag from /opt/airflow/dags/etl_binance_to_gcs.py
[2025-12-02T09:31:02.301+0000] {processor.py:842} WARNING - No viable dags retrieved from /opt/airflow/dags/etl_binance_to_gcs.py
[2025-12-02T09:31:02.310+0000] {processor.py:183} INFO - Processing /opt/airflow/dags/etl_binance_to_gcs.py took 0.371 seconds
[2025-12-02T09:31:33.305+0000] {processor.py:161} INFO - Started process (PID=973) to work on /opt/airflow/dags/etl_binance_to_gcs.py
[2025-12-02T09:31:33.307+0000] {processor.py:830} INFO - Processing file /opt/airflow/dags/etl_binance_to_gcs.py for tasks to queue
[2025-12-02T09:31:33.310+0000] {logging_mixin.py:188} INFO - [2025-12-02T09:31:33.309+0000] {dagbag.py:545} INFO - Filling up the DagBag from /opt/airflow/dags/etl_binance_to_gcs.py
[2025-12-02T09:31:33.749+0000] {processor.py:842} WARNING - No viable dags retrieved from /opt/airflow/dags/etl_binance_to_gcs.py
[2025-12-02T09:31:33.757+0000] {processor.py:183} INFO - Processing /opt/airflow/dags/etl_binance_to_gcs.py took 0.456 seconds
[2025-12-02T09:32:03.859+0000] {processor.py:161} INFO - Started process (PID=1035) to work on /opt/airflow/dags/etl_binance_to_gcs.py
[2025-12-02T09:32:03.860+0000] {processor.py:830} INFO - Processing file /opt/airflow/dags/etl_binance_to_gcs.py for tasks to queue
[2025-12-02T09:32:03.862+0000] {logging_mixin.py:188} INFO - [2025-12-02T09:32:03.861+0000] {dagbag.py:545} INFO - Filling up the DagBag from /opt/airflow/dags/etl_binance_to_gcs.py
[2025-12-02T09:32:04.212+0000] {processor.py:842} WARNING - No viable dags retrieved from /opt/airflow/dags/etl_binance_to_gcs.py
[2025-12-02T09:32:04.221+0000] {processor.py:183} INFO - Processing /opt/airflow/dags/etl_binance_to_gcs.py took 0.368 seconds
[2025-12-02T09:32:34.582+0000] {processor.py:161} INFO - Started process (PID=1097) to work on /opt/airflow/dags/etl_binance_to_gcs.py
[2025-12-02T09:32:34.582+0000] {processor.py:830} INFO - Processing file /opt/airflow/dags/etl_binance_to_gcs.py for tasks to queue
[2025-12-02T09:32:34.584+0000] {logging_mixin.py:188} INFO - [2025-12-02T09:32:34.584+0000] {dagbag.py:545} INFO - Filling up the DagBag from /opt/airflow/dags/etl_binance_to_gcs.py
[2025-12-02T09:32:34.954+0000] {processor.py:842} WARNING - No viable dags retrieved from /opt/airflow/dags/etl_binance_to_gcs.py
[2025-12-02T09:32:34.962+0000] {processor.py:183} INFO - Processing /opt/airflow/dags/etl_binance_to_gcs.py took 0.384 seconds
[2025-12-02T09:33:05.149+0000] {processor.py:161} INFO - Started process (PID=1162) to work on /opt/airflow/dags/etl_binance_to_gcs.py
[2025-12-02T09:33:05.150+0000] {processor.py:830} INFO - Processing file /opt/airflow/dags/etl_binance_to_gcs.py for tasks to queue
[2025-12-02T09:33:05.152+0000] {logging_mixin.py:188} INFO - [2025-12-02T09:33:05.152+0000] {dagbag.py:545} INFO - Filling up the DagBag from /opt/airflow/dags/etl_binance_to_gcs.py
[2025-12-02T09:33:05.654+0000] {processor.py:842} WARNING - No viable dags retrieved from /opt/airflow/dags/etl_binance_to_gcs.py
[2025-12-02T09:33:05.666+0000] {processor.py:183} INFO - Processing /opt/airflow/dags/etl_binance_to_gcs.py took 0.523 seconds
[2025-12-02T09:33:35.788+0000] {processor.py:161} INFO - Started process (PID=1226) to work on /opt/airflow/dags/etl_binance_to_gcs.py
[2025-12-02T09:33:35.789+0000] {processor.py:830} INFO - Processing file /opt/airflow/dags/etl_binance_to_gcs.py for tasks to queue
[2025-12-02T09:33:35.791+0000] {logging_mixin.py:188} INFO - [2025-12-02T09:33:35.791+0000] {dagbag.py:545} INFO - Filling up the DagBag from /opt/airflow/dags/etl_binance_to_gcs.py
[2025-12-02T09:33:36.196+0000] {processor.py:842} WARNING - No viable dags retrieved from /opt/airflow/dags/etl_binance_to_gcs.py
[2025-12-02T09:33:36.206+0000] {processor.py:183} INFO - Processing /opt/airflow/dags/etl_binance_to_gcs.py took 0.422 seconds
[2025-12-02T09:34:06.246+0000] {processor.py:161} INFO - Started process (PID=1291) to work on /opt/airflow/dags/etl_binance_to_gcs.py
[2025-12-02T09:34:06.247+0000] {processor.py:830} INFO - Processing file /opt/airflow/dags/etl_binance_to_gcs.py for tasks to queue
[2025-12-02T09:34:06.248+0000] {logging_mixin.py:188} INFO - [2025-12-02T09:34:06.248+0000] {dagbag.py:545} INFO - Filling up the DagBag from /opt/airflow/dags/etl_binance_to_gcs.py
[2025-12-02T09:34:06.596+0000] {processor.py:842} WARNING - No viable dags retrieved from /opt/airflow/dags/etl_binance_to_gcs.py
[2025-12-02T09:34:06.604+0000] {processor.py:183} INFO - Processing /opt/airflow/dags/etl_binance_to_gcs.py took 0.363 seconds
[2025-12-02T09:34:36.876+0000] {processor.py:161} INFO - Started process (PID=1353) to work on /opt/airflow/dags/etl_binance_to_gcs.py
[2025-12-02T09:34:36.877+0000] {processor.py:830} INFO - Processing file /opt/airflow/dags/etl_binance_to_gcs.py for tasks to queue
[2025-12-02T09:34:36.879+0000] {logging_mixin.py:188} INFO - [2025-12-02T09:34:36.879+0000] {dagbag.py:545} INFO - Filling up the DagBag from /opt/airflow/dags/etl_binance_to_gcs.py
[2025-12-02T09:34:37.237+0000] {processor.py:842} WARNING - No viable dags retrieved from /opt/airflow/dags/etl_binance_to_gcs.py
[2025-12-02T09:34:37.245+0000] {processor.py:183} INFO - Processing /opt/airflow/dags/etl_binance_to_gcs.py took 0.373 seconds
[2025-12-02T09:35:07.473+0000] {processor.py:161} INFO - Started process (PID=1416) to work on /opt/airflow/dags/etl_binance_to_gcs.py
[2025-12-02T09:35:07.474+0000] {processor.py:830} INFO - Processing file /opt/airflow/dags/etl_binance_to_gcs.py for tasks to queue
[2025-12-02T09:35:07.475+0000] {logging_mixin.py:188} INFO - [2025-12-02T09:35:07.475+0000] {dagbag.py:545} INFO - Filling up the DagBag from /opt/airflow/dags/etl_binance_to_gcs.py
[2025-12-02T09:35:07.877+0000] {processor.py:842} WARNING - No viable dags retrieved from /opt/airflow/dags/etl_binance_to_gcs.py
[2025-12-02T09:35:07.886+0000] {processor.py:183} INFO - Processing /opt/airflow/dags/etl_binance_to_gcs.py took 0.419 seconds
[2025-12-02T09:35:38.109+0000] {processor.py:161} INFO - Started process (PID=1478) to work on /opt/airflow/dags/etl_binance_to_gcs.py
[2025-12-02T09:35:38.110+0000] {processor.py:830} INFO - Processing file /opt/airflow/dags/etl_binance_to_gcs.py for tasks to queue
[2025-12-02T09:35:38.112+0000] {logging_mixin.py:188} INFO - [2025-12-02T09:35:38.111+0000] {dagbag.py:545} INFO - Filling up the DagBag from /opt/airflow/dags/etl_binance_to_gcs.py
[2025-12-02T09:35:38.472+0000] {processor.py:842} WARNING - No viable dags retrieved from /opt/airflow/dags/etl_binance_to_gcs.py
[2025-12-02T09:35:38.482+0000] {processor.py:183} INFO - Processing /opt/airflow/dags/etl_binance_to_gcs.py took 0.378 seconds
[2025-12-02T09:36:08.554+0000] {processor.py:161} INFO - Started process (PID=1540) to work on /opt/airflow/dags/etl_binance_to_gcs.py
[2025-12-02T09:36:08.555+0000] {processor.py:830} INFO - Processing file /opt/airflow/dags/etl_binance_to_gcs.py for tasks to queue
[2025-12-02T09:36:08.557+0000] {logging_mixin.py:188} INFO - [2025-12-02T09:36:08.557+0000] {dagbag.py:545} INFO - Filling up the DagBag from /opt/airflow/dags/etl_binance_to_gcs.py
[2025-12-02T09:36:09.006+0000] {processor.py:842} WARNING - No viable dags retrieved from /opt/airflow/dags/etl_binance_to_gcs.py
[2025-12-02T09:36:09.019+0000] {processor.py:183} INFO - Processing /opt/airflow/dags/etl_binance_to_gcs.py took 0.472 seconds
[2025-12-02T09:36:39.890+0000] {processor.py:161} INFO - Started process (PID=1603) to work on /opt/airflow/dags/etl_binance_to_gcs.py
[2025-12-02T09:36:39.890+0000] {processor.py:830} INFO - Processing file /opt/airflow/dags/etl_binance_to_gcs.py for tasks to queue
[2025-12-02T09:36:39.892+0000] {logging_mixin.py:188} INFO - [2025-12-02T09:36:39.892+0000] {dagbag.py:545} INFO - Filling up the DagBag from /opt/airflow/dags/etl_binance_to_gcs.py
[2025-12-02T09:36:40.331+0000] {processor.py:842} WARNING - No viable dags retrieved from /opt/airflow/dags/etl_binance_to_gcs.py
[2025-12-02T09:36:40.340+0000] {processor.py:183} INFO - Processing /opt/airflow/dags/etl_binance_to_gcs.py took 0.454 seconds
[2025-12-02T09:36:55.260+0000] {processor.py:161} INFO - Started process (PID=1652) to work on /opt/airflow/dags/etl_binance_to_gcs.py
[2025-12-02T09:36:55.262+0000] {processor.py:830} INFO - Processing file /opt/airflow/dags/etl_binance_to_gcs.py for tasks to queue
[2025-12-02T09:36:55.264+0000] {logging_mixin.py:188} INFO - [2025-12-02T09:36:55.264+0000] {dagbag.py:545} INFO - Filling up the DagBag from /opt/airflow/dags/etl_binance_to_gcs.py
[2025-12-02T09:36:55.274+0000] {logging_mixin.py:188} INFO - [2025-12-02T09:36:55.274+0000] {dagbag.py:334} INFO - File /opt/airflow/dags/etl_binance_to_gcs.py assumed to contain no DAGs. Skipping.
[2025-12-02T09:36:55.274+0000] {processor.py:842} WARNING - No viable dags retrieved from /opt/airflow/dags/etl_binance_to_gcs.py
[2025-12-02T09:36:55.285+0000] {processor.py:183} INFO - Processing /opt/airflow/dags/etl_binance_to_gcs.py took 0.029 seconds
