[2025-12-02T08:56:02.024+0000] {local_task_job_runner.py:120} INFO - ::group::Pre task execution logs
[2025-12-02T08:56:02.039+0000] {taskinstance.py:2076} INFO - Dependencies all met for dep_context=non-requeueable deps ti=<TaskInstance: crypto_cold_path_gcs_1am.run_daily_gcs_etl manual__2025-12-02T08:56:00.264228+00:00 [queued]>
[2025-12-02T08:56:02.045+0000] {taskinstance.py:2076} INFO - Dependencies all met for dep_context=requeueable deps ti=<TaskInstance: crypto_cold_path_gcs_1am.run_daily_gcs_etl manual__2025-12-02T08:56:00.264228+00:00 [queued]>
[2025-12-02T08:56:02.047+0000] {taskinstance.py:2306} INFO - Starting attempt 1 of 3
[2025-12-02T08:56:02.055+0000] {taskinstance.py:2330} INFO - Executing <Task(PythonOperator): run_daily_gcs_etl> on 2025-12-02 08:56:00.264228+00:00
[2025-12-02T08:56:02.062+0000] {warnings.py:112} WARNING - /home/***/.local/lib/python3.12/site-packages/***/task/task_runner/standard_task_runner.py:61: DeprecationWarning: This process (pid=75) is multi-threaded, use of fork() may lead to deadlocks in the child.
  pid = os.fork()

[2025-12-02T08:56:02.064+0000] {standard_task_runner.py:63} INFO - Started process 77 to run task
[2025-12-02T08:56:02.064+0000] {standard_task_runner.py:90} INFO - Running: ['***', 'tasks', 'run', 'crypto_cold_path_gcs_1am', 'run_daily_gcs_etl', 'manual__2025-12-02T08:56:00.264228+00:00', '--job-id', '112', '--raw', '--subdir', 'DAGS_FOLDER/etl_dag.py', '--cfg-path', '/tmp/tmp60_qsh87']
[2025-12-02T08:56:02.065+0000] {standard_task_runner.py:91} INFO - Job 112: Subtask run_daily_gcs_etl
[2025-12-02T08:56:02.135+0000] {task_command.py:426} INFO - Running <TaskInstance: crypto_cold_path_gcs_1am.run_daily_gcs_etl manual__2025-12-02T08:56:00.264228+00:00 [running]> on host 2aa532f4eb24
[2025-12-02T08:56:02.200+0000] {taskinstance.py:2648} INFO - Exporting env vars: AIRFLOW_CTX_DAG_OWNER='***' AIRFLOW_CTX_DAG_ID='crypto_cold_path_gcs_1am' AIRFLOW_CTX_TASK_ID='run_daily_gcs_etl' AIRFLOW_CTX_EXECUTION_DATE='2025-12-02T08:56:00.264228+00:00' AIRFLOW_CTX_TRY_NUMBER='1' AIRFLOW_CTX_DAG_RUN_ID='manual__2025-12-02T08:56:00.264228+00:00'
[2025-12-02T08:56:02.201+0000] {taskinstance.py:430} INFO - ::endgroup::
[2025-12-02T08:56:12.205+0000] {logging_mixin.py:188} INFO - --- BẮT ĐẦU ETL (GCS) CHO NGÀY: 2025-12-02 ---
[2025-12-02T08:56:12.210+0000] {logging_mixin.py:188} INFO - LỖI: Không thể kết nối GCS. [Errno 21] Is a directory: '/opt/***/gcs_key.json'
[2025-12-02T08:56:12.210+0000] {python.py:237} INFO - Done. Returned value was: None
[2025-12-02T08:56:12.211+0000] {taskinstance.py:441} INFO - ::group::Post task execution logs
[2025-12-02T08:56:12.220+0000] {taskinstance.py:1206} INFO - Marking task as SUCCESS. dag_id=crypto_cold_path_gcs_1am, task_id=run_daily_gcs_etl, run_id=manual__2025-12-02T08:56:00.264228+00:00, execution_date=20251202T085600, start_date=20251202T085602, end_date=20251202T085612
[2025-12-02T08:56:12.262+0000] {local_task_job_runner.py:240} INFO - Task exited with return code 0
[2025-12-02T08:56:12.268+0000] {local_task_job_runner.py:222} INFO - ::endgroup::
