[2025-11-15T06:26:35.826+0000] {local_task_job_runner.py:120} INFO - ::group::Pre task execution logs
[2025-11-15T06:26:35.839+0000] {taskinstance.py:2076} INFO - Dependencies all met for dep_context=non-requeueable deps ti=<TaskInstance: crypto_cold_path_gcs_1am.run_daily_gcs_etl scheduled__2025-11-14T01:00:00+00:00 [queued]>
[2025-11-15T06:26:35.846+0000] {taskinstance.py:2076} INFO - Dependencies all met for dep_context=requeueable deps ti=<TaskInstance: crypto_cold_path_gcs_1am.run_daily_gcs_etl scheduled__2025-11-14T01:00:00+00:00 [queued]>
[2025-11-15T06:26:35.848+0000] {taskinstance.py:2306} INFO - Starting attempt 2 of 3
[2025-11-15T06:26:35.862+0000] {taskinstance.py:2330} INFO - Executing <Task(KubernetesPodOperator): run_daily_gcs_etl> on 2025-11-14 01:00:00+00:00
[2025-11-15T06:26:35.871+0000] {warnings.py:112} WARNING - /home/***/.local/lib/python3.12/site-packages/***/task/task_runner/standard_task_runner.py:61: DeprecationWarning: This process (pid=313) is multi-threaded, use of fork() may lead to deadlocks in the child.
  pid = os.fork()

[2025-11-15T06:26:35.874+0000] {standard_task_runner.py:63} INFO - Started process 315 to run task
[2025-11-15T06:26:35.873+0000] {standard_task_runner.py:90} INFO - Running: ['***', 'tasks', 'run', 'crypto_cold_path_gcs_1am', 'run_daily_gcs_etl', 'scheduled__2025-11-14T01:00:00+00:00', '--job-id', '49', '--raw', '--subdir', 'DAGS_FOLDER/etl_dag.py', '--cfg-path', '/tmp/tmp2f4qzk1t']
[2025-11-15T06:26:35.879+0000] {standard_task_runner.py:91} INFO - Job 49: Subtask run_daily_gcs_etl
[2025-11-15T06:26:35.959+0000] {task_command.py:426} INFO - Running <TaskInstance: crypto_cold_path_gcs_1am.run_daily_gcs_etl scheduled__2025-11-14T01:00:00+00:00 [running]> on host 391b5e9a502c
[2025-11-15T06:26:36.018+0000] {taskinstance.py:2648} INFO - Exporting env vars: AIRFLOW_CTX_DAG_OWNER='***' AIRFLOW_CTX_DAG_ID='crypto_cold_path_gcs_1am' AIRFLOW_CTX_TASK_ID='run_daily_gcs_etl' AIRFLOW_CTX_EXECUTION_DATE='2025-11-14T01:00:00+00:00' AIRFLOW_CTX_TRY_NUMBER='2' AIRFLOW_CTX_DAG_RUN_ID='scheduled__2025-11-14T01:00:00+00:00'
[2025-11-15T06:26:36.020+0000] {taskinstance.py:430} INFO - ::endgroup::
[2025-11-15T06:26:36.024+0000] {pod.py:1121} INFO - Building pod crypto-gcs-etl-j1vmwxkn with labels: {'dag_id': 'crypto_cold_path_gcs_1am', 'task_id': 'run_daily_gcs_etl', 'run_id': 'scheduled__2025-11-14T0100000000-a3b9683a7', 'kubernetes_pod_operator': 'True', 'try_number': '2'}
[2025-11-15T06:26:36.031+0000] {taskinstance.py:441} INFO - ::group::Post task execution logs
[2025-11-15T06:26:36.032+0000] {taskinstance.py:2905} ERROR - Task failed with exception
Traceback (most recent call last):
  File "/home/airflow/.local/lib/python3.12/site-packages/airflow/providers/cncf/kubernetes/hooks/kubernetes.py", line 267, in _get_default_client
    config.load_incluster_config(client_configuration=self.client_configuration)
  File "/home/airflow/.local/lib/python3.12/site-packages/kubernetes/config/incluster_config.py", line 121, in load_incluster_config
    try_refresh_token=try_refresh_token).load_and_set(client_configuration)
                                         ^^^^^^^^^^^^^^^^^^^^^^^^^^^^^^^^^^
  File "/home/airflow/.local/lib/python3.12/site-packages/kubernetes/config/incluster_config.py", line 54, in load_and_set
    self._load_config()
  File "/home/airflow/.local/lib/python3.12/site-packages/kubernetes/config/incluster_config.py", line 62, in _load_config
    raise ConfigException("Service host/port is not set.")
kubernetes.config.config_exception.ConfigException: Service host/port is not set.

During handling of the above exception, another exception occurred:

Traceback (most recent call last):
  File "/home/airflow/.local/lib/python3.12/site-packages/airflow/models/taskinstance.py", line 465, in _execute_task
    result = _execute_callable(context=context, **execute_callable_kwargs)
             ^^^^^^^^^^^^^^^^^^^^^^^^^^^^^^^^^^^^^^^^^^^^^^^^^^^^^^^^^^^^^
  File "/home/airflow/.local/lib/python3.12/site-packages/airflow/models/taskinstance.py", line 432, in _execute_callable
    return execute_callable(context=context, **execute_callable_kwargs)
           ^^^^^^^^^^^^^^^^^^^^^^^^^^^^^^^^^^^^^^^^^^^^^^^^^^^^^^^^^^^^
  File "/home/airflow/.local/lib/python3.12/site-packages/airflow/models/baseoperator.py", line 401, in wrapper
    return func(self, *args, **kwargs)
           ^^^^^^^^^^^^^^^^^^^^^^^^^^^
  File "/home/airflow/.local/lib/python3.12/site-packages/airflow/providers/cncf/kubernetes/operators/pod.py", line 591, in execute
    return self.execute_sync(context)
           ^^^^^^^^^^^^^^^^^^^^^^^^^^
  File "/home/airflow/.local/lib/python3.12/site-packages/airflow/providers/cncf/kubernetes/operators/pod.py", line 599, in execute_sync
    self.pod_request_obj = self.build_pod_request_obj(context)
                           ^^^^^^^^^^^^^^^^^^^^^^^^^^^^^^^^^^^
  File "/home/airflow/.local/lib/python3.12/site-packages/airflow/providers/cncf/kubernetes/operators/pod.py", line 1130, in build_pod_request_obj
    "airflow_kpo_in_cluster": str(self.hook.is_in_cluster),
                                  ^^^^^^^^^^^^^^^^^^^^^^^
  File "/home/airflow/.local/lib/python3.12/site-packages/airflow/providers/cncf/kubernetes/hooks/kubernetes.py", line 283, in is_in_cluster
    self.api_client  # so we can determine if we are in_cluster or not
    ^^^^^^^^^^^^^^^
  File "/usr/local/lib/python3.12/functools.py", line 995, in __get__
    val = self.func(instance)
          ^^^^^^^^^^^^^^^^^^^
  File "/home/airflow/.local/lib/python3.12/site-packages/airflow/providers/cncf/kubernetes/hooks/kubernetes.py", line 291, in api_client
    return self.get_conn()
           ^^^^^^^^^^^^^^^
  File "/home/airflow/.local/lib/python3.12/site-packages/airflow/providers/cncf/kubernetes/hooks/kubernetes.py", line 259, in get_conn
    return self._get_default_client(cluster_context=cluster_context)
           ^^^^^^^^^^^^^^^^^^^^^^^^^^^^^^^^^^^^^^^^^^^^^^^^^^^^^^^^^
  File "/home/airflow/.local/lib/python3.12/site-packages/airflow/providers/cncf/kubernetes/hooks/kubernetes.py", line 272, in _get_default_client
    config.load_kube_config(
  File "/home/airflow/.local/lib/python3.12/site-packages/kubernetes/config/kube_config.py", line 815, in load_kube_config
    loader = _get_kube_config_loader(
             ^^^^^^^^^^^^^^^^^^^^^^^^
  File "/home/airflow/.local/lib/python3.12/site-packages/kubernetes/config/kube_config.py", line 772, in _get_kube_config_loader
    raise ConfigException(
kubernetes.config.config_exception.ConfigException: Invalid kube-config file. No configuration found.
[2025-11-15T06:26:36.043+0000] {taskinstance.py:1206} INFO - Marking task as UP_FOR_RETRY. dag_id=crypto_cold_path_gcs_1am, task_id=run_daily_gcs_etl, run_id=scheduled__2025-11-14T01:00:00+00:00, execution_date=20251114T010000, start_date=20251115T062635, end_date=20251115T062636
[2025-11-15T06:26:36.056+0000] {standard_task_runner.py:110} ERROR - Failed to execute job 49 for task run_daily_gcs_etl (Invalid kube-config file. No configuration found.; 315)
[2025-11-15T06:26:36.089+0000] {local_task_job_runner.py:240} INFO - Task exited with return code 1
[2025-11-15T06:26:36.101+0000] {taskinstance.py:3503} INFO - 0 downstream tasks scheduled from follow-on schedule check
[2025-11-15T06:26:36.104+0000] {local_task_job_runner.py:222} INFO - ::endgroup::
[2025-11-25T11:17:08.300+0000] {local_task_job_runner.py:120} INFO - ::group::Pre task execution logs
[2025-11-25T11:17:08.320+0000] {taskinstance.py:2076} INFO - Dependencies all met for dep_context=non-requeueable deps ti=<TaskInstance: crypto_cold_path_gcs_1am.run_daily_gcs_etl scheduled__2025-11-14T01:00:00+00:00 [queued]>
[2025-11-25T11:17:08.330+0000] {taskinstance.py:2076} INFO - Dependencies all met for dep_context=requeueable deps ti=<TaskInstance: crypto_cold_path_gcs_1am.run_daily_gcs_etl scheduled__2025-11-14T01:00:00+00:00 [queued]>
[2025-11-25T11:17:08.331+0000] {taskinstance.py:2306} INFO - Starting attempt 2 of 3
[2025-11-25T11:17:08.346+0000] {taskinstance.py:2330} INFO - Executing <Task(KubernetesPodOperator): run_daily_gcs_etl> on 2025-11-14 01:00:00+00:00
[2025-11-25T11:17:08.357+0000] {warnings.py:112} WARNING - /home/***/.local/lib/python3.12/site-packages/***/task/task_runner/standard_task_runner.py:61: DeprecationWarning: This process (pid=283) is multi-threaded, use of fork() may lead to deadlocks in the child.
  pid = os.fork()

[2025-11-25T11:17:08.360+0000] {standard_task_runner.py:63} INFO - Started process 315 to run task
[2025-11-25T11:17:08.359+0000] {standard_task_runner.py:90} INFO - Running: ['***', 'tasks', 'run', 'crypto_cold_path_gcs_1am', 'run_daily_gcs_etl', 'scheduled__2025-11-14T01:00:00+00:00', '--job-id', '34', '--raw', '--subdir', 'DAGS_FOLDER/etl_dag.py', '--cfg-path', '/tmp/tmp_02ezt1m']
[2025-11-25T11:17:08.362+0000] {standard_task_runner.py:91} INFO - Job 34: Subtask run_daily_gcs_etl
[2025-11-25T11:17:08.476+0000] {task_command.py:426} INFO - Running <TaskInstance: crypto_cold_path_gcs_1am.run_daily_gcs_etl scheduled__2025-11-14T01:00:00+00:00 [running]> on host 2aa532f4eb24
[2025-11-25T11:17:08.580+0000] {taskinstance.py:2648} INFO - Exporting env vars: AIRFLOW_CTX_DAG_OWNER='***' AIRFLOW_CTX_DAG_ID='crypto_cold_path_gcs_1am' AIRFLOW_CTX_TASK_ID='run_daily_gcs_etl' AIRFLOW_CTX_EXECUTION_DATE='2025-11-14T01:00:00+00:00' AIRFLOW_CTX_TRY_NUMBER='2' AIRFLOW_CTX_DAG_RUN_ID='scheduled__2025-11-14T01:00:00+00:00'
[2025-11-25T11:17:08.582+0000] {taskinstance.py:430} INFO - ::endgroup::
[2025-11-25T11:17:08.591+0000] {pod.py:1121} INFO - Building pod crypto-gcs-etl-c8vs23kt with labels: {'dag_id': 'crypto_cold_path_gcs_1am', 'task_id': 'run_daily_gcs_etl', 'run_id': 'scheduled__2025-11-14T0100000000-a3b9683a7', 'kubernetes_pod_operator': 'True', 'try_number': '2'}
[2025-11-25T11:17:08.600+0000] {taskinstance.py:441} INFO - ::group::Post task execution logs
[2025-11-25T11:17:08.601+0000] {taskinstance.py:2905} ERROR - Task failed with exception
Traceback (most recent call last):
  File "/home/airflow/.local/lib/python3.12/site-packages/airflow/providers/cncf/kubernetes/hooks/kubernetes.py", line 267, in _get_default_client
    config.load_incluster_config(client_configuration=self.client_configuration)
  File "/home/airflow/.local/lib/python3.12/site-packages/kubernetes/config/incluster_config.py", line 121, in load_incluster_config
    try_refresh_token=try_refresh_token).load_and_set(client_configuration)
                                         ^^^^^^^^^^^^^^^^^^^^^^^^^^^^^^^^^^
  File "/home/airflow/.local/lib/python3.12/site-packages/kubernetes/config/incluster_config.py", line 54, in load_and_set
    self._load_config()
  File "/home/airflow/.local/lib/python3.12/site-packages/kubernetes/config/incluster_config.py", line 62, in _load_config
    raise ConfigException("Service host/port is not set.")
kubernetes.config.config_exception.ConfigException: Service host/port is not set.

During handling of the above exception, another exception occurred:

Traceback (most recent call last):
  File "/home/airflow/.local/lib/python3.12/site-packages/airflow/models/taskinstance.py", line 465, in _execute_task
    result = _execute_callable(context=context, **execute_callable_kwargs)
             ^^^^^^^^^^^^^^^^^^^^^^^^^^^^^^^^^^^^^^^^^^^^^^^^^^^^^^^^^^^^^
  File "/home/airflow/.local/lib/python3.12/site-packages/airflow/models/taskinstance.py", line 432, in _execute_callable
    return execute_callable(context=context, **execute_callable_kwargs)
           ^^^^^^^^^^^^^^^^^^^^^^^^^^^^^^^^^^^^^^^^^^^^^^^^^^^^^^^^^^^^
  File "/home/airflow/.local/lib/python3.12/site-packages/airflow/models/baseoperator.py", line 401, in wrapper
    return func(self, *args, **kwargs)
           ^^^^^^^^^^^^^^^^^^^^^^^^^^^
  File "/home/airflow/.local/lib/python3.12/site-packages/airflow/providers/cncf/kubernetes/operators/pod.py", line 591, in execute
    return self.execute_sync(context)
           ^^^^^^^^^^^^^^^^^^^^^^^^^^
  File "/home/airflow/.local/lib/python3.12/site-packages/airflow/providers/cncf/kubernetes/operators/pod.py", line 599, in execute_sync
    self.pod_request_obj = self.build_pod_request_obj(context)
                           ^^^^^^^^^^^^^^^^^^^^^^^^^^^^^^^^^^^
  File "/home/airflow/.local/lib/python3.12/site-packages/airflow/providers/cncf/kubernetes/operators/pod.py", line 1130, in build_pod_request_obj
    "airflow_kpo_in_cluster": str(self.hook.is_in_cluster),
                                  ^^^^^^^^^^^^^^^^^^^^^^^
  File "/home/airflow/.local/lib/python3.12/site-packages/airflow/providers/cncf/kubernetes/hooks/kubernetes.py", line 283, in is_in_cluster
    self.api_client  # so we can determine if we are in_cluster or not
    ^^^^^^^^^^^^^^^
  File "/usr/local/lib/python3.12/functools.py", line 995, in __get__
    val = self.func(instance)
          ^^^^^^^^^^^^^^^^^^^
  File "/home/airflow/.local/lib/python3.12/site-packages/airflow/providers/cncf/kubernetes/hooks/kubernetes.py", line 291, in api_client
    return self.get_conn()
           ^^^^^^^^^^^^^^^
  File "/home/airflow/.local/lib/python3.12/site-packages/airflow/providers/cncf/kubernetes/hooks/kubernetes.py", line 259, in get_conn
    return self._get_default_client(cluster_context=cluster_context)
           ^^^^^^^^^^^^^^^^^^^^^^^^^^^^^^^^^^^^^^^^^^^^^^^^^^^^^^^^^
  File "/home/airflow/.local/lib/python3.12/site-packages/airflow/providers/cncf/kubernetes/hooks/kubernetes.py", line 272, in _get_default_client
    config.load_kube_config(
  File "/home/airflow/.local/lib/python3.12/site-packages/kubernetes/config/kube_config.py", line 815, in load_kube_config
    loader = _get_kube_config_loader(
             ^^^^^^^^^^^^^^^^^^^^^^^^
  File "/home/airflow/.local/lib/python3.12/site-packages/kubernetes/config/kube_config.py", line 772, in _get_kube_config_loader
    raise ConfigException(
kubernetes.config.config_exception.ConfigException: Invalid kube-config file. No configuration found.
[2025-11-25T11:17:08.611+0000] {taskinstance.py:1206} INFO - Marking task as UP_FOR_RETRY. dag_id=crypto_cold_path_gcs_1am, task_id=run_daily_gcs_etl, run_id=scheduled__2025-11-14T01:00:00+00:00, execution_date=20251114T010000, start_date=20251125T111708, end_date=20251125T111708
[2025-11-25T11:17:08.621+0000] {standard_task_runner.py:110} ERROR - Failed to execute job 34 for task run_daily_gcs_etl (Invalid kube-config file. No configuration found.; 315)
[2025-11-25T11:17:08.657+0000] {local_task_job_runner.py:240} INFO - Task exited with return code 1
[2025-11-25T11:17:08.674+0000] {taskinstance.py:3503} INFO - 0 downstream tasks scheduled from follow-on schedule check
[2025-11-25T11:17:08.676+0000] {local_task_job_runner.py:222} INFO - ::endgroup::
