[2025-11-14T04:10:32.117+0000] {local_task_job_runner.py:120} INFO - ::group::Pre task execution logs
[2025-11-14T04:10:32.131+0000] {taskinstance.py:2076} INFO - Dependencies all met for dep_context=non-requeueable deps ti=<TaskInstance: crypto_cold_path_gcs_1am.run_daily_gcs_etl scheduled__2025-11-05T01:00:00+00:00 [queued]>
[2025-11-14T04:10:32.136+0000] {taskinstance.py:2076} INFO - Dependencies all met for dep_context=requeueable deps ti=<TaskInstance: crypto_cold_path_gcs_1am.run_daily_gcs_etl scheduled__2025-11-05T01:00:00+00:00 [queued]>
[2025-11-14T04:10:32.136+0000] {taskinstance.py:2306} INFO - Starting attempt 3 of 3
[2025-11-14T04:10:32.145+0000] {taskinstance.py:2330} INFO - Executing <Task(DockerOperator): run_daily_gcs_etl> on 2025-11-05 01:00:00+00:00
[2025-11-14T04:10:32.149+0000] {warnings.py:112} WARNING - /home/***/.local/lib/python3.12/site-packages/***/task/task_runner/standard_task_runner.py:61: DeprecationWarning: This process (pid=158) is multi-threaded, use of fork() may lead to deadlocks in the child.
  pid = os.fork()

[2025-11-14T04:10:32.151+0000] {standard_task_runner.py:63} INFO - Started process 162 to run task
[2025-11-14T04:10:32.151+0000] {standard_task_runner.py:90} INFO - Running: ['***', 'tasks', 'run', 'crypto_cold_path_gcs_1am', 'run_daily_gcs_etl', 'scheduled__2025-11-05T01:00:00+00:00', '--job-id', '22', '--raw', '--subdir', 'DAGS_FOLDER/etl_dag.py', '--cfg-path', '/tmp/tmp27s9w47q']
[2025-11-14T04:10:32.154+0000] {standard_task_runner.py:91} INFO - Job 22: Subtask run_daily_gcs_etl
[2025-11-14T04:10:32.228+0000] {task_command.py:426} INFO - Running <TaskInstance: crypto_cold_path_gcs_1am.run_daily_gcs_etl scheduled__2025-11-05T01:00:00+00:00 [running]> on host 087bdc4114e2
[2025-11-14T04:10:32.279+0000] {taskinstance.py:2648} INFO - Exporting env vars: AIRFLOW_CTX_DAG_OWNER='***' AIRFLOW_CTX_DAG_ID='crypto_cold_path_gcs_1am' AIRFLOW_CTX_TASK_ID='run_daily_gcs_etl' AIRFLOW_CTX_EXECUTION_DATE='2025-11-05T01:00:00+00:00' AIRFLOW_CTX_TRY_NUMBER='3' AIRFLOW_CTX_DAG_RUN_ID='scheduled__2025-11-05T01:00:00+00:00'
[2025-11-14T04:10:32.280+0000] {taskinstance.py:430} INFO - ::endgroup::
[2025-11-14T04:10:32.285+0000] {docker.py:157} ERROR - Failed to establish connection to Docker host unix://var/run/docker.sock: Error while fetching server API version: ('Connection aborted.', FileNotFoundError(2, 'No such file or directory'))
[2025-11-14T04:10:32.286+0000] {taskinstance.py:441} INFO - ::group::Post task execution logs
[2025-11-14T04:10:32.292+0000] {taskinstance.py:2905} ERROR - Task failed with exception
Traceback (most recent call last):
  File "/home/airflow/.local/lib/python3.12/site-packages/airflow/models/taskinstance.py", line 465, in _execute_task
    result = _execute_callable(context=context, **execute_callable_kwargs)
             ^^^^^^^^^^^^^^^^^^^^^^^^^^^^^^^^^^^^^^^^^^^^^^^^^^^^^^^^^^^^^
  File "/home/airflow/.local/lib/python3.12/site-packages/airflow/models/taskinstance.py", line 432, in _execute_callable
    return execute_callable(context=context, **execute_callable_kwargs)
           ^^^^^^^^^^^^^^^^^^^^^^^^^^^^^^^^^^^^^^^^^^^^^^^^^^^^^^^^^^^^
  File "/home/airflow/.local/lib/python3.12/site-packages/airflow/models/baseoperator.py", line 401, in wrapper
    return func(self, *args, **kwargs)
           ^^^^^^^^^^^^^^^^^^^^^^^^^^^
  File "/home/airflow/.local/lib/python3.12/site-packages/airflow/providers/docker/operators/docker.py", line 492, in execute
    if self.force_pull or not self.cli.images(name=self.image):
                              ^^^^^^^^
  File "/home/airflow/.local/lib/python3.12/site-packages/airflow/providers/docker/operators/docker.py", line 362, in cli
    return self.hook.api_client
           ^^^^^^^^^^^^^^^^^^^^
  File "/usr/local/lib/python3.12/functools.py", line 995, in __get__
    val = self.func(instance)
          ^^^^^^^^^^^^^^^^^^^
  File "/home/airflow/.local/lib/python3.12/site-packages/airflow/providers/docker/hooks/docker.py", line 161, in api_client
    raise AirflowException("Failed to establish connection to any given Docker hosts.")
airflow.exceptions.AirflowException: Failed to establish connection to any given Docker hosts.
[2025-11-14T04:10:32.295+0000] {taskinstance.py:1206} INFO - Marking task as FAILED. dag_id=crypto_cold_path_gcs_1am, task_id=run_daily_gcs_etl, run_id=scheduled__2025-11-05T01:00:00+00:00, execution_date=20251105T010000, start_date=20251114T041032, end_date=20251114T041032
[2025-11-14T04:10:32.304+0000] {standard_task_runner.py:110} ERROR - Failed to execute job 22 for task run_daily_gcs_etl (Failed to establish connection to any given Docker hosts.; 162)
[2025-11-14T04:10:32.325+0000] {local_task_job_runner.py:240} INFO - Task exited with return code 1
[2025-11-14T04:10:32.335+0000] {taskinstance.py:3503} INFO - 0 downstream tasks scheduled from follow-on schedule check
[2025-11-14T04:10:32.339+0000] {local_task_job_runner.py:222} INFO - ::endgroup::
[2025-11-25T11:27:10.686+0000] {local_task_job_runner.py:120} INFO - ::group::Pre task execution logs
[2025-11-25T11:27:10.711+0000] {taskinstance.py:2076} INFO - Dependencies all met for dep_context=non-requeueable deps ti=<TaskInstance: crypto_cold_path_gcs_1am.run_daily_gcs_etl scheduled__2025-11-05T01:00:00+00:00 [queued]>
[2025-11-25T11:27:10.723+0000] {taskinstance.py:2076} INFO - Dependencies all met for dep_context=requeueable deps ti=<TaskInstance: crypto_cold_path_gcs_1am.run_daily_gcs_etl scheduled__2025-11-05T01:00:00+00:00 [queued]>
[2025-11-25T11:27:10.725+0000] {taskinstance.py:2306} INFO - Starting attempt 3 of 3
[2025-11-25T11:27:10.750+0000] {taskinstance.py:2330} INFO - Executing <Task(KubernetesPodOperator): run_daily_gcs_etl> on 2025-11-05 01:00:00+00:00
[2025-11-25T11:27:10.770+0000] {warnings.py:112} WARNING - /home/***/.local/lib/python3.12/site-packages/***/task/task_runner/standard_task_runner.py:61: DeprecationWarning: This process (pid=451) is multi-threaded, use of fork() may lead to deadlocks in the child.
  pid = os.fork()

[2025-11-25T11:27:10.775+0000] {standard_task_runner.py:63} INFO - Started process 486 to run task
[2025-11-25T11:27:10.779+0000] {standard_task_runner.py:90} INFO - Running: ['***', 'tasks', 'run', 'crypto_cold_path_gcs_1am', 'run_daily_gcs_etl', 'scheduled__2025-11-05T01:00:00+00:00', '--job-id', '42', '--raw', '--subdir', 'DAGS_FOLDER/etl_dag.py', '--cfg-path', '/tmp/tmpcl7h0hnv']
[2025-11-25T11:27:10.782+0000] {standard_task_runner.py:91} INFO - Job 42: Subtask run_daily_gcs_etl
[2025-11-25T11:27:10.922+0000] {task_command.py:426} INFO - Running <TaskInstance: crypto_cold_path_gcs_1am.run_daily_gcs_etl scheduled__2025-11-05T01:00:00+00:00 [running]> on host 2aa532f4eb24
[2025-11-25T11:27:11.085+0000] {taskinstance.py:2648} INFO - Exporting env vars: AIRFLOW_CTX_DAG_OWNER='***' AIRFLOW_CTX_DAG_ID='crypto_cold_path_gcs_1am' AIRFLOW_CTX_TASK_ID='run_daily_gcs_etl' AIRFLOW_CTX_EXECUTION_DATE='2025-11-05T01:00:00+00:00' AIRFLOW_CTX_TRY_NUMBER='3' AIRFLOW_CTX_DAG_RUN_ID='scheduled__2025-11-05T01:00:00+00:00'
[2025-11-25T11:27:11.089+0000] {taskinstance.py:430} INFO - ::endgroup::
[2025-11-25T11:27:11.106+0000] {pod.py:1121} INFO - Building pod crypto-gcs-etl-dgmu74m1 with labels: {'dag_id': 'crypto_cold_path_gcs_1am', 'task_id': 'run_daily_gcs_etl', 'run_id': 'scheduled__2025-11-05T0100000000-743bd37bd', 'kubernetes_pod_operator': 'True', 'try_number': '3'}
[2025-11-25T11:27:11.125+0000] {taskinstance.py:441} INFO - ::group::Post task execution logs
[2025-11-25T11:27:11.127+0000] {taskinstance.py:2905} ERROR - Task failed with exception
Traceback (most recent call last):
  File "/home/airflow/.local/lib/python3.12/site-packages/airflow/providers/cncf/kubernetes/hooks/kubernetes.py", line 267, in _get_default_client
    config.load_incluster_config(client_configuration=self.client_configuration)
  File "/home/airflow/.local/lib/python3.12/site-packages/kubernetes/config/incluster_config.py", line 121, in load_incluster_config
    try_refresh_token=try_refresh_token).load_and_set(client_configuration)
                                         ^^^^^^^^^^^^^^^^^^^^^^^^^^^^^^^^^^
  File "/home/airflow/.local/lib/python3.12/site-packages/kubernetes/config/incluster_config.py", line 54, in load_and_set
    self._load_config()
  File "/home/airflow/.local/lib/python3.12/site-packages/kubernetes/config/incluster_config.py", line 62, in _load_config
    raise ConfigException("Service host/port is not set.")
kubernetes.config.config_exception.ConfigException: Service host/port is not set.

During handling of the above exception, another exception occurred:

Traceback (most recent call last):
  File "/home/airflow/.local/lib/python3.12/site-packages/airflow/models/taskinstance.py", line 465, in _execute_task
    result = _execute_callable(context=context, **execute_callable_kwargs)
             ^^^^^^^^^^^^^^^^^^^^^^^^^^^^^^^^^^^^^^^^^^^^^^^^^^^^^^^^^^^^^
  File "/home/airflow/.local/lib/python3.12/site-packages/airflow/models/taskinstance.py", line 432, in _execute_callable
    return execute_callable(context=context, **execute_callable_kwargs)
           ^^^^^^^^^^^^^^^^^^^^^^^^^^^^^^^^^^^^^^^^^^^^^^^^^^^^^^^^^^^^
  File "/home/airflow/.local/lib/python3.12/site-packages/airflow/models/baseoperator.py", line 401, in wrapper
    return func(self, *args, **kwargs)
           ^^^^^^^^^^^^^^^^^^^^^^^^^^^
  File "/home/airflow/.local/lib/python3.12/site-packages/airflow/providers/cncf/kubernetes/operators/pod.py", line 591, in execute
    return self.execute_sync(context)
           ^^^^^^^^^^^^^^^^^^^^^^^^^^
  File "/home/airflow/.local/lib/python3.12/site-packages/airflow/providers/cncf/kubernetes/operators/pod.py", line 599, in execute_sync
    self.pod_request_obj = self.build_pod_request_obj(context)
                           ^^^^^^^^^^^^^^^^^^^^^^^^^^^^^^^^^^^
  File "/home/airflow/.local/lib/python3.12/site-packages/airflow/providers/cncf/kubernetes/operators/pod.py", line 1130, in build_pod_request_obj
    "airflow_kpo_in_cluster": str(self.hook.is_in_cluster),
                                  ^^^^^^^^^^^^^^^^^^^^^^^
  File "/home/airflow/.local/lib/python3.12/site-packages/airflow/providers/cncf/kubernetes/hooks/kubernetes.py", line 283, in is_in_cluster
    self.api_client  # so we can determine if we are in_cluster or not
    ^^^^^^^^^^^^^^^
  File "/usr/local/lib/python3.12/functools.py", line 995, in __get__
    val = self.func(instance)
          ^^^^^^^^^^^^^^^^^^^
  File "/home/airflow/.local/lib/python3.12/site-packages/airflow/providers/cncf/kubernetes/hooks/kubernetes.py", line 291, in api_client
    return self.get_conn()
           ^^^^^^^^^^^^^^^
  File "/home/airflow/.local/lib/python3.12/site-packages/airflow/providers/cncf/kubernetes/hooks/kubernetes.py", line 259, in get_conn
    return self._get_default_client(cluster_context=cluster_context)
           ^^^^^^^^^^^^^^^^^^^^^^^^^^^^^^^^^^^^^^^^^^^^^^^^^^^^^^^^^
  File "/home/airflow/.local/lib/python3.12/site-packages/airflow/providers/cncf/kubernetes/hooks/kubernetes.py", line 272, in _get_default_client
    config.load_kube_config(
  File "/home/airflow/.local/lib/python3.12/site-packages/kubernetes/config/kube_config.py", line 815, in load_kube_config
    loader = _get_kube_config_loader(
             ^^^^^^^^^^^^^^^^^^^^^^^^
  File "/home/airflow/.local/lib/python3.12/site-packages/kubernetes/config/kube_config.py", line 772, in _get_kube_config_loader
    raise ConfigException(
kubernetes.config.config_exception.ConfigException: Invalid kube-config file. No configuration found.
[2025-11-25T11:27:11.153+0000] {taskinstance.py:1206} INFO - Marking task as FAILED. dag_id=crypto_cold_path_gcs_1am, task_id=run_daily_gcs_etl, run_id=scheduled__2025-11-05T01:00:00+00:00, execution_date=20251105T010000, start_date=20251125T112710, end_date=20251125T112711
[2025-11-25T11:27:11.178+0000] {standard_task_runner.py:110} ERROR - Failed to execute job 42 for task run_daily_gcs_etl (Invalid kube-config file. No configuration found.; 486)
[2025-11-25T11:27:11.238+0000] {local_task_job_runner.py:240} INFO - Task exited with return code 1
[2025-11-25T11:27:11.269+0000] {taskinstance.py:3503} INFO - 0 downstream tasks scheduled from follow-on schedule check
[2025-11-25T11:27:11.271+0000] {local_task_job_runner.py:222} INFO - ::endgroup::
