[2025-11-04T09:52:00.328+0000] {local_task_job_runner.py:120} INFO - ::group::Pre task execution logs
[2025-11-04T09:52:00.350+0000] {taskinstance.py:2076} INFO - Dependencies all met for dep_context=non-requeueable deps ti=<TaskInstance: crypto_cold_path_etl_1am.run_daily_minio_etl scheduled__2025-10-28T01:00:00+00:00 [queued]>
[2025-11-04T09:52:00.357+0000] {taskinstance.py:2076} INFO - Dependencies all met for dep_context=requeueable deps ti=<TaskInstance: crypto_cold_path_etl_1am.run_daily_minio_etl scheduled__2025-10-28T01:00:00+00:00 [queued]>
[2025-11-04T09:52:00.359+0000] {taskinstance.py:2306} INFO - Starting attempt 3 of 3
[2025-11-04T09:52:00.369+0000] {taskinstance.py:2330} INFO - Executing <Task(DockerOperator): run_daily_minio_etl> on 2025-10-28 01:00:00+00:00
[2025-11-04T09:52:00.375+0000] {warnings.py:112} WARNING - /home/***/.local/lib/python3.12/site-packages/***/task/task_runner/standard_task_runner.py:61: DeprecationWarning: This process (pid=347) is multi-threaded, use of fork() may lead to deadlocks in the child.
  pid = os.fork()

[2025-11-04T09:52:00.377+0000] {standard_task_runner.py:63} INFO - Started process 350 to run task
[2025-11-04T09:52:00.377+0000] {standard_task_runner.py:90} INFO - Running: ['***', 'tasks', 'run', 'crypto_cold_path_etl_1am', 'run_daily_minio_etl', 'scheduled__2025-10-28T01:00:00+00:00', '--job-id', '10', '--raw', '--subdir', 'DAGS_FOLDER/etl_dag.py', '--cfg-path', '/tmp/tmpiv9tfqbn']
[2025-11-04T09:52:00.380+0000] {standard_task_runner.py:91} INFO - Job 10: Subtask run_daily_minio_etl
[2025-11-04T09:52:00.459+0000] {task_command.py:426} INFO - Running <TaskInstance: crypto_cold_path_etl_1am.run_daily_minio_etl scheduled__2025-10-28T01:00:00+00:00 [running]> on host b639ee8152e5
[2025-11-04T09:52:00.513+0000] {taskinstance.py:2648} INFO - Exporting env vars: AIRFLOW_CTX_DAG_OWNER='***' AIRFLOW_CTX_DAG_ID='crypto_cold_path_etl_1am' AIRFLOW_CTX_TASK_ID='run_daily_minio_etl' AIRFLOW_CTX_EXECUTION_DATE='2025-10-28T01:00:00+00:00' AIRFLOW_CTX_TRY_NUMBER='3' AIRFLOW_CTX_DAG_RUN_ID='scheduled__2025-10-28T01:00:00+00:00'
[2025-11-04T09:52:00.515+0000] {taskinstance.py:430} INFO - ::endgroup::
[2025-11-04T09:52:00.518+0000] {docker.py:157} ERROR - Failed to establish connection to Docker host unix://var/run/docker.sock: Error while fetching server API version: ('Connection aborted.', FileNotFoundError(2, 'No such file or directory'))
[2025-11-04T09:52:00.519+0000] {taskinstance.py:441} INFO - ::group::Post task execution logs
[2025-11-04T09:52:00.526+0000] {taskinstance.py:2905} ERROR - Task failed with exception
Traceback (most recent call last):
  File "/home/airflow/.local/lib/python3.12/site-packages/airflow/models/taskinstance.py", line 465, in _execute_task
    result = _execute_callable(context=context, **execute_callable_kwargs)
             ^^^^^^^^^^^^^^^^^^^^^^^^^^^^^^^^^^^^^^^^^^^^^^^^^^^^^^^^^^^^^
  File "/home/airflow/.local/lib/python3.12/site-packages/airflow/models/taskinstance.py", line 432, in _execute_callable
    return execute_callable(context=context, **execute_callable_kwargs)
           ^^^^^^^^^^^^^^^^^^^^^^^^^^^^^^^^^^^^^^^^^^^^^^^^^^^^^^^^^^^^
  File "/home/airflow/.local/lib/python3.12/site-packages/airflow/models/baseoperator.py", line 401, in wrapper
    return func(self, *args, **kwargs)
           ^^^^^^^^^^^^^^^^^^^^^^^^^^^
  File "/home/airflow/.local/lib/python3.12/site-packages/airflow/providers/docker/operators/docker.py", line 492, in execute
    if self.force_pull or not self.cli.images(name=self.image):
                              ^^^^^^^^
  File "/home/airflow/.local/lib/python3.12/site-packages/airflow/providers/docker/operators/docker.py", line 362, in cli
    return self.hook.api_client
           ^^^^^^^^^^^^^^^^^^^^
  File "/usr/local/lib/python3.12/functools.py", line 995, in __get__
    val = self.func(instance)
          ^^^^^^^^^^^^^^^^^^^
  File "/home/airflow/.local/lib/python3.12/site-packages/airflow/providers/docker/hooks/docker.py", line 161, in api_client
    raise AirflowException("Failed to establish connection to any given Docker hosts.")
airflow.exceptions.AirflowException: Failed to establish connection to any given Docker hosts.
[2025-11-04T09:52:00.530+0000] {taskinstance.py:1206} INFO - Marking task as FAILED. dag_id=crypto_cold_path_etl_1am, task_id=run_daily_minio_etl, run_id=scheduled__2025-10-28T01:00:00+00:00, execution_date=20251028T010000, start_date=20251104T095200, end_date=20251104T095200
[2025-11-04T09:52:00.540+0000] {standard_task_runner.py:110} ERROR - Failed to execute job 10 for task run_daily_minio_etl (Failed to establish connection to any given Docker hosts.; 350)
[2025-11-04T09:52:00.553+0000] {local_task_job_runner.py:240} INFO - Task exited with return code 1
[2025-11-04T09:52:00.564+0000] {taskinstance.py:3503} INFO - 0 downstream tasks scheduled from follow-on schedule check
[2025-11-04T09:52:00.567+0000] {local_task_job_runner.py:222} INFO - ::endgroup::
