[2025-12-02T09:16:34.154+0000] {local_task_job_runner.py:120} INFO - ::group::Pre task execution logs
[2025-12-02T09:16:34.172+0000] {taskinstance.py:2076} INFO - Dependencies all met for dep_context=non-requeueable deps ti=<TaskInstance: crypto_cold_path_gcs_1am.run_daily_gcs_etl scheduled__2025-12-01T01:00:00+00:00 [queued]>
[2025-12-02T09:16:34.178+0000] {taskinstance.py:2076} INFO - Dependencies all met for dep_context=requeueable deps ti=<TaskInstance: crypto_cold_path_gcs_1am.run_daily_gcs_etl scheduled__2025-12-01T01:00:00+00:00 [queued]>
[2025-12-02T09:16:34.180+0000] {taskinstance.py:2306} INFO - Starting attempt 4 of 6
[2025-12-02T09:16:34.192+0000] {taskinstance.py:2330} INFO - Executing <Task(PythonOperator): run_daily_gcs_etl> on 2025-12-01 01:00:00+00:00
[2025-12-02T09:16:34.198+0000] {warnings.py:112} WARNING - /home/***/.local/lib/python3.12/site-packages/***/task/task_runner/standard_task_runner.py:61: DeprecationWarning: This process (pid=320) is multi-threaded, use of fork() may lead to deadlocks in the child.
  pid = os.fork()

[2025-12-02T09:16:34.200+0000] {standard_task_runner.py:63} INFO - Started process 322 to run task
[2025-12-02T09:16:34.200+0000] {standard_task_runner.py:90} INFO - Running: ['***', 'tasks', 'run', 'crypto_cold_path_gcs_1am', 'run_daily_gcs_etl', 'scheduled__2025-12-01T01:00:00+00:00', '--job-id', '131', '--raw', '--subdir', 'DAGS_FOLDER/etl_dag.py', '--cfg-path', '/tmp/tmpr6c52dlb']
[2025-12-02T09:16:34.201+0000] {standard_task_runner.py:91} INFO - Job 131: Subtask run_daily_gcs_etl
[2025-12-02T09:16:34.276+0000] {task_command.py:426} INFO - Running <TaskInstance: crypto_cold_path_gcs_1am.run_daily_gcs_etl scheduled__2025-12-01T01:00:00+00:00 [running]> on host ee2c3d4edd33
[2025-12-02T09:16:34.339+0000] {taskinstance.py:2648} INFO - Exporting env vars: AIRFLOW_CTX_DAG_OWNER='***' AIRFLOW_CTX_DAG_ID='crypto_cold_path_gcs_1am' AIRFLOW_CTX_TASK_ID='run_daily_gcs_etl' AIRFLOW_CTX_EXECUTION_DATE='2025-12-01T01:00:00+00:00' AIRFLOW_CTX_TRY_NUMBER='4' AIRFLOW_CTX_DAG_RUN_ID='scheduled__2025-12-01T01:00:00+00:00'
[2025-12-02T09:16:34.340+0000] {taskinstance.py:430} INFO - ::endgroup::
[2025-12-02T09:16:44.340+0000] {logging_mixin.py:188} INFO - --- BẮT ĐẦU ETL (GCS) CHO NGÀY: 2025-12-01 ---
[2025-12-02T09:16:44.343+0000] {logging_mixin.py:188} INFO - Đã kết nối GCS thành công.
[2025-12-02T09:16:44.343+0000] {logging_mixin.py:188} INFO - [Processing Coin: BTCUSDT]
[2025-12-02T09:16:44.678+0000] {logging_mixin.py:188} INFO - [Processing Coin: ETHUSDT]
[2025-12-02T09:16:44.963+0000] {logging_mixin.py:188} INFO - [Processing Coin: SOLUSDT]
[2025-12-02T09:16:45.233+0000] {logging_mixin.py:188} INFO - [Processing Coin: BNBUSDT]
[2025-12-02T09:16:45.519+0000] {logging_mixin.py:188} INFO - [Processing Coin: DOGEUSDT]
[2025-12-02T09:16:45.803+0000] {logging_mixin.py:188} INFO - [Processing Coin: XRPUSDT]
[2025-12-02T09:16:46.152+0000] {logging_mixin.py:188} INFO - [Processing Coin: PEPEUSDT]
[2025-12-02T09:16:46.419+0000] {logging_mixin.py:188} INFO - [Processing Coin: TONUSDT]
[2025-12-02T09:16:46.690+0000] {logging_mixin.py:188} INFO - [Processing Coin: SHIBUSDT]
[2025-12-02T09:16:46.952+0000] {logging_mixin.py:188} INFO - [Processing Coin: DOTUSDT]
[2025-12-02T09:16:47.217+0000] {logging_mixin.py:188} INFO - [Processing Coin: ADAUSDT]
[2025-12-02T09:16:47.497+0000] {logging_mixin.py:188} INFO - [Processing Coin: AVAXUSDT]
[2025-12-02T09:16:47.771+0000] {logging_mixin.py:188} INFO - [Processing Coin: LINKUSDT]
[2025-12-02T09:16:48.047+0000] {logging_mixin.py:188} INFO - [Processing Coin: TRXUSDT]
[2025-12-02T09:16:48.310+0000] {logging_mixin.py:188} INFO - [Processing Coin: MATICUSDT]
[2025-12-02T09:16:48.551+0000] {logging_mixin.py:188} INFO -   -> Không lấy đủ 1440 nến cho MATICUSDT. Bỏ qua.
[2025-12-02T09:16:48.551+0000] {logging_mixin.py:188} INFO - [Processing Coin: BCHUSDT]
[2025-12-02T09:16:48.833+0000] {logging_mixin.py:188} INFO - [Processing Coin: ICPUSDT]
[2025-12-02T09:16:49.106+0000] {logging_mixin.py:188} INFO - [Processing Coin: NEARUSDT]
[2025-12-02T09:16:49.393+0000] {logging_mixin.py:188} INFO - [Processing Coin: LTCUSDT]
[2025-12-02T09:16:49.657+0000] {logging_mixin.py:188} INFO - [Processing Coin: LEOUSD]
[2025-12-02T09:16:49.793+0000] {logging_mixin.py:188} INFO - Lỗi khi gọi API Binance cho LEOUSD: 400 Client Error: Bad Request for url: https://api.binance.com/api/v3/klines?symbol=LEOUSD&interval=1m&startTime=1764547200000&endTime=1764590399999&limit=1000
[2025-12-02T09:16:49.795+0000] {logging_mixin.py:188} INFO -   -> Không lấy đủ 1440 nến cho LEOUSD. Bỏ qua.
[2025-12-02T09:16:49.796+0000] {logging_mixin.py:188} INFO - [Processing Coin: UNIUSDT]
[2025-12-02T09:16:50.058+0000] {logging_mixin.py:188} INFO - [Processing Coin: FETUSDT]
[2025-12-02T09:16:50.316+0000] {logging_mixin.py:188} INFO - [Processing Coin: RNDRUSDT]
[2025-12-02T09:16:50.570+0000] {logging_mixin.py:188} INFO -   -> Không lấy đủ 1440 nến cho RNDRUSDT. Bỏ qua.
[2025-12-02T09:16:50.571+0000] {logging_mixin.py:188} INFO - [Processing Coin: ATOMUSDT]
[2025-12-02T09:16:50.840+0000] {logging_mixin.py:188} INFO - [Processing Coin: INJUSDT]
[2025-12-02T09:16:51.090+0000] {logging_mixin.py:188} INFO - [Processing Coin: WIFUSDT]
[2025-12-02T09:16:51.344+0000] {logging_mixin.py:188} INFO - [Processing Coin: OPUSDT]
[2025-12-02T09:16:51.604+0000] {logging_mixin.py:188} INFO - [Processing Coin: ARBUSDT]
[2025-12-02T09:16:52.639+0000] {logging_mixin.py:188} INFO - [Processing Coin: ETCUSDT]
[2025-12-02T09:16:52.933+0000] {logging_mixin.py:188} INFO - [Processing Coin: FILUSDT]
[2025-12-02T09:16:53.221+0000] {logging_mixin.py:188} INFO - Đã tải về 38880 dòng. Đang xử lý...
[2025-12-02T09:16:53.354+0000] {logging_mixin.py:188} INFO - Đang ghi 38880 dòng vào GCS (Parquet)...
[2025-12-02T09:16:53.540+0000] {retry.py:157} ERROR - _request non-retriable exception: Invalid Credentials, 401
Traceback (most recent call last):
  File "/home/airflow/.local/lib/python3.12/site-packages/gcsfs/retry.py", line 123, in retry_request
    return await func(*args, **kwargs)
           ^^^^^^^^^^^^^^^^^^^^^^^^^^^
  File "/home/airflow/.local/lib/python3.12/site-packages/gcsfs/core.py", line 430, in _request
    validate_response(status, contents, path, args)
  File "/home/airflow/.local/lib/python3.12/site-packages/gcsfs/retry.py", line 110, in validate_response
    raise HttpError(error)
gcsfs.retry.HttpError: Invalid Credentials, 401
[2025-12-02T09:16:53.541+0000] {retry.py:157} ERROR - _request non-retriable exception: Invalid Credentials, 401
Traceback (most recent call last):
  File "/home/airflow/.local/lib/python3.12/site-packages/gcsfs/retry.py", line 123, in retry_request
    return await func(*args, **kwargs)
           ^^^^^^^^^^^^^^^^^^^^^^^^^^^
  File "/home/airflow/.local/lib/python3.12/site-packages/gcsfs/core.py", line 430, in _request
    validate_response(status, contents, path, args)
  File "/home/airflow/.local/lib/python3.12/site-packages/gcsfs/retry.py", line 110, in validate_response
    raise HttpError(error)
gcsfs.retry.HttpError: Invalid Credentials, 401
[2025-12-02T09:16:53.543+0000] {retry.py:157} ERROR - _request non-retriable exception: Invalid Credentials, 401
Traceback (most recent call last):
  File "/home/airflow/.local/lib/python3.12/site-packages/gcsfs/retry.py", line 123, in retry_request
    return await func(*args, **kwargs)
           ^^^^^^^^^^^^^^^^^^^^^^^^^^^
  File "/home/airflow/.local/lib/python3.12/site-packages/gcsfs/core.py", line 430, in _request
    validate_response(status, contents, path, args)
  File "/home/airflow/.local/lib/python3.12/site-packages/gcsfs/retry.py", line 110, in validate_response
    raise HttpError(error)
gcsfs.retry.HttpError: Invalid Credentials, 401
[2025-12-02T09:16:53.544+0000] {retry.py:157} ERROR - _request non-retriable exception: Invalid Credentials, 401
Traceback (most recent call last):
  File "/home/airflow/.local/lib/python3.12/site-packages/gcsfs/retry.py", line 123, in retry_request
    return await func(*args, **kwargs)
           ^^^^^^^^^^^^^^^^^^^^^^^^^^^
  File "/home/airflow/.local/lib/python3.12/site-packages/gcsfs/core.py", line 430, in _request
    validate_response(status, contents, path, args)
  File "/home/airflow/.local/lib/python3.12/site-packages/gcsfs/retry.py", line 110, in validate_response
    raise HttpError(error)
gcsfs.retry.HttpError: Invalid Credentials, 401
[2025-12-02T09:16:53.546+0000] {retry.py:157} ERROR - _request non-retriable exception: Invalid Credentials, 401
Traceback (most recent call last):
  File "/home/airflow/.local/lib/python3.12/site-packages/gcsfs/retry.py", line 123, in retry_request
    return await func(*args, **kwargs)
           ^^^^^^^^^^^^^^^^^^^^^^^^^^^
  File "/home/airflow/.local/lib/python3.12/site-packages/gcsfs/core.py", line 430, in _request
    validate_response(status, contents, path, args)
  File "/home/airflow/.local/lib/python3.12/site-packages/gcsfs/retry.py", line 110, in validate_response
    raise HttpError(error)
gcsfs.retry.HttpError: Invalid Credentials, 401
[2025-12-02T09:16:53.547+0000] {retry.py:157} ERROR - _request non-retriable exception: Invalid Credentials, 401
Traceback (most recent call last):
  File "/home/airflow/.local/lib/python3.12/site-packages/gcsfs/retry.py", line 123, in retry_request
    return await func(*args, **kwargs)
           ^^^^^^^^^^^^^^^^^^^^^^^^^^^
  File "/home/airflow/.local/lib/python3.12/site-packages/gcsfs/core.py", line 430, in _request
    validate_response(status, contents, path, args)
  File "/home/airflow/.local/lib/python3.12/site-packages/gcsfs/retry.py", line 110, in validate_response
    raise HttpError(error)
gcsfs.retry.HttpError: Invalid Credentials, 401
[2025-12-02T09:16:53.548+0000] {retry.py:157} ERROR - _request non-retriable exception: Invalid Credentials, 401
Traceback (most recent call last):
  File "/home/airflow/.local/lib/python3.12/site-packages/gcsfs/retry.py", line 123, in retry_request
    return await func(*args, **kwargs)
           ^^^^^^^^^^^^^^^^^^^^^^^^^^^
  File "/home/airflow/.local/lib/python3.12/site-packages/gcsfs/core.py", line 430, in _request
    validate_response(status, contents, path, args)
  File "/home/airflow/.local/lib/python3.12/site-packages/gcsfs/retry.py", line 110, in validate_response
    raise HttpError(error)
gcsfs.retry.HttpError: Invalid Credentials, 401
[2025-12-02T09:16:53.549+0000] {retry.py:157} ERROR - _request non-retriable exception: Invalid Credentials, 401
Traceback (most recent call last):
  File "/home/airflow/.local/lib/python3.12/site-packages/gcsfs/retry.py", line 123, in retry_request
    return await func(*args, **kwargs)
           ^^^^^^^^^^^^^^^^^^^^^^^^^^^
  File "/home/airflow/.local/lib/python3.12/site-packages/gcsfs/core.py", line 430, in _request
    validate_response(status, contents, path, args)
  File "/home/airflow/.local/lib/python3.12/site-packages/gcsfs/retry.py", line 110, in validate_response
    raise HttpError(error)
gcsfs.retry.HttpError: Invalid Credentials, 401
[2025-12-02T09:16:53.721+0000] {retry.py:157} ERROR - _request non-retriable exception: Invalid Credentials, 401
Traceback (most recent call last):
  File "/home/airflow/.local/lib/python3.12/site-packages/gcsfs/retry.py", line 123, in retry_request
    return await func(*args, **kwargs)
           ^^^^^^^^^^^^^^^^^^^^^^^^^^^
  File "/home/airflow/.local/lib/python3.12/site-packages/gcsfs/core.py", line 430, in _request
    validate_response(status, contents, path, args)
  File "/home/airflow/.local/lib/python3.12/site-packages/gcsfs/retry.py", line 110, in validate_response
    raise HttpError(error)
gcsfs.retry.HttpError: Invalid Credentials, 401
[2025-12-02T09:16:53.722+0000] {retry.py:157} ERROR - _request non-retriable exception: Invalid Credentials, 401
Traceback (most recent call last):
  File "/home/airflow/.local/lib/python3.12/site-packages/gcsfs/retry.py", line 123, in retry_request
    return await func(*args, **kwargs)
           ^^^^^^^^^^^^^^^^^^^^^^^^^^^
  File "/home/airflow/.local/lib/python3.12/site-packages/gcsfs/core.py", line 430, in _request
    validate_response(status, contents, path, args)
  File "/home/airflow/.local/lib/python3.12/site-packages/gcsfs/retry.py", line 110, in validate_response
    raise HttpError(error)
gcsfs.retry.HttpError: Invalid Credentials, 401
[2025-12-02T09:16:53.724+0000] {retry.py:157} ERROR - _request non-retriable exception: Invalid Credentials, 401
Traceback (most recent call last):
  File "/home/airflow/.local/lib/python3.12/site-packages/gcsfs/retry.py", line 123, in retry_request
    return await func(*args, **kwargs)
           ^^^^^^^^^^^^^^^^^^^^^^^^^^^
  File "/home/airflow/.local/lib/python3.12/site-packages/gcsfs/core.py", line 430, in _request
    validate_response(status, contents, path, args)
  File "/home/airflow/.local/lib/python3.12/site-packages/gcsfs/retry.py", line 110, in validate_response
    raise HttpError(error)
gcsfs.retry.HttpError: Invalid Credentials, 401
[2025-12-02T09:16:53.725+0000] {retry.py:157} ERROR - _request non-retriable exception: Invalid Credentials, 401
Traceback (most recent call last):
  File "/home/airflow/.local/lib/python3.12/site-packages/gcsfs/retry.py", line 123, in retry_request
    return await func(*args, **kwargs)
           ^^^^^^^^^^^^^^^^^^^^^^^^^^^
  File "/home/airflow/.local/lib/python3.12/site-packages/gcsfs/core.py", line 430, in _request
    validate_response(status, contents, path, args)
  File "/home/airflow/.local/lib/python3.12/site-packages/gcsfs/retry.py", line 110, in validate_response
    raise HttpError(error)
gcsfs.retry.HttpError: Invalid Credentials, 401
[2025-12-02T09:16:53.726+0000] {retry.py:157} ERROR - _request non-retriable exception: Invalid Credentials, 401
Traceback (most recent call last):
  File "/home/airflow/.local/lib/python3.12/site-packages/gcsfs/retry.py", line 123, in retry_request
    return await func(*args, **kwargs)
           ^^^^^^^^^^^^^^^^^^^^^^^^^^^
  File "/home/airflow/.local/lib/python3.12/site-packages/gcsfs/core.py", line 430, in _request
    validate_response(status, contents, path, args)
  File "/home/airflow/.local/lib/python3.12/site-packages/gcsfs/retry.py", line 110, in validate_response
    raise HttpError(error)
gcsfs.retry.HttpError: Invalid Credentials, 401
[2025-12-02T09:16:53.728+0000] {retry.py:157} ERROR - _request non-retriable exception: Invalid Credentials, 401
Traceback (most recent call last):
  File "/home/airflow/.local/lib/python3.12/site-packages/gcsfs/retry.py", line 123, in retry_request
    return await func(*args, **kwargs)
           ^^^^^^^^^^^^^^^^^^^^^^^^^^^
  File "/home/airflow/.local/lib/python3.12/site-packages/gcsfs/core.py", line 430, in _request
    validate_response(status, contents, path, args)
  File "/home/airflow/.local/lib/python3.12/site-packages/gcsfs/retry.py", line 110, in validate_response
    raise HttpError(error)
gcsfs.retry.HttpError: Invalid Credentials, 401
[2025-12-02T09:16:53.729+0000] {retry.py:157} ERROR - _request non-retriable exception: Invalid Credentials, 401
Traceback (most recent call last):
  File "/home/airflow/.local/lib/python3.12/site-packages/gcsfs/retry.py", line 123, in retry_request
    return await func(*args, **kwargs)
           ^^^^^^^^^^^^^^^^^^^^^^^^^^^
  File "/home/airflow/.local/lib/python3.12/site-packages/gcsfs/core.py", line 430, in _request
    validate_response(status, contents, path, args)
  File "/home/airflow/.local/lib/python3.12/site-packages/gcsfs/retry.py", line 110, in validate_response
    raise HttpError(error)
gcsfs.retry.HttpError: Invalid Credentials, 401
[2025-12-02T09:16:53.734+0000] {retry.py:157} ERROR - _request non-retriable exception: Invalid Credentials, 401
Traceback (most recent call last):
  File "/home/airflow/.local/lib/python3.12/site-packages/gcsfs/retry.py", line 123, in retry_request
    return await func(*args, **kwargs)
           ^^^^^^^^^^^^^^^^^^^^^^^^^^^
  File "/home/airflow/.local/lib/python3.12/site-packages/gcsfs/core.py", line 430, in _request
    validate_response(status, contents, path, args)
  File "/home/airflow/.local/lib/python3.12/site-packages/gcsfs/retry.py", line 110, in validate_response
    raise HttpError(error)
gcsfs.retry.HttpError: Invalid Credentials, 401
[2025-12-02T09:16:53.795+0000] {retry.py:157} ERROR - _request non-retriable exception: Invalid Credentials, 401
Traceback (most recent call last):
  File "/home/airflow/.local/lib/python3.12/site-packages/gcsfs/retry.py", line 123, in retry_request
    return await func(*args, **kwargs)
           ^^^^^^^^^^^^^^^^^^^^^^^^^^^
  File "/home/airflow/.local/lib/python3.12/site-packages/gcsfs/core.py", line 430, in _request
    validate_response(status, contents, path, args)
  File "/home/airflow/.local/lib/python3.12/site-packages/gcsfs/retry.py", line 110, in validate_response
    raise HttpError(error)
gcsfs.retry.HttpError: Invalid Credentials, 401
[2025-12-02T09:16:53.796+0000] {retry.py:157} ERROR - _request non-retriable exception: Invalid Credentials, 401
Traceback (most recent call last):
  File "/home/airflow/.local/lib/python3.12/site-packages/gcsfs/retry.py", line 123, in retry_request
    return await func(*args, **kwargs)
           ^^^^^^^^^^^^^^^^^^^^^^^^^^^
  File "/home/airflow/.local/lib/python3.12/site-packages/gcsfs/core.py", line 430, in _request
    validate_response(status, contents, path, args)
  File "/home/airflow/.local/lib/python3.12/site-packages/gcsfs/retry.py", line 110, in validate_response
    raise HttpError(error)
gcsfs.retry.HttpError: Invalid Credentials, 401
[2025-12-02T09:16:53.797+0000] {retry.py:157} ERROR - _request non-retriable exception: Invalid Credentials, 401
Traceback (most recent call last):
  File "/home/airflow/.local/lib/python3.12/site-packages/gcsfs/retry.py", line 123, in retry_request
    return await func(*args, **kwargs)
           ^^^^^^^^^^^^^^^^^^^^^^^^^^^
  File "/home/airflow/.local/lib/python3.12/site-packages/gcsfs/core.py", line 430, in _request
    validate_response(status, contents, path, args)
  File "/home/airflow/.local/lib/python3.12/site-packages/gcsfs/retry.py", line 110, in validate_response
    raise HttpError(error)
gcsfs.retry.HttpError: Invalid Credentials, 401
[2025-12-02T09:16:53.797+0000] {retry.py:157} ERROR - _request non-retriable exception: Invalid Credentials, 401
Traceback (most recent call last):
  File "/home/airflow/.local/lib/python3.12/site-packages/gcsfs/retry.py", line 123, in retry_request
    return await func(*args, **kwargs)
           ^^^^^^^^^^^^^^^^^^^^^^^^^^^
  File "/home/airflow/.local/lib/python3.12/site-packages/gcsfs/core.py", line 430, in _request
    validate_response(status, contents, path, args)
  File "/home/airflow/.local/lib/python3.12/site-packages/gcsfs/retry.py", line 110, in validate_response
    raise HttpError(error)
gcsfs.retry.HttpError: Invalid Credentials, 401
[2025-12-02T09:16:53.799+0000] {retry.py:157} ERROR - _request non-retriable exception: Invalid Credentials, 401
Traceback (most recent call last):
  File "/home/airflow/.local/lib/python3.12/site-packages/gcsfs/retry.py", line 123, in retry_request
    return await func(*args, **kwargs)
           ^^^^^^^^^^^^^^^^^^^^^^^^^^^
  File "/home/airflow/.local/lib/python3.12/site-packages/gcsfs/core.py", line 430, in _request
    validate_response(status, contents, path, args)
  File "/home/airflow/.local/lib/python3.12/site-packages/gcsfs/retry.py", line 110, in validate_response
    raise HttpError(error)
gcsfs.retry.HttpError: Invalid Credentials, 401
[2025-12-02T09:16:53.800+0000] {retry.py:157} ERROR - _request non-retriable exception: Invalid Credentials, 401
Traceback (most recent call last):
  File "/home/airflow/.local/lib/python3.12/site-packages/gcsfs/retry.py", line 123, in retry_request
    return await func(*args, **kwargs)
           ^^^^^^^^^^^^^^^^^^^^^^^^^^^
  File "/home/airflow/.local/lib/python3.12/site-packages/gcsfs/core.py", line 430, in _request
    validate_response(status, contents, path, args)
  File "/home/airflow/.local/lib/python3.12/site-packages/gcsfs/retry.py", line 110, in validate_response
    raise HttpError(error)
gcsfs.retry.HttpError: Invalid Credentials, 401
[2025-12-02T09:16:53.801+0000] {retry.py:157} ERROR - _request non-retriable exception: Invalid Credentials, 401
Traceback (most recent call last):
  File "/home/airflow/.local/lib/python3.12/site-packages/gcsfs/retry.py", line 123, in retry_request
    return await func(*args, **kwargs)
           ^^^^^^^^^^^^^^^^^^^^^^^^^^^
  File "/home/airflow/.local/lib/python3.12/site-packages/gcsfs/core.py", line 430, in _request
    validate_response(status, contents, path, args)
  File "/home/airflow/.local/lib/python3.12/site-packages/gcsfs/retry.py", line 110, in validate_response
    raise HttpError(error)
gcsfs.retry.HttpError: Invalid Credentials, 401
[2025-12-02T09:16:53.810+0000] {retry.py:157} ERROR - _request non-retriable exception: Invalid Credentials, 401
Traceback (most recent call last):
  File "/home/airflow/.local/lib/python3.12/site-packages/gcsfs/retry.py", line 123, in retry_request
    return await func(*args, **kwargs)
           ^^^^^^^^^^^^^^^^^^^^^^^^^^^
  File "/home/airflow/.local/lib/python3.12/site-packages/gcsfs/core.py", line 430, in _request
    validate_response(status, contents, path, args)
  File "/home/airflow/.local/lib/python3.12/site-packages/gcsfs/retry.py", line 110, in validate_response
    raise HttpError(error)
gcsfs.retry.HttpError: Invalid Credentials, 401
[2025-12-02T09:16:53.972+0000] {retry.py:157} ERROR - _request non-retriable exception: Invalid Credentials, 401
Traceback (most recent call last):
  File "/home/airflow/.local/lib/python3.12/site-packages/gcsfs/retry.py", line 123, in retry_request
    return await func(*args, **kwargs)
           ^^^^^^^^^^^^^^^^^^^^^^^^^^^
  File "/home/airflow/.local/lib/python3.12/site-packages/gcsfs/core.py", line 430, in _request
    validate_response(status, contents, path, args)
  File "/home/airflow/.local/lib/python3.12/site-packages/gcsfs/retry.py", line 110, in validate_response
    raise HttpError(error)
gcsfs.retry.HttpError: Invalid Credentials, 401
[2025-12-02T09:16:53.975+0000] {retry.py:157} ERROR - _request non-retriable exception: Invalid Credentials, 401
Traceback (most recent call last):
  File "/home/airflow/.local/lib/python3.12/site-packages/gcsfs/retry.py", line 123, in retry_request
    return await func(*args, **kwargs)
           ^^^^^^^^^^^^^^^^^^^^^^^^^^^
  File "/home/airflow/.local/lib/python3.12/site-packages/gcsfs/core.py", line 430, in _request
    validate_response(status, contents, path, args)
  File "/home/airflow/.local/lib/python3.12/site-packages/gcsfs/retry.py", line 110, in validate_response
    raise HttpError(error)
gcsfs.retry.HttpError: Invalid Credentials, 401
[2025-12-02T09:16:53.978+0000] {retry.py:157} ERROR - _request non-retriable exception: Invalid Credentials, 401
Traceback (most recent call last):
  File "/home/airflow/.local/lib/python3.12/site-packages/gcsfs/retry.py", line 123, in retry_request
    return await func(*args, **kwargs)
           ^^^^^^^^^^^^^^^^^^^^^^^^^^^
  File "/home/airflow/.local/lib/python3.12/site-packages/gcsfs/core.py", line 430, in _request
    validate_response(status, contents, path, args)
  File "/home/airflow/.local/lib/python3.12/site-packages/gcsfs/retry.py", line 110, in validate_response
    raise HttpError(error)
gcsfs.retry.HttpError: Invalid Credentials, 401
[2025-12-02T09:16:53.979+0000] {logging_mixin.py:188} INFO - LỖI khi ghi vào GCS: Invalid Credentials, 401
[2025-12-02T09:16:53.979+0000] {python.py:237} INFO - Done. Returned value was: None
[2025-12-02T09:16:53.980+0000] {taskinstance.py:441} INFO - ::group::Post task execution logs
[2025-12-02T09:16:53.986+0000] {taskinstance.py:1206} INFO - Marking task as SUCCESS. dag_id=crypto_cold_path_gcs_1am, task_id=run_daily_gcs_etl, run_id=scheduled__2025-12-01T01:00:00+00:00, execution_date=20251201T010000, start_date=20251202T091634, end_date=20251202T091653
[2025-12-02T09:16:54.021+0000] {local_task_job_runner.py:240} INFO - Task exited with return code 0
[2025-12-02T09:16:54.031+0000] {taskinstance.py:3503} INFO - 0 downstream tasks scheduled from follow-on schedule check
[2025-12-02T09:16:54.034+0000] {local_task_job_runner.py:222} INFO - ::endgroup::
