[2025-12-02T09:04:02.503+0000] {local_task_job_runner.py:120} INFO - ::group::Pre task execution logs
[2025-12-02T09:04:02.517+0000] {taskinstance.py:2076} INFO - Dependencies all met for dep_context=non-requeueable deps ti=<TaskInstance: crypto_cold_path_gcs_1am.run_daily_gcs_etl manual__2025-12-02T08:43:47.105579+00:00 [queued]>
[2025-12-02T09:04:02.521+0000] {taskinstance.py:2076} INFO - Dependencies all met for dep_context=requeueable deps ti=<TaskInstance: crypto_cold_path_gcs_1am.run_daily_gcs_etl manual__2025-12-02T08:43:47.105579+00:00 [queued]>
[2025-12-02T09:04:02.523+0000] {taskinstance.py:2306} INFO - Starting attempt 3 of 3
[2025-12-02T09:04:02.531+0000] {taskinstance.py:2330} INFO - Executing <Task(PythonOperator): run_daily_gcs_etl> on 2025-12-02 08:43:47.105579+00:00
[2025-12-02T09:04:02.536+0000] {warnings.py:112} WARNING - /home/***/.local/lib/python3.12/site-packages/***/task/task_runner/standard_task_runner.py:61: DeprecationWarning: This process (pid=111) is multi-threaded, use of fork() may lead to deadlocks in the child.
  pid = os.fork()

[2025-12-02T09:04:02.537+0000] {standard_task_runner.py:63} INFO - Started process 113 to run task
[2025-12-02T09:04:02.537+0000] {standard_task_runner.py:90} INFO - Running: ['***', 'tasks', 'run', 'crypto_cold_path_gcs_1am', 'run_daily_gcs_etl', 'manual__2025-12-02T08:43:47.105579+00:00', '--job-id', '119', '--raw', '--subdir', 'DAGS_FOLDER/etl_dag.py', '--cfg-path', '/tmp/tmpopckrjw1']
[2025-12-02T09:04:02.538+0000] {standard_task_runner.py:91} INFO - Job 119: Subtask run_daily_gcs_etl
[2025-12-02T09:04:02.610+0000] {task_command.py:426} INFO - Running <TaskInstance: crypto_cold_path_gcs_1am.run_daily_gcs_etl manual__2025-12-02T08:43:47.105579+00:00 [running]> on host 1ee5465b27af
[2025-12-02T09:04:02.672+0000] {taskinstance.py:2648} INFO - Exporting env vars: AIRFLOW_CTX_DAG_OWNER='***' AIRFLOW_CTX_DAG_ID='crypto_cold_path_gcs_1am' AIRFLOW_CTX_TASK_ID='run_daily_gcs_etl' AIRFLOW_CTX_EXECUTION_DATE='2025-12-02T08:43:47.105579+00:00' AIRFLOW_CTX_TRY_NUMBER='3' AIRFLOW_CTX_DAG_RUN_ID='manual__2025-12-02T08:43:47.105579+00:00'
[2025-12-02T09:04:02.673+0000] {taskinstance.py:430} INFO - ::endgroup::
[2025-12-02T09:04:12.674+0000] {logging_mixin.py:188} INFO - --- BẮT ĐẦU ETL (GCS) CHO NGÀY: 2025-12-02 ---
[2025-12-02T09:04:12.714+0000] {logging_mixin.py:188} INFO - Đã kết nối GCS thành công.
[2025-12-02T09:04:12.715+0000] {logging_mixin.py:188} INFO - [Processing Coin: BTCUSDT]
[2025-12-02T09:04:13.045+0000] {logging_mixin.py:188} INFO -   -> Không lấy đủ 1440 nến cho BTCUSDT. Bỏ qua.
[2025-12-02T09:04:13.046+0000] {logging_mixin.py:188} INFO - [Processing Coin: ETHUSDT]
[2025-12-02T09:04:13.298+0000] {logging_mixin.py:188} INFO -   -> Không lấy đủ 1440 nến cho ETHUSDT. Bỏ qua.
[2025-12-02T09:04:13.298+0000] {logging_mixin.py:188} INFO - [Processing Coin: SOLUSDT]
[2025-12-02T09:04:13.552+0000] {logging_mixin.py:188} INFO -   -> Không lấy đủ 1440 nến cho SOLUSDT. Bỏ qua.
[2025-12-02T09:04:13.552+0000] {logging_mixin.py:188} INFO - [Processing Coin: BNBUSDT]
[2025-12-02T09:04:13.829+0000] {logging_mixin.py:188} INFO -   -> Không lấy đủ 1440 nến cho BNBUSDT. Bỏ qua.
[2025-12-02T09:04:13.830+0000] {logging_mixin.py:188} INFO - [Processing Coin: DOGEUSDT]
[2025-12-02T09:04:14.260+0000] {logging_mixin.py:188} INFO -   -> Không lấy đủ 1440 nến cho DOGEUSDT. Bỏ qua.
[2025-12-02T09:04:14.261+0000] {logging_mixin.py:188} INFO - [Processing Coin: XRPUSDT]
[2025-12-02T09:04:14.514+0000] {logging_mixin.py:188} INFO -   -> Không lấy đủ 1440 nến cho XRPUSDT. Bỏ qua.
[2025-12-02T09:04:14.515+0000] {logging_mixin.py:188} INFO - [Processing Coin: PEPEUSDT]
[2025-12-02T09:04:14.778+0000] {logging_mixin.py:188} INFO -   -> Không lấy đủ 1440 nến cho PEPEUSDT. Bỏ qua.
[2025-12-02T09:04:14.779+0000] {logging_mixin.py:188} INFO - [Processing Coin: TONUSDT]
[2025-12-02T09:04:15.047+0000] {logging_mixin.py:188} INFO -   -> Không lấy đủ 1440 nến cho TONUSDT. Bỏ qua.
[2025-12-02T09:04:15.048+0000] {logging_mixin.py:188} INFO - [Processing Coin: SHIBUSDT]
[2025-12-02T09:04:15.306+0000] {logging_mixin.py:188} INFO -   -> Không lấy đủ 1440 nến cho SHIBUSDT. Bỏ qua.
[2025-12-02T09:04:15.307+0000] {logging_mixin.py:188} INFO - [Processing Coin: DOTUSDT]
[2025-12-02T09:04:15.545+0000] {logging_mixin.py:188} INFO -   -> Không lấy đủ 1440 nến cho DOTUSDT. Bỏ qua.
[2025-12-02T09:04:15.546+0000] {logging_mixin.py:188} INFO - [Processing Coin: ADAUSDT]
[2025-12-02T09:04:15.787+0000] {logging_mixin.py:188} INFO -   -> Không lấy đủ 1440 nến cho ADAUSDT. Bỏ qua.
[2025-12-02T09:04:15.787+0000] {logging_mixin.py:188} INFO - [Processing Coin: AVAXUSDT]
[2025-12-02T09:04:16.038+0000] {logging_mixin.py:188} INFO -   -> Không lấy đủ 1440 nến cho AVAXUSDT. Bỏ qua.
[2025-12-02T09:04:16.039+0000] {logging_mixin.py:188} INFO - [Processing Coin: LINKUSDT]
[2025-12-02T09:04:16.303+0000] {logging_mixin.py:188} INFO -   -> Không lấy đủ 1440 nến cho LINKUSDT. Bỏ qua.
[2025-12-02T09:04:16.304+0000] {logging_mixin.py:188} INFO - [Processing Coin: TRXUSDT]
[2025-12-02T09:04:16.553+0000] {logging_mixin.py:188} INFO -   -> Không lấy đủ 1440 nến cho TRXUSDT. Bỏ qua.
[2025-12-02T09:04:16.553+0000] {logging_mixin.py:188} INFO - [Processing Coin: MATICUSDT]
[2025-12-02T09:04:16.806+0000] {logging_mixin.py:188} INFO -   -> Không lấy đủ 1440 nến cho MATICUSDT. Bỏ qua.
[2025-12-02T09:04:16.807+0000] {logging_mixin.py:188} INFO - [Processing Coin: BCHUSDT]
[2025-12-02T09:04:17.062+0000] {logging_mixin.py:188} INFO -   -> Không lấy đủ 1440 nến cho BCHUSDT. Bỏ qua.
[2025-12-02T09:04:17.063+0000] {logging_mixin.py:188} INFO - [Processing Coin: ICPUSDT]
[2025-12-02T09:04:17.322+0000] {logging_mixin.py:188} INFO -   -> Không lấy đủ 1440 nến cho ICPUSDT. Bỏ qua.
[2025-12-02T09:04:17.323+0000] {logging_mixin.py:188} INFO - [Processing Coin: NEARUSDT]
[2025-12-02T09:04:17.574+0000] {logging_mixin.py:188} INFO -   -> Không lấy đủ 1440 nến cho NEARUSDT. Bỏ qua.
[2025-12-02T09:04:17.575+0000] {logging_mixin.py:188} INFO - [Processing Coin: LTCUSDT]
[2025-12-02T09:04:17.819+0000] {logging_mixin.py:188} INFO -   -> Không lấy đủ 1440 nến cho LTCUSDT. Bỏ qua.
[2025-12-02T09:04:17.820+0000] {logging_mixin.py:188} INFO - [Processing Coin: LEOUSD]
[2025-12-02T09:04:17.951+0000] {logging_mixin.py:188} INFO - Lỗi khi gọi API Binance cho LEOUSD: 400 Client Error: Bad Request for url: https://api.binance.com/api/v3/klines?symbol=LEOUSD&interval=1m&startTime=1764633600000&endTime=1764676799999&limit=1000
[2025-12-02T09:04:17.953+0000] {logging_mixin.py:188} INFO -   -> Không lấy đủ 1440 nến cho LEOUSD. Bỏ qua.
[2025-12-02T09:04:17.953+0000] {logging_mixin.py:188} INFO - [Processing Coin: UNIUSDT]
[2025-12-02T09:04:18.200+0000] {logging_mixin.py:188} INFO -   -> Không lấy đủ 1440 nến cho UNIUSDT. Bỏ qua.
[2025-12-02T09:04:18.201+0000] {logging_mixin.py:188} INFO - [Processing Coin: FETUSDT]
[2025-12-02T09:04:18.455+0000] {logging_mixin.py:188} INFO -   -> Không lấy đủ 1440 nến cho FETUSDT. Bỏ qua.
[2025-12-02T09:04:18.456+0000] {logging_mixin.py:188} INFO - [Processing Coin: RNDRUSDT]
[2025-12-02T09:04:18.694+0000] {logging_mixin.py:188} INFO -   -> Không lấy đủ 1440 nến cho RNDRUSDT. Bỏ qua.
[2025-12-02T09:04:18.695+0000] {logging_mixin.py:188} INFO - [Processing Coin: ATOMUSDT]
[2025-12-02T09:04:18.974+0000] {logging_mixin.py:188} INFO -   -> Không lấy đủ 1440 nến cho ATOMUSDT. Bỏ qua.
[2025-12-02T09:04:18.975+0000] {logging_mixin.py:188} INFO - [Processing Coin: INJUSDT]
[2025-12-02T09:04:19.220+0000] {logging_mixin.py:188} INFO -   -> Không lấy đủ 1440 nến cho INJUSDT. Bỏ qua.
[2025-12-02T09:04:19.221+0000] {logging_mixin.py:188} INFO - [Processing Coin: WIFUSDT]
[2025-12-02T09:04:19.487+0000] {logging_mixin.py:188} INFO -   -> Không lấy đủ 1440 nến cho WIFUSDT. Bỏ qua.
[2025-12-02T09:04:19.488+0000] {logging_mixin.py:188} INFO - [Processing Coin: OPUSDT]
[2025-12-02T09:04:19.734+0000] {logging_mixin.py:188} INFO -   -> Không lấy đủ 1440 nến cho OPUSDT. Bỏ qua.
[2025-12-02T09:04:19.735+0000] {logging_mixin.py:188} INFO - [Processing Coin: ARBUSDT]
[2025-12-02T09:04:19.982+0000] {logging_mixin.py:188} INFO -   -> Không lấy đủ 1440 nến cho ARBUSDT. Bỏ qua.
[2025-12-02T09:04:19.983+0000] {logging_mixin.py:188} INFO - [Processing Coin: ETCUSDT]
[2025-12-02T09:04:20.238+0000] {logging_mixin.py:188} INFO -   -> Không lấy đủ 1440 nến cho ETCUSDT. Bỏ qua.
[2025-12-02T09:04:20.239+0000] {logging_mixin.py:188} INFO - [Processing Coin: FILUSDT]
[2025-12-02T09:04:20.484+0000] {logging_mixin.py:188} INFO -   -> Không lấy đủ 1440 nến cho FILUSDT. Bỏ qua.
[2025-12-02T09:04:20.485+0000] {logging_mixin.py:188} INFO - Không có dữ liệu nào được tải về. Kết thúc.
[2025-12-02T09:04:20.485+0000] {python.py:237} INFO - Done. Returned value was: None
[2025-12-02T09:04:20.486+0000] {taskinstance.py:441} INFO - ::group::Post task execution logs
[2025-12-02T09:04:20.492+0000] {taskinstance.py:1206} INFO - Marking task as SUCCESS. dag_id=crypto_cold_path_gcs_1am, task_id=run_daily_gcs_etl, run_id=manual__2025-12-02T08:43:47.105579+00:00, execution_date=20251202T084347, start_date=20251202T090402, end_date=20251202T090420
[2025-12-02T09:04:20.522+0000] {local_task_job_runner.py:240} INFO - Task exited with return code 0
[2025-12-02T09:04:20.532+0000] {taskinstance.py:3503} INFO - 0 downstream tasks scheduled from follow-on schedule check
[2025-12-02T09:04:20.538+0000] {local_task_job_runner.py:222} INFO - ::endgroup::
