[2025-12-02T09:02:42.883+0000] {local_task_job_runner.py:120} INFO - ::group::Pre task execution logs
[2025-12-02T09:02:42.899+0000] {taskinstance.py:2076} INFO - Dependencies all met for dep_context=non-requeueable deps ti=<TaskInstance: crypto_cold_path_gcs_1am.run_daily_gcs_etl manual__2025-12-02T09:02:41.170053+00:00 [queued]>
[2025-12-02T09:02:42.905+0000] {taskinstance.py:2076} INFO - Dependencies all met for dep_context=requeueable deps ti=<TaskInstance: crypto_cold_path_gcs_1am.run_daily_gcs_etl manual__2025-12-02T09:02:41.170053+00:00 [queued]>
[2025-12-02T09:02:42.907+0000] {taskinstance.py:2306} INFO - Starting attempt 1 of 3
[2025-12-02T09:02:42.917+0000] {taskinstance.py:2330} INFO - Executing <Task(PythonOperator): run_daily_gcs_etl> on 2025-12-02 09:02:41.170053+00:00
[2025-12-02T09:02:42.922+0000] {warnings.py:112} WARNING - /home/***/.local/lib/python3.12/site-packages/***/task/task_runner/standard_task_runner.py:61: DeprecationWarning: This process (pid=86) is multi-threaded, use of fork() may lead to deadlocks in the child.
  pid = os.fork()

[2025-12-02T09:02:42.924+0000] {standard_task_runner.py:63} INFO - Started process 88 to run task
[2025-12-02T09:02:42.924+0000] {standard_task_runner.py:90} INFO - Running: ['***', 'tasks', 'run', 'crypto_cold_path_gcs_1am', 'run_daily_gcs_etl', 'manual__2025-12-02T09:02:41.170053+00:00', '--job-id', '118', '--raw', '--subdir', 'DAGS_FOLDER/etl_dag.py', '--cfg-path', '/tmp/tmp641r0hxa']
[2025-12-02T09:02:42.925+0000] {standard_task_runner.py:91} INFO - Job 118: Subtask run_daily_gcs_etl
[2025-12-02T09:02:42.994+0000] {task_command.py:426} INFO - Running <TaskInstance: crypto_cold_path_gcs_1am.run_daily_gcs_etl manual__2025-12-02T09:02:41.170053+00:00 [running]> on host 1ee5465b27af
[2025-12-02T09:02:43.063+0000] {taskinstance.py:2648} INFO - Exporting env vars: AIRFLOW_CTX_DAG_OWNER='***' AIRFLOW_CTX_DAG_ID='crypto_cold_path_gcs_1am' AIRFLOW_CTX_TASK_ID='run_daily_gcs_etl' AIRFLOW_CTX_EXECUTION_DATE='2025-12-02T09:02:41.170053+00:00' AIRFLOW_CTX_TRY_NUMBER='1' AIRFLOW_CTX_DAG_RUN_ID='manual__2025-12-02T09:02:41.170053+00:00'
[2025-12-02T09:02:43.065+0000] {taskinstance.py:430} INFO - ::endgroup::
[2025-12-02T09:02:53.066+0000] {logging_mixin.py:188} INFO - --- BẮT ĐẦU ETL (GCS) CHO NGÀY: 2025-12-02 ---
[2025-12-02T09:02:53.105+0000] {logging_mixin.py:188} INFO - Đã kết nối GCS thành công.
[2025-12-02T09:02:53.106+0000] {logging_mixin.py:188} INFO - [Processing Coin: BTCUSDT]
[2025-12-02T09:02:53.389+0000] {logging_mixin.py:188} INFO -   -> Không lấy đủ 1440 nến cho BTCUSDT. Bỏ qua.
[2025-12-02T09:02:53.390+0000] {logging_mixin.py:188} INFO - [Processing Coin: ETHUSDT]
[2025-12-02T09:02:53.656+0000] {logging_mixin.py:188} INFO -   -> Không lấy đủ 1440 nến cho ETHUSDT. Bỏ qua.
[2025-12-02T09:02:53.657+0000] {logging_mixin.py:188} INFO - [Processing Coin: SOLUSDT]
[2025-12-02T09:02:53.933+0000] {logging_mixin.py:188} INFO -   -> Không lấy đủ 1440 nến cho SOLUSDT. Bỏ qua.
[2025-12-02T09:02:53.934+0000] {logging_mixin.py:188} INFO - [Processing Coin: BNBUSDT]
[2025-12-02T09:02:54.191+0000] {logging_mixin.py:188} INFO -   -> Không lấy đủ 1440 nến cho BNBUSDT. Bỏ qua.
[2025-12-02T09:02:54.192+0000] {logging_mixin.py:188} INFO - [Processing Coin: DOGEUSDT]
[2025-12-02T09:02:54.465+0000] {logging_mixin.py:188} INFO -   -> Không lấy đủ 1440 nến cho DOGEUSDT. Bỏ qua.
[2025-12-02T09:02:54.465+0000] {logging_mixin.py:188} INFO - [Processing Coin: XRPUSDT]
[2025-12-02T09:02:54.728+0000] {logging_mixin.py:188} INFO -   -> Không lấy đủ 1440 nến cho XRPUSDT. Bỏ qua.
[2025-12-02T09:02:54.729+0000] {logging_mixin.py:188} INFO - [Processing Coin: PEPEUSDT]
[2025-12-02T09:02:54.978+0000] {logging_mixin.py:188} INFO -   -> Không lấy đủ 1440 nến cho PEPEUSDT. Bỏ qua.
[2025-12-02T09:02:54.979+0000] {logging_mixin.py:188} INFO - [Processing Coin: TONUSDT]
[2025-12-02T09:02:55.231+0000] {logging_mixin.py:188} INFO -   -> Không lấy đủ 1440 nến cho TONUSDT. Bỏ qua.
[2025-12-02T09:02:55.232+0000] {logging_mixin.py:188} INFO - [Processing Coin: SHIBUSDT]
[2025-12-02T09:02:55.495+0000] {logging_mixin.py:188} INFO -   -> Không lấy đủ 1440 nến cho SHIBUSDT. Bỏ qua.
[2025-12-02T09:02:55.496+0000] {logging_mixin.py:188} INFO - [Processing Coin: DOTUSDT]
[2025-12-02T09:02:55.776+0000] {logging_mixin.py:188} INFO -   -> Không lấy đủ 1440 nến cho DOTUSDT. Bỏ qua.
[2025-12-02T09:02:55.777+0000] {logging_mixin.py:188} INFO - [Processing Coin: ADAUSDT]
[2025-12-02T09:02:56.027+0000] {logging_mixin.py:188} INFO -   -> Không lấy đủ 1440 nến cho ADAUSDT. Bỏ qua.
[2025-12-02T09:02:56.028+0000] {logging_mixin.py:188} INFO - [Processing Coin: AVAXUSDT]
[2025-12-02T09:02:56.308+0000] {logging_mixin.py:188} INFO -   -> Không lấy đủ 1440 nến cho AVAXUSDT. Bỏ qua.
[2025-12-02T09:02:56.309+0000] {logging_mixin.py:188} INFO - [Processing Coin: LINKUSDT]
[2025-12-02T09:02:56.562+0000] {logging_mixin.py:188} INFO -   -> Không lấy đủ 1440 nến cho LINKUSDT. Bỏ qua.
[2025-12-02T09:02:56.563+0000] {logging_mixin.py:188} INFO - [Processing Coin: TRXUSDT]
[2025-12-02T09:02:56.831+0000] {logging_mixin.py:188} INFO -   -> Không lấy đủ 1440 nến cho TRXUSDT. Bỏ qua.
[2025-12-02T09:02:56.832+0000] {logging_mixin.py:188} INFO - [Processing Coin: MATICUSDT]
[2025-12-02T09:02:57.093+0000] {logging_mixin.py:188} INFO -   -> Không lấy đủ 1440 nến cho MATICUSDT. Bỏ qua.
[2025-12-02T09:02:57.094+0000] {logging_mixin.py:188} INFO - [Processing Coin: BCHUSDT]
[2025-12-02T09:02:57.340+0000] {logging_mixin.py:188} INFO -   -> Không lấy đủ 1440 nến cho BCHUSDT. Bỏ qua.
[2025-12-02T09:02:57.341+0000] {logging_mixin.py:188} INFO - [Processing Coin: ICPUSDT]
[2025-12-02T09:02:57.593+0000] {logging_mixin.py:188} INFO -   -> Không lấy đủ 1440 nến cho ICPUSDT. Bỏ qua.
[2025-12-02T09:02:57.594+0000] {logging_mixin.py:188} INFO - [Processing Coin: NEARUSDT]
[2025-12-02T09:02:57.832+0000] {logging_mixin.py:188} INFO -   -> Không lấy đủ 1440 nến cho NEARUSDT. Bỏ qua.
[2025-12-02T09:02:57.833+0000] {logging_mixin.py:188} INFO - [Processing Coin: LTCUSDT]
[2025-12-02T09:02:58.090+0000] {logging_mixin.py:188} INFO -   -> Không lấy đủ 1440 nến cho LTCUSDT. Bỏ qua.
[2025-12-02T09:02:58.091+0000] {logging_mixin.py:188} INFO - [Processing Coin: LEOUSD]
[2025-12-02T09:02:58.218+0000] {logging_mixin.py:188} INFO - Lỗi khi gọi API Binance cho LEOUSD: 400 Client Error: Bad Request for url: https://api.binance.com/api/v3/klines?symbol=LEOUSD&interval=1m&startTime=1764633600000&endTime=1764676799999&limit=1000
[2025-12-02T09:02:58.219+0000] {logging_mixin.py:188} INFO -   -> Không lấy đủ 1440 nến cho LEOUSD. Bỏ qua.
[2025-12-02T09:02:58.220+0000] {logging_mixin.py:188} INFO - [Processing Coin: UNIUSDT]
[2025-12-02T09:02:58.465+0000] {logging_mixin.py:188} INFO -   -> Không lấy đủ 1440 nến cho UNIUSDT. Bỏ qua.
[2025-12-02T09:02:58.466+0000] {logging_mixin.py:188} INFO - [Processing Coin: FETUSDT]
[2025-12-02T09:02:58.736+0000] {logging_mixin.py:188} INFO -   -> Không lấy đủ 1440 nến cho FETUSDT. Bỏ qua.
[2025-12-02T09:02:58.737+0000] {logging_mixin.py:188} INFO - [Processing Coin: RNDRUSDT]
[2025-12-02T09:02:58.982+0000] {logging_mixin.py:188} INFO -   -> Không lấy đủ 1440 nến cho RNDRUSDT. Bỏ qua.
[2025-12-02T09:02:58.983+0000] {logging_mixin.py:188} INFO - [Processing Coin: ATOMUSDT]
[2025-12-02T09:02:59.249+0000] {logging_mixin.py:188} INFO -   -> Không lấy đủ 1440 nến cho ATOMUSDT. Bỏ qua.
[2025-12-02T09:02:59.250+0000] {logging_mixin.py:188} INFO - [Processing Coin: INJUSDT]
[2025-12-02T09:02:59.490+0000] {logging_mixin.py:188} INFO -   -> Không lấy đủ 1440 nến cho INJUSDT. Bỏ qua.
[2025-12-02T09:02:59.491+0000] {logging_mixin.py:188} INFO - [Processing Coin: WIFUSDT]
[2025-12-02T09:02:59.735+0000] {logging_mixin.py:188} INFO -   -> Không lấy đủ 1440 nến cho WIFUSDT. Bỏ qua.
[2025-12-02T09:02:59.736+0000] {logging_mixin.py:188} INFO - [Processing Coin: OPUSDT]
[2025-12-02T09:03:00.001+0000] {logging_mixin.py:188} INFO -   -> Không lấy đủ 1440 nến cho OPUSDT. Bỏ qua.
[2025-12-02T09:03:00.001+0000] {logging_mixin.py:188} INFO - [Processing Coin: ARBUSDT]
[2025-12-02T09:03:00.256+0000] {logging_mixin.py:188} INFO -   -> Không lấy đủ 1440 nến cho ARBUSDT. Bỏ qua.
[2025-12-02T09:03:00.256+0000] {logging_mixin.py:188} INFO - [Processing Coin: ETCUSDT]
[2025-12-02T09:03:00.499+0000] {logging_mixin.py:188} INFO -   -> Không lấy đủ 1440 nến cho ETCUSDT. Bỏ qua.
[2025-12-02T09:03:00.500+0000] {logging_mixin.py:188} INFO - [Processing Coin: FILUSDT]
[2025-12-02T09:03:00.753+0000] {logging_mixin.py:188} INFO -   -> Không lấy đủ 1440 nến cho FILUSDT. Bỏ qua.
[2025-12-02T09:03:00.754+0000] {logging_mixin.py:188} INFO - Không có dữ liệu nào được tải về. Kết thúc.
[2025-12-02T09:03:00.755+0000] {python.py:237} INFO - Done. Returned value was: None
[2025-12-02T09:03:00.755+0000] {taskinstance.py:441} INFO - ::group::Post task execution logs
[2025-12-02T09:03:00.762+0000] {taskinstance.py:1206} INFO - Marking task as SUCCESS. dag_id=crypto_cold_path_gcs_1am, task_id=run_daily_gcs_etl, run_id=manual__2025-12-02T09:02:41.170053+00:00, execution_date=20251202T090241, start_date=20251202T090242, end_date=20251202T090300
[2025-12-02T09:03:00.816+0000] {local_task_job_runner.py:240} INFO - Task exited with return code 0
[2025-12-02T09:03:00.829+0000] {taskinstance.py:3503} INFO - 0 downstream tasks scheduled from follow-on schedule check
[2025-12-02T09:03:00.833+0000] {local_task_job_runner.py:222} INFO - ::endgroup::
