[2025-12-02T09:18:58.349+0000] {local_task_job_runner.py:120} INFO - ::group::Pre task execution logs
[2025-12-02T09:18:58.379+0000] {taskinstance.py:2076} INFO - Dependencies all met for dep_context=non-requeueable deps ti=<TaskInstance: crypto_cold_path_gcs_1am.run_daily_gcs_etl backfill__2025-11-20T01:00:00+00:00 [queued]>
[2025-12-02T09:18:58.390+0000] {taskinstance.py:2076} INFO - Dependencies all met for dep_context=requeueable deps ti=<TaskInstance: crypto_cold_path_gcs_1am.run_daily_gcs_etl backfill__2025-11-20T01:00:00+00:00 [queued]>
[2025-12-02T09:18:58.391+0000] {taskinstance.py:2306} INFO - Starting attempt 1 of 3
[2025-12-02T09:18:58.406+0000] {taskinstance.py:2330} INFO - Executing <Task(PythonOperator): run_daily_gcs_etl> on 2025-11-20 01:00:00+00:00
[2025-12-02T09:18:58.417+0000] {warnings.py:112} WARNING - /home/***/.local/lib/python3.12/site-packages/***/task/task_runner/standard_task_runner.py:61: DeprecationWarning: This process (pid=373) is multi-threaded, use of fork() may lead to deadlocks in the child.
  pid = os.fork()

[2025-12-02T09:18:58.420+0000] {standard_task_runner.py:90} INFO - Running: ['***', 'tasks', 'run', 'crypto_cold_path_gcs_1am', 'run_daily_gcs_etl', 'backfill__2025-11-20T01:00:00+00:00', '--job-id', '134', '--pool', 'default_pool', '--raw', '--subdir', 'DAGS_FOLDER/etl_dag.py', '--cfg-path', '/tmp/tmpgm65u5ib']
[2025-12-02T09:18:58.423+0000] {standard_task_runner.py:63} INFO - Started process 385 to run task
[2025-12-02T09:18:58.423+0000] {standard_task_runner.py:91} INFO - Job 134: Subtask run_daily_gcs_etl
[2025-12-02T09:18:58.524+0000] {task_command.py:426} INFO - Running <TaskInstance: crypto_cold_path_gcs_1am.run_daily_gcs_etl backfill__2025-11-20T01:00:00+00:00 [running]> on host ee2c3d4edd33
[2025-12-02T09:18:58.650+0000] {taskinstance.py:2648} INFO - Exporting env vars: AIRFLOW_CTX_DAG_OWNER='***' AIRFLOW_CTX_DAG_ID='crypto_cold_path_gcs_1am' AIRFLOW_CTX_TASK_ID='run_daily_gcs_etl' AIRFLOW_CTX_EXECUTION_DATE='2025-11-20T01:00:00+00:00' AIRFLOW_CTX_TRY_NUMBER='1' AIRFLOW_CTX_DAG_RUN_ID='backfill__2025-11-20T01:00:00+00:00'
[2025-12-02T09:18:58.652+0000] {taskinstance.py:430} INFO - ::endgroup::
[2025-12-02T09:19:08.654+0000] {logging_mixin.py:188} INFO - --- BẮT ĐẦU ETL (GCS) CHO NGÀY: 2025-11-20 ---
[2025-12-02T09:19:08.658+0000] {logging_mixin.py:188} INFO - Đã kết nối GCS thành công.
[2025-12-02T09:19:08.659+0000] {logging_mixin.py:188} INFO - [Processing Coin: BTCUSDT]
[2025-12-02T09:19:09.008+0000] {logging_mixin.py:188} INFO - [Processing Coin: ETHUSDT]
[2025-12-02T09:19:09.282+0000] {logging_mixin.py:188} INFO - [Processing Coin: SOLUSDT]
[2025-12-02T09:19:09.585+0000] {logging_mixin.py:188} INFO - [Processing Coin: BNBUSDT]
[2025-12-02T09:19:09.865+0000] {logging_mixin.py:188} INFO - [Processing Coin: DOGEUSDT]
[2025-12-02T09:19:10.201+0000] {logging_mixin.py:188} INFO - [Processing Coin: XRPUSDT]
[2025-12-02T09:19:10.484+0000] {logging_mixin.py:188} INFO - [Processing Coin: PEPEUSDT]
[2025-12-02T09:19:10.754+0000] {logging_mixin.py:188} INFO - [Processing Coin: TONUSDT]
[2025-12-02T09:19:11.026+0000] {logging_mixin.py:188} INFO - [Processing Coin: SHIBUSDT]
[2025-12-02T09:19:11.341+0000] {logging_mixin.py:188} INFO - [Processing Coin: DOTUSDT]
[2025-12-02T09:19:11.636+0000] {logging_mixin.py:188} INFO - [Processing Coin: ADAUSDT]
[2025-12-02T09:19:11.915+0000] {logging_mixin.py:188} INFO - [Processing Coin: AVAXUSDT]
[2025-12-02T09:19:12.214+0000] {logging_mixin.py:188} INFO - [Processing Coin: LINKUSDT]
[2025-12-02T09:19:12.487+0000] {logging_mixin.py:188} INFO - [Processing Coin: TRXUSDT]
[2025-12-02T09:19:12.759+0000] {logging_mixin.py:188} INFO - [Processing Coin: MATICUSDT]
[2025-12-02T09:19:13.019+0000] {logging_mixin.py:188} INFO -   -> Không lấy đủ 1440 nến cho MATICUSDT. Bỏ qua.
[2025-12-02T09:19:13.020+0000] {logging_mixin.py:188} INFO - [Processing Coin: BCHUSDT]
[2025-12-02T09:19:13.308+0000] {logging_mixin.py:188} INFO - [Processing Coin: ICPUSDT]
[2025-12-02T09:19:13.581+0000] {logging_mixin.py:188} INFO - [Processing Coin: NEARUSDT]
[2025-12-02T09:19:13.931+0000] {logging_mixin.py:188} INFO - [Processing Coin: LTCUSDT]
[2025-12-02T09:19:14.200+0000] {logging_mixin.py:188} INFO - [Processing Coin: LEOUSD]
[2025-12-02T09:19:14.311+0000] {logging_mixin.py:188} INFO - Lỗi khi gọi API Binance cho LEOUSD: 400 Client Error: Bad Request for url: https://api.binance.com/api/v3/klines?symbol=LEOUSD&interval=1m&startTime=1763596800000&endTime=1763639999999&limit=1000
[2025-12-02T09:19:14.312+0000] {logging_mixin.py:188} INFO -   -> Không lấy đủ 1440 nến cho LEOUSD. Bỏ qua.
[2025-12-02T09:19:14.313+0000] {logging_mixin.py:188} INFO - [Processing Coin: UNIUSDT]
[2025-12-02T09:19:14.574+0000] {logging_mixin.py:188} INFO - [Processing Coin: FETUSDT]
[2025-12-02T09:19:14.923+0000] {logging_mixin.py:188} INFO - [Processing Coin: RNDRUSDT]
[2025-12-02T09:19:15.178+0000] {logging_mixin.py:188} INFO -   -> Không lấy đủ 1440 nến cho RNDRUSDT. Bỏ qua.
[2025-12-02T09:19:15.179+0000] {logging_mixin.py:188} INFO - [Processing Coin: ATOMUSDT]
[2025-12-02T09:19:15.473+0000] {logging_mixin.py:188} INFO - [Processing Coin: INJUSDT]
[2025-12-02T09:19:15.738+0000] {logging_mixin.py:188} INFO - [Processing Coin: WIFUSDT]
[2025-12-02T09:19:16.025+0000] {logging_mixin.py:188} INFO - [Processing Coin: OPUSDT]
[2025-12-02T09:19:16.319+0000] {logging_mixin.py:188} INFO - [Processing Coin: ARBUSDT]
[2025-12-02T09:19:16.603+0000] {logging_mixin.py:188} INFO - [Processing Coin: ETCUSDT]
[2025-12-02T09:19:16.875+0000] {logging_mixin.py:188} INFO - [Processing Coin: FILUSDT]
[2025-12-02T09:19:17.157+0000] {logging_mixin.py:188} INFO - Đã tải về 38880 dòng. Đang xử lý...
[2025-12-02T09:19:17.320+0000] {logging_mixin.py:188} INFO - Đang ghi 38880 dòng vào GCS (Parquet)...
[2025-12-02T09:19:17.541+0000] {retry.py:157} ERROR - _request non-retriable exception: Invalid Credentials, 401
Traceback (most recent call last):
  File "/home/airflow/.local/lib/python3.12/site-packages/gcsfs/retry.py", line 123, in retry_request
    return await func(*args, **kwargs)
           ^^^^^^^^^^^^^^^^^^^^^^^^^^^
  File "/home/airflow/.local/lib/python3.12/site-packages/gcsfs/core.py", line 430, in _request
    validate_response(status, contents, path, args)
  File "/home/airflow/.local/lib/python3.12/site-packages/gcsfs/retry.py", line 110, in validate_response
    raise HttpError(error)
gcsfs.retry.HttpError: Invalid Credentials, 401
[2025-12-02T09:19:17.544+0000] {retry.py:157} ERROR - _request non-retriable exception: Invalid Credentials, 401
Traceback (most recent call last):
  File "/home/airflow/.local/lib/python3.12/site-packages/gcsfs/retry.py", line 123, in retry_request
    return await func(*args, **kwargs)
           ^^^^^^^^^^^^^^^^^^^^^^^^^^^
  File "/home/airflow/.local/lib/python3.12/site-packages/gcsfs/core.py", line 430, in _request
    validate_response(status, contents, path, args)
  File "/home/airflow/.local/lib/python3.12/site-packages/gcsfs/retry.py", line 110, in validate_response
    raise HttpError(error)
gcsfs.retry.HttpError: Invalid Credentials, 401
[2025-12-02T09:19:17.545+0000] {retry.py:157} ERROR - _request non-retriable exception: Invalid Credentials, 401
Traceback (most recent call last):
  File "/home/airflow/.local/lib/python3.12/site-packages/gcsfs/retry.py", line 123, in retry_request
    return await func(*args, **kwargs)
           ^^^^^^^^^^^^^^^^^^^^^^^^^^^
  File "/home/airflow/.local/lib/python3.12/site-packages/gcsfs/core.py", line 430, in _request
    validate_response(status, contents, path, args)
  File "/home/airflow/.local/lib/python3.12/site-packages/gcsfs/retry.py", line 110, in validate_response
    raise HttpError(error)
gcsfs.retry.HttpError: Invalid Credentials, 401
[2025-12-02T09:19:17.547+0000] {retry.py:157} ERROR - _request non-retriable exception: Invalid Credentials, 401
Traceback (most recent call last):
  File "/home/airflow/.local/lib/python3.12/site-packages/gcsfs/retry.py", line 123, in retry_request
    return await func(*args, **kwargs)
           ^^^^^^^^^^^^^^^^^^^^^^^^^^^
  File "/home/airflow/.local/lib/python3.12/site-packages/gcsfs/core.py", line 430, in _request
    validate_response(status, contents, path, args)
  File "/home/airflow/.local/lib/python3.12/site-packages/gcsfs/retry.py", line 110, in validate_response
    raise HttpError(error)
gcsfs.retry.HttpError: Invalid Credentials, 401
[2025-12-02T09:19:17.552+0000] {retry.py:157} ERROR - _request non-retriable exception: Invalid Credentials, 401
Traceback (most recent call last):
  File "/home/airflow/.local/lib/python3.12/site-packages/gcsfs/retry.py", line 123, in retry_request
    return await func(*args, **kwargs)
           ^^^^^^^^^^^^^^^^^^^^^^^^^^^
  File "/home/airflow/.local/lib/python3.12/site-packages/gcsfs/core.py", line 430, in _request
    validate_response(status, contents, path, args)
  File "/home/airflow/.local/lib/python3.12/site-packages/gcsfs/retry.py", line 110, in validate_response
    raise HttpError(error)
gcsfs.retry.HttpError: Invalid Credentials, 401
[2025-12-02T09:19:17.554+0000] {retry.py:157} ERROR - _request non-retriable exception: Invalid Credentials, 401
Traceback (most recent call last):
  File "/home/airflow/.local/lib/python3.12/site-packages/gcsfs/retry.py", line 123, in retry_request
    return await func(*args, **kwargs)
           ^^^^^^^^^^^^^^^^^^^^^^^^^^^
  File "/home/airflow/.local/lib/python3.12/site-packages/gcsfs/core.py", line 430, in _request
    validate_response(status, contents, path, args)
  File "/home/airflow/.local/lib/python3.12/site-packages/gcsfs/retry.py", line 110, in validate_response
    raise HttpError(error)
gcsfs.retry.HttpError: Invalid Credentials, 401
[2025-12-02T09:19:17.555+0000] {retry.py:157} ERROR - _request non-retriable exception: Invalid Credentials, 401
Traceback (most recent call last):
  File "/home/airflow/.local/lib/python3.12/site-packages/gcsfs/retry.py", line 123, in retry_request
    return await func(*args, **kwargs)
           ^^^^^^^^^^^^^^^^^^^^^^^^^^^
  File "/home/airflow/.local/lib/python3.12/site-packages/gcsfs/core.py", line 430, in _request
    validate_response(status, contents, path, args)
  File "/home/airflow/.local/lib/python3.12/site-packages/gcsfs/retry.py", line 110, in validate_response
    raise HttpError(error)
gcsfs.retry.HttpError: Invalid Credentials, 401
[2025-12-02T09:19:17.556+0000] {retry.py:157} ERROR - _request non-retriable exception: Invalid Credentials, 401
Traceback (most recent call last):
  File "/home/airflow/.local/lib/python3.12/site-packages/gcsfs/retry.py", line 123, in retry_request
    return await func(*args, **kwargs)
           ^^^^^^^^^^^^^^^^^^^^^^^^^^^
  File "/home/airflow/.local/lib/python3.12/site-packages/gcsfs/core.py", line 430, in _request
    validate_response(status, contents, path, args)
  File "/home/airflow/.local/lib/python3.12/site-packages/gcsfs/retry.py", line 110, in validate_response
    raise HttpError(error)
gcsfs.retry.HttpError: Invalid Credentials, 401
[2025-12-02T09:19:17.722+0000] {retry.py:157} ERROR - _request non-retriable exception: Invalid Credentials, 401
Traceback (most recent call last):
  File "/home/airflow/.local/lib/python3.12/site-packages/gcsfs/retry.py", line 123, in retry_request
    return await func(*args, **kwargs)
           ^^^^^^^^^^^^^^^^^^^^^^^^^^^
  File "/home/airflow/.local/lib/python3.12/site-packages/gcsfs/core.py", line 430, in _request
    validate_response(status, contents, path, args)
  File "/home/airflow/.local/lib/python3.12/site-packages/gcsfs/retry.py", line 110, in validate_response
    raise HttpError(error)
gcsfs.retry.HttpError: Invalid Credentials, 401
[2025-12-02T09:19:17.725+0000] {retry.py:157} ERROR - _request non-retriable exception: Invalid Credentials, 401
Traceback (most recent call last):
  File "/home/airflow/.local/lib/python3.12/site-packages/gcsfs/retry.py", line 123, in retry_request
    return await func(*args, **kwargs)
           ^^^^^^^^^^^^^^^^^^^^^^^^^^^
  File "/home/airflow/.local/lib/python3.12/site-packages/gcsfs/core.py", line 430, in _request
    validate_response(status, contents, path, args)
  File "/home/airflow/.local/lib/python3.12/site-packages/gcsfs/retry.py", line 110, in validate_response
    raise HttpError(error)
gcsfs.retry.HttpError: Invalid Credentials, 401
[2025-12-02T09:19:17.726+0000] {retry.py:157} ERROR - _request non-retriable exception: Invalid Credentials, 401
Traceback (most recent call last):
  File "/home/airflow/.local/lib/python3.12/site-packages/gcsfs/retry.py", line 123, in retry_request
    return await func(*args, **kwargs)
           ^^^^^^^^^^^^^^^^^^^^^^^^^^^
  File "/home/airflow/.local/lib/python3.12/site-packages/gcsfs/core.py", line 430, in _request
    validate_response(status, contents, path, args)
  File "/home/airflow/.local/lib/python3.12/site-packages/gcsfs/retry.py", line 110, in validate_response
    raise HttpError(error)
gcsfs.retry.HttpError: Invalid Credentials, 401
[2025-12-02T09:19:17.728+0000] {retry.py:157} ERROR - _request non-retriable exception: Invalid Credentials, 401
Traceback (most recent call last):
  File "/home/airflow/.local/lib/python3.12/site-packages/gcsfs/retry.py", line 123, in retry_request
    return await func(*args, **kwargs)
           ^^^^^^^^^^^^^^^^^^^^^^^^^^^
  File "/home/airflow/.local/lib/python3.12/site-packages/gcsfs/core.py", line 430, in _request
    validate_response(status, contents, path, args)
  File "/home/airflow/.local/lib/python3.12/site-packages/gcsfs/retry.py", line 110, in validate_response
    raise HttpError(error)
gcsfs.retry.HttpError: Invalid Credentials, 401
[2025-12-02T09:19:17.732+0000] {retry.py:157} ERROR - _request non-retriable exception: Invalid Credentials, 401
Traceback (most recent call last):
  File "/home/airflow/.local/lib/python3.12/site-packages/gcsfs/retry.py", line 123, in retry_request
    return await func(*args, **kwargs)
           ^^^^^^^^^^^^^^^^^^^^^^^^^^^
  File "/home/airflow/.local/lib/python3.12/site-packages/gcsfs/core.py", line 430, in _request
    validate_response(status, contents, path, args)
  File "/home/airflow/.local/lib/python3.12/site-packages/gcsfs/retry.py", line 110, in validate_response
    raise HttpError(error)
gcsfs.retry.HttpError: Invalid Credentials, 401
[2025-12-02T09:19:17.737+0000] {retry.py:157} ERROR - _request non-retriable exception: Invalid Credentials, 401
Traceback (most recent call last):
  File "/home/airflow/.local/lib/python3.12/site-packages/gcsfs/retry.py", line 123, in retry_request
    return await func(*args, **kwargs)
           ^^^^^^^^^^^^^^^^^^^^^^^^^^^
  File "/home/airflow/.local/lib/python3.12/site-packages/gcsfs/core.py", line 430, in _request
    validate_response(status, contents, path, args)
  File "/home/airflow/.local/lib/python3.12/site-packages/gcsfs/retry.py", line 110, in validate_response
    raise HttpError(error)
gcsfs.retry.HttpError: Invalid Credentials, 401
[2025-12-02T09:19:17.738+0000] {retry.py:157} ERROR - _request non-retriable exception: Invalid Credentials, 401
Traceback (most recent call last):
  File "/home/airflow/.local/lib/python3.12/site-packages/gcsfs/retry.py", line 123, in retry_request
    return await func(*args, **kwargs)
           ^^^^^^^^^^^^^^^^^^^^^^^^^^^
  File "/home/airflow/.local/lib/python3.12/site-packages/gcsfs/core.py", line 430, in _request
    validate_response(status, contents, path, args)
  File "/home/airflow/.local/lib/python3.12/site-packages/gcsfs/retry.py", line 110, in validate_response
    raise HttpError(error)
gcsfs.retry.HttpError: Invalid Credentials, 401
[2025-12-02T09:19:17.739+0000] {retry.py:157} ERROR - _request non-retriable exception: Invalid Credentials, 401
Traceback (most recent call last):
  File "/home/airflow/.local/lib/python3.12/site-packages/gcsfs/retry.py", line 123, in retry_request
    return await func(*args, **kwargs)
           ^^^^^^^^^^^^^^^^^^^^^^^^^^^
  File "/home/airflow/.local/lib/python3.12/site-packages/gcsfs/core.py", line 430, in _request
    validate_response(status, contents, path, args)
  File "/home/airflow/.local/lib/python3.12/site-packages/gcsfs/retry.py", line 110, in validate_response
    raise HttpError(error)
gcsfs.retry.HttpError: Invalid Credentials, 401
[2025-12-02T09:19:17.795+0000] {retry.py:157} ERROR - _request non-retriable exception: Invalid Credentials, 401
Traceback (most recent call last):
  File "/home/airflow/.local/lib/python3.12/site-packages/gcsfs/retry.py", line 123, in retry_request
    return await func(*args, **kwargs)
           ^^^^^^^^^^^^^^^^^^^^^^^^^^^
  File "/home/airflow/.local/lib/python3.12/site-packages/gcsfs/core.py", line 430, in _request
    validate_response(status, contents, path, args)
  File "/home/airflow/.local/lib/python3.12/site-packages/gcsfs/retry.py", line 110, in validate_response
    raise HttpError(error)
gcsfs.retry.HttpError: Invalid Credentials, 401
[2025-12-02T09:19:17.796+0000] {retry.py:157} ERROR - _request non-retriable exception: Invalid Credentials, 401
Traceback (most recent call last):
  File "/home/airflow/.local/lib/python3.12/site-packages/gcsfs/retry.py", line 123, in retry_request
    return await func(*args, **kwargs)
           ^^^^^^^^^^^^^^^^^^^^^^^^^^^
  File "/home/airflow/.local/lib/python3.12/site-packages/gcsfs/core.py", line 430, in _request
    validate_response(status, contents, path, args)
  File "/home/airflow/.local/lib/python3.12/site-packages/gcsfs/retry.py", line 110, in validate_response
    raise HttpError(error)
gcsfs.retry.HttpError: Invalid Credentials, 401
[2025-12-02T09:19:17.798+0000] {retry.py:157} ERROR - _request non-retriable exception: Invalid Credentials, 401
Traceback (most recent call last):
  File "/home/airflow/.local/lib/python3.12/site-packages/gcsfs/retry.py", line 123, in retry_request
    return await func(*args, **kwargs)
           ^^^^^^^^^^^^^^^^^^^^^^^^^^^
  File "/home/airflow/.local/lib/python3.12/site-packages/gcsfs/core.py", line 430, in _request
    validate_response(status, contents, path, args)
  File "/home/airflow/.local/lib/python3.12/site-packages/gcsfs/retry.py", line 110, in validate_response
    raise HttpError(error)
gcsfs.retry.HttpError: Invalid Credentials, 401
[2025-12-02T09:19:17.799+0000] {retry.py:157} ERROR - _request non-retriable exception: Invalid Credentials, 401
Traceback (most recent call last):
  File "/home/airflow/.local/lib/python3.12/site-packages/gcsfs/retry.py", line 123, in retry_request
    return await func(*args, **kwargs)
           ^^^^^^^^^^^^^^^^^^^^^^^^^^^
  File "/home/airflow/.local/lib/python3.12/site-packages/gcsfs/core.py", line 430, in _request
    validate_response(status, contents, path, args)
  File "/home/airflow/.local/lib/python3.12/site-packages/gcsfs/retry.py", line 110, in validate_response
    raise HttpError(error)
gcsfs.retry.HttpError: Invalid Credentials, 401
[2025-12-02T09:19:17.803+0000] {retry.py:157} ERROR - _request non-retriable exception: Invalid Credentials, 401
Traceback (most recent call last):
  File "/home/airflow/.local/lib/python3.12/site-packages/gcsfs/retry.py", line 123, in retry_request
    return await func(*args, **kwargs)
           ^^^^^^^^^^^^^^^^^^^^^^^^^^^
  File "/home/airflow/.local/lib/python3.12/site-packages/gcsfs/core.py", line 430, in _request
    validate_response(status, contents, path, args)
  File "/home/airflow/.local/lib/python3.12/site-packages/gcsfs/retry.py", line 110, in validate_response
    raise HttpError(error)
gcsfs.retry.HttpError: Invalid Credentials, 401
[2025-12-02T09:19:17.809+0000] {retry.py:157} ERROR - _request non-retriable exception: Invalid Credentials, 401
Traceback (most recent call last):
  File "/home/airflow/.local/lib/python3.12/site-packages/gcsfs/retry.py", line 123, in retry_request
    return await func(*args, **kwargs)
           ^^^^^^^^^^^^^^^^^^^^^^^^^^^
  File "/home/airflow/.local/lib/python3.12/site-packages/gcsfs/core.py", line 430, in _request
    validate_response(status, contents, path, args)
  File "/home/airflow/.local/lib/python3.12/site-packages/gcsfs/retry.py", line 110, in validate_response
    raise HttpError(error)
gcsfs.retry.HttpError: Invalid Credentials, 401
[2025-12-02T09:19:17.810+0000] {retry.py:157} ERROR - _request non-retriable exception: Invalid Credentials, 401
Traceback (most recent call last):
  File "/home/airflow/.local/lib/python3.12/site-packages/gcsfs/retry.py", line 123, in retry_request
    return await func(*args, **kwargs)
           ^^^^^^^^^^^^^^^^^^^^^^^^^^^
  File "/home/airflow/.local/lib/python3.12/site-packages/gcsfs/core.py", line 430, in _request
    validate_response(status, contents, path, args)
  File "/home/airflow/.local/lib/python3.12/site-packages/gcsfs/retry.py", line 110, in validate_response
    raise HttpError(error)
gcsfs.retry.HttpError: Invalid Credentials, 401
[2025-12-02T09:19:17.811+0000] {retry.py:157} ERROR - _request non-retriable exception: Invalid Credentials, 401
Traceback (most recent call last):
  File "/home/airflow/.local/lib/python3.12/site-packages/gcsfs/retry.py", line 123, in retry_request
    return await func(*args, **kwargs)
           ^^^^^^^^^^^^^^^^^^^^^^^^^^^
  File "/home/airflow/.local/lib/python3.12/site-packages/gcsfs/core.py", line 430, in _request
    validate_response(status, contents, path, args)
  File "/home/airflow/.local/lib/python3.12/site-packages/gcsfs/retry.py", line 110, in validate_response
    raise HttpError(error)
gcsfs.retry.HttpError: Invalid Credentials, 401
[2025-12-02T09:19:17.973+0000] {retry.py:157} ERROR - _request non-retriable exception: Invalid Credentials, 401
Traceback (most recent call last):
  File "/home/airflow/.local/lib/python3.12/site-packages/gcsfs/retry.py", line 123, in retry_request
    return await func(*args, **kwargs)
           ^^^^^^^^^^^^^^^^^^^^^^^^^^^
  File "/home/airflow/.local/lib/python3.12/site-packages/gcsfs/core.py", line 430, in _request
    validate_response(status, contents, path, args)
  File "/home/airflow/.local/lib/python3.12/site-packages/gcsfs/retry.py", line 110, in validate_response
    raise HttpError(error)
gcsfs.retry.HttpError: Invalid Credentials, 401
[2025-12-02T09:19:17.979+0000] {retry.py:157} ERROR - _request non-retriable exception: Invalid Credentials, 401
Traceback (most recent call last):
  File "/home/airflow/.local/lib/python3.12/site-packages/gcsfs/retry.py", line 123, in retry_request
    return await func(*args, **kwargs)
           ^^^^^^^^^^^^^^^^^^^^^^^^^^^
  File "/home/airflow/.local/lib/python3.12/site-packages/gcsfs/core.py", line 430, in _request
    validate_response(status, contents, path, args)
  File "/home/airflow/.local/lib/python3.12/site-packages/gcsfs/retry.py", line 110, in validate_response
    raise HttpError(error)
gcsfs.retry.HttpError: Invalid Credentials, 401
[2025-12-02T09:19:17.982+0000] {retry.py:157} ERROR - _request non-retriable exception: Invalid Credentials, 401
Traceback (most recent call last):
  File "/home/airflow/.local/lib/python3.12/site-packages/gcsfs/retry.py", line 123, in retry_request
    return await func(*args, **kwargs)
           ^^^^^^^^^^^^^^^^^^^^^^^^^^^
  File "/home/airflow/.local/lib/python3.12/site-packages/gcsfs/core.py", line 430, in _request
    validate_response(status, contents, path, args)
  File "/home/airflow/.local/lib/python3.12/site-packages/gcsfs/retry.py", line 110, in validate_response
    raise HttpError(error)
gcsfs.retry.HttpError: Invalid Credentials, 401
[2025-12-02T09:19:17.984+0000] {logging_mixin.py:188} INFO - LỖI khi ghi vào GCS: Invalid Credentials, 401
[2025-12-02T09:19:17.985+0000] {python.py:237} INFO - Done. Returned value was: None
[2025-12-02T09:19:17.985+0000] {taskinstance.py:441} INFO - ::group::Post task execution logs
[2025-12-02T09:19:17.995+0000] {taskinstance.py:1206} INFO - Marking task as SUCCESS. dag_id=crypto_cold_path_gcs_1am, task_id=run_daily_gcs_etl, run_id=backfill__2025-11-20T01:00:00+00:00, execution_date=20251120T010000, start_date=20251202T091858, end_date=20251202T091917
[2025-12-02T09:19:18.038+0000] {local_task_job_runner.py:240} INFO - Task exited with return code 0
[2025-12-02T09:19:18.051+0000] {taskinstance.py:3503} INFO - 0 downstream tasks scheduled from follow-on schedule check
[2025-12-02T09:19:18.054+0000] {local_task_job_runner.py:222} INFO - ::endgroup::
[2025-12-02T09:26:15.141+0000] {local_task_job_runner.py:120} INFO - ::group::Pre task execution logs
[2025-12-02T09:26:15.175+0000] {taskinstance.py:2076} INFO - Dependencies all met for dep_context=non-requeueable deps ti=<TaskInstance: crypto_cold_path_gcs_1am.run_daily_gcs_etl backfill__2025-11-20T01:00:00+00:00 [queued]>
[2025-12-02T09:26:15.188+0000] {taskinstance.py:2076} INFO - Dependencies all met for dep_context=requeueable deps ti=<TaskInstance: crypto_cold_path_gcs_1am.run_daily_gcs_etl backfill__2025-11-20T01:00:00+00:00 [queued]>
[2025-12-02T09:26:15.189+0000] {taskinstance.py:2306} INFO - Starting attempt 1 of 3
[2025-12-02T09:26:15.211+0000] {taskinstance.py:2330} INFO - Executing <Task(PythonOperator): run_daily_gcs_etl> on 2025-11-20 01:00:00+00:00
[2025-12-02T09:26:15.223+0000] {warnings.py:112} WARNING - /home/***/.local/lib/python3.12/site-packages/***/task/task_runner/standard_task_runner.py:61: DeprecationWarning: This process (pid=98) is multi-threaded, use of fork() may lead to deadlocks in the child.
  pid = os.fork()

[2025-12-02T09:26:15.226+0000] {standard_task_runner.py:90} INFO - Running: ['***', 'tasks', 'run', 'crypto_cold_path_gcs_1am', 'run_daily_gcs_etl', 'backfill__2025-11-20T01:00:00+00:00', '--job-id', '150', '--pool', 'default_pool', '--raw', '--subdir', 'DAGS_FOLDER/etl_dag.py', '--cfg-path', '/tmp/tmp8cbpj841']
[2025-12-02T09:26:15.228+0000] {standard_task_runner.py:63} INFO - Started process 116 to run task
[2025-12-02T09:26:15.228+0000] {standard_task_runner.py:91} INFO - Job 150: Subtask run_daily_gcs_etl
[2025-12-02T09:26:15.367+0000] {task_command.py:426} INFO - Running <TaskInstance: crypto_cold_path_gcs_1am.run_daily_gcs_etl backfill__2025-11-20T01:00:00+00:00 [running]> on host bfb7cfd18f31
[2025-12-02T09:26:15.476+0000] {taskinstance.py:2648} INFO - Exporting env vars: AIRFLOW_CTX_DAG_OWNER='***' AIRFLOW_CTX_DAG_ID='crypto_cold_path_gcs_1am' AIRFLOW_CTX_TASK_ID='run_daily_gcs_etl' AIRFLOW_CTX_EXECUTION_DATE='2025-11-20T01:00:00+00:00' AIRFLOW_CTX_TRY_NUMBER='1' AIRFLOW_CTX_DAG_RUN_ID='backfill__2025-11-20T01:00:00+00:00'
[2025-12-02T09:26:15.478+0000] {taskinstance.py:430} INFO - ::endgroup::
[2025-12-02T09:26:25.479+0000] {logging_mixin.py:188} INFO - --- BẮT ĐẦU ETL (GCS) CHO NGÀY: 2025-11-20 ---
[2025-12-02T09:26:25.483+0000] {logging_mixin.py:188} INFO - Đã kết nối GCS thành công.
[2025-12-02T09:26:25.483+0000] {logging_mixin.py:188} INFO - [Processing Coin: BTCUSDT]
[2025-12-02T09:26:26.041+0000] {logging_mixin.py:188} INFO - [Processing Coin: ETHUSDT]
[2025-12-02T09:26:26.470+0000] {logging_mixin.py:188} INFO - [Processing Coin: SOLUSDT]
[2025-12-02T09:26:26.881+0000] {logging_mixin.py:188} INFO - [Processing Coin: BNBUSDT]
[2025-12-02T09:26:27.320+0000] {logging_mixin.py:188} INFO - [Processing Coin: DOGEUSDT]
[2025-12-02T09:26:27.748+0000] {logging_mixin.py:188} INFO - [Processing Coin: XRPUSDT]
[2025-12-02T09:26:28.109+0000] {logging_mixin.py:188} INFO - [Processing Coin: PEPEUSDT]
[2025-12-02T09:26:28.519+0000] {logging_mixin.py:188} INFO - [Processing Coin: TONUSDT]
[2025-12-02T09:26:29.005+0000] {logging_mixin.py:188} INFO - [Processing Coin: SHIBUSDT]
[2025-12-02T09:26:29.413+0000] {logging_mixin.py:188} INFO - [Processing Coin: DOTUSDT]
[2025-12-02T09:26:29.796+0000] {logging_mixin.py:188} INFO - [Processing Coin: ADAUSDT]
[2025-12-02T09:26:30.203+0000] {logging_mixin.py:188} INFO - [Processing Coin: AVAXUSDT]
[2025-12-02T09:26:30.614+0000] {logging_mixin.py:188} INFO - [Processing Coin: LINKUSDT]
[2025-12-02T09:26:30.975+0000] {logging_mixin.py:188} INFO - [Processing Coin: TRXUSDT]
[2025-12-02T09:26:31.358+0000] {logging_mixin.py:188} INFO - [Processing Coin: MATICUSDT]
[2025-12-02T09:26:31.678+0000] {logging_mixin.py:188} INFO -   -> Không lấy đủ 1440 nến cho MATICUSDT. Bỏ qua.
[2025-12-02T09:26:31.679+0000] {logging_mixin.py:188} INFO - [Processing Coin: BCHUSDT]
[2025-12-02T09:26:32.017+0000] {logging_mixin.py:188} INFO - [Processing Coin: ICPUSDT]
[2025-12-02T09:26:32.425+0000] {logging_mixin.py:188} INFO - [Processing Coin: NEARUSDT]
[2025-12-02T09:26:32.875+0000] {logging_mixin.py:188} INFO - [Processing Coin: LTCUSDT]
[2025-12-02T09:26:33.251+0000] {logging_mixin.py:188} INFO - [Processing Coin: LEOUSD]
[2025-12-02T09:26:33.431+0000] {logging_mixin.py:188} INFO - Lỗi khi gọi API Binance cho LEOUSD: 400 Client Error: Bad Request for url: https://api.binance.com/api/v3/klines?symbol=LEOUSD&interval=1m&startTime=1763596800000&endTime=1763639999999&limit=1000
[2025-12-02T09:26:33.432+0000] {logging_mixin.py:188} INFO -   -> Không lấy đủ 1440 nến cho LEOUSD. Bỏ qua.
[2025-12-02T09:26:33.433+0000] {logging_mixin.py:188} INFO - [Processing Coin: UNIUSDT]
[2025-12-02T09:26:34.791+0000] {logging_mixin.py:188} INFO - [Processing Coin: FETUSDT]
[2025-12-02T09:26:35.159+0000] {logging_mixin.py:188} INFO - [Processing Coin: RNDRUSDT]
[2025-12-02T09:26:35.492+0000] {logging_mixin.py:188} INFO -   -> Không lấy đủ 1440 nến cho RNDRUSDT. Bỏ qua.
[2025-12-02T09:26:35.492+0000] {logging_mixin.py:188} INFO - [Processing Coin: ATOMUSDT]
[2025-12-02T09:26:35.865+0000] {logging_mixin.py:188} INFO - [Processing Coin: INJUSDT]
[2025-12-02T09:26:36.232+0000] {logging_mixin.py:188} INFO - [Processing Coin: WIFUSDT]
[2025-12-02T09:26:36.633+0000] {logging_mixin.py:188} INFO - [Processing Coin: OPUSDT]
[2025-12-02T09:26:37.040+0000] {logging_mixin.py:188} INFO - [Processing Coin: ARBUSDT]
[2025-12-02T09:26:37.464+0000] {logging_mixin.py:188} INFO - [Processing Coin: ETCUSDT]
[2025-12-02T09:26:37.871+0000] {logging_mixin.py:188} INFO - [Processing Coin: FILUSDT]
[2025-12-02T09:26:38.240+0000] {logging_mixin.py:188} INFO - Đã tải về 38880 dòng. Đang xử lý...
[2025-12-02T09:26:38.395+0000] {logging_mixin.py:188} INFO - Đang ghi 38880 dòng vào GCS (Parquet)...
[2025-12-02T09:26:38.579+0000] {retry.py:157} ERROR - _request non-retriable exception: Invalid Credentials, 401
Traceback (most recent call last):
  File "/home/airflow/.local/lib/python3.12/site-packages/gcsfs/retry.py", line 123, in retry_request
    return await func(*args, **kwargs)
           ^^^^^^^^^^^^^^^^^^^^^^^^^^^
  File "/home/airflow/.local/lib/python3.12/site-packages/gcsfs/core.py", line 430, in _request
    validate_response(status, contents, path, args)
  File "/home/airflow/.local/lib/python3.12/site-packages/gcsfs/retry.py", line 110, in validate_response
    raise HttpError(error)
gcsfs.retry.HttpError: Invalid Credentials, 401
[2025-12-02T09:26:38.582+0000] {retry.py:157} ERROR - _request non-retriable exception: Invalid Credentials, 401
Traceback (most recent call last):
  File "/home/airflow/.local/lib/python3.12/site-packages/gcsfs/retry.py", line 123, in retry_request
    return await func(*args, **kwargs)
           ^^^^^^^^^^^^^^^^^^^^^^^^^^^
  File "/home/airflow/.local/lib/python3.12/site-packages/gcsfs/core.py", line 430, in _request
    validate_response(status, contents, path, args)
  File "/home/airflow/.local/lib/python3.12/site-packages/gcsfs/retry.py", line 110, in validate_response
    raise HttpError(error)
gcsfs.retry.HttpError: Invalid Credentials, 401
[2025-12-02T09:26:38.583+0000] {retry.py:157} ERROR - _request non-retriable exception: Invalid Credentials, 401
Traceback (most recent call last):
  File "/home/airflow/.local/lib/python3.12/site-packages/gcsfs/retry.py", line 123, in retry_request
    return await func(*args, **kwargs)
           ^^^^^^^^^^^^^^^^^^^^^^^^^^^
  File "/home/airflow/.local/lib/python3.12/site-packages/gcsfs/core.py", line 430, in _request
    validate_response(status, contents, path, args)
  File "/home/airflow/.local/lib/python3.12/site-packages/gcsfs/retry.py", line 110, in validate_response
    raise HttpError(error)
gcsfs.retry.HttpError: Invalid Credentials, 401
[2025-12-02T09:26:38.587+0000] {retry.py:157} ERROR - _request non-retriable exception: Invalid Credentials, 401
Traceback (most recent call last):
  File "/home/airflow/.local/lib/python3.12/site-packages/gcsfs/retry.py", line 123, in retry_request
    return await func(*args, **kwargs)
           ^^^^^^^^^^^^^^^^^^^^^^^^^^^
  File "/home/airflow/.local/lib/python3.12/site-packages/gcsfs/core.py", line 430, in _request
    validate_response(status, contents, path, args)
  File "/home/airflow/.local/lib/python3.12/site-packages/gcsfs/retry.py", line 110, in validate_response
    raise HttpError(error)
gcsfs.retry.HttpError: Invalid Credentials, 401
[2025-12-02T09:26:38.591+0000] {retry.py:157} ERROR - _request non-retriable exception: Invalid Credentials, 401
Traceback (most recent call last):
  File "/home/airflow/.local/lib/python3.12/site-packages/gcsfs/retry.py", line 123, in retry_request
    return await func(*args, **kwargs)
           ^^^^^^^^^^^^^^^^^^^^^^^^^^^
  File "/home/airflow/.local/lib/python3.12/site-packages/gcsfs/core.py", line 430, in _request
    validate_response(status, contents, path, args)
  File "/home/airflow/.local/lib/python3.12/site-packages/gcsfs/retry.py", line 110, in validate_response
    raise HttpError(error)
gcsfs.retry.HttpError: Invalid Credentials, 401
[2025-12-02T09:26:38.592+0000] {retry.py:157} ERROR - _request non-retriable exception: Invalid Credentials, 401
Traceback (most recent call last):
  File "/home/airflow/.local/lib/python3.12/site-packages/gcsfs/retry.py", line 123, in retry_request
    return await func(*args, **kwargs)
           ^^^^^^^^^^^^^^^^^^^^^^^^^^^
  File "/home/airflow/.local/lib/python3.12/site-packages/gcsfs/core.py", line 430, in _request
    validate_response(status, contents, path, args)
  File "/home/airflow/.local/lib/python3.12/site-packages/gcsfs/retry.py", line 110, in validate_response
    raise HttpError(error)
gcsfs.retry.HttpError: Invalid Credentials, 401
[2025-12-02T09:26:38.594+0000] {retry.py:157} ERROR - _request non-retriable exception: Invalid Credentials, 401
Traceback (most recent call last):
  File "/home/airflow/.local/lib/python3.12/site-packages/gcsfs/retry.py", line 123, in retry_request
    return await func(*args, **kwargs)
           ^^^^^^^^^^^^^^^^^^^^^^^^^^^
  File "/home/airflow/.local/lib/python3.12/site-packages/gcsfs/core.py", line 430, in _request
    validate_response(status, contents, path, args)
  File "/home/airflow/.local/lib/python3.12/site-packages/gcsfs/retry.py", line 110, in validate_response
    raise HttpError(error)
gcsfs.retry.HttpError: Invalid Credentials, 401
[2025-12-02T09:26:38.596+0000] {retry.py:157} ERROR - _request non-retriable exception: Invalid Credentials, 401
Traceback (most recent call last):
  File "/home/airflow/.local/lib/python3.12/site-packages/gcsfs/retry.py", line 123, in retry_request
    return await func(*args, **kwargs)
           ^^^^^^^^^^^^^^^^^^^^^^^^^^^
  File "/home/airflow/.local/lib/python3.12/site-packages/gcsfs/core.py", line 430, in _request
    validate_response(status, contents, path, args)
  File "/home/airflow/.local/lib/python3.12/site-packages/gcsfs/retry.py", line 110, in validate_response
    raise HttpError(error)
gcsfs.retry.HttpError: Invalid Credentials, 401
[2025-12-02T09:26:38.763+0000] {retry.py:157} ERROR - _request non-retriable exception: Invalid Credentials, 401
Traceback (most recent call last):
  File "/home/airflow/.local/lib/python3.12/site-packages/gcsfs/retry.py", line 123, in retry_request
    return await func(*args, **kwargs)
           ^^^^^^^^^^^^^^^^^^^^^^^^^^^
  File "/home/airflow/.local/lib/python3.12/site-packages/gcsfs/core.py", line 430, in _request
    validate_response(status, contents, path, args)
  File "/home/airflow/.local/lib/python3.12/site-packages/gcsfs/retry.py", line 110, in validate_response
    raise HttpError(error)
gcsfs.retry.HttpError: Invalid Credentials, 401
[2025-12-02T09:26:38.766+0000] {retry.py:157} ERROR - _request non-retriable exception: Invalid Credentials, 401
Traceback (most recent call last):
  File "/home/airflow/.local/lib/python3.12/site-packages/gcsfs/retry.py", line 123, in retry_request
    return await func(*args, **kwargs)
           ^^^^^^^^^^^^^^^^^^^^^^^^^^^
  File "/home/airflow/.local/lib/python3.12/site-packages/gcsfs/core.py", line 430, in _request
    validate_response(status, contents, path, args)
  File "/home/airflow/.local/lib/python3.12/site-packages/gcsfs/retry.py", line 110, in validate_response
    raise HttpError(error)
gcsfs.retry.HttpError: Invalid Credentials, 401
[2025-12-02T09:26:38.769+0000] {retry.py:157} ERROR - _request non-retriable exception: Invalid Credentials, 401
Traceback (most recent call last):
  File "/home/airflow/.local/lib/python3.12/site-packages/gcsfs/retry.py", line 123, in retry_request
    return await func(*args, **kwargs)
           ^^^^^^^^^^^^^^^^^^^^^^^^^^^
  File "/home/airflow/.local/lib/python3.12/site-packages/gcsfs/core.py", line 430, in _request
    validate_response(status, contents, path, args)
  File "/home/airflow/.local/lib/python3.12/site-packages/gcsfs/retry.py", line 110, in validate_response
    raise HttpError(error)
gcsfs.retry.HttpError: Invalid Credentials, 401
[2025-12-02T09:26:38.771+0000] {retry.py:157} ERROR - _request non-retriable exception: Invalid Credentials, 401
Traceback (most recent call last):
  File "/home/airflow/.local/lib/python3.12/site-packages/gcsfs/retry.py", line 123, in retry_request
    return await func(*args, **kwargs)
           ^^^^^^^^^^^^^^^^^^^^^^^^^^^
  File "/home/airflow/.local/lib/python3.12/site-packages/gcsfs/core.py", line 430, in _request
    validate_response(status, contents, path, args)
  File "/home/airflow/.local/lib/python3.12/site-packages/gcsfs/retry.py", line 110, in validate_response
    raise HttpError(error)
gcsfs.retry.HttpError: Invalid Credentials, 401
[2025-12-02T09:26:38.773+0000] {retry.py:157} ERROR - _request non-retriable exception: Invalid Credentials, 401
Traceback (most recent call last):
  File "/home/airflow/.local/lib/python3.12/site-packages/gcsfs/retry.py", line 123, in retry_request
    return await func(*args, **kwargs)
           ^^^^^^^^^^^^^^^^^^^^^^^^^^^
  File "/home/airflow/.local/lib/python3.12/site-packages/gcsfs/core.py", line 430, in _request
    validate_response(status, contents, path, args)
  File "/home/airflow/.local/lib/python3.12/site-packages/gcsfs/retry.py", line 110, in validate_response
    raise HttpError(error)
gcsfs.retry.HttpError: Invalid Credentials, 401
[2025-12-02T09:26:38.774+0000] {retry.py:157} ERROR - _request non-retriable exception: Invalid Credentials, 401
Traceback (most recent call last):
  File "/home/airflow/.local/lib/python3.12/site-packages/gcsfs/retry.py", line 123, in retry_request
    return await func(*args, **kwargs)
           ^^^^^^^^^^^^^^^^^^^^^^^^^^^
  File "/home/airflow/.local/lib/python3.12/site-packages/gcsfs/core.py", line 430, in _request
    validate_response(status, contents, path, args)
  File "/home/airflow/.local/lib/python3.12/site-packages/gcsfs/retry.py", line 110, in validate_response
    raise HttpError(error)
gcsfs.retry.HttpError: Invalid Credentials, 401
[2025-12-02T09:26:38.776+0000] {retry.py:157} ERROR - _request non-retriable exception: Invalid Credentials, 401
Traceback (most recent call last):
  File "/home/airflow/.local/lib/python3.12/site-packages/gcsfs/retry.py", line 123, in retry_request
    return await func(*args, **kwargs)
           ^^^^^^^^^^^^^^^^^^^^^^^^^^^
  File "/home/airflow/.local/lib/python3.12/site-packages/gcsfs/core.py", line 430, in _request
    validate_response(status, contents, path, args)
  File "/home/airflow/.local/lib/python3.12/site-packages/gcsfs/retry.py", line 110, in validate_response
    raise HttpError(error)
gcsfs.retry.HttpError: Invalid Credentials, 401
[2025-12-02T09:26:38.782+0000] {retry.py:157} ERROR - _request non-retriable exception: Invalid Credentials, 401
Traceback (most recent call last):
  File "/home/airflow/.local/lib/python3.12/site-packages/gcsfs/retry.py", line 123, in retry_request
    return await func(*args, **kwargs)
           ^^^^^^^^^^^^^^^^^^^^^^^^^^^
  File "/home/airflow/.local/lib/python3.12/site-packages/gcsfs/core.py", line 430, in _request
    validate_response(status, contents, path, args)
  File "/home/airflow/.local/lib/python3.12/site-packages/gcsfs/retry.py", line 110, in validate_response
    raise HttpError(error)
gcsfs.retry.HttpError: Invalid Credentials, 401
[2025-12-02T09:26:38.833+0000] {retry.py:157} ERROR - _request non-retriable exception: Invalid Credentials, 401
Traceback (most recent call last):
  File "/home/airflow/.local/lib/python3.12/site-packages/gcsfs/retry.py", line 123, in retry_request
    return await func(*args, **kwargs)
           ^^^^^^^^^^^^^^^^^^^^^^^^^^^
  File "/home/airflow/.local/lib/python3.12/site-packages/gcsfs/core.py", line 430, in _request
    validate_response(status, contents, path, args)
  File "/home/airflow/.local/lib/python3.12/site-packages/gcsfs/retry.py", line 110, in validate_response
    raise HttpError(error)
gcsfs.retry.HttpError: Invalid Credentials, 401
[2025-12-02T09:26:38.835+0000] {retry.py:157} ERROR - _request non-retriable exception: Invalid Credentials, 401
Traceback (most recent call last):
  File "/home/airflow/.local/lib/python3.12/site-packages/gcsfs/retry.py", line 123, in retry_request
    return await func(*args, **kwargs)
           ^^^^^^^^^^^^^^^^^^^^^^^^^^^
  File "/home/airflow/.local/lib/python3.12/site-packages/gcsfs/core.py", line 430, in _request
    validate_response(status, contents, path, args)
  File "/home/airflow/.local/lib/python3.12/site-packages/gcsfs/retry.py", line 110, in validate_response
    raise HttpError(error)
gcsfs.retry.HttpError: Invalid Credentials, 401
[2025-12-02T09:26:38.837+0000] {retry.py:157} ERROR - _request non-retriable exception: Invalid Credentials, 401
Traceback (most recent call last):
  File "/home/airflow/.local/lib/python3.12/site-packages/gcsfs/retry.py", line 123, in retry_request
    return await func(*args, **kwargs)
           ^^^^^^^^^^^^^^^^^^^^^^^^^^^
  File "/home/airflow/.local/lib/python3.12/site-packages/gcsfs/core.py", line 430, in _request
    validate_response(status, contents, path, args)
  File "/home/airflow/.local/lib/python3.12/site-packages/gcsfs/retry.py", line 110, in validate_response
    raise HttpError(error)
gcsfs.retry.HttpError: Invalid Credentials, 401
[2025-12-02T09:26:38.839+0000] {retry.py:157} ERROR - _request non-retriable exception: Invalid Credentials, 401
Traceback (most recent call last):
  File "/home/airflow/.local/lib/python3.12/site-packages/gcsfs/retry.py", line 123, in retry_request
    return await func(*args, **kwargs)
           ^^^^^^^^^^^^^^^^^^^^^^^^^^^
  File "/home/airflow/.local/lib/python3.12/site-packages/gcsfs/core.py", line 430, in _request
    validate_response(status, contents, path, args)
  File "/home/airflow/.local/lib/python3.12/site-packages/gcsfs/retry.py", line 110, in validate_response
    raise HttpError(error)
gcsfs.retry.HttpError: Invalid Credentials, 401
[2025-12-02T09:26:38.841+0000] {retry.py:157} ERROR - _request non-retriable exception: Invalid Credentials, 401
Traceback (most recent call last):
  File "/home/airflow/.local/lib/python3.12/site-packages/gcsfs/retry.py", line 123, in retry_request
    return await func(*args, **kwargs)
           ^^^^^^^^^^^^^^^^^^^^^^^^^^^
  File "/home/airflow/.local/lib/python3.12/site-packages/gcsfs/core.py", line 430, in _request
    validate_response(status, contents, path, args)
  File "/home/airflow/.local/lib/python3.12/site-packages/gcsfs/retry.py", line 110, in validate_response
    raise HttpError(error)
gcsfs.retry.HttpError: Invalid Credentials, 401
[2025-12-02T09:26:38.844+0000] {retry.py:157} ERROR - _request non-retriable exception: Invalid Credentials, 401
Traceback (most recent call last):
  File "/home/airflow/.local/lib/python3.12/site-packages/gcsfs/retry.py", line 123, in retry_request
    return await func(*args, **kwargs)
           ^^^^^^^^^^^^^^^^^^^^^^^^^^^
  File "/home/airflow/.local/lib/python3.12/site-packages/gcsfs/core.py", line 430, in _request
    validate_response(status, contents, path, args)
  File "/home/airflow/.local/lib/python3.12/site-packages/gcsfs/retry.py", line 110, in validate_response
    raise HttpError(error)
gcsfs.retry.HttpError: Invalid Credentials, 401
[2025-12-02T09:26:38.849+0000] {retry.py:157} ERROR - _request non-retriable exception: Invalid Credentials, 401
Traceback (most recent call last):
  File "/home/airflow/.local/lib/python3.12/site-packages/gcsfs/retry.py", line 123, in retry_request
    return await func(*args, **kwargs)
           ^^^^^^^^^^^^^^^^^^^^^^^^^^^
  File "/home/airflow/.local/lib/python3.12/site-packages/gcsfs/core.py", line 430, in _request
    validate_response(status, contents, path, args)
  File "/home/airflow/.local/lib/python3.12/site-packages/gcsfs/retry.py", line 110, in validate_response
    raise HttpError(error)
gcsfs.retry.HttpError: Invalid Credentials, 401
[2025-12-02T09:26:38.856+0000] {retry.py:157} ERROR - _request non-retriable exception: Invalid Credentials, 401
Traceback (most recent call last):
  File "/home/airflow/.local/lib/python3.12/site-packages/gcsfs/retry.py", line 123, in retry_request
    return await func(*args, **kwargs)
           ^^^^^^^^^^^^^^^^^^^^^^^^^^^
  File "/home/airflow/.local/lib/python3.12/site-packages/gcsfs/core.py", line 430, in _request
    validate_response(status, contents, path, args)
  File "/home/airflow/.local/lib/python3.12/site-packages/gcsfs/retry.py", line 110, in validate_response
    raise HttpError(error)
gcsfs.retry.HttpError: Invalid Credentials, 401
[2025-12-02T09:26:39.016+0000] {retry.py:157} ERROR - _request non-retriable exception: Invalid Credentials, 401
Traceback (most recent call last):
  File "/home/airflow/.local/lib/python3.12/site-packages/gcsfs/retry.py", line 123, in retry_request
    return await func(*args, **kwargs)
           ^^^^^^^^^^^^^^^^^^^^^^^^^^^
  File "/home/airflow/.local/lib/python3.12/site-packages/gcsfs/core.py", line 430, in _request
    validate_response(status, contents, path, args)
  File "/home/airflow/.local/lib/python3.12/site-packages/gcsfs/retry.py", line 110, in validate_response
    raise HttpError(error)
gcsfs.retry.HttpError: Invalid Credentials, 401
[2025-12-02T09:26:39.017+0000] {retry.py:157} ERROR - _request non-retriable exception: Invalid Credentials, 401
Traceback (most recent call last):
  File "/home/airflow/.local/lib/python3.12/site-packages/gcsfs/retry.py", line 123, in retry_request
    return await func(*args, **kwargs)
           ^^^^^^^^^^^^^^^^^^^^^^^^^^^
  File "/home/airflow/.local/lib/python3.12/site-packages/gcsfs/core.py", line 430, in _request
    validate_response(status, contents, path, args)
  File "/home/airflow/.local/lib/python3.12/site-packages/gcsfs/retry.py", line 110, in validate_response
    raise HttpError(error)
gcsfs.retry.HttpError: Invalid Credentials, 401
[2025-12-02T09:26:39.021+0000] {retry.py:157} ERROR - _request non-retriable exception: Invalid Credentials, 401
Traceback (most recent call last):
  File "/home/airflow/.local/lib/python3.12/site-packages/gcsfs/retry.py", line 123, in retry_request
    return await func(*args, **kwargs)
           ^^^^^^^^^^^^^^^^^^^^^^^^^^^
  File "/home/airflow/.local/lib/python3.12/site-packages/gcsfs/core.py", line 430, in _request
    validate_response(status, contents, path, args)
  File "/home/airflow/.local/lib/python3.12/site-packages/gcsfs/retry.py", line 110, in validate_response
    raise HttpError(error)
gcsfs.retry.HttpError: Invalid Credentials, 401
[2025-12-02T09:26:39.023+0000] {logging_mixin.py:188} INFO - LỖI khi ghi vào GCS: Invalid Credentials, 401
[2025-12-02T09:26:39.023+0000] {python.py:237} INFO - Done. Returned value was: None
[2025-12-02T09:26:39.024+0000] {taskinstance.py:441} INFO - ::group::Post task execution logs
[2025-12-02T09:26:39.031+0000] {taskinstance.py:1206} INFO - Marking task as SUCCESS. dag_id=crypto_cold_path_gcs_1am, task_id=run_daily_gcs_etl, run_id=backfill__2025-11-20T01:00:00+00:00, execution_date=20251120T010000, start_date=20251202T092615, end_date=20251202T092639
[2025-12-02T09:26:39.065+0000] {local_task_job_runner.py:240} INFO - Task exited with return code 0
[2025-12-02T09:26:39.077+0000] {taskinstance.py:3503} INFO - 0 downstream tasks scheduled from follow-on schedule check
[2025-12-02T09:26:39.080+0000] {local_task_job_runner.py:222} INFO - ::endgroup::
[2025-12-02T09:29:29.914+0000] {local_task_job_runner.py:120} INFO - ::group::Pre task execution logs
[2025-12-02T09:29:29.946+0000] {taskinstance.py:2076} INFO - Dependencies all met for dep_context=non-requeueable deps ti=<TaskInstance: crypto_cold_path_gcs_1am.run_daily_gcs_etl backfill__2025-11-20T01:00:00+00:00 [queued]>
[2025-12-02T09:29:29.956+0000] {taskinstance.py:2076} INFO - Dependencies all met for dep_context=requeueable deps ti=<TaskInstance: crypto_cold_path_gcs_1am.run_daily_gcs_etl backfill__2025-11-20T01:00:00+00:00 [queued]>
[2025-12-02T09:29:29.957+0000] {taskinstance.py:2306} INFO - Starting attempt 1 of 3
[2025-12-02T09:29:29.977+0000] {taskinstance.py:2330} INFO - Executing <Task(PythonOperator): run_daily_gcs_etl> on 2025-11-20 01:00:00+00:00
[2025-12-02T09:29:29.989+0000] {warnings.py:112} WARNING - /home/***/.local/lib/python3.12/site-packages/***/task/task_runner/standard_task_runner.py:61: DeprecationWarning: This process (pid=80) is multi-threaded, use of fork() may lead to deadlocks in the child.
  pid = os.fork()

[2025-12-02T09:29:29.992+0000] {standard_task_runner.py:63} INFO - Started process 106 to run task
[2025-12-02T09:29:29.992+0000] {standard_task_runner.py:90} INFO - Running: ['***', 'tasks', 'run', 'crypto_cold_path_gcs_1am', 'run_daily_gcs_etl', 'backfill__2025-11-20T01:00:00+00:00', '--job-id', '166', '--pool', 'default_pool', '--raw', '--subdir', 'DAGS_FOLDER/etl_dag.py', '--cfg-path', '/tmp/tmpia329jpu']
[2025-12-02T09:29:29.994+0000] {standard_task_runner.py:91} INFO - Job 166: Subtask run_daily_gcs_etl
[2025-12-02T09:29:30.126+0000] {task_command.py:426} INFO - Running <TaskInstance: crypto_cold_path_gcs_1am.run_daily_gcs_etl backfill__2025-11-20T01:00:00+00:00 [running]> on host bfb7cfd18f31
[2025-12-02T09:29:30.224+0000] {taskinstance.py:2648} INFO - Exporting env vars: AIRFLOW_CTX_DAG_OWNER='***' AIRFLOW_CTX_DAG_ID='crypto_cold_path_gcs_1am' AIRFLOW_CTX_TASK_ID='run_daily_gcs_etl' AIRFLOW_CTX_EXECUTION_DATE='2025-11-20T01:00:00+00:00' AIRFLOW_CTX_TRY_NUMBER='1' AIRFLOW_CTX_DAG_RUN_ID='backfill__2025-11-20T01:00:00+00:00'
[2025-12-02T09:29:30.226+0000] {taskinstance.py:430} INFO - ::endgroup::
[2025-12-02T09:29:40.229+0000] {logging_mixin.py:188} INFO - --- BẮT ĐẦU ETL (GCS) CHO NGÀY: 2025-11-20 ---
[2025-12-02T09:29:40.234+0000] {logging_mixin.py:188} INFO - Đã kết nối GCS thành công.
[2025-12-02T09:29:40.235+0000] {logging_mixin.py:188} INFO - [Processing Coin: BTCUSDT]
[2025-12-02T09:29:40.580+0000] {logging_mixin.py:188} INFO - [Processing Coin: ETHUSDT]
[2025-12-02T09:29:40.968+0000] {logging_mixin.py:188} INFO - [Processing Coin: SOLUSDT]
[2025-12-02T09:29:41.602+0000] {logging_mixin.py:188} INFO - [Processing Coin: BNBUSDT]
[2025-12-02T09:29:42.316+0000] {logging_mixin.py:188} INFO - [Processing Coin: DOGEUSDT]
[2025-12-02T09:29:43.408+0000] {logging_mixin.py:188} INFO - [Processing Coin: XRPUSDT]
[2025-12-02T09:29:43.681+0000] {logging_mixin.py:188} INFO - [Processing Coin: PEPEUSDT]
[2025-12-02T09:29:44.018+0000] {logging_mixin.py:188} INFO - [Processing Coin: TONUSDT]
[2025-12-02T09:29:44.296+0000] {logging_mixin.py:188} INFO - [Processing Coin: SHIBUSDT]
[2025-12-02T09:29:44.579+0000] {logging_mixin.py:188} INFO - [Processing Coin: DOTUSDT]
[2025-12-02T09:29:44.906+0000] {logging_mixin.py:188} INFO - [Processing Coin: ADAUSDT]
[2025-12-02T09:29:45.194+0000] {logging_mixin.py:188} INFO - [Processing Coin: AVAXUSDT]
[2025-12-02T09:29:45.578+0000] {logging_mixin.py:188} INFO - [Processing Coin: LINKUSDT]
[2025-12-02T09:29:45.886+0000] {logging_mixin.py:188} INFO - [Processing Coin: TRXUSDT]
[2025-12-02T09:29:46.193+0000] {logging_mixin.py:188} INFO - [Processing Coin: MATICUSDT]
[2025-12-02T09:29:46.476+0000] {logging_mixin.py:188} INFO -   -> Không lấy đủ 1440 nến cho MATICUSDT. Bỏ qua.
[2025-12-02T09:29:46.477+0000] {logging_mixin.py:188} INFO - [Processing Coin: BCHUSDT]
[2025-12-02T09:29:46.777+0000] {logging_mixin.py:188} INFO - [Processing Coin: ICPUSDT]
[2025-12-02T09:29:47.115+0000] {logging_mixin.py:188} INFO - [Processing Coin: NEARUSDT]
[2025-12-02T09:29:47.455+0000] {logging_mixin.py:188} INFO - [Processing Coin: LTCUSDT]
[2025-12-02T09:29:47.742+0000] {logging_mixin.py:188} INFO - [Processing Coin: LEOUSD]
[2025-12-02T09:29:47.886+0000] {logging_mixin.py:188} INFO - Lỗi khi gọi API Binance cho LEOUSD: 400 Client Error: Bad Request for url: https://api.binance.com/api/v3/klines?symbol=LEOUSD&interval=1m&startTime=1763596800000&endTime=1763639999999&limit=1000
[2025-12-02T09:29:47.888+0000] {logging_mixin.py:188} INFO -   -> Không lấy đủ 1440 nến cho LEOUSD. Bỏ qua.
[2025-12-02T09:29:47.890+0000] {logging_mixin.py:188} INFO - [Processing Coin: UNIUSDT]
[2025-12-02T09:29:48.227+0000] {logging_mixin.py:188} INFO - [Processing Coin: FETUSDT]
[2025-12-02T09:29:48.547+0000] {logging_mixin.py:188} INFO - [Processing Coin: RNDRUSDT]
[2025-12-02T09:29:48.835+0000] {logging_mixin.py:188} INFO -   -> Không lấy đủ 1440 nến cho RNDRUSDT. Bỏ qua.
[2025-12-02T09:29:48.836+0000] {logging_mixin.py:188} INFO - [Processing Coin: ATOMUSDT]
[2025-12-02T09:29:49.208+0000] {logging_mixin.py:188} INFO - [Processing Coin: INJUSDT]
[2025-12-02T09:29:49.543+0000] {logging_mixin.py:188} INFO - [Processing Coin: WIFUSDT]
[2025-12-02T09:29:49.929+0000] {logging_mixin.py:188} INFO - [Processing Coin: OPUSDT]
[2025-12-02T09:29:50.278+0000] {logging_mixin.py:188} INFO - [Processing Coin: ARBUSDT]
[2025-12-02T09:29:50.560+0000] {logging_mixin.py:188} INFO - [Processing Coin: ETCUSDT]
[2025-12-02T09:29:50.843+0000] {logging_mixin.py:188} INFO - [Processing Coin: FILUSDT]
[2025-12-02T09:29:51.203+0000] {logging_mixin.py:188} INFO - Đã tải về 38880 dòng. Đang xử lý...
[2025-12-02T09:29:51.371+0000] {logging_mixin.py:188} INFO - Đang ghi 38880 dòng vào GCS (Parquet)...
[2025-12-02T09:29:51.637+0000] {retry.py:157} ERROR - _request non-retriable exception: Invalid Credentials, 401
Traceback (most recent call last):
  File "/home/airflow/.local/lib/python3.12/site-packages/gcsfs/retry.py", line 123, in retry_request
    return await func(*args, **kwargs)
           ^^^^^^^^^^^^^^^^^^^^^^^^^^^
  File "/home/airflow/.local/lib/python3.12/site-packages/gcsfs/core.py", line 430, in _request
    validate_response(status, contents, path, args)
  File "/home/airflow/.local/lib/python3.12/site-packages/gcsfs/retry.py", line 110, in validate_response
    raise HttpError(error)
gcsfs.retry.HttpError: Invalid Credentials, 401
[2025-12-02T09:29:51.641+0000] {retry.py:157} ERROR - _request non-retriable exception: Invalid Credentials, 401
Traceback (most recent call last):
  File "/home/airflow/.local/lib/python3.12/site-packages/gcsfs/retry.py", line 123, in retry_request
    return await func(*args, **kwargs)
           ^^^^^^^^^^^^^^^^^^^^^^^^^^^
  File "/home/airflow/.local/lib/python3.12/site-packages/gcsfs/core.py", line 430, in _request
    validate_response(status, contents, path, args)
  File "/home/airflow/.local/lib/python3.12/site-packages/gcsfs/retry.py", line 110, in validate_response
    raise HttpError(error)
gcsfs.retry.HttpError: Invalid Credentials, 401
[2025-12-02T09:29:51.642+0000] {retry.py:157} ERROR - _request non-retriable exception: Invalid Credentials, 401
Traceback (most recent call last):
  File "/home/airflow/.local/lib/python3.12/site-packages/gcsfs/retry.py", line 123, in retry_request
    return await func(*args, **kwargs)
           ^^^^^^^^^^^^^^^^^^^^^^^^^^^
  File "/home/airflow/.local/lib/python3.12/site-packages/gcsfs/core.py", line 430, in _request
    validate_response(status, contents, path, args)
  File "/home/airflow/.local/lib/python3.12/site-packages/gcsfs/retry.py", line 110, in validate_response
    raise HttpError(error)
gcsfs.retry.HttpError: Invalid Credentials, 401
[2025-12-02T09:29:51.680+0000] {retry.py:157} ERROR - _request non-retriable exception: Invalid Credentials, 401
Traceback (most recent call last):
  File "/home/airflow/.local/lib/python3.12/site-packages/gcsfs/retry.py", line 123, in retry_request
    return await func(*args, **kwargs)
           ^^^^^^^^^^^^^^^^^^^^^^^^^^^
  File "/home/airflow/.local/lib/python3.12/site-packages/gcsfs/core.py", line 430, in _request
    validate_response(status, contents, path, args)
  File "/home/airflow/.local/lib/python3.12/site-packages/gcsfs/retry.py", line 110, in validate_response
    raise HttpError(error)
gcsfs.retry.HttpError: Invalid Credentials, 401
[2025-12-02T09:29:51.692+0000] {retry.py:157} ERROR - _request non-retriable exception: Invalid Credentials, 401
Traceback (most recent call last):
  File "/home/airflow/.local/lib/python3.12/site-packages/gcsfs/retry.py", line 123, in retry_request
    return await func(*args, **kwargs)
           ^^^^^^^^^^^^^^^^^^^^^^^^^^^
  File "/home/airflow/.local/lib/python3.12/site-packages/gcsfs/core.py", line 430, in _request
    validate_response(status, contents, path, args)
  File "/home/airflow/.local/lib/python3.12/site-packages/gcsfs/retry.py", line 110, in validate_response
    raise HttpError(error)
gcsfs.retry.HttpError: Invalid Credentials, 401
[2025-12-02T09:29:51.693+0000] {retry.py:157} ERROR - _request non-retriable exception: Invalid Credentials, 401
Traceback (most recent call last):
  File "/home/airflow/.local/lib/python3.12/site-packages/gcsfs/retry.py", line 123, in retry_request
    return await func(*args, **kwargs)
           ^^^^^^^^^^^^^^^^^^^^^^^^^^^
  File "/home/airflow/.local/lib/python3.12/site-packages/gcsfs/core.py", line 430, in _request
    validate_response(status, contents, path, args)
  File "/home/airflow/.local/lib/python3.12/site-packages/gcsfs/retry.py", line 110, in validate_response
    raise HttpError(error)
gcsfs.retry.HttpError: Invalid Credentials, 401
[2025-12-02T09:29:51.695+0000] {retry.py:157} ERROR - _request non-retriable exception: Invalid Credentials, 401
Traceback (most recent call last):
  File "/home/airflow/.local/lib/python3.12/site-packages/gcsfs/retry.py", line 123, in retry_request
    return await func(*args, **kwargs)
           ^^^^^^^^^^^^^^^^^^^^^^^^^^^
  File "/home/airflow/.local/lib/python3.12/site-packages/gcsfs/core.py", line 430, in _request
    validate_response(status, contents, path, args)
  File "/home/airflow/.local/lib/python3.12/site-packages/gcsfs/retry.py", line 110, in validate_response
    raise HttpError(error)
gcsfs.retry.HttpError: Invalid Credentials, 401
[2025-12-02T09:29:51.715+0000] {retry.py:157} ERROR - _request non-retriable exception: Invalid Credentials, 401
Traceback (most recent call last):
  File "/home/airflow/.local/lib/python3.12/site-packages/gcsfs/retry.py", line 123, in retry_request
    return await func(*args, **kwargs)
           ^^^^^^^^^^^^^^^^^^^^^^^^^^^
  File "/home/airflow/.local/lib/python3.12/site-packages/gcsfs/core.py", line 430, in _request
    validate_response(status, contents, path, args)
  File "/home/airflow/.local/lib/python3.12/site-packages/gcsfs/retry.py", line 110, in validate_response
    raise HttpError(error)
gcsfs.retry.HttpError: Invalid Credentials, 401
[2025-12-02T09:29:51.820+0000] {retry.py:157} ERROR - _request non-retriable exception: Invalid Credentials, 401
Traceback (most recent call last):
  File "/home/airflow/.local/lib/python3.12/site-packages/gcsfs/retry.py", line 123, in retry_request
    return await func(*args, **kwargs)
           ^^^^^^^^^^^^^^^^^^^^^^^^^^^
  File "/home/airflow/.local/lib/python3.12/site-packages/gcsfs/core.py", line 430, in _request
    validate_response(status, contents, path, args)
  File "/home/airflow/.local/lib/python3.12/site-packages/gcsfs/retry.py", line 110, in validate_response
    raise HttpError(error)
gcsfs.retry.HttpError: Invalid Credentials, 401
[2025-12-02T09:29:51.824+0000] {retry.py:157} ERROR - _request non-retriable exception: Invalid Credentials, 401
Traceback (most recent call last):
  File "/home/airflow/.local/lib/python3.12/site-packages/gcsfs/retry.py", line 123, in retry_request
    return await func(*args, **kwargs)
           ^^^^^^^^^^^^^^^^^^^^^^^^^^^
  File "/home/airflow/.local/lib/python3.12/site-packages/gcsfs/core.py", line 430, in _request
    validate_response(status, contents, path, args)
  File "/home/airflow/.local/lib/python3.12/site-packages/gcsfs/retry.py", line 110, in validate_response
    raise HttpError(error)
gcsfs.retry.HttpError: Invalid Credentials, 401
[2025-12-02T09:29:51.825+0000] {retry.py:157} ERROR - _request non-retriable exception: Invalid Credentials, 401
Traceback (most recent call last):
  File "/home/airflow/.local/lib/python3.12/site-packages/gcsfs/retry.py", line 123, in retry_request
    return await func(*args, **kwargs)
           ^^^^^^^^^^^^^^^^^^^^^^^^^^^
  File "/home/airflow/.local/lib/python3.12/site-packages/gcsfs/core.py", line 430, in _request
    validate_response(status, contents, path, args)
  File "/home/airflow/.local/lib/python3.12/site-packages/gcsfs/retry.py", line 110, in validate_response
    raise HttpError(error)
gcsfs.retry.HttpError: Invalid Credentials, 401
[2025-12-02T09:29:51.858+0000] {retry.py:157} ERROR - _request non-retriable exception: Invalid Credentials, 401
Traceback (most recent call last):
  File "/home/airflow/.local/lib/python3.12/site-packages/gcsfs/retry.py", line 123, in retry_request
    return await func(*args, **kwargs)
           ^^^^^^^^^^^^^^^^^^^^^^^^^^^
  File "/home/airflow/.local/lib/python3.12/site-packages/gcsfs/core.py", line 430, in _request
    validate_response(status, contents, path, args)
  File "/home/airflow/.local/lib/python3.12/site-packages/gcsfs/retry.py", line 110, in validate_response
    raise HttpError(error)
gcsfs.retry.HttpError: Invalid Credentials, 401
[2025-12-02T09:29:51.866+0000] {retry.py:157} ERROR - _request non-retriable exception: Invalid Credentials, 401
Traceback (most recent call last):
  File "/home/airflow/.local/lib/python3.12/site-packages/gcsfs/retry.py", line 123, in retry_request
    return await func(*args, **kwargs)
           ^^^^^^^^^^^^^^^^^^^^^^^^^^^
  File "/home/airflow/.local/lib/python3.12/site-packages/gcsfs/core.py", line 430, in _request
    validate_response(status, contents, path, args)
  File "/home/airflow/.local/lib/python3.12/site-packages/gcsfs/retry.py", line 110, in validate_response
    raise HttpError(error)
gcsfs.retry.HttpError: Invalid Credentials, 401
[2025-12-02T09:29:51.873+0000] {retry.py:157} ERROR - _request non-retriable exception: Invalid Credentials, 401
Traceback (most recent call last):
  File "/home/airflow/.local/lib/python3.12/site-packages/gcsfs/retry.py", line 123, in retry_request
    return await func(*args, **kwargs)
           ^^^^^^^^^^^^^^^^^^^^^^^^^^^
  File "/home/airflow/.local/lib/python3.12/site-packages/gcsfs/core.py", line 430, in _request
    validate_response(status, contents, path, args)
  File "/home/airflow/.local/lib/python3.12/site-packages/gcsfs/retry.py", line 110, in validate_response
    raise HttpError(error)
gcsfs.retry.HttpError: Invalid Credentials, 401
[2025-12-02T09:29:51.876+0000] {retry.py:157} ERROR - _request non-retriable exception: Invalid Credentials, 401
Traceback (most recent call last):
  File "/home/airflow/.local/lib/python3.12/site-packages/gcsfs/retry.py", line 123, in retry_request
    return await func(*args, **kwargs)
           ^^^^^^^^^^^^^^^^^^^^^^^^^^^
  File "/home/airflow/.local/lib/python3.12/site-packages/gcsfs/core.py", line 430, in _request
    validate_response(status, contents, path, args)
  File "/home/airflow/.local/lib/python3.12/site-packages/gcsfs/retry.py", line 110, in validate_response
    raise HttpError(error)
gcsfs.retry.HttpError: Invalid Credentials, 401
[2025-12-02T09:29:51.897+0000] {retry.py:157} ERROR - _request non-retriable exception: Invalid Credentials, 401
Traceback (most recent call last):
  File "/home/airflow/.local/lib/python3.12/site-packages/gcsfs/retry.py", line 123, in retry_request
    return await func(*args, **kwargs)
           ^^^^^^^^^^^^^^^^^^^^^^^^^^^
  File "/home/airflow/.local/lib/python3.12/site-packages/gcsfs/core.py", line 430, in _request
    validate_response(status, contents, path, args)
  File "/home/airflow/.local/lib/python3.12/site-packages/gcsfs/retry.py", line 110, in validate_response
    raise HttpError(error)
gcsfs.retry.HttpError: Invalid Credentials, 401
[2025-12-02T09:29:51.900+0000] {retry.py:157} ERROR - _request non-retriable exception: Invalid Credentials, 401
Traceback (most recent call last):
  File "/home/airflow/.local/lib/python3.12/site-packages/gcsfs/retry.py", line 123, in retry_request
    return await func(*args, **kwargs)
           ^^^^^^^^^^^^^^^^^^^^^^^^^^^
  File "/home/airflow/.local/lib/python3.12/site-packages/gcsfs/core.py", line 430, in _request
    validate_response(status, contents, path, args)
  File "/home/airflow/.local/lib/python3.12/site-packages/gcsfs/retry.py", line 110, in validate_response
    raise HttpError(error)
gcsfs.retry.HttpError: Invalid Credentials, 401
[2025-12-02T09:29:51.901+0000] {retry.py:157} ERROR - _request non-retriable exception: Invalid Credentials, 401
Traceback (most recent call last):
  File "/home/airflow/.local/lib/python3.12/site-packages/gcsfs/retry.py", line 123, in retry_request
    return await func(*args, **kwargs)
           ^^^^^^^^^^^^^^^^^^^^^^^^^^^
  File "/home/airflow/.local/lib/python3.12/site-packages/gcsfs/core.py", line 430, in _request
    validate_response(status, contents, path, args)
  File "/home/airflow/.local/lib/python3.12/site-packages/gcsfs/retry.py", line 110, in validate_response
    raise HttpError(error)
gcsfs.retry.HttpError: Invalid Credentials, 401
[2025-12-02T09:29:51.904+0000] {retry.py:157} ERROR - _request non-retriable exception: Invalid Credentials, 401
Traceback (most recent call last):
  File "/home/airflow/.local/lib/python3.12/site-packages/gcsfs/retry.py", line 123, in retry_request
    return await func(*args, **kwargs)
           ^^^^^^^^^^^^^^^^^^^^^^^^^^^
  File "/home/airflow/.local/lib/python3.12/site-packages/gcsfs/core.py", line 430, in _request
    validate_response(status, contents, path, args)
  File "/home/airflow/.local/lib/python3.12/site-packages/gcsfs/retry.py", line 110, in validate_response
    raise HttpError(error)
gcsfs.retry.HttpError: Invalid Credentials, 401
[2025-12-02T09:29:51.936+0000] {retry.py:157} ERROR - _request non-retriable exception: Invalid Credentials, 401
Traceback (most recent call last):
  File "/home/airflow/.local/lib/python3.12/site-packages/gcsfs/retry.py", line 123, in retry_request
    return await func(*args, **kwargs)
           ^^^^^^^^^^^^^^^^^^^^^^^^^^^
  File "/home/airflow/.local/lib/python3.12/site-packages/gcsfs/core.py", line 430, in _request
    validate_response(status, contents, path, args)
  File "/home/airflow/.local/lib/python3.12/site-packages/gcsfs/retry.py", line 110, in validate_response
    raise HttpError(error)
gcsfs.retry.HttpError: Invalid Credentials, 401
[2025-12-02T09:29:51.946+0000] {retry.py:157} ERROR - _request non-retriable exception: Invalid Credentials, 401
Traceback (most recent call last):
  File "/home/airflow/.local/lib/python3.12/site-packages/gcsfs/retry.py", line 123, in retry_request
    return await func(*args, **kwargs)
           ^^^^^^^^^^^^^^^^^^^^^^^^^^^
  File "/home/airflow/.local/lib/python3.12/site-packages/gcsfs/core.py", line 430, in _request
    validate_response(status, contents, path, args)
  File "/home/airflow/.local/lib/python3.12/site-packages/gcsfs/retry.py", line 110, in validate_response
    raise HttpError(error)
gcsfs.retry.HttpError: Invalid Credentials, 401
[2025-12-02T09:29:51.952+0000] {retry.py:157} ERROR - _request non-retriable exception: Invalid Credentials, 401
Traceback (most recent call last):
  File "/home/airflow/.local/lib/python3.12/site-packages/gcsfs/retry.py", line 123, in retry_request
    return await func(*args, **kwargs)
           ^^^^^^^^^^^^^^^^^^^^^^^^^^^
  File "/home/airflow/.local/lib/python3.12/site-packages/gcsfs/core.py", line 430, in _request
    validate_response(status, contents, path, args)
  File "/home/airflow/.local/lib/python3.12/site-packages/gcsfs/retry.py", line 110, in validate_response
    raise HttpError(error)
gcsfs.retry.HttpError: Invalid Credentials, 401
[2025-12-02T09:29:51.957+0000] {retry.py:157} ERROR - _request non-retriable exception: Invalid Credentials, 401
Traceback (most recent call last):
  File "/home/airflow/.local/lib/python3.12/site-packages/gcsfs/retry.py", line 123, in retry_request
    return await func(*args, **kwargs)
           ^^^^^^^^^^^^^^^^^^^^^^^^^^^
  File "/home/airflow/.local/lib/python3.12/site-packages/gcsfs/core.py", line 430, in _request
    validate_response(status, contents, path, args)
  File "/home/airflow/.local/lib/python3.12/site-packages/gcsfs/retry.py", line 110, in validate_response
    raise HttpError(error)
gcsfs.retry.HttpError: Invalid Credentials, 401
[2025-12-02T09:29:51.980+0000] {retry.py:157} ERROR - _request non-retriable exception: Invalid Credentials, 401
Traceback (most recent call last):
  File "/home/airflow/.local/lib/python3.12/site-packages/gcsfs/retry.py", line 123, in retry_request
    return await func(*args, **kwargs)
           ^^^^^^^^^^^^^^^^^^^^^^^^^^^
  File "/home/airflow/.local/lib/python3.12/site-packages/gcsfs/core.py", line 430, in _request
    validate_response(status, contents, path, args)
  File "/home/airflow/.local/lib/python3.12/site-packages/gcsfs/retry.py", line 110, in validate_response
    raise HttpError(error)
gcsfs.retry.HttpError: Invalid Credentials, 401
[2025-12-02T09:29:52.096+0000] {retry.py:157} ERROR - _request non-retriable exception: Invalid Credentials, 401
Traceback (most recent call last):
  File "/home/airflow/.local/lib/python3.12/site-packages/gcsfs/retry.py", line 123, in retry_request
    return await func(*args, **kwargs)
           ^^^^^^^^^^^^^^^^^^^^^^^^^^^
  File "/home/airflow/.local/lib/python3.12/site-packages/gcsfs/core.py", line 430, in _request
    validate_response(status, contents, path, args)
  File "/home/airflow/.local/lib/python3.12/site-packages/gcsfs/retry.py", line 110, in validate_response
    raise HttpError(error)
gcsfs.retry.HttpError: Invalid Credentials, 401
[2025-12-02T09:29:52.097+0000] {retry.py:157} ERROR - _request non-retriable exception: Invalid Credentials, 401
Traceback (most recent call last):
  File "/home/airflow/.local/lib/python3.12/site-packages/gcsfs/retry.py", line 123, in retry_request
    return await func(*args, **kwargs)
           ^^^^^^^^^^^^^^^^^^^^^^^^^^^
  File "/home/airflow/.local/lib/python3.12/site-packages/gcsfs/core.py", line 430, in _request
    validate_response(status, contents, path, args)
  File "/home/airflow/.local/lib/python3.12/site-packages/gcsfs/retry.py", line 110, in validate_response
    raise HttpError(error)
gcsfs.retry.HttpError: Invalid Credentials, 401
[2025-12-02T09:29:52.099+0000] {retry.py:157} ERROR - _request non-retriable exception: Invalid Credentials, 401
Traceback (most recent call last):
  File "/home/airflow/.local/lib/python3.12/site-packages/gcsfs/retry.py", line 123, in retry_request
    return await func(*args, **kwargs)
           ^^^^^^^^^^^^^^^^^^^^^^^^^^^
  File "/home/airflow/.local/lib/python3.12/site-packages/gcsfs/core.py", line 430, in _request
    validate_response(status, contents, path, args)
  File "/home/airflow/.local/lib/python3.12/site-packages/gcsfs/retry.py", line 110, in validate_response
    raise HttpError(error)
gcsfs.retry.HttpError: Invalid Credentials, 401
[2025-12-02T09:29:52.101+0000] {logging_mixin.py:188} INFO - LỖI khi ghi vào GCS: Invalid Credentials, 401
[2025-12-02T09:29:52.101+0000] {python.py:237} INFO - Done. Returned value was: None
[2025-12-02T09:29:52.102+0000] {taskinstance.py:441} INFO - ::group::Post task execution logs
[2025-12-02T09:29:52.116+0000] {taskinstance.py:1206} INFO - Marking task as SUCCESS. dag_id=crypto_cold_path_gcs_1am, task_id=run_daily_gcs_etl, run_id=backfill__2025-11-20T01:00:00+00:00, execution_date=20251120T010000, start_date=20251202T092929, end_date=20251202T092952
[2025-12-02T09:29:52.186+0000] {local_task_job_runner.py:240} INFO - Task exited with return code 0
[2025-12-02T09:29:52.209+0000] {taskinstance.py:3503} INFO - 0 downstream tasks scheduled from follow-on schedule check
[2025-12-02T09:29:52.211+0000] {local_task_job_runner.py:222} INFO - ::endgroup::
[2025-12-02T09:39:28.285+0000] {local_task_job_runner.py:120} INFO - ::group::Pre task execution logs
[2025-12-02T09:39:28.319+0000] {taskinstance.py:2076} INFO - Dependencies all met for dep_context=non-requeueable deps ti=<TaskInstance: crypto_cold_path_gcs_1am.run_daily_gcs_etl backfill__2025-11-20T01:00:00+00:00 [queued]>
[2025-12-02T09:39:28.330+0000] {taskinstance.py:2076} INFO - Dependencies all met for dep_context=requeueable deps ti=<TaskInstance: crypto_cold_path_gcs_1am.run_daily_gcs_etl backfill__2025-11-20T01:00:00+00:00 [queued]>
[2025-12-02T09:39:28.331+0000] {taskinstance.py:2306} INFO - Starting attempt 1 of 3
[2025-12-02T09:39:28.352+0000] {taskinstance.py:2330} INFO - Executing <Task(PythonOperator): run_daily_gcs_etl> on 2025-11-20 01:00:00+00:00
[2025-12-02T09:39:28.367+0000] {warnings.py:112} WARNING - /home/***/.local/lib/python3.12/site-packages/***/task/task_runner/standard_task_runner.py:61: DeprecationWarning: This process (pid=82) is multi-threaded, use of fork() may lead to deadlocks in the child.
  pid = os.fork()

[2025-12-02T09:39:28.371+0000] {standard_task_runner.py:63} INFO - Started process 111 to run task
[2025-12-02T09:39:28.371+0000] {standard_task_runner.py:90} INFO - Running: ['***', 'tasks', 'run', 'crypto_cold_path_gcs_1am', 'run_daily_gcs_etl', 'backfill__2025-11-20T01:00:00+00:00', '--job-id', '178', '--pool', 'default_pool', '--raw', '--subdir', 'DAGS_FOLDER/etl_dag.py', '--cfg-path', '/tmp/tmp5ft1ja3a']
[2025-12-02T09:39:28.372+0000] {standard_task_runner.py:91} INFO - Job 178: Subtask run_daily_gcs_etl
[2025-12-02T09:39:28.547+0000] {task_command.py:426} INFO - Running <TaskInstance: crypto_cold_path_gcs_1am.run_daily_gcs_etl backfill__2025-11-20T01:00:00+00:00 [running]> on host 33ce2b249896
[2025-12-02T09:39:28.681+0000] {taskinstance.py:2648} INFO - Exporting env vars: AIRFLOW_CTX_DAG_OWNER='***' AIRFLOW_CTX_DAG_ID='crypto_cold_path_gcs_1am' AIRFLOW_CTX_TASK_ID='run_daily_gcs_etl' AIRFLOW_CTX_EXECUTION_DATE='2025-11-20T01:00:00+00:00' AIRFLOW_CTX_TRY_NUMBER='1' AIRFLOW_CTX_DAG_RUN_ID='backfill__2025-11-20T01:00:00+00:00'
[2025-12-02T09:39:28.684+0000] {taskinstance.py:430} INFO - ::endgroup::
[2025-12-02T09:39:38.686+0000] {logging_mixin.py:188} INFO - --- BẮT ĐẦU ETL (GCS) CHO NGÀY: 2025-11-20 ---
[2025-12-02T09:39:38.737+0000] {logging_mixin.py:188} INFO - Đã kết nối GCS thành công.
[2025-12-02T09:39:38.738+0000] {logging_mixin.py:188} INFO - [Processing Coin: BTCUSDT]
[2025-12-02T09:39:39.148+0000] {logging_mixin.py:188} INFO - [Processing Coin: ETHUSDT]
[2025-12-02T09:39:39.467+0000] {logging_mixin.py:188} INFO - [Processing Coin: SOLUSDT]
[2025-12-02T09:39:39.756+0000] {logging_mixin.py:188} INFO - [Processing Coin: BNBUSDT]
[2025-12-02T09:39:40.061+0000] {logging_mixin.py:188} INFO - [Processing Coin: DOGEUSDT]
[2025-12-02T09:39:40.398+0000] {logging_mixin.py:188} INFO - [Processing Coin: XRPUSDT]
[2025-12-02T09:39:40.692+0000] {logging_mixin.py:188} INFO - [Processing Coin: PEPEUSDT]
[2025-12-02T09:39:41.010+0000] {logging_mixin.py:188} INFO - [Processing Coin: TONUSDT]
[2025-12-02T09:39:41.370+0000] {logging_mixin.py:188} INFO - [Processing Coin: SHIBUSDT]
[2025-12-02T09:39:41.677+0000] {logging_mixin.py:188} INFO - [Processing Coin: DOTUSDT]
[2025-12-02T09:39:41.988+0000] {logging_mixin.py:188} INFO - [Processing Coin: ADAUSDT]
[2025-12-02T09:39:42.291+0000] {logging_mixin.py:188} INFO - [Processing Coin: AVAXUSDT]
[2025-12-02T09:39:42.604+0000] {logging_mixin.py:188} INFO - [Processing Coin: LINKUSDT]
[2025-12-02T09:39:42.902+0000] {logging_mixin.py:188} INFO - [Processing Coin: TRXUSDT]
[2025-12-02T09:39:43.193+0000] {logging_mixin.py:188} INFO - [Processing Coin: MATICUSDT]
[2025-12-02T09:39:43.487+0000] {logging_mixin.py:188} INFO -   -> Không lấy đủ 1440 nến cho MATICUSDT. Bỏ qua.
[2025-12-02T09:39:43.488+0000] {logging_mixin.py:188} INFO - [Processing Coin: BCHUSDT]
[2025-12-02T09:39:43.813+0000] {logging_mixin.py:188} INFO - [Processing Coin: ICPUSDT]
[2025-12-02T09:39:44.126+0000] {logging_mixin.py:188} INFO - [Processing Coin: NEARUSDT]
[2025-12-02T09:39:44.493+0000] {logging_mixin.py:188} INFO - [Processing Coin: LTCUSDT]
[2025-12-02T09:39:44.854+0000] {logging_mixin.py:188} INFO - [Processing Coin: LEOUSD]
[2025-12-02T09:39:45.002+0000] {logging_mixin.py:188} INFO - Lỗi khi gọi API Binance cho LEOUSD: 400 Client Error: Bad Request for url: https://api.binance.com/api/v3/klines?symbol=LEOUSD&interval=1m&startTime=1763596800000&endTime=1763639999999&limit=1000
[2025-12-02T09:39:45.007+0000] {logging_mixin.py:188} INFO -   -> Không lấy đủ 1440 nến cho LEOUSD. Bỏ qua.
[2025-12-02T09:39:45.008+0000] {logging_mixin.py:188} INFO - [Processing Coin: UNIUSDT]
[2025-12-02T09:39:45.330+0000] {logging_mixin.py:188} INFO - [Processing Coin: FETUSDT]
[2025-12-02T09:39:45.680+0000] {logging_mixin.py:188} INFO - [Processing Coin: RNDRUSDT]
[2025-12-02T09:39:45.948+0000] {logging_mixin.py:188} INFO -   -> Không lấy đủ 1440 nến cho RNDRUSDT. Bỏ qua.
[2025-12-02T09:39:45.949+0000] {logging_mixin.py:188} INFO - [Processing Coin: ATOMUSDT]
[2025-12-02T09:39:46.277+0000] {logging_mixin.py:188} INFO - [Processing Coin: INJUSDT]
[2025-12-02T09:39:46.589+0000] {logging_mixin.py:188} INFO - [Processing Coin: WIFUSDT]
[2025-12-02T09:39:46.891+0000] {logging_mixin.py:188} INFO - [Processing Coin: OPUSDT]
[2025-12-02T09:39:47.196+0000] {logging_mixin.py:188} INFO - [Processing Coin: ARBUSDT]
[2025-12-02T09:39:47.526+0000] {logging_mixin.py:188} INFO - [Processing Coin: ETCUSDT]
[2025-12-02T09:39:47.812+0000] {logging_mixin.py:188} INFO - [Processing Coin: FILUSDT]
[2025-12-02T09:39:48.118+0000] {logging_mixin.py:188} INFO - Đã tải về 38880 dòng. Đang xử lý...
[2025-12-02T09:39:48.308+0000] {logging_mixin.py:188} INFO - Đang ghi 38880 dòng vào GCS (Parquet)...
[2025-12-02T09:39:51.073+0000] {logging_mixin.py:188} INFO - LỖI khi ghi vào GCS: 'str' object has no attribute 'strftime'
[2025-12-02T09:39:51.084+0000] {python.py:237} INFO - Done. Returned value was: None
[2025-12-02T09:39:51.088+0000] {taskinstance.py:441} INFO - ::group::Post task execution logs
[2025-12-02T09:39:51.096+0000] {taskinstance.py:1206} INFO - Marking task as SUCCESS. dag_id=crypto_cold_path_gcs_1am, task_id=run_daily_gcs_etl, run_id=backfill__2025-11-20T01:00:00+00:00, execution_date=20251120T010000, start_date=20251202T093928, end_date=20251202T093951
[2025-12-02T09:39:51.115+0000] {local_task_job_runner.py:240} INFO - Task exited with return code 0
[2025-12-02T09:39:51.129+0000] {taskinstance.py:3503} INFO - 0 downstream tasks scheduled from follow-on schedule check
[2025-12-02T09:39:51.131+0000] {local_task_job_runner.py:222} INFO - ::endgroup::
