[2025-12-02T09:18:58.403+0000] {local_task_job_runner.py:120} INFO - ::group::Pre task execution logs
[2025-12-02T09:18:58.434+0000] {taskinstance.py:2076} INFO - Dependencies all met for dep_context=non-requeueable deps ti=<TaskInstance: crypto_cold_path_gcs_1am.run_daily_gcs_etl backfill__2025-11-21T01:00:00+00:00 [queued]>
[2025-12-02T09:18:58.445+0000] {taskinstance.py:2076} INFO - Dependencies all met for dep_context=requeueable deps ti=<TaskInstance: crypto_cold_path_gcs_1am.run_daily_gcs_etl backfill__2025-11-21T01:00:00+00:00 [queued]>
[2025-12-02T09:18:58.447+0000] {taskinstance.py:2306} INFO - Starting attempt 1 of 3
[2025-12-02T09:18:58.463+0000] {taskinstance.py:2330} INFO - Executing <Task(PythonOperator): run_daily_gcs_etl> on 2025-11-21 01:00:00+00:00
[2025-12-02T09:18:58.474+0000] {warnings.py:112} WARNING - /home/***/.local/lib/python3.12/site-packages/***/task/task_runner/standard_task_runner.py:61: DeprecationWarning: This process (pid=377) is multi-threaded, use of fork() may lead to deadlocks in the child.
  pid = os.fork()

[2025-12-02T09:18:58.477+0000] {standard_task_runner.py:63} INFO - Started process 389 to run task
[2025-12-02T09:18:58.477+0000] {standard_task_runner.py:90} INFO - Running: ['***', 'tasks', 'run', 'crypto_cold_path_gcs_1am', 'run_daily_gcs_etl', 'backfill__2025-11-21T01:00:00+00:00', '--job-id', '139', '--pool', 'default_pool', '--raw', '--subdir', 'DAGS_FOLDER/etl_dag.py', '--cfg-path', '/tmp/tmpb28o5jd_']
[2025-12-02T09:18:58.479+0000] {standard_task_runner.py:91} INFO - Job 139: Subtask run_daily_gcs_etl
[2025-12-02T09:18:58.574+0000] {task_command.py:426} INFO - Running <TaskInstance: crypto_cold_path_gcs_1am.run_daily_gcs_etl backfill__2025-11-21T01:00:00+00:00 [running]> on host ee2c3d4edd33
[2025-12-02T09:18:58.678+0000] {taskinstance.py:2648} INFO - Exporting env vars: AIRFLOW_CTX_DAG_OWNER='***' AIRFLOW_CTX_DAG_ID='crypto_cold_path_gcs_1am' AIRFLOW_CTX_TASK_ID='run_daily_gcs_etl' AIRFLOW_CTX_EXECUTION_DATE='2025-11-21T01:00:00+00:00' AIRFLOW_CTX_TRY_NUMBER='1' AIRFLOW_CTX_DAG_RUN_ID='backfill__2025-11-21T01:00:00+00:00'
[2025-12-02T09:18:58.680+0000] {taskinstance.py:430} INFO - ::endgroup::
[2025-12-02T09:19:08.682+0000] {logging_mixin.py:188} INFO - --- BẮT ĐẦU ETL (GCS) CHO NGÀY: 2025-11-21 ---
[2025-12-02T09:19:08.686+0000] {logging_mixin.py:188} INFO - Đã kết nối GCS thành công.
[2025-12-02T09:19:08.686+0000] {logging_mixin.py:188} INFO - [Processing Coin: BTCUSDT]
[2025-12-02T09:19:09.066+0000] {logging_mixin.py:188} INFO - [Processing Coin: ETHUSDT]
[2025-12-02T09:19:09.348+0000] {logging_mixin.py:188} INFO - [Processing Coin: SOLUSDT]
[2025-12-02T09:19:09.655+0000] {logging_mixin.py:188} INFO - [Processing Coin: BNBUSDT]
[2025-12-02T09:19:09.933+0000] {logging_mixin.py:188} INFO - [Processing Coin: DOGEUSDT]
[2025-12-02T09:19:10.200+0000] {logging_mixin.py:188} INFO - [Processing Coin: XRPUSDT]
[2025-12-02T09:19:10.476+0000] {logging_mixin.py:188} INFO - [Processing Coin: PEPEUSDT]
[2025-12-02T09:19:10.744+0000] {logging_mixin.py:188} INFO - [Processing Coin: TONUSDT]
[2025-12-02T09:19:11.010+0000] {logging_mixin.py:188} INFO - [Processing Coin: SHIBUSDT]
[2025-12-02T09:19:11.288+0000] {logging_mixin.py:188} INFO - [Processing Coin: DOTUSDT]
[2025-12-02T09:19:11.598+0000] {logging_mixin.py:188} INFO - [Processing Coin: ADAUSDT]
[2025-12-02T09:19:11.877+0000] {logging_mixin.py:188} INFO - [Processing Coin: AVAXUSDT]
[2025-12-02T09:19:12.182+0000] {logging_mixin.py:188} INFO - [Processing Coin: LINKUSDT]
[2025-12-02T09:19:12.462+0000] {logging_mixin.py:188} INFO - [Processing Coin: TRXUSDT]
[2025-12-02T09:19:12.744+0000] {logging_mixin.py:188} INFO - [Processing Coin: MATICUSDT]
[2025-12-02T09:19:12.987+0000] {logging_mixin.py:188} INFO -   -> Không lấy đủ 1440 nến cho MATICUSDT. Bỏ qua.
[2025-12-02T09:19:12.988+0000] {logging_mixin.py:188} INFO - [Processing Coin: BCHUSDT]
[2025-12-02T09:19:13.276+0000] {logging_mixin.py:188} INFO - [Processing Coin: ICPUSDT]
[2025-12-02T09:19:13.633+0000] {logging_mixin.py:188} INFO - [Processing Coin: NEARUSDT]
[2025-12-02T09:19:13.905+0000] {logging_mixin.py:188} INFO - [Processing Coin: LTCUSDT]
[2025-12-02T09:19:14.159+0000] {logging_mixin.py:188} INFO - [Processing Coin: LEOUSD]
[2025-12-02T09:19:14.285+0000] {logging_mixin.py:188} INFO - Lỗi khi gọi API Binance cho LEOUSD: 400 Client Error: Bad Request for url: https://api.binance.com/api/v3/klines?symbol=LEOUSD&interval=1m&startTime=1763683200000&endTime=1763726399999&limit=1000
[2025-12-02T09:19:14.287+0000] {logging_mixin.py:188} INFO -   -> Không lấy đủ 1440 nến cho LEOUSD. Bỏ qua.
[2025-12-02T09:19:14.288+0000] {logging_mixin.py:188} INFO - [Processing Coin: UNIUSDT]
[2025-12-02T09:19:35.339+0000] {logging_mixin.py:188} INFO - Lỗi khi gọi API Binance cho UNIUSDT: HTTPSConnectionPool(host='api.binance.com', port=443): Max retries exceeded with url: /api/v3/klines?symbol=UNIUSDT&interval=1m&startTime=1763683200000&endTime=1763726399999&limit=1000 (Caused by NewConnectionError('<urllib3.connection.HTTPSConnection object at 0x79e9d498e420>: Failed to establish a new connection: [Errno 111] Connection refused'))
[2025-12-02T09:19:35.340+0000] {logging_mixin.py:188} INFO -   -> Không lấy đủ 1440 nến cho UNIUSDT. Bỏ qua.
[2025-12-02T09:19:35.341+0000] {logging_mixin.py:188} INFO - [Processing Coin: FETUSDT]
[2025-12-02T09:19:35.614+0000] {logging_mixin.py:188} INFO - [Processing Coin: RNDRUSDT]
[2025-12-02T09:19:35.866+0000] {logging_mixin.py:188} INFO -   -> Không lấy đủ 1440 nến cho RNDRUSDT. Bỏ qua.
[2025-12-02T09:19:35.866+0000] {logging_mixin.py:188} INFO - [Processing Coin: ATOMUSDT]
[2025-12-02T09:19:36.118+0000] {logging_mixin.py:188} INFO - [Processing Coin: INJUSDT]
[2025-12-02T09:19:36.398+0000] {logging_mixin.py:188} INFO - [Processing Coin: WIFUSDT]
[2025-12-02T09:19:36.663+0000] {logging_mixin.py:188} INFO - [Processing Coin: OPUSDT]
[2025-12-02T09:19:36.932+0000] {logging_mixin.py:188} INFO - [Processing Coin: ARBUSDT]
[2025-12-02T09:19:37.218+0000] {logging_mixin.py:188} INFO - [Processing Coin: ETCUSDT]
[2025-12-02T09:19:37.485+0000] {logging_mixin.py:188} INFO - [Processing Coin: FILUSDT]
[2025-12-02T09:19:37.758+0000] {logging_mixin.py:188} INFO - Đã tải về 37440 dòng. Đang xử lý...
[2025-12-02T09:19:37.893+0000] {logging_mixin.py:188} INFO - Đang ghi 37440 dòng vào GCS (Parquet)...
[2025-12-02T09:19:38.088+0000] {retry.py:157} ERROR - _request non-retriable exception: Invalid Credentials, 401
Traceback (most recent call last):
  File "/home/airflow/.local/lib/python3.12/site-packages/gcsfs/retry.py", line 123, in retry_request
    return await func(*args, **kwargs)
           ^^^^^^^^^^^^^^^^^^^^^^^^^^^
  File "/home/airflow/.local/lib/python3.12/site-packages/gcsfs/core.py", line 430, in _request
    validate_response(status, contents, path, args)
  File "/home/airflow/.local/lib/python3.12/site-packages/gcsfs/retry.py", line 110, in validate_response
    raise HttpError(error)
gcsfs.retry.HttpError: Invalid Credentials, 401
[2025-12-02T09:19:38.094+0000] {retry.py:157} ERROR - _request non-retriable exception: Invalid Credentials, 401
Traceback (most recent call last):
  File "/home/airflow/.local/lib/python3.12/site-packages/gcsfs/retry.py", line 123, in retry_request
    return await func(*args, **kwargs)
           ^^^^^^^^^^^^^^^^^^^^^^^^^^^
  File "/home/airflow/.local/lib/python3.12/site-packages/gcsfs/core.py", line 430, in _request
    validate_response(status, contents, path, args)
  File "/home/airflow/.local/lib/python3.12/site-packages/gcsfs/retry.py", line 110, in validate_response
    raise HttpError(error)
gcsfs.retry.HttpError: Invalid Credentials, 401
[2025-12-02T09:19:38.096+0000] {retry.py:157} ERROR - _request non-retriable exception: Invalid Credentials, 401
Traceback (most recent call last):
  File "/home/airflow/.local/lib/python3.12/site-packages/gcsfs/retry.py", line 123, in retry_request
    return await func(*args, **kwargs)
           ^^^^^^^^^^^^^^^^^^^^^^^^^^^
  File "/home/airflow/.local/lib/python3.12/site-packages/gcsfs/core.py", line 430, in _request
    validate_response(status, contents, path, args)
  File "/home/airflow/.local/lib/python3.12/site-packages/gcsfs/retry.py", line 110, in validate_response
    raise HttpError(error)
gcsfs.retry.HttpError: Invalid Credentials, 401
[2025-12-02T09:19:38.099+0000] {retry.py:157} ERROR - _request non-retriable exception: Invalid Credentials, 401
Traceback (most recent call last):
  File "/home/airflow/.local/lib/python3.12/site-packages/gcsfs/retry.py", line 123, in retry_request
    return await func(*args, **kwargs)
           ^^^^^^^^^^^^^^^^^^^^^^^^^^^
  File "/home/airflow/.local/lib/python3.12/site-packages/gcsfs/core.py", line 430, in _request
    validate_response(status, contents, path, args)
  File "/home/airflow/.local/lib/python3.12/site-packages/gcsfs/retry.py", line 110, in validate_response
    raise HttpError(error)
gcsfs.retry.HttpError: Invalid Credentials, 401
[2025-12-02T09:19:38.100+0000] {retry.py:157} ERROR - _request non-retriable exception: Invalid Credentials, 401
Traceback (most recent call last):
  File "/home/airflow/.local/lib/python3.12/site-packages/gcsfs/retry.py", line 123, in retry_request
    return await func(*args, **kwargs)
           ^^^^^^^^^^^^^^^^^^^^^^^^^^^
  File "/home/airflow/.local/lib/python3.12/site-packages/gcsfs/core.py", line 430, in _request
    validate_response(status, contents, path, args)
  File "/home/airflow/.local/lib/python3.12/site-packages/gcsfs/retry.py", line 110, in validate_response
    raise HttpError(error)
gcsfs.retry.HttpError: Invalid Credentials, 401
[2025-12-02T09:19:38.100+0000] {retry.py:157} ERROR - _request non-retriable exception: Invalid Credentials, 401
Traceback (most recent call last):
  File "/home/airflow/.local/lib/python3.12/site-packages/gcsfs/retry.py", line 123, in retry_request
    return await func(*args, **kwargs)
           ^^^^^^^^^^^^^^^^^^^^^^^^^^^
  File "/home/airflow/.local/lib/python3.12/site-packages/gcsfs/core.py", line 430, in _request
    validate_response(status, contents, path, args)
  File "/home/airflow/.local/lib/python3.12/site-packages/gcsfs/retry.py", line 110, in validate_response
    raise HttpError(error)
gcsfs.retry.HttpError: Invalid Credentials, 401
[2025-12-02T09:19:38.102+0000] {retry.py:157} ERROR - _request non-retriable exception: Invalid Credentials, 401
Traceback (most recent call last):
  File "/home/airflow/.local/lib/python3.12/site-packages/gcsfs/retry.py", line 123, in retry_request
    return await func(*args, **kwargs)
           ^^^^^^^^^^^^^^^^^^^^^^^^^^^
  File "/home/airflow/.local/lib/python3.12/site-packages/gcsfs/core.py", line 430, in _request
    validate_response(status, contents, path, args)
  File "/home/airflow/.local/lib/python3.12/site-packages/gcsfs/retry.py", line 110, in validate_response
    raise HttpError(error)
gcsfs.retry.HttpError: Invalid Credentials, 401
[2025-12-02T09:19:38.104+0000] {retry.py:157} ERROR - _request non-retriable exception: Invalid Credentials, 401
Traceback (most recent call last):
  File "/home/airflow/.local/lib/python3.12/site-packages/gcsfs/retry.py", line 123, in retry_request
    return await func(*args, **kwargs)
           ^^^^^^^^^^^^^^^^^^^^^^^^^^^
  File "/home/airflow/.local/lib/python3.12/site-packages/gcsfs/core.py", line 430, in _request
    validate_response(status, contents, path, args)
  File "/home/airflow/.local/lib/python3.12/site-packages/gcsfs/retry.py", line 110, in validate_response
    raise HttpError(error)
gcsfs.retry.HttpError: Invalid Credentials, 401
[2025-12-02T09:19:38.169+0000] {retry.py:157} ERROR - _request non-retriable exception: Invalid Credentials, 401
Traceback (most recent call last):
  File "/home/airflow/.local/lib/python3.12/site-packages/gcsfs/retry.py", line 123, in retry_request
    return await func(*args, **kwargs)
           ^^^^^^^^^^^^^^^^^^^^^^^^^^^
  File "/home/airflow/.local/lib/python3.12/site-packages/gcsfs/core.py", line 430, in _request
    validate_response(status, contents, path, args)
  File "/home/airflow/.local/lib/python3.12/site-packages/gcsfs/retry.py", line 110, in validate_response
    raise HttpError(error)
gcsfs.retry.HttpError: Invalid Credentials, 401
[2025-12-02T09:19:38.242+0000] {retry.py:157} ERROR - _request non-retriable exception: Invalid Credentials, 401
Traceback (most recent call last):
  File "/home/airflow/.local/lib/python3.12/site-packages/gcsfs/retry.py", line 123, in retry_request
    return await func(*args, **kwargs)
           ^^^^^^^^^^^^^^^^^^^^^^^^^^^
  File "/home/airflow/.local/lib/python3.12/site-packages/gcsfs/core.py", line 430, in _request
    validate_response(status, contents, path, args)
  File "/home/airflow/.local/lib/python3.12/site-packages/gcsfs/retry.py", line 110, in validate_response
    raise HttpError(error)
gcsfs.retry.HttpError: Invalid Credentials, 401
[2025-12-02T09:19:38.269+0000] {retry.py:157} ERROR - _request non-retriable exception: Invalid Credentials, 401
Traceback (most recent call last):
  File "/home/airflow/.local/lib/python3.12/site-packages/gcsfs/retry.py", line 123, in retry_request
    return await func(*args, **kwargs)
           ^^^^^^^^^^^^^^^^^^^^^^^^^^^
  File "/home/airflow/.local/lib/python3.12/site-packages/gcsfs/core.py", line 430, in _request
    validate_response(status, contents, path, args)
  File "/home/airflow/.local/lib/python3.12/site-packages/gcsfs/retry.py", line 110, in validate_response
    raise HttpError(error)
gcsfs.retry.HttpError: Invalid Credentials, 401
[2025-12-02T09:19:38.274+0000] {retry.py:157} ERROR - _request non-retriable exception: Invalid Credentials, 401
Traceback (most recent call last):
  File "/home/airflow/.local/lib/python3.12/site-packages/gcsfs/retry.py", line 123, in retry_request
    return await func(*args, **kwargs)
           ^^^^^^^^^^^^^^^^^^^^^^^^^^^
  File "/home/airflow/.local/lib/python3.12/site-packages/gcsfs/core.py", line 430, in _request
    validate_response(status, contents, path, args)
  File "/home/airflow/.local/lib/python3.12/site-packages/gcsfs/retry.py", line 110, in validate_response
    raise HttpError(error)
gcsfs.retry.HttpError: Invalid Credentials, 401
[2025-12-02T09:19:38.276+0000] {retry.py:157} ERROR - _request non-retriable exception: Invalid Credentials, 401
Traceback (most recent call last):
  File "/home/airflow/.local/lib/python3.12/site-packages/gcsfs/retry.py", line 123, in retry_request
    return await func(*args, **kwargs)
           ^^^^^^^^^^^^^^^^^^^^^^^^^^^
  File "/home/airflow/.local/lib/python3.12/site-packages/gcsfs/core.py", line 430, in _request
    validate_response(status, contents, path, args)
  File "/home/airflow/.local/lib/python3.12/site-packages/gcsfs/retry.py", line 110, in validate_response
    raise HttpError(error)
gcsfs.retry.HttpError: Invalid Credentials, 401
[2025-12-02T09:19:38.280+0000] {retry.py:157} ERROR - _request non-retriable exception: Invalid Credentials, 401
Traceback (most recent call last):
  File "/home/airflow/.local/lib/python3.12/site-packages/gcsfs/retry.py", line 123, in retry_request
    return await func(*args, **kwargs)
           ^^^^^^^^^^^^^^^^^^^^^^^^^^^
  File "/home/airflow/.local/lib/python3.12/site-packages/gcsfs/core.py", line 430, in _request
    validate_response(status, contents, path, args)
  File "/home/airflow/.local/lib/python3.12/site-packages/gcsfs/retry.py", line 110, in validate_response
    raise HttpError(error)
gcsfs.retry.HttpError: Invalid Credentials, 401
[2025-12-02T09:19:38.281+0000] {retry.py:157} ERROR - _request non-retriable exception: Invalid Credentials, 401
Traceback (most recent call last):
  File "/home/airflow/.local/lib/python3.12/site-packages/gcsfs/retry.py", line 123, in retry_request
    return await func(*args, **kwargs)
           ^^^^^^^^^^^^^^^^^^^^^^^^^^^
  File "/home/airflow/.local/lib/python3.12/site-packages/gcsfs/core.py", line 430, in _request
    validate_response(status, contents, path, args)
  File "/home/airflow/.local/lib/python3.12/site-packages/gcsfs/retry.py", line 110, in validate_response
    raise HttpError(error)
gcsfs.retry.HttpError: Invalid Credentials, 401
[2025-12-02T09:19:38.282+0000] {retry.py:157} ERROR - _request non-retriable exception: Invalid Credentials, 401
Traceback (most recent call last):
  File "/home/airflow/.local/lib/python3.12/site-packages/gcsfs/retry.py", line 123, in retry_request
    return await func(*args, **kwargs)
           ^^^^^^^^^^^^^^^^^^^^^^^^^^^
  File "/home/airflow/.local/lib/python3.12/site-packages/gcsfs/core.py", line 430, in _request
    validate_response(status, contents, path, args)
  File "/home/airflow/.local/lib/python3.12/site-packages/gcsfs/retry.py", line 110, in validate_response
    raise HttpError(error)
gcsfs.retry.HttpError: Invalid Credentials, 401
[2025-12-02T09:19:38.283+0000] {retry.py:157} ERROR - _request non-retriable exception: Invalid Credentials, 401
Traceback (most recent call last):
  File "/home/airflow/.local/lib/python3.12/site-packages/gcsfs/retry.py", line 123, in retry_request
    return await func(*args, **kwargs)
           ^^^^^^^^^^^^^^^^^^^^^^^^^^^
  File "/home/airflow/.local/lib/python3.12/site-packages/gcsfs/core.py", line 430, in _request
    validate_response(status, contents, path, args)
  File "/home/airflow/.local/lib/python3.12/site-packages/gcsfs/retry.py", line 110, in validate_response
    raise HttpError(error)
gcsfs.retry.HttpError: Invalid Credentials, 401
[2025-12-02T09:19:38.340+0000] {retry.py:157} ERROR - _request non-retriable exception: Invalid Credentials, 401
Traceback (most recent call last):
  File "/home/airflow/.local/lib/python3.12/site-packages/gcsfs/retry.py", line 123, in retry_request
    return await func(*args, **kwargs)
           ^^^^^^^^^^^^^^^^^^^^^^^^^^^
  File "/home/airflow/.local/lib/python3.12/site-packages/gcsfs/core.py", line 430, in _request
    validate_response(status, contents, path, args)
  File "/home/airflow/.local/lib/python3.12/site-packages/gcsfs/retry.py", line 110, in validate_response
    raise HttpError(error)
gcsfs.retry.HttpError: Invalid Credentials, 401
[2025-12-02T09:19:38.347+0000] {retry.py:157} ERROR - _request non-retriable exception: Invalid Credentials, 401
Traceback (most recent call last):
  File "/home/airflow/.local/lib/python3.12/site-packages/gcsfs/retry.py", line 123, in retry_request
    return await func(*args, **kwargs)
           ^^^^^^^^^^^^^^^^^^^^^^^^^^^
  File "/home/airflow/.local/lib/python3.12/site-packages/gcsfs/core.py", line 430, in _request
    validate_response(status, contents, path, args)
  File "/home/airflow/.local/lib/python3.12/site-packages/gcsfs/retry.py", line 110, in validate_response
    raise HttpError(error)
gcsfs.retry.HttpError: Invalid Credentials, 401
[2025-12-02T09:19:38.353+0000] {retry.py:157} ERROR - _request non-retriable exception: Invalid Credentials, 401
Traceback (most recent call last):
  File "/home/airflow/.local/lib/python3.12/site-packages/gcsfs/retry.py", line 123, in retry_request
    return await func(*args, **kwargs)
           ^^^^^^^^^^^^^^^^^^^^^^^^^^^
  File "/home/airflow/.local/lib/python3.12/site-packages/gcsfs/core.py", line 430, in _request
    validate_response(status, contents, path, args)
  File "/home/airflow/.local/lib/python3.12/site-packages/gcsfs/retry.py", line 110, in validate_response
    raise HttpError(error)
gcsfs.retry.HttpError: Invalid Credentials, 401
[2025-12-02T09:19:38.355+0000] {retry.py:157} ERROR - _request non-retriable exception: Invalid Credentials, 401
Traceback (most recent call last):
  File "/home/airflow/.local/lib/python3.12/site-packages/gcsfs/retry.py", line 123, in retry_request
    return await func(*args, **kwargs)
           ^^^^^^^^^^^^^^^^^^^^^^^^^^^
  File "/home/airflow/.local/lib/python3.12/site-packages/gcsfs/core.py", line 430, in _request
    validate_response(status, contents, path, args)
  File "/home/airflow/.local/lib/python3.12/site-packages/gcsfs/retry.py", line 110, in validate_response
    raise HttpError(error)
gcsfs.retry.HttpError: Invalid Credentials, 401
[2025-12-02T09:19:38.356+0000] {retry.py:157} ERROR - _request non-retriable exception: Invalid Credentials, 401
Traceback (most recent call last):
  File "/home/airflow/.local/lib/python3.12/site-packages/gcsfs/retry.py", line 123, in retry_request
    return await func(*args, **kwargs)
           ^^^^^^^^^^^^^^^^^^^^^^^^^^^
  File "/home/airflow/.local/lib/python3.12/site-packages/gcsfs/core.py", line 430, in _request
    validate_response(status, contents, path, args)
  File "/home/airflow/.local/lib/python3.12/site-packages/gcsfs/retry.py", line 110, in validate_response
    raise HttpError(error)
gcsfs.retry.HttpError: Invalid Credentials, 401
[2025-12-02T09:19:38.356+0000] {retry.py:157} ERROR - _request non-retriable exception: Invalid Credentials, 401
Traceback (most recent call last):
  File "/home/airflow/.local/lib/python3.12/site-packages/gcsfs/retry.py", line 123, in retry_request
    return await func(*args, **kwargs)
           ^^^^^^^^^^^^^^^^^^^^^^^^^^^
  File "/home/airflow/.local/lib/python3.12/site-packages/gcsfs/core.py", line 430, in _request
    validate_response(status, contents, path, args)
  File "/home/airflow/.local/lib/python3.12/site-packages/gcsfs/retry.py", line 110, in validate_response
    raise HttpError(error)
gcsfs.retry.HttpError: Invalid Credentials, 401
[2025-12-02T09:19:38.357+0000] {retry.py:157} ERROR - _request non-retriable exception: Invalid Credentials, 401
Traceback (most recent call last):
  File "/home/airflow/.local/lib/python3.12/site-packages/gcsfs/retry.py", line 123, in retry_request
    return await func(*args, **kwargs)
           ^^^^^^^^^^^^^^^^^^^^^^^^^^^
  File "/home/airflow/.local/lib/python3.12/site-packages/gcsfs/core.py", line 430, in _request
    validate_response(status, contents, path, args)
  File "/home/airflow/.local/lib/python3.12/site-packages/gcsfs/retry.py", line 110, in validate_response
    raise HttpError(error)
gcsfs.retry.HttpError: Invalid Credentials, 401
[2025-12-02T09:19:38.358+0000] {retry.py:157} ERROR - _request non-retriable exception: Invalid Credentials, 401
Traceback (most recent call last):
  File "/home/airflow/.local/lib/python3.12/site-packages/gcsfs/retry.py", line 123, in retry_request
    return await func(*args, **kwargs)
           ^^^^^^^^^^^^^^^^^^^^^^^^^^^
  File "/home/airflow/.local/lib/python3.12/site-packages/gcsfs/core.py", line 430, in _request
    validate_response(status, contents, path, args)
  File "/home/airflow/.local/lib/python3.12/site-packages/gcsfs/retry.py", line 110, in validate_response
    raise HttpError(error)
gcsfs.retry.HttpError: Invalid Credentials, 401
[2025-12-02T09:19:38.517+0000] {retry.py:157} ERROR - _request non-retriable exception: Invalid Credentials, 401
Traceback (most recent call last):
  File "/home/airflow/.local/lib/python3.12/site-packages/gcsfs/retry.py", line 123, in retry_request
    return await func(*args, **kwargs)
           ^^^^^^^^^^^^^^^^^^^^^^^^^^^
  File "/home/airflow/.local/lib/python3.12/site-packages/gcsfs/core.py", line 430, in _request
    validate_response(status, contents, path, args)
  File "/home/airflow/.local/lib/python3.12/site-packages/gcsfs/retry.py", line 110, in validate_response
    raise HttpError(error)
gcsfs.retry.HttpError: Invalid Credentials, 401
[2025-12-02T09:19:38.518+0000] {logging_mixin.py:188} INFO - LỖI khi ghi vào GCS: Invalid Credentials, 401
[2025-12-02T09:19:38.519+0000] {python.py:237} INFO - Done. Returned value was: None
[2025-12-02T09:19:38.520+0000] {taskinstance.py:441} INFO - ::group::Post task execution logs
[2025-12-02T09:19:38.529+0000] {taskinstance.py:1206} INFO - Marking task as SUCCESS. dag_id=crypto_cold_path_gcs_1am, task_id=run_daily_gcs_etl, run_id=backfill__2025-11-21T01:00:00+00:00, execution_date=20251121T010000, start_date=20251202T091858, end_date=20251202T091938
[2025-12-02T09:19:38.569+0000] {local_task_job_runner.py:240} INFO - Task exited with return code 0
[2025-12-02T09:19:38.581+0000] {taskinstance.py:3503} INFO - 0 downstream tasks scheduled from follow-on schedule check
[2025-12-02T09:19:38.584+0000] {local_task_job_runner.py:222} INFO - ::endgroup::
[2025-12-02T09:26:15.150+0000] {local_task_job_runner.py:120} INFO - ::group::Pre task execution logs
[2025-12-02T09:26:15.185+0000] {taskinstance.py:2076} INFO - Dependencies all met for dep_context=non-requeueable deps ti=<TaskInstance: crypto_cold_path_gcs_1am.run_daily_gcs_etl backfill__2025-11-21T01:00:00+00:00 [queued]>
[2025-12-02T09:26:15.199+0000] {taskinstance.py:2076} INFO - Dependencies all met for dep_context=requeueable deps ti=<TaskInstance: crypto_cold_path_gcs_1am.run_daily_gcs_etl backfill__2025-11-21T01:00:00+00:00 [queued]>
[2025-12-02T09:26:15.202+0000] {taskinstance.py:2306} INFO - Starting attempt 1 of 3
[2025-12-02T09:26:15.222+0000] {taskinstance.py:2330} INFO - Executing <Task(PythonOperator): run_daily_gcs_etl> on 2025-11-21 01:00:00+00:00
[2025-12-02T09:26:15.239+0000] {warnings.py:112} WARNING - /home/***/.local/lib/python3.12/site-packages/***/task/task_runner/standard_task_runner.py:61: DeprecationWarning: This process (pid=90) is multi-threaded, use of fork() may lead to deadlocks in the child.
  pid = os.fork()

[2025-12-02T09:26:15.244+0000] {standard_task_runner.py:63} INFO - Started process 120 to run task
[2025-12-02T09:26:15.247+0000] {standard_task_runner.py:90} INFO - Running: ['***', 'tasks', 'run', 'crypto_cold_path_gcs_1am', 'run_daily_gcs_etl', 'backfill__2025-11-21T01:00:00+00:00', '--job-id', '151', '--pool', 'default_pool', '--raw', '--subdir', 'DAGS_FOLDER/etl_dag.py', '--cfg-path', '/tmp/tmplpcr6t3y']
[2025-12-02T09:26:15.250+0000] {standard_task_runner.py:91} INFO - Job 151: Subtask run_daily_gcs_etl
[2025-12-02T09:26:15.389+0000] {task_command.py:426} INFO - Running <TaskInstance: crypto_cold_path_gcs_1am.run_daily_gcs_etl backfill__2025-11-21T01:00:00+00:00 [running]> on host bfb7cfd18f31
[2025-12-02T09:26:15.493+0000] {taskinstance.py:2648} INFO - Exporting env vars: AIRFLOW_CTX_DAG_OWNER='***' AIRFLOW_CTX_DAG_ID='crypto_cold_path_gcs_1am' AIRFLOW_CTX_TASK_ID='run_daily_gcs_etl' AIRFLOW_CTX_EXECUTION_DATE='2025-11-21T01:00:00+00:00' AIRFLOW_CTX_TRY_NUMBER='1' AIRFLOW_CTX_DAG_RUN_ID='backfill__2025-11-21T01:00:00+00:00'
[2025-12-02T09:26:15.495+0000] {taskinstance.py:430} INFO - ::endgroup::
[2025-12-02T09:26:25.496+0000] {logging_mixin.py:188} INFO - --- BẮT ĐẦU ETL (GCS) CHO NGÀY: 2025-11-21 ---
[2025-12-02T09:26:25.501+0000] {logging_mixin.py:188} INFO - Đã kết nối GCS thành công.
[2025-12-02T09:26:25.501+0000] {logging_mixin.py:188} INFO - [Processing Coin: BTCUSDT]
[2025-12-02T09:26:26.041+0000] {logging_mixin.py:188} INFO - [Processing Coin: ETHUSDT]
[2025-12-02T09:26:26.501+0000] {logging_mixin.py:188} INFO - [Processing Coin: SOLUSDT]
[2025-12-02T09:26:26.895+0000] {logging_mixin.py:188} INFO - [Processing Coin: BNBUSDT]
[2025-12-02T09:26:27.340+0000] {logging_mixin.py:188} INFO - [Processing Coin: DOGEUSDT]
[2025-12-02T09:26:27.787+0000] {logging_mixin.py:188} INFO - [Processing Coin: XRPUSDT]
[2025-12-02T09:26:28.184+0000] {logging_mixin.py:188} INFO - [Processing Coin: PEPEUSDT]
[2025-12-02T09:26:28.577+0000] {logging_mixin.py:188} INFO - [Processing Coin: TONUSDT]
[2025-12-02T09:26:28.976+0000] {logging_mixin.py:188} INFO - [Processing Coin: SHIBUSDT]
[2025-12-02T09:26:29.347+0000] {logging_mixin.py:188} INFO - [Processing Coin: DOTUSDT]
[2025-12-02T09:26:29.753+0000] {logging_mixin.py:188} INFO - [Processing Coin: ADAUSDT]
[2025-12-02T09:26:30.177+0000] {logging_mixin.py:188} INFO - [Processing Coin: AVAXUSDT]
[2025-12-02T09:26:30.536+0000] {logging_mixin.py:188} INFO - [Processing Coin: LINKUSDT]
[2025-12-02T09:26:30.926+0000] {logging_mixin.py:188} INFO - [Processing Coin: TRXUSDT]
[2025-12-02T09:26:31.273+0000] {logging_mixin.py:188} INFO - [Processing Coin: MATICUSDT]
[2025-12-02T09:26:31.591+0000] {logging_mixin.py:188} INFO -   -> Không lấy đủ 1440 nến cho MATICUSDT. Bỏ qua.
[2025-12-02T09:26:31.593+0000] {logging_mixin.py:188} INFO - [Processing Coin: BCHUSDT]
[2025-12-02T09:26:32.006+0000] {logging_mixin.py:188} INFO - [Processing Coin: ICPUSDT]
[2025-12-02T09:26:32.362+0000] {logging_mixin.py:188} INFO - [Processing Coin: NEARUSDT]
[2025-12-02T09:26:32.722+0000] {logging_mixin.py:188} INFO - [Processing Coin: LTCUSDT]
[2025-12-02T09:26:33.104+0000] {logging_mixin.py:188} INFO - [Processing Coin: LEOUSD]
[2025-12-02T09:26:33.273+0000] {logging_mixin.py:188} INFO - Lỗi khi gọi API Binance cho LEOUSD: 400 Client Error: Bad Request for url: https://api.binance.com/api/v3/klines?symbol=LEOUSD&interval=1m&startTime=1763683200000&endTime=1763726399999&limit=1000
[2025-12-02T09:26:33.275+0000] {logging_mixin.py:188} INFO -   -> Không lấy đủ 1440 nến cho LEOUSD. Bỏ qua.
[2025-12-02T09:26:33.276+0000] {logging_mixin.py:188} INFO - [Processing Coin: UNIUSDT]
[2025-12-02T09:26:33.851+0000] {logging_mixin.py:188} INFO - [Processing Coin: FETUSDT]
[2025-12-02T09:26:34.271+0000] {logging_mixin.py:188} INFO - [Processing Coin: RNDRUSDT]
[2025-12-02T09:26:34.599+0000] {logging_mixin.py:188} INFO -   -> Không lấy đủ 1440 nến cho RNDRUSDT. Bỏ qua.
[2025-12-02T09:26:34.600+0000] {logging_mixin.py:188} INFO - [Processing Coin: ATOMUSDT]
[2025-12-02T09:26:34.987+0000] {logging_mixin.py:188} INFO - [Processing Coin: INJUSDT]
[2025-12-02T09:26:35.347+0000] {logging_mixin.py:188} INFO - [Processing Coin: WIFUSDT]
[2025-12-02T09:26:35.770+0000] {logging_mixin.py:188} INFO - [Processing Coin: OPUSDT]
[2025-12-02T09:26:36.174+0000] {logging_mixin.py:188} INFO - [Processing Coin: ARBUSDT]
[2025-12-02T09:26:36.536+0000] {logging_mixin.py:188} INFO - [Processing Coin: ETCUSDT]
[2025-12-02T09:26:36.884+0000] {logging_mixin.py:188} INFO - [Processing Coin: FILUSDT]
[2025-12-02T09:26:37.252+0000] {logging_mixin.py:188} INFO - Đã tải về 38880 dòng. Đang xử lý...
[2025-12-02T09:26:37.450+0000] {logging_mixin.py:188} INFO - Đang ghi 38880 dòng vào GCS (Parquet)...
[2025-12-02T09:26:37.673+0000] {retry.py:157} ERROR - _request non-retriable exception: Invalid Credentials, 401
Traceback (most recent call last):
  File "/home/airflow/.local/lib/python3.12/site-packages/gcsfs/retry.py", line 123, in retry_request
    return await func(*args, **kwargs)
           ^^^^^^^^^^^^^^^^^^^^^^^^^^^
  File "/home/airflow/.local/lib/python3.12/site-packages/gcsfs/core.py", line 430, in _request
    validate_response(status, contents, path, args)
  File "/home/airflow/.local/lib/python3.12/site-packages/gcsfs/retry.py", line 110, in validate_response
    raise HttpError(error)
gcsfs.retry.HttpError: Invalid Credentials, 401
[2025-12-02T09:26:37.676+0000] {retry.py:157} ERROR - _request non-retriable exception: Invalid Credentials, 401
Traceback (most recent call last):
  File "/home/airflow/.local/lib/python3.12/site-packages/gcsfs/retry.py", line 123, in retry_request
    return await func(*args, **kwargs)
           ^^^^^^^^^^^^^^^^^^^^^^^^^^^
  File "/home/airflow/.local/lib/python3.12/site-packages/gcsfs/core.py", line 430, in _request
    validate_response(status, contents, path, args)
  File "/home/airflow/.local/lib/python3.12/site-packages/gcsfs/retry.py", line 110, in validate_response
    raise HttpError(error)
gcsfs.retry.HttpError: Invalid Credentials, 401
[2025-12-02T09:26:37.681+0000] {retry.py:157} ERROR - _request non-retriable exception: Invalid Credentials, 401
Traceback (most recent call last):
  File "/home/airflow/.local/lib/python3.12/site-packages/gcsfs/retry.py", line 123, in retry_request
    return await func(*args, **kwargs)
           ^^^^^^^^^^^^^^^^^^^^^^^^^^^
  File "/home/airflow/.local/lib/python3.12/site-packages/gcsfs/core.py", line 430, in _request
    validate_response(status, contents, path, args)
  File "/home/airflow/.local/lib/python3.12/site-packages/gcsfs/retry.py", line 110, in validate_response
    raise HttpError(error)
gcsfs.retry.HttpError: Invalid Credentials, 401
[2025-12-02T09:26:37.685+0000] {retry.py:157} ERROR - _request non-retriable exception: Invalid Credentials, 401
Traceback (most recent call last):
  File "/home/airflow/.local/lib/python3.12/site-packages/gcsfs/retry.py", line 123, in retry_request
    return await func(*args, **kwargs)
           ^^^^^^^^^^^^^^^^^^^^^^^^^^^
  File "/home/airflow/.local/lib/python3.12/site-packages/gcsfs/core.py", line 430, in _request
    validate_response(status, contents, path, args)
  File "/home/airflow/.local/lib/python3.12/site-packages/gcsfs/retry.py", line 110, in validate_response
    raise HttpError(error)
gcsfs.retry.HttpError: Invalid Credentials, 401
[2025-12-02T09:26:37.687+0000] {retry.py:157} ERROR - _request non-retriable exception: Invalid Credentials, 401
Traceback (most recent call last):
  File "/home/airflow/.local/lib/python3.12/site-packages/gcsfs/retry.py", line 123, in retry_request
    return await func(*args, **kwargs)
           ^^^^^^^^^^^^^^^^^^^^^^^^^^^
  File "/home/airflow/.local/lib/python3.12/site-packages/gcsfs/core.py", line 430, in _request
    validate_response(status, contents, path, args)
  File "/home/airflow/.local/lib/python3.12/site-packages/gcsfs/retry.py", line 110, in validate_response
    raise HttpError(error)
gcsfs.retry.HttpError: Invalid Credentials, 401
[2025-12-02T09:26:37.690+0000] {retry.py:157} ERROR - _request non-retriable exception: Invalid Credentials, 401
Traceback (most recent call last):
  File "/home/airflow/.local/lib/python3.12/site-packages/gcsfs/retry.py", line 123, in retry_request
    return await func(*args, **kwargs)
           ^^^^^^^^^^^^^^^^^^^^^^^^^^^
  File "/home/airflow/.local/lib/python3.12/site-packages/gcsfs/core.py", line 430, in _request
    validate_response(status, contents, path, args)
  File "/home/airflow/.local/lib/python3.12/site-packages/gcsfs/retry.py", line 110, in validate_response
    raise HttpError(error)
gcsfs.retry.HttpError: Invalid Credentials, 401
[2025-12-02T09:26:37.691+0000] {retry.py:157} ERROR - _request non-retriable exception: Invalid Credentials, 401
Traceback (most recent call last):
  File "/home/airflow/.local/lib/python3.12/site-packages/gcsfs/retry.py", line 123, in retry_request
    return await func(*args, **kwargs)
           ^^^^^^^^^^^^^^^^^^^^^^^^^^^
  File "/home/airflow/.local/lib/python3.12/site-packages/gcsfs/core.py", line 430, in _request
    validate_response(status, contents, path, args)
  File "/home/airflow/.local/lib/python3.12/site-packages/gcsfs/retry.py", line 110, in validate_response
    raise HttpError(error)
gcsfs.retry.HttpError: Invalid Credentials, 401
[2025-12-02T09:26:37.693+0000] {retry.py:157} ERROR - _request non-retriable exception: Invalid Credentials, 401
Traceback (most recent call last):
  File "/home/airflow/.local/lib/python3.12/site-packages/gcsfs/retry.py", line 123, in retry_request
    return await func(*args, **kwargs)
           ^^^^^^^^^^^^^^^^^^^^^^^^^^^
  File "/home/airflow/.local/lib/python3.12/site-packages/gcsfs/core.py", line 430, in _request
    validate_response(status, contents, path, args)
  File "/home/airflow/.local/lib/python3.12/site-packages/gcsfs/retry.py", line 110, in validate_response
    raise HttpError(error)
gcsfs.retry.HttpError: Invalid Credentials, 401
[2025-12-02T09:26:37.756+0000] {retry.py:157} ERROR - _request non-retriable exception: Invalid Credentials, 401
Traceback (most recent call last):
  File "/home/airflow/.local/lib/python3.12/site-packages/gcsfs/retry.py", line 123, in retry_request
    return await func(*args, **kwargs)
           ^^^^^^^^^^^^^^^^^^^^^^^^^^^
  File "/home/airflow/.local/lib/python3.12/site-packages/gcsfs/core.py", line 430, in _request
    validate_response(status, contents, path, args)
  File "/home/airflow/.local/lib/python3.12/site-packages/gcsfs/retry.py", line 110, in validate_response
    raise HttpError(error)
gcsfs.retry.HttpError: Invalid Credentials, 401
[2025-12-02T09:26:37.855+0000] {retry.py:157} ERROR - _request non-retriable exception: Invalid Credentials, 401
Traceback (most recent call last):
  File "/home/airflow/.local/lib/python3.12/site-packages/gcsfs/retry.py", line 123, in retry_request
    return await func(*args, **kwargs)
           ^^^^^^^^^^^^^^^^^^^^^^^^^^^
  File "/home/airflow/.local/lib/python3.12/site-packages/gcsfs/core.py", line 430, in _request
    validate_response(status, contents, path, args)
  File "/home/airflow/.local/lib/python3.12/site-packages/gcsfs/retry.py", line 110, in validate_response
    raise HttpError(error)
gcsfs.retry.HttpError: Invalid Credentials, 401
[2025-12-02T09:26:37.857+0000] {retry.py:157} ERROR - _request non-retriable exception: Invalid Credentials, 401
Traceback (most recent call last):
  File "/home/airflow/.local/lib/python3.12/site-packages/gcsfs/retry.py", line 123, in retry_request
    return await func(*args, **kwargs)
           ^^^^^^^^^^^^^^^^^^^^^^^^^^^
  File "/home/airflow/.local/lib/python3.12/site-packages/gcsfs/core.py", line 430, in _request
    validate_response(status, contents, path, args)
  File "/home/airflow/.local/lib/python3.12/site-packages/gcsfs/retry.py", line 110, in validate_response
    raise HttpError(error)
gcsfs.retry.HttpError: Invalid Credentials, 401
[2025-12-02T09:26:37.867+0000] {retry.py:157} ERROR - _request non-retriable exception: Invalid Credentials, 401
Traceback (most recent call last):
  File "/home/airflow/.local/lib/python3.12/site-packages/gcsfs/retry.py", line 123, in retry_request
    return await func(*args, **kwargs)
           ^^^^^^^^^^^^^^^^^^^^^^^^^^^
  File "/home/airflow/.local/lib/python3.12/site-packages/gcsfs/core.py", line 430, in _request
    validate_response(status, contents, path, args)
  File "/home/airflow/.local/lib/python3.12/site-packages/gcsfs/retry.py", line 110, in validate_response
    raise HttpError(error)
gcsfs.retry.HttpError: Invalid Credentials, 401
[2025-12-02T09:26:37.868+0000] {retry.py:157} ERROR - _request non-retriable exception: Invalid Credentials, 401
Traceback (most recent call last):
  File "/home/airflow/.local/lib/python3.12/site-packages/gcsfs/retry.py", line 123, in retry_request
    return await func(*args, **kwargs)
           ^^^^^^^^^^^^^^^^^^^^^^^^^^^
  File "/home/airflow/.local/lib/python3.12/site-packages/gcsfs/core.py", line 430, in _request
    validate_response(status, contents, path, args)
  File "/home/airflow/.local/lib/python3.12/site-packages/gcsfs/retry.py", line 110, in validate_response
    raise HttpError(error)
gcsfs.retry.HttpError: Invalid Credentials, 401
[2025-12-02T09:26:37.870+0000] {retry.py:157} ERROR - _request non-retriable exception: Invalid Credentials, 401
Traceback (most recent call last):
  File "/home/airflow/.local/lib/python3.12/site-packages/gcsfs/retry.py", line 123, in retry_request
    return await func(*args, **kwargs)
           ^^^^^^^^^^^^^^^^^^^^^^^^^^^
  File "/home/airflow/.local/lib/python3.12/site-packages/gcsfs/core.py", line 430, in _request
    validate_response(status, contents, path, args)
  File "/home/airflow/.local/lib/python3.12/site-packages/gcsfs/retry.py", line 110, in validate_response
    raise HttpError(error)
gcsfs.retry.HttpError: Invalid Credentials, 401
[2025-12-02T09:26:37.871+0000] {retry.py:157} ERROR - _request non-retriable exception: Invalid Credentials, 401
Traceback (most recent call last):
  File "/home/airflow/.local/lib/python3.12/site-packages/gcsfs/retry.py", line 123, in retry_request
    return await func(*args, **kwargs)
           ^^^^^^^^^^^^^^^^^^^^^^^^^^^
  File "/home/airflow/.local/lib/python3.12/site-packages/gcsfs/core.py", line 430, in _request
    validate_response(status, contents, path, args)
  File "/home/airflow/.local/lib/python3.12/site-packages/gcsfs/retry.py", line 110, in validate_response
    raise HttpError(error)
gcsfs.retry.HttpError: Invalid Credentials, 401
[2025-12-02T09:26:37.875+0000] {retry.py:157} ERROR - _request non-retriable exception: Invalid Credentials, 401
Traceback (most recent call last):
  File "/home/airflow/.local/lib/python3.12/site-packages/gcsfs/retry.py", line 123, in retry_request
    return await func(*args, **kwargs)
           ^^^^^^^^^^^^^^^^^^^^^^^^^^^
  File "/home/airflow/.local/lib/python3.12/site-packages/gcsfs/core.py", line 430, in _request
    validate_response(status, contents, path, args)
  File "/home/airflow/.local/lib/python3.12/site-packages/gcsfs/retry.py", line 110, in validate_response
    raise HttpError(error)
gcsfs.retry.HttpError: Invalid Credentials, 401
[2025-12-02T09:26:37.930+0000] {retry.py:157} ERROR - _request non-retriable exception: Invalid Credentials, 401
Traceback (most recent call last):
  File "/home/airflow/.local/lib/python3.12/site-packages/gcsfs/retry.py", line 123, in retry_request
    return await func(*args, **kwargs)
           ^^^^^^^^^^^^^^^^^^^^^^^^^^^
  File "/home/airflow/.local/lib/python3.12/site-packages/gcsfs/core.py", line 430, in _request
    validate_response(status, contents, path, args)
  File "/home/airflow/.local/lib/python3.12/site-packages/gcsfs/retry.py", line 110, in validate_response
    raise HttpError(error)
gcsfs.retry.HttpError: Invalid Credentials, 401
[2025-12-02T09:26:37.932+0000] {retry.py:157} ERROR - _request non-retriable exception: Invalid Credentials, 401
Traceback (most recent call last):
  File "/home/airflow/.local/lib/python3.12/site-packages/gcsfs/retry.py", line 123, in retry_request
    return await func(*args, **kwargs)
           ^^^^^^^^^^^^^^^^^^^^^^^^^^^
  File "/home/airflow/.local/lib/python3.12/site-packages/gcsfs/core.py", line 430, in _request
    validate_response(status, contents, path, args)
  File "/home/airflow/.local/lib/python3.12/site-packages/gcsfs/retry.py", line 110, in validate_response
    raise HttpError(error)
gcsfs.retry.HttpError: Invalid Credentials, 401
[2025-12-02T09:26:37.934+0000] {retry.py:157} ERROR - _request non-retriable exception: Invalid Credentials, 401
Traceback (most recent call last):
  File "/home/airflow/.local/lib/python3.12/site-packages/gcsfs/retry.py", line 123, in retry_request
    return await func(*args, **kwargs)
           ^^^^^^^^^^^^^^^^^^^^^^^^^^^
  File "/home/airflow/.local/lib/python3.12/site-packages/gcsfs/core.py", line 430, in _request
    validate_response(status, contents, path, args)
  File "/home/airflow/.local/lib/python3.12/site-packages/gcsfs/retry.py", line 110, in validate_response
    raise HttpError(error)
gcsfs.retry.HttpError: Invalid Credentials, 401
[2025-12-02T09:26:37.945+0000] {retry.py:157} ERROR - _request non-retriable exception: Invalid Credentials, 401
Traceback (most recent call last):
  File "/home/airflow/.local/lib/python3.12/site-packages/gcsfs/retry.py", line 123, in retry_request
    return await func(*args, **kwargs)
           ^^^^^^^^^^^^^^^^^^^^^^^^^^^
  File "/home/airflow/.local/lib/python3.12/site-packages/gcsfs/core.py", line 430, in _request
    validate_response(status, contents, path, args)
  File "/home/airflow/.local/lib/python3.12/site-packages/gcsfs/retry.py", line 110, in validate_response
    raise HttpError(error)
gcsfs.retry.HttpError: Invalid Credentials, 401
[2025-12-02T09:26:37.946+0000] {retry.py:157} ERROR - _request non-retriable exception: Invalid Credentials, 401
Traceback (most recent call last):
  File "/home/airflow/.local/lib/python3.12/site-packages/gcsfs/retry.py", line 123, in retry_request
    return await func(*args, **kwargs)
           ^^^^^^^^^^^^^^^^^^^^^^^^^^^
  File "/home/airflow/.local/lib/python3.12/site-packages/gcsfs/core.py", line 430, in _request
    validate_response(status, contents, path, args)
  File "/home/airflow/.local/lib/python3.12/site-packages/gcsfs/retry.py", line 110, in validate_response
    raise HttpError(error)
gcsfs.retry.HttpError: Invalid Credentials, 401
[2025-12-02T09:26:37.947+0000] {retry.py:157} ERROR - _request non-retriable exception: Invalid Credentials, 401
Traceback (most recent call last):
  File "/home/airflow/.local/lib/python3.12/site-packages/gcsfs/retry.py", line 123, in retry_request
    return await func(*args, **kwargs)
           ^^^^^^^^^^^^^^^^^^^^^^^^^^^
  File "/home/airflow/.local/lib/python3.12/site-packages/gcsfs/core.py", line 430, in _request
    validate_response(status, contents, path, args)
  File "/home/airflow/.local/lib/python3.12/site-packages/gcsfs/retry.py", line 110, in validate_response
    raise HttpError(error)
gcsfs.retry.HttpError: Invalid Credentials, 401
[2025-12-02T09:26:37.948+0000] {retry.py:157} ERROR - _request non-retriable exception: Invalid Credentials, 401
Traceback (most recent call last):
  File "/home/airflow/.local/lib/python3.12/site-packages/gcsfs/retry.py", line 123, in retry_request
    return await func(*args, **kwargs)
           ^^^^^^^^^^^^^^^^^^^^^^^^^^^
  File "/home/airflow/.local/lib/python3.12/site-packages/gcsfs/core.py", line 430, in _request
    validate_response(status, contents, path, args)
  File "/home/airflow/.local/lib/python3.12/site-packages/gcsfs/retry.py", line 110, in validate_response
    raise HttpError(error)
gcsfs.retry.HttpError: Invalid Credentials, 401
[2025-12-02T09:26:37.949+0000] {retry.py:157} ERROR - _request non-retriable exception: Invalid Credentials, 401
Traceback (most recent call last):
  File "/home/airflow/.local/lib/python3.12/site-packages/gcsfs/retry.py", line 123, in retry_request
    return await func(*args, **kwargs)
           ^^^^^^^^^^^^^^^^^^^^^^^^^^^
  File "/home/airflow/.local/lib/python3.12/site-packages/gcsfs/core.py", line 430, in _request
    validate_response(status, contents, path, args)
  File "/home/airflow/.local/lib/python3.12/site-packages/gcsfs/retry.py", line 110, in validate_response
    raise HttpError(error)
gcsfs.retry.HttpError: Invalid Credentials, 401
[2025-12-02T09:26:38.009+0000] {retry.py:157} ERROR - _request non-retriable exception: Invalid Credentials, 401
Traceback (most recent call last):
  File "/home/airflow/.local/lib/python3.12/site-packages/gcsfs/retry.py", line 123, in retry_request
    return await func(*args, **kwargs)
           ^^^^^^^^^^^^^^^^^^^^^^^^^^^
  File "/home/airflow/.local/lib/python3.12/site-packages/gcsfs/core.py", line 430, in _request
    validate_response(status, contents, path, args)
  File "/home/airflow/.local/lib/python3.12/site-packages/gcsfs/retry.py", line 110, in validate_response
    raise HttpError(error)
gcsfs.retry.HttpError: Invalid Credentials, 401
[2025-12-02T09:26:38.105+0000] {retry.py:157} ERROR - _request non-retriable exception: Invalid Credentials, 401
Traceback (most recent call last):
  File "/home/airflow/.local/lib/python3.12/site-packages/gcsfs/retry.py", line 123, in retry_request
    return await func(*args, **kwargs)
           ^^^^^^^^^^^^^^^^^^^^^^^^^^^
  File "/home/airflow/.local/lib/python3.12/site-packages/gcsfs/core.py", line 430, in _request
    validate_response(status, contents, path, args)
  File "/home/airflow/.local/lib/python3.12/site-packages/gcsfs/retry.py", line 110, in validate_response
    raise HttpError(error)
gcsfs.retry.HttpError: Invalid Credentials, 401
[2025-12-02T09:26:38.108+0000] {retry.py:157} ERROR - _request non-retriable exception: Invalid Credentials, 401
Traceback (most recent call last):
  File "/home/airflow/.local/lib/python3.12/site-packages/gcsfs/retry.py", line 123, in retry_request
    return await func(*args, **kwargs)
           ^^^^^^^^^^^^^^^^^^^^^^^^^^^
  File "/home/airflow/.local/lib/python3.12/site-packages/gcsfs/core.py", line 430, in _request
    validate_response(status, contents, path, args)
  File "/home/airflow/.local/lib/python3.12/site-packages/gcsfs/retry.py", line 110, in validate_response
    raise HttpError(error)
gcsfs.retry.HttpError: Invalid Credentials, 401
[2025-12-02T09:26:38.110+0000] {logging_mixin.py:188} INFO - LỖI khi ghi vào GCS: Invalid Credentials, 401
[2025-12-02T09:26:38.111+0000] {python.py:237} INFO - Done. Returned value was: None
[2025-12-02T09:26:38.111+0000] {taskinstance.py:441} INFO - ::group::Post task execution logs
[2025-12-02T09:26:38.121+0000] {taskinstance.py:1206} INFO - Marking task as SUCCESS. dag_id=crypto_cold_path_gcs_1am, task_id=run_daily_gcs_etl, run_id=backfill__2025-11-21T01:00:00+00:00, execution_date=20251121T010000, start_date=20251202T092615, end_date=20251202T092638
[2025-12-02T09:26:38.158+0000] {local_task_job_runner.py:240} INFO - Task exited with return code 0
[2025-12-02T09:26:38.174+0000] {taskinstance.py:3503} INFO - 0 downstream tasks scheduled from follow-on schedule check
[2025-12-02T09:26:38.176+0000] {local_task_job_runner.py:222} INFO - ::endgroup::
[2025-12-02T09:29:29.912+0000] {local_task_job_runner.py:120} INFO - ::group::Pre task execution logs
[2025-12-02T09:29:29.943+0000] {taskinstance.py:2076} INFO - Dependencies all met for dep_context=non-requeueable deps ti=<TaskInstance: crypto_cold_path_gcs_1am.run_daily_gcs_etl backfill__2025-11-21T01:00:00+00:00 [queued]>
[2025-12-02T09:29:29.954+0000] {taskinstance.py:2076} INFO - Dependencies all met for dep_context=requeueable deps ti=<TaskInstance: crypto_cold_path_gcs_1am.run_daily_gcs_etl backfill__2025-11-21T01:00:00+00:00 [queued]>
[2025-12-02T09:29:29.955+0000] {taskinstance.py:2306} INFO - Starting attempt 1 of 3
[2025-12-02T09:29:29.972+0000] {taskinstance.py:2330} INFO - Executing <Task(PythonOperator): run_daily_gcs_etl> on 2025-11-21 01:00:00+00:00
[2025-12-02T09:29:29.983+0000] {warnings.py:112} WARNING - /home/***/.local/lib/python3.12/site-packages/***/task/task_runner/standard_task_runner.py:61: DeprecationWarning: This process (pid=75) is multi-threaded, use of fork() may lead to deadlocks in the child.
  pid = os.fork()

[2025-12-02T09:29:29.986+0000] {standard_task_runner.py:90} INFO - Running: ['***', 'tasks', 'run', 'crypto_cold_path_gcs_1am', 'run_daily_gcs_etl', 'backfill__2025-11-21T01:00:00+00:00', '--job-id', '165', '--pool', 'default_pool', '--raw', '--subdir', 'DAGS_FOLDER/etl_dag.py', '--cfg-path', '/tmp/tmp_f5nthft']
[2025-12-02T09:29:29.988+0000] {standard_task_runner.py:63} INFO - Started process 102 to run task
[2025-12-02T09:29:29.988+0000] {standard_task_runner.py:91} INFO - Job 165: Subtask run_daily_gcs_etl
[2025-12-02T09:29:30.120+0000] {task_command.py:426} INFO - Running <TaskInstance: crypto_cold_path_gcs_1am.run_daily_gcs_etl backfill__2025-11-21T01:00:00+00:00 [running]> on host bfb7cfd18f31
[2025-12-02T09:29:30.219+0000] {taskinstance.py:2648} INFO - Exporting env vars: AIRFLOW_CTX_DAG_OWNER='***' AIRFLOW_CTX_DAG_ID='crypto_cold_path_gcs_1am' AIRFLOW_CTX_TASK_ID='run_daily_gcs_etl' AIRFLOW_CTX_EXECUTION_DATE='2025-11-21T01:00:00+00:00' AIRFLOW_CTX_TRY_NUMBER='1' AIRFLOW_CTX_DAG_RUN_ID='backfill__2025-11-21T01:00:00+00:00'
[2025-12-02T09:29:30.220+0000] {taskinstance.py:430} INFO - ::endgroup::
[2025-12-02T09:29:40.222+0000] {logging_mixin.py:188} INFO - --- BẮT ĐẦU ETL (GCS) CHO NGÀY: 2025-11-21 ---
[2025-12-02T09:29:40.227+0000] {logging_mixin.py:188} INFO - Đã kết nối GCS thành công.
[2025-12-02T09:29:40.228+0000] {logging_mixin.py:188} INFO - [Processing Coin: BTCUSDT]
[2025-12-02T09:29:40.607+0000] {logging_mixin.py:188} INFO - [Processing Coin: ETHUSDT]
[2025-12-02T09:29:41.373+0000] {logging_mixin.py:188} INFO - [Processing Coin: SOLUSDT]
[2025-12-02T09:29:41.790+0000] {logging_mixin.py:188} INFO - [Processing Coin: BNBUSDT]
[2025-12-02T09:29:42.318+0000] {logging_mixin.py:188} INFO - [Processing Coin: DOGEUSDT]
[2025-12-02T09:29:42.784+0000] {logging_mixin.py:188} INFO - [Processing Coin: XRPUSDT]
[2025-12-02T09:29:43.996+0000] {logging_mixin.py:188} INFO - [Processing Coin: PEPEUSDT]
[2025-12-02T09:29:44.278+0000] {logging_mixin.py:188} INFO - [Processing Coin: TONUSDT]
[2025-12-02T09:29:44.569+0000] {logging_mixin.py:188} INFO - [Processing Coin: SHIBUSDT]
[2025-12-02T09:29:44.914+0000] {logging_mixin.py:188} INFO - [Processing Coin: DOTUSDT]
[2025-12-02T09:29:45.242+0000] {logging_mixin.py:188} INFO - [Processing Coin: ADAUSDT]
[2025-12-02T09:29:45.592+0000] {logging_mixin.py:188} INFO - [Processing Coin: AVAXUSDT]
[2025-12-02T09:29:45.906+0000] {logging_mixin.py:188} INFO - [Processing Coin: LINKUSDT]
[2025-12-02T09:29:46.231+0000] {logging_mixin.py:188} INFO - [Processing Coin: TRXUSDT]
[2025-12-02T09:29:46.543+0000] {logging_mixin.py:188} INFO - [Processing Coin: MATICUSDT]
[2025-12-02T09:29:46.836+0000] {logging_mixin.py:188} INFO -   -> Không lấy đủ 1440 nến cho MATICUSDT. Bỏ qua.
[2025-12-02T09:29:46.837+0000] {logging_mixin.py:188} INFO - [Processing Coin: BCHUSDT]
[2025-12-02T09:29:47.206+0000] {logging_mixin.py:188} INFO - [Processing Coin: ICPUSDT]
[2025-12-02T09:29:47.516+0000] {logging_mixin.py:188} INFO - [Processing Coin: NEARUSDT]
[2025-12-02T09:29:47.837+0000] {logging_mixin.py:188} INFO - [Processing Coin: LTCUSDT]
[2025-12-02T09:29:48.144+0000] {logging_mixin.py:188} INFO - [Processing Coin: LEOUSD]
[2025-12-02T09:29:48.284+0000] {logging_mixin.py:188} INFO - Lỗi khi gọi API Binance cho LEOUSD: 400 Client Error: Bad Request for url: https://api.binance.com/api/v3/klines?symbol=LEOUSD&interval=1m&startTime=1763683200000&endTime=1763726399999&limit=1000
[2025-12-02T09:29:48.287+0000] {logging_mixin.py:188} INFO -   -> Không lấy đủ 1440 nến cho LEOUSD. Bỏ qua.
[2025-12-02T09:29:48.288+0000] {logging_mixin.py:188} INFO - [Processing Coin: UNIUSDT]
[2025-12-02T09:29:48.681+0000] {logging_mixin.py:188} INFO - [Processing Coin: FETUSDT]
[2025-12-02T09:29:49.014+0000] {logging_mixin.py:188} INFO - [Processing Coin: RNDRUSDT]
[2025-12-02T09:29:49.344+0000] {logging_mixin.py:188} INFO -   -> Không lấy đủ 1440 nến cho RNDRUSDT. Bỏ qua.
[2025-12-02T09:29:49.345+0000] {logging_mixin.py:188} INFO - [Processing Coin: ATOMUSDT]
[2025-12-02T09:29:49.651+0000] {logging_mixin.py:188} INFO - [Processing Coin: INJUSDT]
[2025-12-02T09:29:49.961+0000] {logging_mixin.py:188} INFO - [Processing Coin: WIFUSDT]
[2025-12-02T09:29:50.265+0000] {logging_mixin.py:188} INFO - [Processing Coin: OPUSDT]
[2025-12-02T09:29:50.623+0000] {logging_mixin.py:188} INFO - [Processing Coin: ARBUSDT]
[2025-12-02T09:29:50.978+0000] {logging_mixin.py:188} INFO - [Processing Coin: ETCUSDT]
[2025-12-02T09:29:51.290+0000] {logging_mixin.py:188} INFO - [Processing Coin: FILUSDT]
[2025-12-02T09:29:51.686+0000] {logging_mixin.py:188} INFO - Đã tải về 38880 dòng. Đang xử lý...
[2025-12-02T09:29:51.869+0000] {logging_mixin.py:188} INFO - Đang ghi 38880 dòng vào GCS (Parquet)...
[2025-12-02T09:29:52.097+0000] {retry.py:157} ERROR - _request non-retriable exception: Invalid Credentials, 401
Traceback (most recent call last):
  File "/home/airflow/.local/lib/python3.12/site-packages/gcsfs/retry.py", line 123, in retry_request
    return await func(*args, **kwargs)
           ^^^^^^^^^^^^^^^^^^^^^^^^^^^
  File "/home/airflow/.local/lib/python3.12/site-packages/gcsfs/core.py", line 430, in _request
    validate_response(status, contents, path, args)
  File "/home/airflow/.local/lib/python3.12/site-packages/gcsfs/retry.py", line 110, in validate_response
    raise HttpError(error)
gcsfs.retry.HttpError: Invalid Credentials, 401
[2025-12-02T09:29:52.101+0000] {retry.py:157} ERROR - _request non-retriable exception: Invalid Credentials, 401
Traceback (most recent call last):
  File "/home/airflow/.local/lib/python3.12/site-packages/gcsfs/retry.py", line 123, in retry_request
    return await func(*args, **kwargs)
           ^^^^^^^^^^^^^^^^^^^^^^^^^^^
  File "/home/airflow/.local/lib/python3.12/site-packages/gcsfs/core.py", line 430, in _request
    validate_response(status, contents, path, args)
  File "/home/airflow/.local/lib/python3.12/site-packages/gcsfs/retry.py", line 110, in validate_response
    raise HttpError(error)
gcsfs.retry.HttpError: Invalid Credentials, 401
[2025-12-02T09:29:52.106+0000] {retry.py:157} ERROR - _request non-retriable exception: Invalid Credentials, 401
Traceback (most recent call last):
  File "/home/airflow/.local/lib/python3.12/site-packages/gcsfs/retry.py", line 123, in retry_request
    return await func(*args, **kwargs)
           ^^^^^^^^^^^^^^^^^^^^^^^^^^^
  File "/home/airflow/.local/lib/python3.12/site-packages/gcsfs/core.py", line 430, in _request
    validate_response(status, contents, path, args)
  File "/home/airflow/.local/lib/python3.12/site-packages/gcsfs/retry.py", line 110, in validate_response
    raise HttpError(error)
gcsfs.retry.HttpError: Invalid Credentials, 401
[2025-12-02T09:29:52.122+0000] {retry.py:157} ERROR - _request non-retriable exception: Invalid Credentials, 401
Traceback (most recent call last):
  File "/home/airflow/.local/lib/python3.12/site-packages/gcsfs/retry.py", line 123, in retry_request
    return await func(*args, **kwargs)
           ^^^^^^^^^^^^^^^^^^^^^^^^^^^
  File "/home/airflow/.local/lib/python3.12/site-packages/gcsfs/core.py", line 430, in _request
    validate_response(status, contents, path, args)
  File "/home/airflow/.local/lib/python3.12/site-packages/gcsfs/retry.py", line 110, in validate_response
    raise HttpError(error)
gcsfs.retry.HttpError: Invalid Credentials, 401
[2025-12-02T09:29:52.133+0000] {retry.py:157} ERROR - _request non-retriable exception: Invalid Credentials, 401
Traceback (most recent call last):
  File "/home/airflow/.local/lib/python3.12/site-packages/gcsfs/retry.py", line 123, in retry_request
    return await func(*args, **kwargs)
           ^^^^^^^^^^^^^^^^^^^^^^^^^^^
  File "/home/airflow/.local/lib/python3.12/site-packages/gcsfs/core.py", line 430, in _request
    validate_response(status, contents, path, args)
  File "/home/airflow/.local/lib/python3.12/site-packages/gcsfs/retry.py", line 110, in validate_response
    raise HttpError(error)
gcsfs.retry.HttpError: Invalid Credentials, 401
[2025-12-02T09:29:52.136+0000] {retry.py:157} ERROR - _request non-retriable exception: Invalid Credentials, 401
Traceback (most recent call last):
  File "/home/airflow/.local/lib/python3.12/site-packages/gcsfs/retry.py", line 123, in retry_request
    return await func(*args, **kwargs)
           ^^^^^^^^^^^^^^^^^^^^^^^^^^^
  File "/home/airflow/.local/lib/python3.12/site-packages/gcsfs/core.py", line 430, in _request
    validate_response(status, contents, path, args)
  File "/home/airflow/.local/lib/python3.12/site-packages/gcsfs/retry.py", line 110, in validate_response
    raise HttpError(error)
gcsfs.retry.HttpError: Invalid Credentials, 401
[2025-12-02T09:29:52.138+0000] {retry.py:157} ERROR - _request non-retriable exception: Invalid Credentials, 401
Traceback (most recent call last):
  File "/home/airflow/.local/lib/python3.12/site-packages/gcsfs/retry.py", line 123, in retry_request
    return await func(*args, **kwargs)
           ^^^^^^^^^^^^^^^^^^^^^^^^^^^
  File "/home/airflow/.local/lib/python3.12/site-packages/gcsfs/core.py", line 430, in _request
    validate_response(status, contents, path, args)
  File "/home/airflow/.local/lib/python3.12/site-packages/gcsfs/retry.py", line 110, in validate_response
    raise HttpError(error)
gcsfs.retry.HttpError: Invalid Credentials, 401
[2025-12-02T09:29:52.140+0000] {retry.py:157} ERROR - _request non-retriable exception: Invalid Credentials, 401
Traceback (most recent call last):
  File "/home/airflow/.local/lib/python3.12/site-packages/gcsfs/retry.py", line 123, in retry_request
    return await func(*args, **kwargs)
           ^^^^^^^^^^^^^^^^^^^^^^^^^^^
  File "/home/airflow/.local/lib/python3.12/site-packages/gcsfs/core.py", line 430, in _request
    validate_response(status, contents, path, args)
  File "/home/airflow/.local/lib/python3.12/site-packages/gcsfs/retry.py", line 110, in validate_response
    raise HttpError(error)
gcsfs.retry.HttpError: Invalid Credentials, 401
[2025-12-02T09:29:52.272+0000] {retry.py:157} ERROR - _request non-retriable exception: Invalid Credentials, 401
Traceback (most recent call last):
  File "/home/airflow/.local/lib/python3.12/site-packages/gcsfs/retry.py", line 123, in retry_request
    return await func(*args, **kwargs)
           ^^^^^^^^^^^^^^^^^^^^^^^^^^^
  File "/home/airflow/.local/lib/python3.12/site-packages/gcsfs/core.py", line 430, in _request
    validate_response(status, contents, path, args)
  File "/home/airflow/.local/lib/python3.12/site-packages/gcsfs/retry.py", line 110, in validate_response
    raise HttpError(error)
gcsfs.retry.HttpError: Invalid Credentials, 401
[2025-12-02T09:29:52.278+0000] {retry.py:157} ERROR - _request non-retriable exception: Invalid Credentials, 401
Traceback (most recent call last):
  File "/home/airflow/.local/lib/python3.12/site-packages/gcsfs/retry.py", line 123, in retry_request
    return await func(*args, **kwargs)
           ^^^^^^^^^^^^^^^^^^^^^^^^^^^
  File "/home/airflow/.local/lib/python3.12/site-packages/gcsfs/core.py", line 430, in _request
    validate_response(status, contents, path, args)
  File "/home/airflow/.local/lib/python3.12/site-packages/gcsfs/retry.py", line 110, in validate_response
    raise HttpError(error)
gcsfs.retry.HttpError: Invalid Credentials, 401
[2025-12-02T09:29:52.282+0000] {retry.py:157} ERROR - _request non-retriable exception: Invalid Credentials, 401
Traceback (most recent call last):
  File "/home/airflow/.local/lib/python3.12/site-packages/gcsfs/retry.py", line 123, in retry_request
    return await func(*args, **kwargs)
           ^^^^^^^^^^^^^^^^^^^^^^^^^^^
  File "/home/airflow/.local/lib/python3.12/site-packages/gcsfs/core.py", line 430, in _request
    validate_response(status, contents, path, args)
  File "/home/airflow/.local/lib/python3.12/site-packages/gcsfs/retry.py", line 110, in validate_response
    raise HttpError(error)
gcsfs.retry.HttpError: Invalid Credentials, 401
[2025-12-02T09:29:52.284+0000] {retry.py:157} ERROR - _request non-retriable exception: Invalid Credentials, 401
Traceback (most recent call last):
  File "/home/airflow/.local/lib/python3.12/site-packages/gcsfs/retry.py", line 123, in retry_request
    return await func(*args, **kwargs)
           ^^^^^^^^^^^^^^^^^^^^^^^^^^^
  File "/home/airflow/.local/lib/python3.12/site-packages/gcsfs/core.py", line 430, in _request
    validate_response(status, contents, path, args)
  File "/home/airflow/.local/lib/python3.12/site-packages/gcsfs/retry.py", line 110, in validate_response
    raise HttpError(error)
gcsfs.retry.HttpError: Invalid Credentials, 401
[2025-12-02T09:29:52.301+0000] {retry.py:157} ERROR - _request non-retriable exception: Invalid Credentials, 401
Traceback (most recent call last):
  File "/home/airflow/.local/lib/python3.12/site-packages/gcsfs/retry.py", line 123, in retry_request
    return await func(*args, **kwargs)
           ^^^^^^^^^^^^^^^^^^^^^^^^^^^
  File "/home/airflow/.local/lib/python3.12/site-packages/gcsfs/core.py", line 430, in _request
    validate_response(status, contents, path, args)
  File "/home/airflow/.local/lib/python3.12/site-packages/gcsfs/retry.py", line 110, in validate_response
    raise HttpError(error)
gcsfs.retry.HttpError: Invalid Credentials, 401
[2025-12-02T09:29:52.306+0000] {retry.py:157} ERROR - _request non-retriable exception: Invalid Credentials, 401
Traceback (most recent call last):
  File "/home/airflow/.local/lib/python3.12/site-packages/gcsfs/retry.py", line 123, in retry_request
    return await func(*args, **kwargs)
           ^^^^^^^^^^^^^^^^^^^^^^^^^^^
  File "/home/airflow/.local/lib/python3.12/site-packages/gcsfs/core.py", line 430, in _request
    validate_response(status, contents, path, args)
  File "/home/airflow/.local/lib/python3.12/site-packages/gcsfs/retry.py", line 110, in validate_response
    raise HttpError(error)
gcsfs.retry.HttpError: Invalid Credentials, 401
[2025-12-02T09:29:52.308+0000] {retry.py:157} ERROR - _request non-retriable exception: Invalid Credentials, 401
Traceback (most recent call last):
  File "/home/airflow/.local/lib/python3.12/site-packages/gcsfs/retry.py", line 123, in retry_request
    return await func(*args, **kwargs)
           ^^^^^^^^^^^^^^^^^^^^^^^^^^^
  File "/home/airflow/.local/lib/python3.12/site-packages/gcsfs/core.py", line 430, in _request
    validate_response(status, contents, path, args)
  File "/home/airflow/.local/lib/python3.12/site-packages/gcsfs/retry.py", line 110, in validate_response
    raise HttpError(error)
gcsfs.retry.HttpError: Invalid Credentials, 401
[2025-12-02T09:29:52.315+0000] {retry.py:157} ERROR - _request non-retriable exception: Invalid Credentials, 401
Traceback (most recent call last):
  File "/home/airflow/.local/lib/python3.12/site-packages/gcsfs/retry.py", line 123, in retry_request
    return await func(*args, **kwargs)
           ^^^^^^^^^^^^^^^^^^^^^^^^^^^
  File "/home/airflow/.local/lib/python3.12/site-packages/gcsfs/core.py", line 430, in _request
    validate_response(status, contents, path, args)
  File "/home/airflow/.local/lib/python3.12/site-packages/gcsfs/retry.py", line 110, in validate_response
    raise HttpError(error)
gcsfs.retry.HttpError: Invalid Credentials, 401
[2025-12-02T09:29:52.353+0000] {retry.py:157} ERROR - _request non-retriable exception: Invalid Credentials, 401
Traceback (most recent call last):
  File "/home/airflow/.local/lib/python3.12/site-packages/gcsfs/retry.py", line 123, in retry_request
    return await func(*args, **kwargs)
           ^^^^^^^^^^^^^^^^^^^^^^^^^^^
  File "/home/airflow/.local/lib/python3.12/site-packages/gcsfs/core.py", line 430, in _request
    validate_response(status, contents, path, args)
  File "/home/airflow/.local/lib/python3.12/site-packages/gcsfs/retry.py", line 110, in validate_response
    raise HttpError(error)
gcsfs.retry.HttpError: Invalid Credentials, 401
[2025-12-02T09:29:52.355+0000] {retry.py:157} ERROR - _request non-retriable exception: Invalid Credentials, 401
Traceback (most recent call last):
  File "/home/airflow/.local/lib/python3.12/site-packages/gcsfs/retry.py", line 123, in retry_request
    return await func(*args, **kwargs)
           ^^^^^^^^^^^^^^^^^^^^^^^^^^^
  File "/home/airflow/.local/lib/python3.12/site-packages/gcsfs/core.py", line 430, in _request
    validate_response(status, contents, path, args)
  File "/home/airflow/.local/lib/python3.12/site-packages/gcsfs/retry.py", line 110, in validate_response
    raise HttpError(error)
gcsfs.retry.HttpError: Invalid Credentials, 401
[2025-12-02T09:29:52.361+0000] {retry.py:157} ERROR - _request non-retriable exception: Invalid Credentials, 401
Traceback (most recent call last):
  File "/home/airflow/.local/lib/python3.12/site-packages/gcsfs/retry.py", line 123, in retry_request
    return await func(*args, **kwargs)
           ^^^^^^^^^^^^^^^^^^^^^^^^^^^
  File "/home/airflow/.local/lib/python3.12/site-packages/gcsfs/core.py", line 430, in _request
    validate_response(status, contents, path, args)
  File "/home/airflow/.local/lib/python3.12/site-packages/gcsfs/retry.py", line 110, in validate_response
    raise HttpError(error)
gcsfs.retry.HttpError: Invalid Credentials, 401
[2025-12-02T09:29:52.380+0000] {retry.py:157} ERROR - _request non-retriable exception: Invalid Credentials, 401
Traceback (most recent call last):
  File "/home/airflow/.local/lib/python3.12/site-packages/gcsfs/retry.py", line 123, in retry_request
    return await func(*args, **kwargs)
           ^^^^^^^^^^^^^^^^^^^^^^^^^^^
  File "/home/airflow/.local/lib/python3.12/site-packages/gcsfs/core.py", line 430, in _request
    validate_response(status, contents, path, args)
  File "/home/airflow/.local/lib/python3.12/site-packages/gcsfs/retry.py", line 110, in validate_response
    raise HttpError(error)
gcsfs.retry.HttpError: Invalid Credentials, 401
[2025-12-02T09:29:52.402+0000] {retry.py:157} ERROR - _request non-retriable exception: Invalid Credentials, 401
Traceback (most recent call last):
  File "/home/airflow/.local/lib/python3.12/site-packages/gcsfs/retry.py", line 123, in retry_request
    return await func(*args, **kwargs)
           ^^^^^^^^^^^^^^^^^^^^^^^^^^^
  File "/home/airflow/.local/lib/python3.12/site-packages/gcsfs/core.py", line 430, in _request
    validate_response(status, contents, path, args)
  File "/home/airflow/.local/lib/python3.12/site-packages/gcsfs/retry.py", line 110, in validate_response
    raise HttpError(error)
gcsfs.retry.HttpError: Invalid Credentials, 401
[2025-12-02T09:29:52.404+0000] {retry.py:157} ERROR - _request non-retriable exception: Invalid Credentials, 401
Traceback (most recent call last):
  File "/home/airflow/.local/lib/python3.12/site-packages/gcsfs/retry.py", line 123, in retry_request
    return await func(*args, **kwargs)
           ^^^^^^^^^^^^^^^^^^^^^^^^^^^
  File "/home/airflow/.local/lib/python3.12/site-packages/gcsfs/core.py", line 430, in _request
    validate_response(status, contents, path, args)
  File "/home/airflow/.local/lib/python3.12/site-packages/gcsfs/retry.py", line 110, in validate_response
    raise HttpError(error)
gcsfs.retry.HttpError: Invalid Credentials, 401
[2025-12-02T09:29:52.409+0000] {retry.py:157} ERROR - _request non-retriable exception: Invalid Credentials, 401
Traceback (most recent call last):
  File "/home/airflow/.local/lib/python3.12/site-packages/gcsfs/retry.py", line 123, in retry_request
    return await func(*args, **kwargs)
           ^^^^^^^^^^^^^^^^^^^^^^^^^^^
  File "/home/airflow/.local/lib/python3.12/site-packages/gcsfs/core.py", line 430, in _request
    validate_response(status, contents, path, args)
  File "/home/airflow/.local/lib/python3.12/site-packages/gcsfs/retry.py", line 110, in validate_response
    raise HttpError(error)
gcsfs.retry.HttpError: Invalid Credentials, 401
[2025-12-02T09:29:52.411+0000] {retry.py:157} ERROR - _request non-retriable exception: Invalid Credentials, 401
Traceback (most recent call last):
  File "/home/airflow/.local/lib/python3.12/site-packages/gcsfs/retry.py", line 123, in retry_request
    return await func(*args, **kwargs)
           ^^^^^^^^^^^^^^^^^^^^^^^^^^^
  File "/home/airflow/.local/lib/python3.12/site-packages/gcsfs/core.py", line 430, in _request
    validate_response(status, contents, path, args)
  File "/home/airflow/.local/lib/python3.12/site-packages/gcsfs/retry.py", line 110, in validate_response
    raise HttpError(error)
gcsfs.retry.HttpError: Invalid Credentials, 401
[2025-12-02T09:29:52.526+0000] {retry.py:157} ERROR - _request non-retriable exception: Invalid Credentials, 401
Traceback (most recent call last):
  File "/home/airflow/.local/lib/python3.12/site-packages/gcsfs/retry.py", line 123, in retry_request
    return await func(*args, **kwargs)
           ^^^^^^^^^^^^^^^^^^^^^^^^^^^
  File "/home/airflow/.local/lib/python3.12/site-packages/gcsfs/core.py", line 430, in _request
    validate_response(status, contents, path, args)
  File "/home/airflow/.local/lib/python3.12/site-packages/gcsfs/retry.py", line 110, in validate_response
    raise HttpError(error)
gcsfs.retry.HttpError: Invalid Credentials, 401
[2025-12-02T09:29:52.544+0000] {retry.py:157} ERROR - _request non-retriable exception: Invalid Credentials, 401
Traceback (most recent call last):
  File "/home/airflow/.local/lib/python3.12/site-packages/gcsfs/retry.py", line 123, in retry_request
    return await func(*args, **kwargs)
           ^^^^^^^^^^^^^^^^^^^^^^^^^^^
  File "/home/airflow/.local/lib/python3.12/site-packages/gcsfs/core.py", line 430, in _request
    validate_response(status, contents, path, args)
  File "/home/airflow/.local/lib/python3.12/site-packages/gcsfs/retry.py", line 110, in validate_response
    raise HttpError(error)
gcsfs.retry.HttpError: Invalid Credentials, 401
[2025-12-02T09:29:52.545+0000] {retry.py:157} ERROR - _request non-retriable exception: Invalid Credentials, 401
Traceback (most recent call last):
  File "/home/airflow/.local/lib/python3.12/site-packages/gcsfs/retry.py", line 123, in retry_request
    return await func(*args, **kwargs)
           ^^^^^^^^^^^^^^^^^^^^^^^^^^^
  File "/home/airflow/.local/lib/python3.12/site-packages/gcsfs/core.py", line 430, in _request
    validate_response(status, contents, path, args)
  File "/home/airflow/.local/lib/python3.12/site-packages/gcsfs/retry.py", line 110, in validate_response
    raise HttpError(error)
gcsfs.retry.HttpError: Invalid Credentials, 401
[2025-12-02T09:29:52.547+0000] {logging_mixin.py:188} INFO - LỖI khi ghi vào GCS: Invalid Credentials, 401
[2025-12-02T09:29:52.548+0000] {python.py:237} INFO - Done. Returned value was: None
[2025-12-02T09:29:52.549+0000] {taskinstance.py:441} INFO - ::group::Post task execution logs
[2025-12-02T09:29:52.570+0000] {taskinstance.py:1206} INFO - Marking task as SUCCESS. dag_id=crypto_cold_path_gcs_1am, task_id=run_daily_gcs_etl, run_id=backfill__2025-11-21T01:00:00+00:00, execution_date=20251121T010000, start_date=20251202T092929, end_date=20251202T092952
[2025-12-02T09:29:52.622+0000] {local_task_job_runner.py:240} INFO - Task exited with return code 0
[2025-12-02T09:29:52.641+0000] {taskinstance.py:3503} INFO - 0 downstream tasks scheduled from follow-on schedule check
[2025-12-02T09:29:52.645+0000] {local_task_job_runner.py:222} INFO - ::endgroup::
[2025-12-02T09:39:28.284+0000] {local_task_job_runner.py:120} INFO - ::group::Pre task execution logs
[2025-12-02T09:39:28.316+0000] {taskinstance.py:2076} INFO - Dependencies all met for dep_context=non-requeueable deps ti=<TaskInstance: crypto_cold_path_gcs_1am.run_daily_gcs_etl backfill__2025-11-21T01:00:00+00:00 [queued]>
[2025-12-02T09:39:28.328+0000] {taskinstance.py:2076} INFO - Dependencies all met for dep_context=requeueable deps ti=<TaskInstance: crypto_cold_path_gcs_1am.run_daily_gcs_etl backfill__2025-11-21T01:00:00+00:00 [queued]>
[2025-12-02T09:39:28.329+0000] {taskinstance.py:2306} INFO - Starting attempt 1 of 3
[2025-12-02T09:39:28.349+0000] {taskinstance.py:2330} INFO - Executing <Task(PythonOperator): run_daily_gcs_etl> on 2025-11-21 01:00:00+00:00
[2025-12-02T09:39:28.361+0000] {warnings.py:112} WARNING - /home/***/.local/lib/python3.12/site-packages/***/task/task_runner/standard_task_runner.py:61: DeprecationWarning: This process (pid=86) is multi-threaded, use of fork() may lead to deadlocks in the child.
  pid = os.fork()

[2025-12-02T09:39:28.363+0000] {standard_task_runner.py:90} INFO - Running: ['***', 'tasks', 'run', 'crypto_cold_path_gcs_1am', 'run_daily_gcs_etl', 'backfill__2025-11-21T01:00:00+00:00', '--job-id', '175', '--pool', 'default_pool', '--raw', '--subdir', 'DAGS_FOLDER/etl_dag.py', '--cfg-path', '/tmp/tmplp46dw4j']
[2025-12-02T09:39:28.365+0000] {standard_task_runner.py:63} INFO - Started process 104 to run task
[2025-12-02T09:39:28.366+0000] {standard_task_runner.py:91} INFO - Job 175: Subtask run_daily_gcs_etl
[2025-12-02T09:39:28.520+0000] {task_command.py:426} INFO - Running <TaskInstance: crypto_cold_path_gcs_1am.run_daily_gcs_etl backfill__2025-11-21T01:00:00+00:00 [running]> on host 33ce2b249896
[2025-12-02T09:39:28.643+0000] {taskinstance.py:2648} INFO - Exporting env vars: AIRFLOW_CTX_DAG_OWNER='***' AIRFLOW_CTX_DAG_ID='crypto_cold_path_gcs_1am' AIRFLOW_CTX_TASK_ID='run_daily_gcs_etl' AIRFLOW_CTX_EXECUTION_DATE='2025-11-21T01:00:00+00:00' AIRFLOW_CTX_TRY_NUMBER='1' AIRFLOW_CTX_DAG_RUN_ID='backfill__2025-11-21T01:00:00+00:00'
[2025-12-02T09:39:28.646+0000] {taskinstance.py:430} INFO - ::endgroup::
[2025-12-02T09:39:38.653+0000] {logging_mixin.py:188} INFO - --- BẮT ĐẦU ETL (GCS) CHO NGÀY: 2025-11-21 ---
[2025-12-02T09:39:38.701+0000] {logging_mixin.py:188} INFO - Đã kết nối GCS thành công.
[2025-12-02T09:39:38.702+0000] {logging_mixin.py:188} INFO - [Processing Coin: BTCUSDT]
[2025-12-02T09:39:39.133+0000] {logging_mixin.py:188} INFO - [Processing Coin: ETHUSDT]
[2025-12-02T09:39:39.449+0000] {logging_mixin.py:188} INFO - [Processing Coin: SOLUSDT]
[2025-12-02T09:39:39.828+0000] {logging_mixin.py:188} INFO - [Processing Coin: BNBUSDT]
[2025-12-02T09:39:40.106+0000] {logging_mixin.py:188} INFO - [Processing Coin: DOGEUSDT]
[2025-12-02T09:39:40.699+0000] {logging_mixin.py:188} INFO - [Processing Coin: XRPUSDT]
[2025-12-02T09:39:41.012+0000] {logging_mixin.py:188} INFO - [Processing Coin: PEPEUSDT]
[2025-12-02T09:39:41.373+0000] {logging_mixin.py:188} INFO - [Processing Coin: TONUSDT]
[2025-12-02T09:39:41.675+0000] {logging_mixin.py:188} INFO - [Processing Coin: SHIBUSDT]
[2025-12-02T09:39:41.986+0000] {logging_mixin.py:188} INFO - [Processing Coin: DOTUSDT]
[2025-12-02T09:39:42.308+0000] {logging_mixin.py:188} INFO - [Processing Coin: ADAUSDT]
[2025-12-02T09:39:42.648+0000] {logging_mixin.py:188} INFO - [Processing Coin: AVAXUSDT]
[2025-12-02T09:39:43.000+0000] {logging_mixin.py:188} INFO - [Processing Coin: LINKUSDT]
[2025-12-02T09:39:43.330+0000] {logging_mixin.py:188} INFO - [Processing Coin: TRXUSDT]
[2025-12-02T09:39:43.640+0000] {logging_mixin.py:188} INFO - [Processing Coin: MATICUSDT]
[2025-12-02T09:39:43.917+0000] {logging_mixin.py:188} INFO -   -> Không lấy đủ 1440 nến cho MATICUSDT. Bỏ qua.
[2025-12-02T09:39:43.918+0000] {logging_mixin.py:188} INFO - [Processing Coin: BCHUSDT]
[2025-12-02T09:39:44.233+0000] {logging_mixin.py:188} INFO - [Processing Coin: ICPUSDT]
[2025-12-02T09:39:44.574+0000] {logging_mixin.py:188} INFO - [Processing Coin: NEARUSDT]
[2025-12-02T09:39:44.872+0000] {logging_mixin.py:188} INFO - [Processing Coin: LTCUSDT]
[2025-12-02T09:39:45.183+0000] {logging_mixin.py:188} INFO - [Processing Coin: LEOUSD]
[2025-12-02T09:39:45.345+0000] {logging_mixin.py:188} INFO - Lỗi khi gọi API Binance cho LEOUSD: 400 Client Error: Bad Request for url: https://api.binance.com/api/v3/klines?symbol=LEOUSD&interval=1m&startTime=1763683200000&endTime=1763726399999&limit=1000
[2025-12-02T09:39:45.348+0000] {logging_mixin.py:188} INFO -   -> Không lấy đủ 1440 nến cho LEOUSD. Bỏ qua.
[2025-12-02T09:39:45.350+0000] {logging_mixin.py:188} INFO - [Processing Coin: UNIUSDT]
[2025-12-02T09:39:45.677+0000] {logging_mixin.py:188} INFO - [Processing Coin: FETUSDT]
[2025-12-02T09:39:45.973+0000] {logging_mixin.py:188} INFO - [Processing Coin: RNDRUSDT]
[2025-12-02T09:39:46.248+0000] {logging_mixin.py:188} INFO -   -> Không lấy đủ 1440 nến cho RNDRUSDT. Bỏ qua.
[2025-12-02T09:39:46.249+0000] {logging_mixin.py:188} INFO - [Processing Coin: ATOMUSDT]
[2025-12-02T09:39:46.588+0000] {logging_mixin.py:188} INFO - [Processing Coin: INJUSDT]
[2025-12-02T09:39:46.904+0000] {logging_mixin.py:188} INFO - [Processing Coin: WIFUSDT]
[2025-12-02T09:39:48.180+0000] {logging_mixin.py:188} INFO - [Processing Coin: OPUSDT]
[2025-12-02T09:39:48.514+0000] {logging_mixin.py:188} INFO - [Processing Coin: ARBUSDT]
[2025-12-02T09:39:48.810+0000] {logging_mixin.py:188} INFO - [Processing Coin: ETCUSDT]
[2025-12-02T09:39:49.105+0000] {logging_mixin.py:188} INFO - [Processing Coin: FILUSDT]
[2025-12-02T09:39:49.418+0000] {logging_mixin.py:188} INFO - Đã tải về 38880 dòng. Đang xử lý...
[2025-12-02T09:39:49.587+0000] {logging_mixin.py:188} INFO - Đang ghi 38880 dòng vào GCS (Parquet)...
[2025-12-02T09:39:52.474+0000] {logging_mixin.py:188} INFO - LỖI khi ghi vào GCS: 'str' object has no attribute 'strftime'
[2025-12-02T09:39:52.485+0000] {python.py:237} INFO - Done. Returned value was: None
[2025-12-02T09:39:52.486+0000] {taskinstance.py:441} INFO - ::group::Post task execution logs
[2025-12-02T09:39:52.494+0000] {taskinstance.py:1206} INFO - Marking task as SUCCESS. dag_id=crypto_cold_path_gcs_1am, task_id=run_daily_gcs_etl, run_id=backfill__2025-11-21T01:00:00+00:00, execution_date=20251121T010000, start_date=20251202T093928, end_date=20251202T093952
[2025-12-02T09:39:52.516+0000] {local_task_job_runner.py:240} INFO - Task exited with return code 0
[2025-12-02T09:39:52.528+0000] {taskinstance.py:3503} INFO - 0 downstream tasks scheduled from follow-on schedule check
[2025-12-02T09:39:52.532+0000] {local_task_job_runner.py:222} INFO - ::endgroup::
