[2025-12-02T07:43:22.244+0000] {local_task_job_runner.py:120} INFO - ::group::Pre task execution logs
[2025-12-02T07:43:22.255+0000] {taskinstance.py:2076} INFO - Dependencies all met for dep_context=non-requeueable deps ti=<TaskInstance: crypto_cold_path_gcs_1am.run_daily_gcs_etl manual__2025-12-02T07:43:20.966990+00:00 [queued]>
[2025-12-02T07:43:22.260+0000] {taskinstance.py:2076} INFO - Dependencies all met for dep_context=requeueable deps ti=<TaskInstance: crypto_cold_path_gcs_1am.run_daily_gcs_etl manual__2025-12-02T07:43:20.966990+00:00 [queued]>
[2025-12-02T07:43:22.261+0000] {taskinstance.py:2306} INFO - Starting attempt 1 of 3
[2025-12-02T07:43:22.270+0000] {taskinstance.py:2330} INFO - Executing <Task(KubernetesPodOperator): run_daily_gcs_etl> on 2025-12-02 07:43:20.966990+00:00
[2025-12-02T07:43:22.275+0000] {warnings.py:112} WARNING - /home/***/.local/lib/python3.12/site-packages/***/task/task_runner/standard_task_runner.py:61: DeprecationWarning: This process (pid=1614) is multi-threaded, use of fork() may lead to deadlocks in the child.
  pid = os.fork()

[2025-12-02T07:43:22.277+0000] {standard_task_runner.py:63} INFO - Started process 1616 to run task
[2025-12-02T07:43:22.277+0000] {standard_task_runner.py:90} INFO - Running: ['***', 'tasks', 'run', 'crypto_cold_path_gcs_1am', 'run_daily_gcs_etl', 'manual__2025-12-02T07:43:20.966990+00:00', '--job-id', '94', '--raw', '--subdir', 'DAGS_FOLDER/etl_dag.py', '--cfg-path', '/tmp/tmp142zk19k']
[2025-12-02T07:43:22.279+0000] {standard_task_runner.py:91} INFO - Job 94: Subtask run_daily_gcs_etl
[2025-12-02T07:43:22.347+0000] {task_command.py:426} INFO - Running <TaskInstance: crypto_cold_path_gcs_1am.run_daily_gcs_etl manual__2025-12-02T07:43:20.966990+00:00 [running]> on host 2aa532f4eb24
[2025-12-02T07:43:22.404+0000] {taskinstance.py:2648} INFO - Exporting env vars: AIRFLOW_CTX_DAG_OWNER='***' AIRFLOW_CTX_DAG_ID='crypto_cold_path_gcs_1am' AIRFLOW_CTX_TASK_ID='run_daily_gcs_etl' AIRFLOW_CTX_EXECUTION_DATE='2025-12-02T07:43:20.966990+00:00' AIRFLOW_CTX_TRY_NUMBER='1' AIRFLOW_CTX_DAG_RUN_ID='manual__2025-12-02T07:43:20.966990+00:00'
[2025-12-02T07:43:22.406+0000] {taskinstance.py:430} INFO - ::endgroup::
[2025-12-02T07:43:22.410+0000] {pod.py:1121} INFO - Building pod crypto-gcs-etl-ih9re8al with labels: {'dag_id': 'crypto_cold_path_gcs_1am', 'task_id': 'run_daily_gcs_etl', 'run_id': 'manual__2025-12-02T074320.9669900000-7851e9f92', 'kubernetes_pod_operator': 'True', 'try_number': '1'}
[2025-12-02T07:43:22.417+0000] {taskinstance.py:441} INFO - ::group::Post task execution logs
[2025-12-02T07:43:22.418+0000] {taskinstance.py:2905} ERROR - Task failed with exception
Traceback (most recent call last):
  File "/home/airflow/.local/lib/python3.12/site-packages/airflow/models/taskinstance.py", line 465, in _execute_task
    result = _execute_callable(context=context, **execute_callable_kwargs)
             ^^^^^^^^^^^^^^^^^^^^^^^^^^^^^^^^^^^^^^^^^^^^^^^^^^^^^^^^^^^^^
  File "/home/airflow/.local/lib/python3.12/site-packages/airflow/models/taskinstance.py", line 432, in _execute_callable
    return execute_callable(context=context, **execute_callable_kwargs)
           ^^^^^^^^^^^^^^^^^^^^^^^^^^^^^^^^^^^^^^^^^^^^^^^^^^^^^^^^^^^^
  File "/home/airflow/.local/lib/python3.12/site-packages/airflow/models/baseoperator.py", line 401, in wrapper
    return func(self, *args, **kwargs)
           ^^^^^^^^^^^^^^^^^^^^^^^^^^^
  File "/home/airflow/.local/lib/python3.12/site-packages/airflow/providers/cncf/kubernetes/operators/pod.py", line 591, in execute
    return self.execute_sync(context)
           ^^^^^^^^^^^^^^^^^^^^^^^^^^
  File "/home/airflow/.local/lib/python3.12/site-packages/airflow/providers/cncf/kubernetes/operators/pod.py", line 599, in execute_sync
    self.pod_request_obj = self.build_pod_request_obj(context)
                           ^^^^^^^^^^^^^^^^^^^^^^^^^^^^^^^^^^^
  File "/home/airflow/.local/lib/python3.12/site-packages/airflow/providers/cncf/kubernetes/operators/pod.py", line 1130, in build_pod_request_obj
    "airflow_kpo_in_cluster": str(self.hook.is_in_cluster),
                                  ^^^^^^^^^^^^^^^^^^^^^^^
  File "/home/airflow/.local/lib/python3.12/site-packages/airflow/providers/cncf/kubernetes/hooks/kubernetes.py", line 283, in is_in_cluster
    self.api_client  # so we can determine if we are in_cluster or not
    ^^^^^^^^^^^^^^^
  File "/usr/local/lib/python3.12/functools.py", line 995, in __get__
    val = self.func(instance)
          ^^^^^^^^^^^^^^^^^^^
  File "/home/airflow/.local/lib/python3.12/site-packages/airflow/providers/cncf/kubernetes/hooks/kubernetes.py", line 291, in api_client
    return self.get_conn()
           ^^^^^^^^^^^^^^^
  File "/home/airflow/.local/lib/python3.12/site-packages/airflow/providers/cncf/kubernetes/hooks/kubernetes.py", line 233, in get_conn
    config.load_incluster_config()
  File "/home/airflow/.local/lib/python3.12/site-packages/kubernetes/config/incluster_config.py", line 121, in load_incluster_config
    try_refresh_token=try_refresh_token).load_and_set(client_configuration)
                                         ^^^^^^^^^^^^^^^^^^^^^^^^^^^^^^^^^^
  File "/home/airflow/.local/lib/python3.12/site-packages/kubernetes/config/incluster_config.py", line 54, in load_and_set
    self._load_config()
  File "/home/airflow/.local/lib/python3.12/site-packages/kubernetes/config/incluster_config.py", line 62, in _load_config
    raise ConfigException("Service host/port is not set.")
kubernetes.config.config_exception.ConfigException: Service host/port is not set.
[2025-12-02T07:43:22.425+0000] {taskinstance.py:1206} INFO - Marking task as UP_FOR_RETRY. dag_id=crypto_cold_path_gcs_1am, task_id=run_daily_gcs_etl, run_id=manual__2025-12-02T07:43:20.966990+00:00, execution_date=20251202T074320, start_date=20251202T074322, end_date=20251202T074322
[2025-12-02T07:43:22.435+0000] {standard_task_runner.py:110} ERROR - Failed to execute job 94 for task run_daily_gcs_etl (Service host/port is not set.; 1616)
[2025-12-02T07:43:22.451+0000] {local_task_job_runner.py:240} INFO - Task exited with return code 1
[2025-12-02T07:43:22.467+0000] {taskinstance.py:3503} INFO - 0 downstream tasks scheduled from follow-on schedule check
[2025-12-02T07:43:22.470+0000] {local_task_job_runner.py:222} INFO - ::endgroup::
